2023-11-25 10:13:21,954 [INFO] MainUpdater:2868 - connection check result : 10
2023-11-25 10:13:22,271 [INFO] McuFinderGlobals:76 - Set McuFinderConnectedMode to true
2023-11-25 10:13:22,274 [INFO] MultiScanPanel:200 - Auto-refresh data requested => check proxy status ongoing
2023-11-25 10:13:22,275 [INFO] FinderPluginLoader:95 - Searching for filters in installed packs
2023-11-25 10:13:22,893 [INFO] LoadUrlFilesThread:185 - End of LoadServerUrlFiles without Thread
2023-11-25 10:13:22,893 [INFO] DetailPanel:341 - Set advertising image to /Users/dilnozabobokalonova/STM32Cube/Repository//en.prom-stm32h5-mcu-finder.jpg
2023-11-25 10:13:25,831 [INFO] MultiScanPanel:200 - Auto-refresh data requested => check proxy status ongoing
2023-11-25 10:13:25,944 [INFO] LoadUrlFilesThread:185 - End of LoadServerUrlFiles without Thread
2023-11-25 10:13:25,944 [INFO] DetailPanel:341 - Set advertising image to /Users/dilnozabobokalonova/STM32Cube/Repository//en.prom-stm32h5-mcu-finder.jpg
2023-11-25 10:13:27,819 [INFO] ApiDb:581 - Connected to CubeFinder SQLite database (/Users/dilnozabobokalonova/.stmcufinder/plugins/mcufinder/mcu/cube-finder-db.db)
2023-11-25 10:13:49,643 [INFO] MainUpdater:2868 - connection check result : 10
2023-11-25 10:13:49,644 [INFO] MainUpdater:2868 - connection check result : 10
2023-11-25 10:13:50,204 [INFO] I2cTimingTraitement:330 - 0x10909CEC
2023-11-25 10:13:50,219 [INFO] MicroXplorer:468 - Change Database Path : 
2023-11-25 10:13:50,219 [INFO] MicroXplorer:498 - Change Database Version : DB.6.0.92
2023-11-25 10:13:50,259 [WARN] ThirdParty:871 - waiting for thirdparty lock release [close project]
2023-11-25 10:13:50,259 [INFO] ThirdParty:873 - entering critical section [close project]
2023-11-25 10:13:50,260 [INFO] ThirdParty:883 - exiting critical section [close project]
2023-11-25 10:13:50,262 [INFO] PinOutPanel:1499 - setPackage(No Configuration,No Configuration)
2023-11-25 10:13:50,268 [INFO] UtilMem:75 - Begin LoadConfig() Used Memory: 639375616 Bytes (1073741824)
2023-11-25 10:13:50,271 [INFO] OpenFileManager:308 - Change cursor
2023-11-25 10:13:50,291 [INFO] RulesReader:64 - Compatibility file has been processed (293 Rules)
2023-11-25 10:13:50,296 [INFO] ProjectFactory:402 - No CPN specified for board B-L475E-IOT01A1 => set CPN to STM32L475VGT6
2023-11-25 10:13:50,296 [INFO] Mcu:1946 - Initializing MCU STM32L475V(C-E-G)Tx STM32L475VGTx STM32L475VGT6
2023-11-25 10:13:51,564 [INFO] Context:659 - Trying to add GPIOservice into a context  which must be forbidden
2023-11-25 10:13:52,053 [INFO] Rule:228 - rule 117617 - U5Cobra4M][GTZC] default value MPCBB3 and MPCBB5 - Not Secured memory - MPCBB1 is applicable
2023-11-25 10:13:52,057 [INFO] Rule:228 - rule 117617 - U5Cobra4M][GTZC] default value MPCBB3 and MPCBB5 - Not Secured memory - MPCBB1 is applicable
2023-11-25 10:13:52,057 [INFO] Rule:228 - rule 117617 - U5Cobra4M][GTZC] default value MPCBB3 and MPCBB5 - Not Secured memory - MPCBB2 is applicable
2023-11-25 10:13:52,057 [INFO] Rule:228 - rule 117617 - U5Cobra4M][GTZC] default value MPCBB3 and MPCBB5 - Not Secured memory - MPCBB2 is applicable
2023-11-25 10:13:52,057 [INFO] Rule:228 - rule 117617 - U5Cobra4M][GTZC] default value MPCBB3 and MPCBB5 - Not Secured memory - MPCBB3 is applicable
2023-11-25 10:13:52,057 [INFO] Rule:228 - rule 117617 - U5Cobra4M][GTZC] default value MPCBB3 and MPCBB5 - Not Secured memory - MPCBB3 is applicable
2023-11-25 10:13:52,057 [INFO] Rule:228 - rule 117617 - U5Cobra4M][GTZC] default value MPCBB3 and MPCBB5 - Not Secured memory - MPCBB4 is applicable
2023-11-25 10:13:52,057 [INFO] Rule:228 - rule 117617 - U5Cobra4M][GTZC] default value MPCBB3 and MPCBB5 - Not Secured memory - MPCBB4 is applicable
2023-11-25 10:13:52,057 [INFO] Rule:228 - rule 117617 - U5Cobra4M][GTZC] default value MPCBB3 and MPCBB5 - Secured memory - MPCBB1 is applicable
2023-11-25 10:13:52,057 [INFO] Rule:228 - rule 117617 - U5Cobra4M][GTZC] default value MPCBB3 and MPCBB5 - Secured memory - MPCBB2 is applicable
2023-11-25 10:13:52,057 [INFO] Rule:228 - rule 117617 - U5Cobra4M][GTZC] default value MPCBB3 and MPCBB5 - Secured memory - MPCBB3 is applicable
2023-11-25 10:13:52,057 [INFO] Rule:228 - rule 117617 - U5Cobra4M][GTZC] default value MPCBB3 and MPCBB5 - Secured memory - MPCBB4 is applicable
2023-11-25 10:13:52,057 [INFO] Rule:228 - rule 117617 - U5Cobra4M][GTZC] default value MPCBB3 and MPCBB5 - Privileged memory - MPCBB1 is applicable
2023-11-25 10:13:52,057 [INFO] Rule:228 - rule 117617 - U5Cobra4M][GTZC] default value MPCBB3 and MPCBB5 - Privileged memory - MPCBB2 is applicable
2023-11-25 10:13:52,057 [INFO] Rule:228 - rule 117617 - U5Cobra4M][GTZC] default value MPCBB3 and MPCBB5 - Privileged memory - MPCBB3 is applicable
2023-11-25 10:13:52,057 [INFO] Rule:228 - rule 117617 - U5Cobra4M][GTZC] default value MPCBB3 and MPCBB5 - Privileged memory - MPCBB4 is applicable
2023-11-25 10:13:52,057 [INFO] Rule:228 - rule 117617 - U5Cobra4M][GTZC] default value MPCBB3 and MPCBB5 - Not Privileged memory - MPCBB1 is applicable
2023-11-25 10:13:52,057 [INFO] Rule:228 - rule 117617 - U5Cobra4M][GTZC] default value MPCBB3 and MPCBB5 - Not Privileged memory - MPCBB2 is applicable
2023-11-25 10:13:52,057 [INFO] Rule:228 - rule 117617 - U5Cobra4M][GTZC] default value MPCBB3 and MPCBB5 - Not Privileged memory - MPCBB3 is applicable
2023-11-25 10:13:52,057 [INFO] Rule:228 - rule 117617 - U5Cobra4M][GTZC] default value MPCBB3 and MPCBB5 - Not Privileged memory - MPCBB4 is applicable
2023-11-25 10:13:52,057 [INFO] Rule:228 - rule 117617 - U5Cobra4M][GTZC] default value MPCBB3 and MPCBB5 - Privileged memory - MPCBB1 is applicable
2023-11-25 10:13:52,057 [INFO] Rule:228 - rule 117617 - U5Cobra4M][GTZC] default value MPCBB3 and MPCBB5 - Privileged memory - MPCBB2 is applicable
2023-11-25 10:13:52,057 [INFO] Rule:228 - rule 117617 - U5Cobra4M][GTZC] default value MPCBB3 and MPCBB5 - Privileged memory - MPCBB3 is applicable
2023-11-25 10:13:52,057 [INFO] Rule:228 - rule 117617 - U5Cobra4M][GTZC] default value MPCBB3 and MPCBB5 - Privileged memory - MPCBB4 is applicable
2023-11-25 10:13:52,057 [INFO] Rule:228 - rule 117617 - U5Cobra4M][GTZC] default value MPCBB3 and MPCBB5 - Privileged memory - MPCBB1 is applicable
2023-11-25 10:13:52,057 [INFO] Rule:228 - rule 117617 - U5Cobra4M][GTZC] default value MPCBB3 and MPCBB5 - Privileged memory - MPCBB2 is applicable
2023-11-25 10:13:52,057 [INFO] Rule:228 - rule 117617 - U5Cobra4M][GTZC] default value MPCBB3 and MPCBB5 - Privileged memory - MPCBB3 is applicable
2023-11-25 10:13:52,057 [INFO] Rule:228 - rule 117617 - U5Cobra4M][GTZC] default value MPCBB3 and MPCBB5 - Privileged memory - MPCBB4 is applicable
2023-11-25 10:13:52,057 [INFO] Rule:228 - rule 117617 - U5Cobra4M][GTZC] default value MPCBB3 and MPCBB5 - Not Privileged memory - MPCBB1 is applicable
2023-11-25 10:13:52,057 [INFO] Rule:228 - rule 117617 - U5Cobra4M][GTZC] default value MPCBB3 and MPCBB5 - Not Privileged memory - MPCBB2 is applicable
2023-11-25 10:13:52,057 [INFO] Rule:228 - rule 117617 - U5Cobra4M][GTZC] default value MPCBB3 and MPCBB5 - Not Privileged memory - MPCBB3 is applicable
2023-11-25 10:13:52,057 [INFO] Rule:228 - rule 117617 - U5Cobra4M][GTZC] default value MPCBB3 and MPCBB5 - Not Privileged memory - MPCBB4 is applicable
2023-11-25 10:13:52,057 [INFO] Rule:228 - rule 117617 - U5Cobra4M][GTZC] default value MPCBB3 and MPCBB5 - Privileged memory - MPCBB1 is applicable
2023-11-25 10:13:52,057 [INFO] Rule:228 - rule 117617 - U5Cobra4M][GTZC] default value MPCBB3 and MPCBB5 - Privileged memory - MPCBB2 is applicable
2023-11-25 10:13:52,057 [INFO] Rule:228 - rule 117617 - U5Cobra4M][GTZC] default value MPCBB3 and MPCBB5 - Privileged memory - MPCBB3 is applicable
2023-11-25 10:13:52,058 [INFO] Rule:228 - rule 117617 - U5Cobra4M][GTZC] default value MPCBB3 and MPCBB5 - Privileged memory - MPCBB4 is applicable
2023-11-25 10:13:52,058 [INFO] Rule:228 - rule Rename SubGHz_Phy SUBGHZ_APPLICATION SUBGHZ_PINGPONG to SUBGHZ_ADV_APPLICATION is applicable
2023-11-25 10:13:52,058 [INFO] Rule:228 - rule Rename Enabled to IBEACON is applicable
2023-11-25 10:13:52,058 [INFO] Rule:228 - rule GTZC_S instance for project manager is applicable
2023-11-25 10:13:52,058 [INFO] Rule:228 - rule GTZC_S instance for context M33S is applicable
2023-11-25 10:13:52,058 [INFO] Rule:228 - rule GTZC_S instance value for IP GTZC is applicable
2023-11-25 10:13:52,058 [INFO] Rule:228 - rule GTZC_S instance for mcu.IP is applicable
2023-11-25 10:13:52,058 [INFO] Rule:228 - rule GTZC_S instance for VP is applicable
2023-11-25 10:13:52,058 [INFO] Rule:228 - rule GTZC_S instance for signal is applicable
2023-11-25 10:13:52,058 [INFO] Rule:228 - rule GTZC_S instance for mcu.Pin is applicable
2023-11-25 10:13:52,058 [INFO] Rule:228 - rule GTZC_S instance for VP is applicable
2023-11-25 10:13:52,058 [INFO] Rule:228 - rule GTZC_S instance for signal is applicable
2023-11-25 10:13:52,058 [INFO] Rule:228 - rule GTZC_S instance for mcu is applicable
2023-11-25 10:13:52,058 [INFO] Rule:228 - rule GTZC_S instance for mcu.Pin is applicable
2023-11-25 10:13:52,058 [INFO] Rule:228 - rule GTZC_S instance value for IP GTZC is applicable
2023-11-25 10:13:52,058 [INFO] Rule:228 - rule GTZC_S instance for project manager is applicable
2023-11-25 10:13:52,058 [INFO] Rule:228 - rule GTZC_S instance for context M33S is applicable
2023-11-25 10:13:52,058 [INFO] Rule:228 - rule GTZC_S instance for VP is applicable
2023-11-25 10:13:52,058 [INFO] Rule:228 - rule GTZC_S instance for signal is applicable
2023-11-25 10:13:52,058 [INFO] Rule:228 - rule Rename Tracer Mode is applicable
2023-11-25 10:13:52,058 [INFO] Rule:228 - rule ADC Scan  fix with FW F7 is applicable
2023-11-25 10:13:52,058 [INFO] Rule:228 - rule ADC Scan  fix with FW F7 is applicable
2023-11-25 10:13:52,058 [INFO] Rule:228 - rule WakeUp0 Mode is applicable
2023-11-25 10:13:52,058 [INFO] Rule:228 - rule WakeUp0 SIGNAL is applicable
2023-11-25 10:13:52,058 [INFO] Rule:228 - rule WakeUp1 Mode is applicable
2023-11-25 10:13:52,058 [INFO] Rule:228 - rule WakeUp1 SIGNAL is applicable
2023-11-25 10:13:52,058 [INFO] Rule:228 - rule WakeUp2 Mode is applicable
2023-11-25 10:13:52,058 [INFO] Rule:228 - rule WakeUp2 SIGNAL is applicable
2023-11-25 10:13:52,058 [INFO] Rule:228 - rule WakeUp4 Mode is applicable
2023-11-25 10:13:52,058 [INFO] Rule:228 - rule WakeUp4 SIGNAL is applicable
2023-11-25 10:13:52,058 [INFO] Rule:228 - rule WakeUp5 Mode is applicable
2023-11-25 10:13:52,058 [INFO] Rule:228 - rule WakeUp5 SIGNAL is applicable
2023-11-25 10:13:52,058 [INFO] Rule:228 - rule Change Default Value for LSE Drive Capability for WB family is applicable
2023-11-25 10:13:52,058 [INFO] Rule:228 - rule Change Default Value for ADC Clock Prescaler G0 family is applicable
2023-11-25 10:13:52,058 [INFO] Rule:228 - rule UART/USART IPParameter rename Prescaler parameter to ClockPrescaler is applicable
2023-11-25 10:13:52,058 [INFO] Rule:228 - rule UART/USART Prescaler rename Prescaler parameter to ClockPrescaler is applicable
2023-11-25 10:13:52,058 [INFO] Rule:228 - rule TIM1CLockSelection is applicable
2023-11-25 10:13:52,058 [INFO] Rule:228 - rule TIM15CLockSelection is applicable
2023-11-25 10:13:52,058 [INFO] Rule:228 - rule align RCC SDMMC3CLockSelection default value on MP1 is applicable
2023-11-25 10:13:52,058 [INFO] Rule:228 - rule align RCC SDMMC12CLockSelection default value on MP1 is applicable
2023-11-25 10:13:52,058 [INFO] Rule:228 - rule align RCC QSPICLockSelection default value on MP1 is applicable
2023-11-25 10:13:52,058 [INFO] Rule:228 - rule align RCC QSPICLockSelection default value on MP1 is applicable
2023-11-25 10:13:52,058 [INFO] Rule:228 - rule align RCC SPI6CLockSelection default value on MP1 is applicable
2023-11-25 10:13:52,058 [INFO] Rule:228 - rule align RCC LPTIM23CLockSelection default value on MP1 is applicable
2023-11-25 10:13:52,058 [INFO] Rule:228 - rule align RCC LPTIM1CLockSelection default value on MP1 is applicable
2023-11-25 10:13:52,058 [INFO] Rule:228 - rule align RCC USART1CLockSelection default value on MP1 is applicable
2023-11-25 10:13:52,059 [INFO] Rule:228 - rule align RCC USART24CLockSelection default value on MP1 is applicable
2023-11-25 10:13:52,059 [INFO] Rule:228 - rule align RCC USART6CLockSelection default value on MP1 is applicable
2023-11-25 10:13:52,059 [INFO] Rule:228 - rule align RCC UART78CLockSelection default value on MP1 is applicable
2023-11-25 10:13:52,059 [INFO] Rule:228 - rule align RCC USART35CLockSelection default value on MP1 is applicable
2023-11-25 10:13:52,059 [INFO] Rule:228 - rule align RCC SPI45CLockSelection default value on MP1 is applicable
2023-11-25 10:13:52,059 [INFO] Rule:228 - rule align RCC I2C46CLockSelection BCLK value on MP1 is applicable
2023-11-25 10:13:52,059 [INFO] Rule:228 - rule align RCC SPI45CLockSelection default value on MP1 is applicable
2023-11-25 10:13:52,059 [INFO] Rule:228 - rule align RCC I2C12CLockSelection default value on MP1 is applicable
2023-11-25 10:13:52,059 [INFO] Rule:228 - rule align RCC I2C35CLockSelection default value on MP1 is applicable
2023-11-25 10:13:52,059 [INFO] Rule:228 - rule align RCC LPTIM45CLockSelection default value on MP1 is applicable
2023-11-25 10:13:52,059 [INFO] Rule:228 - rule Rename DCMI PIXCK signal is applicable
2023-11-25 10:13:52,059 [INFO] Rule:228 - rule Change Default Value for I2C46CLockSelection MP1 family is applicable
2023-11-25 10:13:52,059 [INFO] Rule:228 - rule Change Default Value for UART for G4, G0 and WB families is applicable
2023-11-25 10:13:52,059 [INFO] Rule:228 - rule Change Default Value for USART for G4, G0 and WB families is applicable
2023-11-25 10:13:52,059 [INFO] Rule:228 - rule Change Default Value for USART for G4 family is applicable
2023-11-25 10:13:52,059 [INFO] Rule:228 - rule Change USART1CLockSelection refparam name for MP1 is applicable
2023-11-25 10:13:52,059 [INFO] Rule:228 - rule Change USART2CLockSelection refparam name for MP1 is applicable
2023-11-25 10:13:52,059 [INFO] Rule:228 - rule Change USART3CLockSelection refparam name for MP1 is applicable
2023-11-25 10:13:52,059 [INFO] Rule:228 - rule Change UART4CLockSelection refparam name for MP1 is applicable
2023-11-25 10:13:52,059 [INFO] Rule:228 - rule Change UART5CLockSelection refparam name for MP1 is applicable
2023-11-25 10:13:52,059 [INFO] Rule:228 - rule Change LPUART1CLockSelection refparam name for MP1 is applicable
2023-11-25 10:13:52,059 [INFO] Rule:228 - rule Change LPTIM1CLockSelection refparam name for MP1 is applicable
2023-11-25 10:13:52,059 [INFO] Rule:228 - rule Change LPTIM2CLockSelection refparam name for MP1 is applicable
2023-11-25 10:13:52,059 [INFO] Rule:228 - rule Change RCC_MCO1Source refparam name for MP1 is applicable
2023-11-25 10:13:52,059 [INFO] Rule:228 - rule Change LSCOSource1 refparam name for MP1 is applicable
2023-11-25 10:13:52,059 [INFO] Rule:228 - rule Change SMPSCLockSelection refparam name for MP1 is applicable
2023-11-25 10:13:52,059 [INFO] Rule:228 - rule Change LPTIM3CLockSelection refparam name for MP1 is applicable
2023-11-25 10:13:52,059 [INFO] Rule:228 - rule Change MPCBB* Default Template Mode to Parameters is applicable
2023-11-25 10:13:52,059 [INFO] Rule:228 - rule Change MPCWM* or MPCBB* Secure Mode to Parameters is applicable
2023-11-25 10:13:52,059 [INFO] Rule:228 - rule Change MPCWM* or MPCBB* No Secure Mode to Parameters is applicable
2023-11-25 10:13:52,059 [INFO] Rule:228 - rule Change TZSC IP Secure Mode to Parameters is applicable
2023-11-25 10:13:52,059 [INFO] Rule:228 - rule Change TZSC IP No Secure Mode to Parameters is applicable
2023-11-25 10:13:52,059 [INFO] Rule:228 - rule Change TZSC IP Privilege Mode to Parameters is applicable
2023-11-25 10:13:52,059 [INFO] Rule:228 - rule Change TZSC IP No Privilege Mode to Parameters is applicable
2023-11-25 10:13:52,059 [INFO] Rule:228 - rule Change TZIC IT Secure Mode to Parameters is applicable
2023-11-25 10:13:52,059 [INFO] Rule:228 - rule Change TZIC IT No Secure Mode to Parameters is applicable
2023-11-25 10:13:52,059 [INFO] Rule:228 - rule Add MPCBB1_NonSecureArea_Start_Address value with referenced to MPCBB1_NonSecureArea_Start value is applicable
2023-11-25 10:13:52,059 [INFO] Rule:228 - rule Add MPCBB2_NonSecureArea_Start_Address value with referenced to MPCBB2_NonSecureArea_Start value is applicable
2023-11-25 10:13:52,059 [INFO] Rule:228 - rule Add MPCWM1_NonSecureArea*_Start_Address value with referenced to MPCWM1_NonSecureArea*_Start value is applicable
2023-11-25 10:13:52,059 [INFO] Rule:228 - rule Add MPCWM2_NonSecureArea*_Start_Address value with referenced to MPCWM2_NonSecureArea*_Start value is applicable
2023-11-25 10:13:52,059 [INFO] Rule:228 - rule Add MPCWM3_NonSecureArea_Start_Address value with referenced to MPCWM3_NonSecureArea_Start value is applicable
2023-11-25 10:13:52,059 [INFO] Rule:228 - rule Change Default Value for PLL1UserDefinedConfig is applicable
2023-11-25 10:13:52,059 [INFO] Rule:228 - rule Change GPIO_PuPd Default Value for USART in async mode is applicable
2023-11-25 10:13:52,059 [INFO] Rule:228 - rule Change SMPSDivider Default Value is applicable
2023-11-25 10:13:52,059 [INFO] Rule:228 - rule OPAMP is applicable
2023-11-25 10:13:52,059 [INFO] Rule:228 - rule LPUART IPParameter rename Prescaler parameter to ClockPrescaler for STM32H7 is applicable
2023-11-25 10:13:52,059 [INFO] Rule:228 - rule LPUART IPParameter rename Prescaler parameter to ClockPrescaler for STM32H7 is applicable
2023-11-25 10:13:52,059 [INFO] Rule:228 - rule LPUART IPParameter rename Prescaler parameter to ClockPrescaler for STM32WB is applicable
2023-11-25 10:13:52,059 [INFO] Rule:228 - rule LPUART IPParameter rename Prescaler parameter to ClockPrescaler for STM32WB is applicable
2023-11-25 10:13:52,059 [INFO] Rule:228 - rule LPUART IPParameter rename Prescaler parameter to ClockPrescaler for STM32G4 is applicable
2023-11-25 10:13:52,059 [INFO] Rule:228 - rule LPUART IPParameter rename Prescaler parameter to ClockPrescaler for STM32G4 is applicable
2023-11-25 10:13:52,059 [INFO] Rule:228 - rule LPUART IPParameter rename Prescaler parameter to ClockPrescaler for STM32L5 is applicable
2023-11-25 10:13:52,059 [INFO] Rule:228 - rule LPUART IPParameter rename Prescaler parameter to ClockPrescaler for STM32L5 is applicable
2023-11-25 10:13:52,059 [INFO] Rule:228 - rule LPUART IPParameter rename Prescaler parameter to ClockPrescaler for STM32G4 is applicable
2023-11-25 10:13:52,059 [INFO] Rule:228 - rule LPUART IPParameter rename Prescaler parameter to ClockPrescaler for STM32G4 is applicable
2023-11-25 10:13:52,059 [INFO] Rule:228 - rule USB device lib V2.5.3 for L0 rename USBD_SUPPORT_USER_STRING parameter to USBD_SUPPORT_USER_STRING_DESC4 is applicable
2023-11-25 10:13:52,059 [INFO] Rule:228 - rule I2SCLockSelection clock entry align is applicable
2023-11-25 10:13:52,059 [INFO] Rule:228 - rule Assign TIMx context if used as SYS timebase is applicable
2023-11-25 10:13:52,059 [INFO] Rule:228 - rule Change GPIO_Pu Default Value for I2C is applicable
2023-11-25 10:13:52,059 [INFO] Rule:228 - rule Change GPIO_Pu Default Value for SMBus is applicable
2023-11-25 10:13:52,059 [INFO] Rule:228 - rule change FDCAN default value is applicable
2023-11-25 10:13:52,059 [INFO] Rule:228 - rule Change mode sai is applicable
2023-11-25 10:13:52,060 [INFO] Rule:228 - rule **Change sai mode is applicable
2023-11-25 10:13:52,067 [INFO] DbConfProperties:307 - Apply Compatibility (4/144 Rules)
2023-11-25 10:13:52,206 [INFO] RtosManager:555 - Registered RTOS mode: class=CMSIS, group=RTOS, mode=CMSIS_V1, owner=FREERTOS
2023-11-25 10:13:52,206 [INFO] RtosManager:555 - Registered RTOS mode: class=CMSIS, group=RTOS2, mode=CMSIS_V2, owner=FREERTOS
2023-11-25 10:13:52,206 [INFO] RtosManager:555 - Registered RTOS mode: class=RTOS, group=Core, mode=CMSIS_V1, owner=FREERTOS
2023-11-25 10:13:52,206 [INFO] RtosManager:555 - Registered RTOS mode: class=RTOS, group=Core, mode=CMSIS_V2, owner=FREERTOS
2023-11-25 10:13:52,206 [WARN] ModelIntegratedComponent:184 - Missing modes for component STMicroelectronics:FreeRTOS:0.0.1:STMicroelectronics:RTOS:FreeRTOS:Core:::10.2.0:
2023-11-25 10:13:52,212 [WARN] ModelIntegratedComponent:63 - No mode defined for component null
2023-11-25 10:13:52,212 [WARN] ModelIntegratedComponent:63 - No mode defined for component null
2023-11-25 10:13:52,212 [WARN] ModelIntegratedComponent:63 - No mode defined for component null
2023-11-25 10:13:52,212 [WARN] ModelIntegratedComponent:63 - No mode defined for component null
2023-11-25 10:13:52,212 [WARN] ModelIntegratedComponent:63 - No mode defined for component null
2023-11-25 10:13:52,212 [WARN] ModelIntegratedComponent:63 - No mode defined for component null
2023-11-25 10:13:52,212 [WARN] ModelIntegratedComponent:63 - No mode defined for component null
2023-11-25 10:13:52,212 [WARN] ModelIntegratedComponent:63 - No mode defined for component null
2023-11-25 10:13:52,212 [WARN] ModelIntegratedComponent:63 - No mode defined for component null
2023-11-25 10:13:52,212 [WARN] ModelIntegratedComponent:63 - No mode defined for component null
2023-11-25 10:13:52,212 [WARN] ModelIntegratedComponent:63 - No mode defined for component null
2023-11-25 10:13:52,212 [WARN] ModelIntegratedComponent:63 - No mode defined for component null
2023-11-25 10:13:52,212 [WARN] ModelIntegratedComponent:63 - No mode defined for component null
2023-11-25 10:13:52,212 [WARN] ModelIntegratedComponent:63 - No mode defined for component null
2023-11-25 10:13:52,212 [WARN] ModelIntegratedComponent:63 - No mode defined for component null
2023-11-25 10:13:52,212 [WARN] ModelIntegratedComponent:63 - No mode defined for component null
2023-11-25 10:13:52,212 [WARN] ModelIntegratedComponent:63 - No mode defined for component null
2023-11-25 10:13:52,212 [WARN] ModelIntegratedComponent:63 - No mode defined for component null
2023-11-25 10:13:52,212 [WARN] ModelIntegratedComponent:63 - No mode defined for component null
2023-11-25 10:13:52,212 [WARN] ModelIntegratedComponent:63 - No mode defined for component null
2023-11-25 10:13:52,213 [WARN] ModelIntegratedComponent:63 - No mode defined for component null
2023-11-25 10:13:52,213 [WARN] ModelIntegratedComponent:63 - No mode defined for component null
2023-11-25 10:13:52,213 [WARN] ModelIntegratedComponent:63 - No mode defined for component null
2023-11-25 10:13:52,213 [WARN] ModelIntegratedComponent:63 - No mode defined for component null
2023-11-25 10:13:52,213 [WARN] ModelIntegratedComponent:63 - No mode defined for component null
2023-11-25 10:13:52,213 [WARN] ModelIntegratedComponent:63 - No mode defined for component null
2023-11-25 10:13:52,213 [WARN] ModelIntegratedComponent:63 - No mode defined for component null
2023-11-25 10:13:52,213 [WARN] ModelIntegratedComponent:63 - No mode defined for component null
2023-11-25 10:13:52,213 [WARN] ModelIntegratedComponent:63 - No mode defined for component null
2023-11-25 10:13:52,213 [WARN] ModelIntegratedComponent:63 - No mode defined for component null
2023-11-25 10:13:52,213 [WARN] ModelIntegratedComponent:63 - No mode defined for component null
2023-11-25 10:13:52,213 [WARN] ModelIntegratedComponent:63 - No mode defined for component null
2023-11-25 10:13:52,213 [WARN] ModelIntegratedComponent:63 - No mode defined for component null
2023-11-25 10:13:52,271 [INFO] ThirdPartyModel:298 - Start build external matchings
2023-11-25 10:13:52,692 [INFO] ThirdPartyModel:316 - End build external matchings
2023-11-25 10:13:52,713 [INFO] ImportTextPane:194 - (OptionalMessage_ERROR) IP (RCC) : Invalid parameter (FamilyName)
2023-11-25 10:13:52,961 [INFO] UtilMem:75 - End LoadConfig() Used Memory: 729755304 Bytes (1073741824)
2023-11-25 10:13:53,040 [WARN] ThirdParty:833 - waiting for thirdparty lock release [change project]
2023-11-25 10:13:53,042 [INFO] ThirdParty:835 - entering critical section [change project]
2023-11-25 10:13:53,042 [INFO] ThirdParty:1030 - CMSIS Pack Vendor :STMicroelectronics X-CUBE-ISPU 1.1.0
2023-11-25 10:13:53,043 [INFO] ThirdParty:1030 - CMSIS Pack Vendor :STMicroelectronics USBPD 4.1
2023-11-25 10:13:53,043 [INFO] ThirdParty:1030 - CMSIS Pack Vendor :STMicroelectronics X-CUBE-GNSS1 6.0.0
2023-11-25 10:13:53,043 [INFO] ThirdParty:1030 - CMSIS Pack Vendor :STMicroelectronics USB_HOST 2.0.0
2023-11-25 10:13:53,043 [INFO] ThirdParty:1030 - CMSIS Pack Vendor :STMicroelectronics X-CUBE-AZRTOS-F4 1.1.0
2023-11-25 10:13:53,043 [INFO] ThirdParty:1030 - CMSIS Pack Vendor :STMicroelectronics LIBJPEG 8.0.0
2023-11-25 10:13:53,043 [INFO] ThirdParty:1030 - CMSIS Pack Vendor :wolfSSL I-CUBE-wolfSSL 5.6.3
2023-11-25 10:13:53,043 [INFO] ThirdParty:1030 - CMSIS Pack Vendor :STMicroelectronics X-CUBE-SMBUS 2.1.0
2023-11-25 10:13:53,043 [INFO] ThirdParty:1030 - CMSIS Pack Vendor :STMicroelectronics USB_DEVICE 3.0.0
2023-11-25 10:13:53,043 [INFO] ThirdParty:1030 - CMSIS Pack Vendor :STMicroelectronics X-CUBE-AZRTOS-WB 2.0.0
2023-11-25 10:13:53,043 [INFO] ThirdParty:1030 - CMSIS Pack Vendor :STMicroelectronics X-CUBE-FREERTOS 1.0.1
2023-11-25 10:13:53,043 [INFO] ThirdParty:1030 - CMSIS Pack Vendor :STMicroelectronics X-CUBE-AZRTOS-F7 1.1.0
2023-11-25 10:13:53,043 [INFO] ThirdParty:1030 - CMSIS Pack Vendor :STMicroelectronics X-CUBE-AZRTOS-L5 2.0.0
2023-11-25 10:13:53,043 [INFO] ThirdParty:1030 - CMSIS Pack Vendor :STMicroelectronics USB_DEVICE 2.0.0
2023-11-25 10:13:53,043 [INFO] ThirdParty:1030 - CMSIS Pack Vendor :STMicroelectronics X-CUBE-MEMS1 9.6.0
2023-11-25 10:13:53,043 [INFO] ThirdParty:1030 - CMSIS Pack Vendor :STMicroelectronics X-CUBE-EEPRMA1 4.2.0
2023-11-25 10:13:53,043 [INFO] ThirdParty:1030 - CMSIS Pack Vendor :ITTIA_DB I-CUBE-ITTIADB 8.8.0
2023-11-25 10:13:53,043 [INFO] ThirdParty:1030 - CMSIS Pack Vendor :STMicroelectronics FP-SNS-MOTENV1 4.3.2
2023-11-25 10:13:53,043 [INFO] ThirdParty:1030 - CMSIS Pack Vendor :STMicroelectronics X-CUBE-ALGOBUILD 1.3.0
2023-11-25 10:13:53,043 [INFO] ThirdParty:1030 - CMSIS Pack Vendor :STMicroelectronics X-CUBE-BLE1 6.2.4
2023-11-25 10:13:53,043 [INFO] ThirdParty:1030 - CMSIS Pack Vendor :STMicroelectronics X-CUBE-AZRTOS-L5 1.1.0
2023-11-25 10:13:53,043 [INFO] ThirdParty:1030 - CMSIS Pack Vendor :STMicroelectronics FreeRTOS 0.0.1
2023-11-25 10:13:53,043 [INFO] ThirdParty:1030 - CMSIS Pack Vendor :STMicroelectronics X-CUBE-AZRTOS-G0 1.1.0
2023-11-25 10:13:53,043 [INFO] ThirdParty:1030 - CMSIS Pack Vendor :STMicroelectronics X-CUBE-BLEMGR 2.0.0
2023-11-25 10:13:53,043 [INFO] ThirdParty:1030 - CMSIS Pack Vendor :STMicroelectronics X-CUBE-NFC4 3.0.0
2023-11-25 10:13:53,043 [INFO] ThirdParty:1030 - CMSIS Pack Vendor :STMicroelectronics X-CUBE-SUBG2 5.0.0
2023-11-25 10:13:53,043 [INFO] ThirdParty:1030 - CMSIS Pack Vendor :STMicroelectronics STM32_WPAN 1.0.0
2023-11-25 10:13:53,043 [INFO] ThirdParty:1030 - CMSIS Pack Vendor :STMicroelectronics lwIP 2.0.3
2023-11-25 10:13:53,043 [INFO] ThirdParty:1030 - CMSIS Pack Vendor :STMicroelectronics FP-SNS-FLIGHT1 5.0.2
2023-11-25 10:13:53,043 [INFO] ThirdParty:1030 - CMSIS Pack Vendor :STMicroelectronics USB_HOST 1.0.0
2023-11-25 10:13:53,043 [INFO] ThirdParty:1030 - CMSIS Pack Vendor :STMicroelectronics X-CUBE-TOF1 3.3.1
2023-11-25 10:13:53,043 [INFO] ThirdParty:1030 - CMSIS Pack Vendor :STMicroelectronics X-CUBE-AZRTOS-G4 2.0.0
2023-11-25 10:13:53,043 [INFO] ThirdParty:1030 - CMSIS Pack Vendor :STMicroelectronics PDM2PCM 3.1.0
2023-11-25 10:13:53,043 [INFO] ThirdParty:1030 - CMSIS Pack Vendor :STMicroelectronics X-CUBE-AZRTOS-H7 3.1.0
2023-11-25 10:13:53,043 [INFO] ThirdParty:1030 - CMSIS Pack Vendor :Infineon AIROC-Wi-Fi-Bluetooth-STM32 1.5.1
2023-11-25 10:13:53,043 [INFO] ThirdParty:1030 - CMSIS Pack Vendor :STMicroelectronics X-CUBE-BLEMGR 3.0.0
2023-11-25 10:13:53,043 [INFO] ThirdParty:1030 - CMSIS Pack Vendor :STMicroelectronics PDM2PCM 3.3.0
2023-11-25 10:13:53,043 [INFO] ThirdParty:1030 - CMSIS Pack Vendor :STMicroelectronics X-CUBE-DISPLAY 3.0.0
2023-11-25 10:13:53,043 [INFO] ThirdParty:1030 - CMSIS Pack Vendor :STMicroelectronics X-CUBE-BLE1 7.0.0
2023-11-25 10:13:53,043 [INFO] ThirdParty:1030 - CMSIS Pack Vendor :STMicroelectronics FP-ATR-SIGFOX1 3.2.0
2023-11-25 10:13:53,043 [INFO] ThirdParty:1030 - CMSIS Pack Vendor :STMicroelectronics HAL Drivers 0.0.0
2023-11-25 10:13:53,043 [INFO] ThirdParty:1030 - CMSIS Pack Vendor :STMicroelectronics MBEDTLS 2.16.2
2023-11-25 10:13:53,043 [INFO] ThirdParty:1030 - CMSIS Pack Vendor :emotas I-CUBE-CANOPEN 1.3.0
2023-11-25 10:13:53,043 [INFO] ThirdParty:1030 - CMSIS Pack Vendor :STMicroelectronics X-CUBE-MEMS1 10.0.0
2023-11-25 10:13:53,043 [INFO] ThirdParty:1030 - CMSIS Pack Vendor :STMicroelectronics X-CUBE-FREERTOS 1.1.0
2023-11-25 10:13:53,044 [INFO] ThirdParty:1030 - CMSIS Pack Vendor :STMicroelectronics X-CUBE-TOUCHGFX 4.22.0
2023-11-25 10:13:53,044 [INFO] ThirdParty:1030 - CMSIS Pack Vendor :STMicroelectronics X-CUBE-NFC7 1.0.1
2023-11-25 10:13:53,044 [INFO] ThirdParty:1030 - CMSIS Pack Vendor :STMicroelectronics MBEDTLS 2.14.1
2023-11-25 10:13:53,044 [INFO] ThirdParty:1030 - CMSIS Pack Vendor :STMicroelectronics X-CUBE-TOUCHGFX 4.22.1
2023-11-25 10:13:53,044 [INFO] ThirdParty:1030 - CMSIS Pack Vendor :STMicroelectronics X-CUBE-NFC6 3.0.0
2023-11-25 10:13:53,044 [INFO] ThirdParty:1030 - CMSIS Pack Vendor :STMicroelectronics X-CUBE-EEPRMA1 4.1.0
2023-11-25 10:13:53,044 [INFO] ThirdParty:1030 - CMSIS Pack Vendor :portGmbH I-Cube-SoM-uGOAL 1.1.0
2023-11-25 10:13:53,044 [INFO] ThirdParty:1030 - CMSIS Pack Vendor :STMicroelectronics X-CUBE-ALS 1.0.1
2023-11-25 10:13:53,044 [INFO] ThirdParty:1030 - CMSIS Pack Vendor :STMicroelectronics ThreadX 1.0.0
2023-11-25 10:13:53,044 [INFO] ThirdParty:1030 - CMSIS Pack Vendor :STMicroelectronics FP-SNS-SMARTAG2 1.2.0
2023-11-25 10:13:53,044 [INFO] ThirdParty:1030 - CMSIS Pack Vendor :STMicroelectronics X-CUBE-AZRTOS-WB 1.1.0
2023-11-25 10:13:53,044 [INFO] ThirdParty:1030 - CMSIS Pack Vendor :STMicroelectronics X-CUBE-AZRTOS-WL 2.0.0
2023-11-25 10:13:53,044 [INFO] ThirdParty:1030 - CMSIS Pack Vendor :SEGGER I-CUBE-embOS 1.3.1
2023-11-25 10:13:53,044 [INFO] ThirdParty:1030 - CMSIS Pack Vendor :STMicroelectronics USB_DEVICE 1.0.0
2023-11-25 10:13:53,044 [INFO] ThirdParty:1030 - CMSIS Pack Vendor :STMicroelectronics X-CUBE-AI 8.1.0
2023-11-25 10:13:53,044 [INFO] ThirdParty:1030 - CMSIS Pack Vendor :STMicroelectronics X-CUBE-AZRTOS-L4 2.0.0
2023-11-25 10:13:53,044 [INFO] ThirdParty:1030 - CMSIS Pack Vendor :STMicroelectronics ThreadX 0.0.2
2023-11-25 10:13:53,044 [INFO] ThirdParty:1030 - CMSIS Pack Vendor :WES I-CUBE-Cesium 1.3.0
2023-11-25 10:13:53,044 [INFO] ThirdParty:1030 - CMSIS Pack Vendor :STMicroelectronics FP-ATR-ASTRA1 2.0.0
2023-11-25 10:13:53,044 [INFO] ThirdParty:1030 - CMSIS Pack Vendor :STMicroelectronics lwIP 2.1.2
2023-11-25 10:13:53,044 [INFO] ThirdParty:1030 - CMSIS Pack Vendor :STMicroelectronics X-CUBE-SFXS2LP1 4.0.0
2023-11-25 10:13:53,044 [INFO] ThirdParty:1030 - CMSIS Pack Vendor :STMicroelectronics X-CUBE-BLE2 3.3.0
2023-11-25 10:13:53,044 [INFO] ThirdParty:1030 - CMSIS Pack Vendor :STMicroelectronics PDM2PCM 3.2.0
2023-11-25 10:13:53,045 [INFO] ThirdParty:841 - exiting critical section [change project]
2023-11-25 10:13:53,409 [INFO] PinOutPanel:1499 - setPackage(No Configuration,No Configuration)
2023-11-25 10:13:53,412 [INFO] PinOutPanel:1499 - setPackage(STM32L475VGTx,LQFP100)
2023-11-25 10:13:53,709 [INFO] UtilMem:75 - Before build in PCC Used Memory: 918498984 Bytes (1073741824)
2023-11-25 10:13:53,933 [INFO] UtilMem:75 - After build in PCC Used Memory: 482730912 Bytes (1073741824)
2023-11-25 10:13:53,960 [INFO] IPUIPlugin:80 - create IPUIPlugin
2023-11-25 10:13:53,960 [INFO] IPUIPlugin:80 - create IPUIPlugin
2023-11-25 10:13:53,960 [INFO] IPUIPlugin:80 - create IPUIPlugin
2023-11-25 10:13:53,960 [INFO] IPUIPlugin:80 - create IPUIPlugin
2023-11-25 10:13:53,960 [INFO] IPUIPlugin:80 - create IPUIPlugin
2023-11-25 10:13:53,960 [INFO] IPUIPlugin:80 - create IPUIPlugin
2023-11-25 10:13:53,961 [INFO] IPUIPlugin:80 - create IPUIPlugin
2023-11-25 10:13:53,961 [INFO] IPUIPlugin:80 - create IPUIPlugin
2023-11-25 10:13:53,961 [INFO] IPUIPlugin:80 - create IPUIPlugin
2023-11-25 10:13:53,961 [INFO] IPUIPlugin:80 - create IPUIPlugin
2023-11-25 10:13:53,961 [INFO] IPUIPlugin:80 - create IPUIPlugin
2023-11-25 10:13:53,961 [INFO] IPUIPlugin:80 - create IPUIPlugin
2023-11-25 10:13:53,961 [INFO] IPUIPlugin:80 - create IPUIPlugin
2023-11-25 10:13:53,961 [INFO] IPUIPlugin:80 - create IPUIPlugin
2023-11-25 10:13:53,961 [INFO] IPUIPlugin:80 - create IPUIPlugin
2023-11-25 10:13:53,961 [INFO] IPUIPlugin:80 - create IPUIPlugin
2023-11-25 10:13:53,962 [INFO] IPUIPlugin:80 - create IPUIPlugin
2023-11-25 10:13:53,962 [INFO] IPUIPlugin:80 - create IPUIPlugin
2023-11-25 10:13:53,962 [INFO] IPUIPlugin:80 - create IPUIPlugin
2023-11-25 10:13:53,962 [INFO] IPUIPlugin:80 - create IPUIPlugin
2023-11-25 10:13:53,962 [INFO] IPUIPlugin:80 - create IPUIPlugin
2023-11-25 10:13:53,962 [INFO] IPUIPlugin:80 - create IPUIPlugin
2023-11-25 10:13:53,962 [INFO] IPUIPlugin:80 - create IPUIPlugin
2023-11-25 10:13:53,962 [INFO] IPUIPlugin:80 - create IPUIPlugin
2023-11-25 10:13:53,963 [INFO] IPUIPlugin:80 - create IPUIPlugin
2023-11-25 10:13:53,963 [INFO] IPUIPlugin:80 - create IPUIPlugin
2023-11-25 10:13:53,963 [INFO] IPUIPlugin:80 - create IPUIPlugin
2023-11-25 10:13:53,963 [INFO] IPUIPlugin:80 - create IPUIPlugin
2023-11-25 10:13:53,963 [INFO] IPUIPlugin:80 - create IPUIPlugin
2023-11-25 10:13:53,963 [INFO] IPUIPlugin:80 - create IPUIPlugin
2023-11-25 10:13:53,963 [INFO] IPUIPlugin:80 - create IPUIPlugin
2023-11-25 10:13:53,963 [INFO] IPUIPlugin:80 - create IPUIPlugin
2023-11-25 10:13:53,964 [INFO] IPUIPlugin:80 - create IPUIPlugin
2023-11-25 10:13:53,964 [INFO] IPUIPlugin:80 - create IPUIPlugin
2023-11-25 10:13:53,964 [INFO] IPUIPlugin:80 - create IPUIPlugin
2023-11-25 10:13:53,964 [INFO] IPUIPlugin:80 - create IPUIPlugin
2023-11-25 10:13:53,964 [INFO] IPUIPlugin:80 - create IPUIPlugin
2023-11-25 10:13:53,964 [INFO] IPUIPlugin:80 - create IPUIPlugin
2023-11-25 10:13:53,964 [INFO] IPUIPlugin:80 - create IPUIPlugin
2023-11-25 10:13:53,964 [INFO] IPUIPlugin:80 - create IPUIPlugin
2023-11-25 10:13:53,964 [INFO] IPUIPlugin:80 - create IPUIPlugin
2023-11-25 10:13:53,964 [INFO] IPUIPlugin:80 - create IPUIPlugin
2023-11-25 10:13:53,964 [INFO] IPUIPlugin:80 - create IPUIPlugin
2023-11-25 10:13:53,964 [INFO] IPUIPlugin:80 - create IPUIPlugin
2023-11-25 10:13:53,965 [INFO] IPUIPlugin:80 - create IPUIPlugin
2023-11-25 10:13:53,965 [INFO] IPUIPlugin:80 - create IPUIPlugin
2023-11-25 10:13:53,965 [INFO] IPUIPlugin:80 - create IPUIPlugin
2023-11-25 10:13:53,965 [INFO] IPUIPlugin:80 - create IPUIPlugin
2023-11-25 10:13:53,965 [INFO] IPUIPlugin:80 - create IPUIPlugin
2023-11-25 10:13:53,965 [INFO] IPUIPlugin:80 - create IPUIPlugin
2023-11-25 10:13:53,965 [INFO] IPUIPlugin:80 - create IPUIPlugin
2023-11-25 10:13:53,965 [INFO] IPUIPlugin:80 - create IPUIPlugin
2023-11-25 10:13:53,966 [INFO] IPUIPlugin:80 - create IPUIPlugin
2023-11-25 10:13:53,966 [INFO] IPUIPlugin:80 - create IPUIPlugin
2023-11-25 10:13:53,966 [INFO] IPUIPlugin:80 - create IPUIPlugin
2023-11-25 10:13:53,966 [INFO] IPUIPlugin:80 - create IPUIPlugin
2023-11-25 10:13:53,966 [INFO] IPUIPlugin:80 - create IPUIPlugin
2023-11-25 10:13:53,967 [INFO] IPUIPlugin:80 - create IPUIPlugin
2023-11-25 10:13:53,969 [INFO] IPUIPlugin:80 - create IPUIPlugin
2023-11-25 10:13:54,040 [INFO] CADModel:165 - CPN selected for project levelSTM32L475VGT6
2023-11-25 10:13:54,040 [INFO] CADModel:114 - Register for checkConnection events
2023-11-25 10:13:54,082 [INFO] OpenFileManager:328 - Restore cursor
2023-11-25 10:13:54,826 [INFO] UtilMem:75 - End SaveConfig() Used Memory: 684986712 Bytes (1073741824)
2023-11-25 10:13:54,889 [INFO] UtilMem:75 - End SaveConfig() Used Memory: 701120200 Bytes (1073741824)
2023-11-25 10:13:55,065 [INFO] BlockDiagram:2759 - set Specific Code input for plugin: SPI
2023-11-25 10:13:55,065 [INFO] BlockDiagram:2759 - set Specific Code input for plugin: DFSDM
2023-11-25 10:13:55,065 [INFO] BlockDiagram:2759 - set Specific Code input for plugin: SYS
2023-11-25 10:13:55,065 [INFO] BlockDiagram:2759 - set Specific Code input for plugin: RCC
2023-11-25 10:13:55,065 [INFO] BlockDiagram:2759 - set Specific Code input for plugin: I2C
2023-11-25 10:13:55,065 [INFO] BlockDiagram:2759 - set Specific Code input for plugin: USB_OTG_FS
2023-11-25 10:13:55,065 [INFO] BlockDiagram:2759 - set Specific Code input for plugin: NVIC
2023-11-25 10:13:55,065 [INFO] BlockDiagram:2759 - set Specific Code input for plugin: USART
2023-11-25 10:13:55,065 [INFO] BlockDiagram:2759 - set Specific Code input for plugin: USART
2023-11-25 10:13:55,065 [INFO] BlockDiagram:2759 - set Specific Code input for plugin: GPIO
2023-11-25 10:13:55,065 [INFO] BlockDiagram:2759 - set Specific Code input for plugin: QUADSPI
2023-11-25 10:13:55,066 [INFO] CodeGenerator:799 - code generatio: config db path: /Applications/STM32CubeIDE.app/Contents/Eclipse/plugins/com.st.stm32cube.common.mx_6.9.2.202309101412//db/
2023-11-25 10:13:55,415 [INFO] CodeEngine:255 - oldGeneratedFile, /Users/dilnozabobokalonova/embedded_c/STM32-L4/HelloI2C/MXTmpFiles/license.tmp_save
2023-11-25 10:13:55,539 [INFO] CodeEngine:279 - Generated code: /Users/dilnozabobokalonova/embedded_c/STM32-L4/HelloI2C/MXTmpFiles/license.tmp
2023-11-25 10:13:55,723 [INFO] CodeEngine:255 - oldGeneratedFile, /Users/dilnozabobokalonova/embedded_c/STM32-L4/HelloI2C/MXTmpFiles/gpio.tmp_save
2023-11-25 10:13:55,802 [INFO] CodeEngine:279 - Generated code: /Users/dilnozabobokalonova/embedded_c/STM32-L4/HelloI2C/MXTmpFiles/gpio.tmp
2023-11-25 10:13:57,346 [WARN] IPConfigManager:2937 - Warning: the RefConfig PWREx_EnableUSBVoltageDetector is not available in your config.xml file
2023-11-25 10:13:57,368 [INFO] CodeEngine:255 - oldGeneratedFile, /Users/dilnozabobokalonova/embedded_c/STM32-L4/HelloI2C/Core/Src/stm32l4xx_it.c_save
2023-11-25 10:13:57,525 [INFO] CodeEngine:279 - Generated code: /Users/dilnozabobokalonova/embedded_c/STM32-L4/HelloI2C/Core/Src/stm32l4xx_it.c
2023-11-25 10:13:57,530 [INFO] CodeEngine:255 - oldGeneratedFile, /Users/dilnozabobokalonova/embedded_c/STM32-L4/HelloI2C/Core/Inc/stm32l4xx_it.h_save
2023-11-25 10:13:57,577 [INFO] CodeEngine:279 - Generated code: /Users/dilnozabobokalonova/embedded_c/STM32-L4/HelloI2C/Core/Inc/stm32l4xx_it.h
2023-11-25 10:13:57,582 [INFO] CodeEngine:255 - oldGeneratedFile, /Users/dilnozabobokalonova/embedded_c/STM32-L4/HelloI2C/Core/Src/stm32l4xx_hal_msp.c_save
2023-11-25 10:13:57,676 [INFO] CodeEngine:279 - Generated code: /Users/dilnozabobokalonova/embedded_c/STM32-L4/HelloI2C/Core/Src/stm32l4xx_hal_msp.c
2023-11-25 10:13:57,678 [INFO] CodeEngine:255 - oldGeneratedFile, /Users/dilnozabobokalonova/embedded_c/STM32-L4/HelloI2C/MXTmpFiles/system.tmp_save
2023-11-25 10:13:57,726 [INFO] CodeEngine:279 - Generated code: /Users/dilnozabobokalonova/embedded_c/STM32-L4/HelloI2C/MXTmpFiles/system.tmp
2023-11-25 10:13:57,729 [INFO] CodeEngine:311 - oldGeneratedFile, /Users/dilnozabobokalonova/embedded_c/STM32-L4/HelloI2C/Core/Inc/stm32l4xx_hal_conf.h_save
2023-11-25 10:13:57,781 [INFO] CodeEngine:335 - Generated code: /Users/dilnozabobokalonova/embedded_c/STM32-L4/HelloI2C/Core/Inc/stm32l4xx_hal_conf.h
2023-11-25 10:13:57,801 [WARN] IPConfigManager:3431 - IP not found : USB_OTG
2023-11-25 10:13:57,802 [WARN] CodeGenerator:3764 - IP not found : null
2023-11-25 10:13:57,804 [INFO] CodeEngine:255 - oldGeneratedFile, /Users/dilnozabobokalonova/embedded_c/STM32-L4/HelloI2C/Core/Inc/main.h_save
2023-11-25 10:13:57,867 [INFO] CodeEngine:279 - Generated code: /Users/dilnozabobokalonova/embedded_c/STM32-L4/HelloI2C/Core/Inc/main.h
2023-11-25 10:13:57,870 [INFO] CodeEngine:255 - oldGeneratedFile, /Users/dilnozabobokalonova/embedded_c/STM32-L4/HelloI2C/Core/Src/main.c_save
2023-11-25 10:13:57,947 [INFO] CodeEngine:279 - Generated code: /Users/dilnozabobokalonova/embedded_c/STM32-L4/HelloI2C/Core/Src/main.c
2023-11-25 10:13:58,406 [INFO] ProjectBuilder:3064 - Time for Copy HAL[1] : 63mS.
2023-11-25 10:13:58,415 [INFO] ProjectBuilder:4404 - Project Generator version: 4.1.0
2023-11-25 10:13:58,587 [INFO] ConfigFileManager:1457 - The Die is : DIE415
2023-11-25 10:13:58,597 [INFO] ApiDbMcu:507 - Load IP Config File for FATFS
2023-11-25 10:13:58,604 [INFO] ApiDbMcu:507 - Load IP Config File for FREERTOS
2023-11-25 10:13:58,612 [INFO] ApiDbMcu:507 - Load IP Config File for TOUCHSENSING
2023-11-25 10:13:58,616 [INFO] ApiDbMcu:507 - Load IP Config File for USB_DEVICE
2023-11-25 10:13:58,620 [INFO] ApiDbMcu:507 - Load IP Config File for USB_HOST
2023-11-25 10:14:01,457 [INFO] ProjectBuilder:4626 - Time for Generating toolchain IDE Files: 3038mS.
2023-11-25 10:14:01,464 [INFO] ProjectBuilder:2935 - Time for Copy CMSIS : 1mS.
2023-11-25 10:14:01,465 [INFO] ProjectBuilder:2935 - Time for Copy CMSIS : 0mS.
2023-11-25 10:14:01,894 [INFO] McuFinderGlobals:76 - Set McuFinderConnectedMode to true
2023-11-25 10:14:01,900 [INFO] ApiDb:448 - Save user favorites file /Users/dilnozabobokalonova/.stm32cubeide/favorites.mcus.txt: 0 item(s)
2023-11-25 10:14:01,900 [INFO] ApiDb:452 - User favorites MCUs=[]
2023-11-25 10:14:01,905 [INFO] ApiDb:448 - Save user favorites file /Users/dilnozabobokalonova/.stm32cubeide/favorites.boards.txt: 1 item(s)
2023-11-25 10:14:01,906 [INFO] ApiDb:452 - User favorites Boards=[STM32F3DISCOVERY]
2023-11-25 10:14:08,306 [INFO] I2cTimingTraitement:330 - 0x10909CEC
2023-11-25 10:14:20,244 [INFO] UtilMem:75 - End SaveConfig() Used Memory: 775652888 Bytes (1073741824)
2023-11-25 10:14:20,443 [INFO] BlockDiagram:2759 - set Specific Code input for plugin: SPI
2023-11-25 10:14:20,443 [INFO] BlockDiagram:2759 - set Specific Code input for plugin: DFSDM
2023-11-25 10:14:20,443 [INFO] BlockDiagram:2759 - set Specific Code input for plugin: SYS
2023-11-25 10:14:20,443 [INFO] BlockDiagram:2759 - set Specific Code input for plugin: RCC
2023-11-25 10:14:20,443 [INFO] BlockDiagram:2759 - set Specific Code input for plugin: I2C
2023-11-25 10:14:20,443 [INFO] BlockDiagram:2759 - set Specific Code input for plugin: USB_OTG_FS
2023-11-25 10:14:20,443 [INFO] BlockDiagram:2759 - set Specific Code input for plugin: NVIC
2023-11-25 10:14:20,443 [INFO] BlockDiagram:2759 - set Specific Code input for plugin: USART
2023-11-25 10:14:20,443 [INFO] BlockDiagram:2759 - set Specific Code input for plugin: USART
2023-11-25 10:14:20,444 [INFO] BlockDiagram:2759 - set Specific Code input for plugin: GPIO
2023-11-25 10:14:20,444 [INFO] BlockDiagram:2759 - set Specific Code input for plugin: QUADSPI
2023-11-25 10:14:20,445 [INFO] CodeGenerator:799 - code generatio: config db path: /Applications/STM32CubeIDE.app/Contents/Eclipse/plugins/com.st.stm32cube.common.mx_6.9.2.202309101412//db/
2023-11-25 10:14:20,824 [INFO] CodeEngine:255 - oldGeneratedFile, /Users/dilnozabobokalonova/embedded_c/STM32-L4/HelloI2C/MXTmpFiles/license.tmp_save
2023-11-25 10:14:20,927 [INFO] CodeEngine:279 - Generated code: /Users/dilnozabobokalonova/embedded_c/STM32-L4/HelloI2C/MXTmpFiles/license.tmp
2023-11-25 10:14:21,123 [INFO] CodeEngine:255 - oldGeneratedFile, /Users/dilnozabobokalonova/embedded_c/STM32-L4/HelloI2C/MXTmpFiles/gpio.tmp_save
2023-11-25 10:14:21,192 [INFO] CodeEngine:279 - Generated code: /Users/dilnozabobokalonova/embedded_c/STM32-L4/HelloI2C/MXTmpFiles/gpio.tmp
2023-11-25 10:14:22,800 [WARN] IPConfigManager:2937 - Warning: the RefConfig PWREx_EnableUSBVoltageDetector is not available in your config.xml file
2023-11-25 10:14:22,821 [INFO] CodeEngine:255 - oldGeneratedFile, /Users/dilnozabobokalonova/embedded_c/STM32-L4/HelloI2C/Core/Src/stm32l4xx_it.c_save
2023-11-25 10:14:22,927 [INFO] CodeEngine:279 - Generated code: /Users/dilnozabobokalonova/embedded_c/STM32-L4/HelloI2C/Core/Src/stm32l4xx_it.c
2023-11-25 10:14:22,929 [INFO] CodeEngine:255 - oldGeneratedFile, /Users/dilnozabobokalonova/embedded_c/STM32-L4/HelloI2C/Core/Inc/stm32l4xx_it.h_save
2023-11-25 10:14:22,976 [INFO] CodeEngine:279 - Generated code: /Users/dilnozabobokalonova/embedded_c/STM32-L4/HelloI2C/Core/Inc/stm32l4xx_it.h
2023-11-25 10:14:22,981 [INFO] CodeEngine:255 - oldGeneratedFile, /Users/dilnozabobokalonova/embedded_c/STM32-L4/HelloI2C/Core/Src/stm32l4xx_hal_msp.c_save
2023-11-25 10:14:23,066 [INFO] CodeEngine:279 - Generated code: /Users/dilnozabobokalonova/embedded_c/STM32-L4/HelloI2C/Core/Src/stm32l4xx_hal_msp.c
2023-11-25 10:14:23,067 [INFO] CodeEngine:255 - oldGeneratedFile, /Users/dilnozabobokalonova/embedded_c/STM32-L4/HelloI2C/MXTmpFiles/system.tmp_save
2023-11-25 10:14:23,114 [INFO] CodeEngine:279 - Generated code: /Users/dilnozabobokalonova/embedded_c/STM32-L4/HelloI2C/MXTmpFiles/system.tmp
2023-11-25 10:14:23,116 [INFO] CodeEngine:311 - oldGeneratedFile, /Users/dilnozabobokalonova/embedded_c/STM32-L4/HelloI2C/Core/Inc/stm32l4xx_hal_conf.h_save
2023-11-25 10:14:23,171 [INFO] CodeEngine:335 - Generated code: /Users/dilnozabobokalonova/embedded_c/STM32-L4/HelloI2C/Core/Inc/stm32l4xx_hal_conf.h
2023-11-25 10:14:23,192 [WARN] IPConfigManager:3431 - IP not found : USB_OTG
2023-11-25 10:14:23,193 [WARN] CodeGenerator:3764 - IP not found : null
2023-11-25 10:14:23,195 [INFO] CodeEngine:255 - oldGeneratedFile, /Users/dilnozabobokalonova/embedded_c/STM32-L4/HelloI2C/Core/Inc/main.h_save
2023-11-25 10:14:23,249 [INFO] CodeEngine:279 - Generated code: /Users/dilnozabobokalonova/embedded_c/STM32-L4/HelloI2C/Core/Inc/main.h
2023-11-25 10:14:23,251 [INFO] CodeEngine:255 - oldGeneratedFile, /Users/dilnozabobokalonova/embedded_c/STM32-L4/HelloI2C/Core/Src/main.c_save
2023-11-25 10:14:23,349 [INFO] CodeEngine:279 - Generated code: /Users/dilnozabobokalonova/embedded_c/STM32-L4/HelloI2C/Core/Src/main.c
2023-11-25 10:14:23,783 [INFO] ProjectBuilder:3064 - Time for Copy HAL[1] : 37mS.
2023-11-25 10:14:23,792 [INFO] ProjectBuilder:4404 - Project Generator version: 4.1.0
2023-11-25 10:14:23,967 [INFO] ConfigFileManager:1457 - The Die is : DIE415
2023-11-25 10:14:25,458 [INFO] ProjectBuilder:4626 - Time for Generating toolchain IDE Files: 1661mS.
2023-11-25 10:14:25,464 [INFO] ProjectBuilder:2935 - Time for Copy CMSIS : 1mS.
2023-11-25 10:14:25,467 [INFO] ProjectBuilder:2935 - Time for Copy CMSIS : 0mS.
2023-11-25 15:00:13,935 [INFO] MainUpdater:2868 - connection check result : 10
2023-11-25 15:00:14,322 [INFO] McuFinderGlobals:76 - Set McuFinderConnectedMode to true
2023-11-25 15:00:14,328 [INFO] MultiScanPanel:200 - Auto-refresh data requested => check proxy status ongoing
2023-11-25 15:00:14,329 [INFO] FinderPluginLoader:95 - Searching for filters in installed packs
2023-11-25 15:00:14,840 [INFO] LoadUrlFilesThread:185 - End of LoadServerUrlFiles without Thread
2023-11-25 15:00:14,840 [INFO] DetailPanel:341 - Set advertising image to /Users/dilnozabobokalonova/STM32Cube/Repository//en.prom-stm32h5-mcu-finder.jpg
2023-11-25 15:00:17,777 [INFO] MultiScanPanel:200 - Auto-refresh data requested => check proxy status ongoing
2023-11-25 15:00:17,881 [INFO] LoadUrlFilesThread:185 - End of LoadServerUrlFiles without Thread
2023-11-25 15:00:17,881 [INFO] DetailPanel:341 - Set advertising image to /Users/dilnozabobokalonova/STM32Cube/Repository//en.prom-stm32h5-mcu-finder.jpg
2023-11-25 15:00:39,511 [INFO] MainUpdater:2868 - connection check result : 10
2023-11-25 15:00:39,511 [INFO] MainUpdater:2868 - connection check result : 10
2023-11-25 15:00:40,038 [INFO] I2cTimingTraitement:330 - 0x10909CEC
2023-11-25 15:00:40,048 [INFO] MicroXplorer:468 - Change Database Path : 
2023-11-25 15:00:40,048 [INFO] MicroXplorer:498 - Change Database Version : DB.6.0.92
2023-11-25 15:00:40,099 [WARN] ThirdParty:871 - waiting for thirdparty lock release [close project]
2023-11-25 15:00:40,099 [INFO] ThirdParty:873 - entering critical section [close project]
2023-11-25 15:00:40,099 [INFO] ThirdParty:883 - exiting critical section [close project]
2023-11-25 15:00:40,102 [INFO] PinOutPanel:1499 - setPackage(No Configuration,No Configuration)
2023-11-25 15:00:40,105 [INFO] UtilMem:75 - Begin LoadConfig() Used Memory: 585152768 Bytes (1073741824)
2023-11-25 15:00:40,107 [INFO] OpenFileManager:308 - Change cursor
2023-11-25 15:00:40,130 [INFO] RulesReader:64 - Compatibility file has been processed (293 Rules)
2023-11-25 15:00:40,135 [INFO] ProjectFactory:402 - No CPN specified for board B-L475E-IOT01A1 => set CPN to STM32L475VGT6
2023-11-25 15:00:40,135 [INFO] Mcu:1946 - Initializing MCU STM32L475V(C-E-G)Tx STM32L475VGTx STM32L475VGT6
2023-11-25 15:00:41,220 [INFO] Context:659 - Trying to add GPIOservice into a context  which must be forbidden
2023-11-25 15:00:41,838 [INFO] Rule:228 - rule 117617 - U5Cobra4M][GTZC] default value MPCBB3 and MPCBB5 - Not Secured memory - MPCBB1 is applicable
2023-11-25 15:00:41,852 [INFO] Rule:228 - rule 117617 - U5Cobra4M][GTZC] default value MPCBB3 and MPCBB5 - Not Secured memory - MPCBB1 is applicable
2023-11-25 15:00:41,852 [INFO] Rule:228 - rule 117617 - U5Cobra4M][GTZC] default value MPCBB3 and MPCBB5 - Not Secured memory - MPCBB2 is applicable
2023-11-25 15:00:41,852 [INFO] Rule:228 - rule 117617 - U5Cobra4M][GTZC] default value MPCBB3 and MPCBB5 - Not Secured memory - MPCBB2 is applicable
2023-11-25 15:00:41,852 [INFO] Rule:228 - rule 117617 - U5Cobra4M][GTZC] default value MPCBB3 and MPCBB5 - Not Secured memory - MPCBB3 is applicable
2023-11-25 15:00:41,852 [INFO] Rule:228 - rule 117617 - U5Cobra4M][GTZC] default value MPCBB3 and MPCBB5 - Not Secured memory - MPCBB3 is applicable
2023-11-25 15:00:41,852 [INFO] Rule:228 - rule 117617 - U5Cobra4M][GTZC] default value MPCBB3 and MPCBB5 - Not Secured memory - MPCBB4 is applicable
2023-11-25 15:00:41,852 [INFO] Rule:228 - rule 117617 - U5Cobra4M][GTZC] default value MPCBB3 and MPCBB5 - Not Secured memory - MPCBB4 is applicable
2023-11-25 15:00:41,852 [INFO] Rule:228 - rule 117617 - U5Cobra4M][GTZC] default value MPCBB3 and MPCBB5 - Secured memory - MPCBB1 is applicable
2023-11-25 15:00:41,852 [INFO] Rule:228 - rule 117617 - U5Cobra4M][GTZC] default value MPCBB3 and MPCBB5 - Secured memory - MPCBB2 is applicable
2023-11-25 15:00:41,852 [INFO] Rule:228 - rule 117617 - U5Cobra4M][GTZC] default value MPCBB3 and MPCBB5 - Secured memory - MPCBB3 is applicable
2023-11-25 15:00:41,853 [INFO] Rule:228 - rule 117617 - U5Cobra4M][GTZC] default value MPCBB3 and MPCBB5 - Secured memory - MPCBB4 is applicable
2023-11-25 15:00:41,853 [INFO] Rule:228 - rule 117617 - U5Cobra4M][GTZC] default value MPCBB3 and MPCBB5 - Privileged memory - MPCBB1 is applicable
2023-11-25 15:00:41,853 [INFO] Rule:228 - rule 117617 - U5Cobra4M][GTZC] default value MPCBB3 and MPCBB5 - Privileged memory - MPCBB2 is applicable
2023-11-25 15:00:41,853 [INFO] Rule:228 - rule 117617 - U5Cobra4M][GTZC] default value MPCBB3 and MPCBB5 - Privileged memory - MPCBB3 is applicable
2023-11-25 15:00:41,853 [INFO] Rule:228 - rule 117617 - U5Cobra4M][GTZC] default value MPCBB3 and MPCBB5 - Privileged memory - MPCBB4 is applicable
2023-11-25 15:00:41,853 [INFO] Rule:228 - rule 117617 - U5Cobra4M][GTZC] default value MPCBB3 and MPCBB5 - Not Privileged memory - MPCBB1 is applicable
2023-11-25 15:00:41,853 [INFO] Rule:228 - rule 117617 - U5Cobra4M][GTZC] default value MPCBB3 and MPCBB5 - Not Privileged memory - MPCBB2 is applicable
2023-11-25 15:00:41,853 [INFO] Rule:228 - rule 117617 - U5Cobra4M][GTZC] default value MPCBB3 and MPCBB5 - Not Privileged memory - MPCBB3 is applicable
2023-11-25 15:00:41,853 [INFO] Rule:228 - rule 117617 - U5Cobra4M][GTZC] default value MPCBB3 and MPCBB5 - Not Privileged memory - MPCBB4 is applicable
2023-11-25 15:00:41,853 [INFO] Rule:228 - rule 117617 - U5Cobra4M][GTZC] default value MPCBB3 and MPCBB5 - Privileged memory - MPCBB1 is applicable
2023-11-25 15:00:41,853 [INFO] Rule:228 - rule 117617 - U5Cobra4M][GTZC] default value MPCBB3 and MPCBB5 - Privileged memory - MPCBB2 is applicable
2023-11-25 15:00:41,853 [INFO] Rule:228 - rule 117617 - U5Cobra4M][GTZC] default value MPCBB3 and MPCBB5 - Privileged memory - MPCBB3 is applicable
2023-11-25 15:00:41,853 [INFO] Rule:228 - rule 117617 - U5Cobra4M][GTZC] default value MPCBB3 and MPCBB5 - Privileged memory - MPCBB4 is applicable
2023-11-25 15:00:41,853 [INFO] Rule:228 - rule 117617 - U5Cobra4M][GTZC] default value MPCBB3 and MPCBB5 - Privileged memory - MPCBB1 is applicable
2023-11-25 15:00:41,853 [INFO] Rule:228 - rule 117617 - U5Cobra4M][GTZC] default value MPCBB3 and MPCBB5 - Privileged memory - MPCBB2 is applicable
2023-11-25 15:00:41,853 [INFO] Rule:228 - rule 117617 - U5Cobra4M][GTZC] default value MPCBB3 and MPCBB5 - Privileged memory - MPCBB3 is applicable
2023-11-25 15:00:41,853 [INFO] Rule:228 - rule 117617 - U5Cobra4M][GTZC] default value MPCBB3 and MPCBB5 - Privileged memory - MPCBB4 is applicable
2023-11-25 15:00:41,853 [INFO] Rule:228 - rule 117617 - U5Cobra4M][GTZC] default value MPCBB3 and MPCBB5 - Not Privileged memory - MPCBB1 is applicable
2023-11-25 15:00:41,853 [INFO] Rule:228 - rule 117617 - U5Cobra4M][GTZC] default value MPCBB3 and MPCBB5 - Not Privileged memory - MPCBB2 is applicable
2023-11-25 15:00:41,853 [INFO] Rule:228 - rule 117617 - U5Cobra4M][GTZC] default value MPCBB3 and MPCBB5 - Not Privileged memory - MPCBB3 is applicable
2023-11-25 15:00:41,853 [INFO] Rule:228 - rule 117617 - U5Cobra4M][GTZC] default value MPCBB3 and MPCBB5 - Not Privileged memory - MPCBB4 is applicable
2023-11-25 15:00:41,853 [INFO] Rule:228 - rule 117617 - U5Cobra4M][GTZC] default value MPCBB3 and MPCBB5 - Privileged memory - MPCBB1 is applicable
2023-11-25 15:00:41,853 [INFO] Rule:228 - rule 117617 - U5Cobra4M][GTZC] default value MPCBB3 and MPCBB5 - Privileged memory - MPCBB2 is applicable
2023-11-25 15:00:41,853 [INFO] Rule:228 - rule 117617 - U5Cobra4M][GTZC] default value MPCBB3 and MPCBB5 - Privileged memory - MPCBB3 is applicable
2023-11-25 15:00:41,853 [INFO] Rule:228 - rule 117617 - U5Cobra4M][GTZC] default value MPCBB3 and MPCBB5 - Privileged memory - MPCBB4 is applicable
2023-11-25 15:00:41,853 [INFO] Rule:228 - rule Rename SubGHz_Phy SUBGHZ_APPLICATION SUBGHZ_PINGPONG to SUBGHZ_ADV_APPLICATION is applicable
2023-11-25 15:00:41,853 [INFO] Rule:228 - rule Rename Enabled to IBEACON is applicable
2023-11-25 15:00:41,853 [INFO] Rule:228 - rule GTZC_S instance for project manager is applicable
2023-11-25 15:00:41,853 [INFO] Rule:228 - rule GTZC_S instance for context M33S is applicable
2023-11-25 15:00:41,853 [INFO] Rule:228 - rule GTZC_S instance value for IP GTZC is applicable
2023-11-25 15:00:41,853 [INFO] Rule:228 - rule GTZC_S instance for mcu.IP is applicable
2023-11-25 15:00:41,854 [INFO] Rule:228 - rule GTZC_S instance for VP is applicable
2023-11-25 15:00:41,854 [INFO] Rule:228 - rule GTZC_S instance for signal is applicable
2023-11-25 15:00:41,854 [INFO] Rule:228 - rule GTZC_S instance for mcu.Pin is applicable
2023-11-25 15:00:41,854 [INFO] Rule:228 - rule GTZC_S instance for VP is applicable
2023-11-25 15:00:41,854 [INFO] Rule:228 - rule GTZC_S instance for signal is applicable
2023-11-25 15:00:41,854 [INFO] Rule:228 - rule GTZC_S instance for mcu is applicable
2023-11-25 15:00:41,854 [INFO] Rule:228 - rule GTZC_S instance for mcu.Pin is applicable
2023-11-25 15:00:41,854 [INFO] Rule:228 - rule GTZC_S instance value for IP GTZC is applicable
2023-11-25 15:00:41,854 [INFO] Rule:228 - rule GTZC_S instance for project manager is applicable
2023-11-25 15:00:41,854 [INFO] Rule:228 - rule GTZC_S instance for context M33S is applicable
2023-11-25 15:00:41,854 [INFO] Rule:228 - rule GTZC_S instance for VP is applicable
2023-11-25 15:00:41,854 [INFO] Rule:228 - rule GTZC_S instance for signal is applicable
2023-11-25 15:00:41,854 [INFO] Rule:228 - rule Rename Tracer Mode is applicable
2023-11-25 15:00:41,854 [INFO] Rule:228 - rule ADC Scan  fix with FW F7 is applicable
2023-11-25 15:00:41,854 [INFO] Rule:228 - rule ADC Scan  fix with FW F7 is applicable
2023-11-25 15:00:41,854 [INFO] Rule:228 - rule WakeUp0 Mode is applicable
2023-11-25 15:00:41,855 [INFO] Rule:228 - rule WakeUp0 SIGNAL is applicable
2023-11-25 15:00:41,856 [INFO] Rule:228 - rule WakeUp1 Mode is applicable
2023-11-25 15:00:41,856 [INFO] Rule:228 - rule WakeUp1 SIGNAL is applicable
2023-11-25 15:00:41,856 [INFO] Rule:228 - rule WakeUp2 Mode is applicable
2023-11-25 15:00:41,856 [INFO] Rule:228 - rule WakeUp2 SIGNAL is applicable
2023-11-25 15:00:41,856 [INFO] Rule:228 - rule WakeUp4 Mode is applicable
2023-11-25 15:00:41,856 [INFO] Rule:228 - rule WakeUp4 SIGNAL is applicable
2023-11-25 15:00:41,856 [INFO] Rule:228 - rule WakeUp5 Mode is applicable
2023-11-25 15:00:41,856 [INFO] Rule:228 - rule WakeUp5 SIGNAL is applicable
2023-11-25 15:00:41,856 [INFO] Rule:228 - rule Change Default Value for LSE Drive Capability for WB family is applicable
2023-11-25 15:00:41,856 [INFO] Rule:228 - rule Change Default Value for ADC Clock Prescaler G0 family is applicable
2023-11-25 15:00:41,857 [INFO] Rule:228 - rule UART/USART IPParameter rename Prescaler parameter to ClockPrescaler is applicable
2023-11-25 15:00:41,857 [INFO] Rule:228 - rule UART/USART Prescaler rename Prescaler parameter to ClockPrescaler is applicable
2023-11-25 15:00:41,857 [INFO] Rule:228 - rule TIM1CLockSelection is applicable
2023-11-25 15:00:41,857 [INFO] Rule:228 - rule TIM15CLockSelection is applicable
2023-11-25 15:00:41,857 [INFO] Rule:228 - rule align RCC SDMMC3CLockSelection default value on MP1 is applicable
2023-11-25 15:00:41,857 [INFO] Rule:228 - rule align RCC SDMMC12CLockSelection default value on MP1 is applicable
2023-11-25 15:00:41,857 [INFO] Rule:228 - rule align RCC QSPICLockSelection default value on MP1 is applicable
2023-11-25 15:00:41,857 [INFO] Rule:228 - rule align RCC QSPICLockSelection default value on MP1 is applicable
2023-11-25 15:00:41,857 [INFO] Rule:228 - rule align RCC SPI6CLockSelection default value on MP1 is applicable
2023-11-25 15:00:41,857 [INFO] Rule:228 - rule align RCC LPTIM23CLockSelection default value on MP1 is applicable
2023-11-25 15:00:41,857 [INFO] Rule:228 - rule align RCC LPTIM1CLockSelection default value on MP1 is applicable
2023-11-25 15:00:41,857 [INFO] Rule:228 - rule align RCC USART1CLockSelection default value on MP1 is applicable
2023-11-25 15:00:41,857 [INFO] Rule:228 - rule align RCC USART24CLockSelection default value on MP1 is applicable
2023-11-25 15:00:41,857 [INFO] Rule:228 - rule align RCC USART6CLockSelection default value on MP1 is applicable
2023-11-25 15:00:41,857 [INFO] Rule:228 - rule align RCC UART78CLockSelection default value on MP1 is applicable
2023-11-25 15:00:41,857 [INFO] Rule:228 - rule align RCC USART35CLockSelection default value on MP1 is applicable
2023-11-25 15:00:41,857 [INFO] Rule:228 - rule align RCC SPI45CLockSelection default value on MP1 is applicable
2023-11-25 15:00:41,857 [INFO] Rule:228 - rule align RCC I2C46CLockSelection BCLK value on MP1 is applicable
2023-11-25 15:00:41,857 [INFO] Rule:228 - rule align RCC SPI45CLockSelection default value on MP1 is applicable
2023-11-25 15:00:41,857 [INFO] Rule:228 - rule align RCC I2C12CLockSelection default value on MP1 is applicable
2023-11-25 15:00:41,857 [INFO] Rule:228 - rule align RCC I2C35CLockSelection default value on MP1 is applicable
2023-11-25 15:00:41,857 [INFO] Rule:228 - rule align RCC LPTIM45CLockSelection default value on MP1 is applicable
2023-11-25 15:00:41,857 [INFO] Rule:228 - rule Rename DCMI PIXCK signal is applicable
2023-11-25 15:00:41,857 [INFO] Rule:228 - rule Change Default Value for I2C46CLockSelection MP1 family is applicable
2023-11-25 15:00:41,857 [INFO] Rule:228 - rule Change Default Value for UART for G4, G0 and WB families is applicable
2023-11-25 15:00:41,857 [INFO] Rule:228 - rule Change Default Value for USART for G4, G0 and WB families is applicable
2023-11-25 15:00:41,857 [INFO] Rule:228 - rule Change Default Value for USART for G4 family is applicable
2023-11-25 15:00:41,857 [INFO] Rule:228 - rule Change USART1CLockSelection refparam name for MP1 is applicable
2023-11-25 15:00:41,857 [INFO] Rule:228 - rule Change USART2CLockSelection refparam name for MP1 is applicable
2023-11-25 15:00:41,857 [INFO] Rule:228 - rule Change USART3CLockSelection refparam name for MP1 is applicable
2023-11-25 15:00:41,857 [INFO] Rule:228 - rule Change UART4CLockSelection refparam name for MP1 is applicable
2023-11-25 15:00:41,857 [INFO] Rule:228 - rule Change UART5CLockSelection refparam name for MP1 is applicable
2023-11-25 15:00:41,857 [INFO] Rule:228 - rule Change LPUART1CLockSelection refparam name for MP1 is applicable
2023-11-25 15:00:41,857 [INFO] Rule:228 - rule Change LPTIM1CLockSelection refparam name for MP1 is applicable
2023-11-25 15:00:41,857 [INFO] Rule:228 - rule Change LPTIM2CLockSelection refparam name for MP1 is applicable
2023-11-25 15:00:41,857 [INFO] Rule:228 - rule Change RCC_MCO1Source refparam name for MP1 is applicable
2023-11-25 15:00:41,857 [INFO] Rule:228 - rule Change LSCOSource1 refparam name for MP1 is applicable
2023-11-25 15:00:41,857 [INFO] Rule:228 - rule Change SMPSCLockSelection refparam name for MP1 is applicable
2023-11-25 15:00:41,857 [INFO] Rule:228 - rule Change LPTIM3CLockSelection refparam name for MP1 is applicable
2023-11-25 15:00:41,857 [INFO] Rule:228 - rule Change MPCBB* Default Template Mode to Parameters is applicable
2023-11-25 15:00:41,857 [INFO] Rule:228 - rule Change MPCWM* or MPCBB* Secure Mode to Parameters is applicable
2023-11-25 15:00:41,857 [INFO] Rule:228 - rule Change MPCWM* or MPCBB* No Secure Mode to Parameters is applicable
2023-11-25 15:00:41,857 [INFO] Rule:228 - rule Change TZSC IP Secure Mode to Parameters is applicable
2023-11-25 15:00:41,857 [INFO] Rule:228 - rule Change TZSC IP No Secure Mode to Parameters is applicable
2023-11-25 15:00:41,857 [INFO] Rule:228 - rule Change TZSC IP Privilege Mode to Parameters is applicable
2023-11-25 15:00:41,857 [INFO] Rule:228 - rule Change TZSC IP No Privilege Mode to Parameters is applicable
2023-11-25 15:00:41,857 [INFO] Rule:228 - rule Change TZIC IT Secure Mode to Parameters is applicable
2023-11-25 15:00:41,857 [INFO] Rule:228 - rule Change TZIC IT No Secure Mode to Parameters is applicable
2023-11-25 15:00:41,857 [INFO] Rule:228 - rule Add MPCBB1_NonSecureArea_Start_Address value with referenced to MPCBB1_NonSecureArea_Start value is applicable
2023-11-25 15:00:41,858 [INFO] Rule:228 - rule Add MPCBB2_NonSecureArea_Start_Address value with referenced to MPCBB2_NonSecureArea_Start value is applicable
2023-11-25 15:00:41,858 [INFO] Rule:228 - rule Add MPCWM1_NonSecureArea*_Start_Address value with referenced to MPCWM1_NonSecureArea*_Start value is applicable
2023-11-25 15:00:41,858 [INFO] Rule:228 - rule Add MPCWM2_NonSecureArea*_Start_Address value with referenced to MPCWM2_NonSecureArea*_Start value is applicable
2023-11-25 15:00:41,858 [INFO] Rule:228 - rule Add MPCWM3_NonSecureArea_Start_Address value with referenced to MPCWM3_NonSecureArea_Start value is applicable
2023-11-25 15:00:41,858 [INFO] Rule:228 - rule Change Default Value for PLL1UserDefinedConfig is applicable
2023-11-25 15:00:41,858 [INFO] Rule:228 - rule Change GPIO_PuPd Default Value for USART in async mode is applicable
2023-11-25 15:00:41,858 [INFO] Rule:228 - rule Change SMPSDivider Default Value is applicable
2023-11-25 15:00:41,858 [INFO] Rule:228 - rule OPAMP is applicable
2023-11-25 15:00:41,858 [INFO] Rule:228 - rule LPUART IPParameter rename Prescaler parameter to ClockPrescaler for STM32H7 is applicable
2023-11-25 15:00:41,858 [INFO] Rule:228 - rule LPUART IPParameter rename Prescaler parameter to ClockPrescaler for STM32H7 is applicable
2023-11-25 15:00:41,858 [INFO] Rule:228 - rule LPUART IPParameter rename Prescaler parameter to ClockPrescaler for STM32WB is applicable
2023-11-25 15:00:41,858 [INFO] Rule:228 - rule LPUART IPParameter rename Prescaler parameter to ClockPrescaler for STM32WB is applicable
2023-11-25 15:00:41,858 [INFO] Rule:228 - rule LPUART IPParameter rename Prescaler parameter to ClockPrescaler for STM32G4 is applicable
2023-11-25 15:00:41,858 [INFO] Rule:228 - rule LPUART IPParameter rename Prescaler parameter to ClockPrescaler for STM32G4 is applicable
2023-11-25 15:00:41,858 [INFO] Rule:228 - rule LPUART IPParameter rename Prescaler parameter to ClockPrescaler for STM32L5 is applicable
2023-11-25 15:00:41,858 [INFO] Rule:228 - rule LPUART IPParameter rename Prescaler parameter to ClockPrescaler for STM32L5 is applicable
2023-11-25 15:00:41,858 [INFO] Rule:228 - rule LPUART IPParameter rename Prescaler parameter to ClockPrescaler for STM32G4 is applicable
2023-11-25 15:00:41,858 [INFO] Rule:228 - rule LPUART IPParameter rename Prescaler parameter to ClockPrescaler for STM32G4 is applicable
2023-11-25 15:00:41,858 [INFO] Rule:228 - rule USB device lib V2.5.3 for L0 rename USBD_SUPPORT_USER_STRING parameter to USBD_SUPPORT_USER_STRING_DESC4 is applicable
2023-11-25 15:00:41,858 [INFO] Rule:228 - rule I2SCLockSelection clock entry align is applicable
2023-11-25 15:00:41,858 [INFO] Rule:228 - rule Assign TIMx context if used as SYS timebase is applicable
2023-11-25 15:00:41,858 [INFO] Rule:228 - rule Change GPIO_Pu Default Value for I2C is applicable
2023-11-25 15:00:41,858 [INFO] Rule:228 - rule Change GPIO_Pu Default Value for SMBus is applicable
2023-11-25 15:00:41,858 [INFO] Rule:228 - rule change FDCAN default value is applicable
2023-11-25 15:00:41,858 [INFO] Rule:228 - rule Change mode sai is applicable
2023-11-25 15:00:41,858 [INFO] Rule:228 - rule **Change sai mode is applicable
2023-11-25 15:00:41,868 [INFO] DbConfProperties:307 - Apply Compatibility (4/144 Rules)
2023-11-25 15:00:42,004 [INFO] RtosManager:555 - Registered RTOS mode: class=CMSIS, group=RTOS, mode=CMSIS_V1, owner=FREERTOS
2023-11-25 15:00:42,005 [INFO] RtosManager:555 - Registered RTOS mode: class=CMSIS, group=RTOS2, mode=CMSIS_V2, owner=FREERTOS
2023-11-25 15:00:42,005 [INFO] RtosManager:555 - Registered RTOS mode: class=RTOS, group=Core, mode=CMSIS_V1, owner=FREERTOS
2023-11-25 15:00:42,005 [INFO] RtosManager:555 - Registered RTOS mode: class=RTOS, group=Core, mode=CMSIS_V2, owner=FREERTOS
2023-11-25 15:00:42,005 [WARN] ModelIntegratedComponent:184 - Missing modes for component STMicroelectronics:FreeRTOS:0.0.1:STMicroelectronics:RTOS:FreeRTOS:Core:::10.2.0:
2023-11-25 15:00:42,009 [WARN] ModelIntegratedComponent:63 - No mode defined for component null
2023-11-25 15:00:42,009 [WARN] ModelIntegratedComponent:63 - No mode defined for component null
2023-11-25 15:00:42,009 [WARN] ModelIntegratedComponent:63 - No mode defined for component null
2023-11-25 15:00:42,009 [WARN] ModelIntegratedComponent:63 - No mode defined for component null
2023-11-25 15:00:42,009 [WARN] ModelIntegratedComponent:63 - No mode defined for component null
2023-11-25 15:00:42,009 [WARN] ModelIntegratedComponent:63 - No mode defined for component null
2023-11-25 15:00:42,009 [WARN] ModelIntegratedComponent:63 - No mode defined for component null
2023-11-25 15:00:42,009 [WARN] ModelIntegratedComponent:63 - No mode defined for component null
2023-11-25 15:00:42,009 [WARN] ModelIntegratedComponent:63 - No mode defined for component null
2023-11-25 15:00:42,009 [WARN] ModelIntegratedComponent:63 - No mode defined for component null
2023-11-25 15:00:42,009 [WARN] ModelIntegratedComponent:63 - No mode defined for component null
2023-11-25 15:00:42,009 [WARN] ModelIntegratedComponent:63 - No mode defined for component null
2023-11-25 15:00:42,009 [WARN] ModelIntegratedComponent:63 - No mode defined for component null
2023-11-25 15:00:42,009 [WARN] ModelIntegratedComponent:63 - No mode defined for component null
2023-11-25 15:00:42,009 [WARN] ModelIntegratedComponent:63 - No mode defined for component null
2023-11-25 15:00:42,010 [WARN] ModelIntegratedComponent:63 - No mode defined for component null
2023-11-25 15:00:42,010 [WARN] ModelIntegratedComponent:63 - No mode defined for component null
2023-11-25 15:00:42,010 [WARN] ModelIntegratedComponent:63 - No mode defined for component null
2023-11-25 15:00:42,010 [WARN] ModelIntegratedComponent:63 - No mode defined for component null
2023-11-25 15:00:42,010 [WARN] ModelIntegratedComponent:63 - No mode defined for component null
2023-11-25 15:00:42,010 [WARN] ModelIntegratedComponent:63 - No mode defined for component null
2023-11-25 15:00:42,010 [WARN] ModelIntegratedComponent:63 - No mode defined for component null
2023-11-25 15:00:42,010 [WARN] ModelIntegratedComponent:63 - No mode defined for component null
2023-11-25 15:00:42,010 [WARN] ModelIntegratedComponent:63 - No mode defined for component null
2023-11-25 15:00:42,010 [WARN] ModelIntegratedComponent:63 - No mode defined for component null
2023-11-25 15:00:42,010 [WARN] ModelIntegratedComponent:63 - No mode defined for component null
2023-11-25 15:00:42,010 [WARN] ModelIntegratedComponent:63 - No mode defined for component null
2023-11-25 15:00:42,010 [WARN] ModelIntegratedComponent:63 - No mode defined for component null
2023-11-25 15:00:42,010 [WARN] ModelIntegratedComponent:63 - No mode defined for component null
2023-11-25 15:00:42,010 [WARN] ModelIntegratedComponent:63 - No mode defined for component null
2023-11-25 15:00:42,010 [WARN] ModelIntegratedComponent:63 - No mode defined for component null
2023-11-25 15:00:42,010 [WARN] ModelIntegratedComponent:63 - No mode defined for component null
2023-11-25 15:00:42,010 [WARN] ModelIntegratedComponent:63 - No mode defined for component null
2023-11-25 15:00:42,069 [INFO] ThirdPartyModel:298 - Start build external matchings
2023-11-25 15:00:42,483 [INFO] ThirdPartyModel:316 - End build external matchings
2023-11-25 15:00:42,506 [INFO] ImportTextPane:194 - (OptionalMessage_ERROR) IP (RCC) : Invalid parameter (FamilyName)
2023-11-25 15:00:42,691 [INFO] UtilMem:75 - End LoadConfig() Used Memory: 625773520 Bytes (1073741824)
2023-11-25 15:00:42,775 [WARN] ThirdParty:833 - waiting for thirdparty lock release [change project]
2023-11-25 15:00:42,777 [INFO] ThirdParty:835 - entering critical section [change project]
2023-11-25 15:00:42,777 [INFO] ThirdParty:1030 - CMSIS Pack Vendor :STMicroelectronics X-CUBE-ISPU 1.1.0
2023-11-25 15:00:42,778 [INFO] ThirdParty:1030 - CMSIS Pack Vendor :STMicroelectronics USBPD 4.1
2023-11-25 15:00:42,778 [INFO] ThirdParty:1030 - CMSIS Pack Vendor :STMicroelectronics X-CUBE-GNSS1 6.0.0
2023-11-25 15:00:42,778 [INFO] ThirdParty:1030 - CMSIS Pack Vendor :STMicroelectronics USB_HOST 2.0.0
2023-11-25 15:00:42,778 [INFO] ThirdParty:1030 - CMSIS Pack Vendor :STMicroelectronics X-CUBE-AZRTOS-F4 1.1.0
2023-11-25 15:00:42,778 [INFO] ThirdParty:1030 - CMSIS Pack Vendor :STMicroelectronics LIBJPEG 8.0.0
2023-11-25 15:00:42,778 [INFO] ThirdParty:1030 - CMSIS Pack Vendor :wolfSSL I-CUBE-wolfSSL 5.6.3
2023-11-25 15:00:42,778 [INFO] ThirdParty:1030 - CMSIS Pack Vendor :STMicroelectronics X-CUBE-SMBUS 2.1.0
2023-11-25 15:00:42,778 [INFO] ThirdParty:1030 - CMSIS Pack Vendor :STMicroelectronics USB_DEVICE 3.0.0
2023-11-25 15:00:42,778 [INFO] ThirdParty:1030 - CMSIS Pack Vendor :STMicroelectronics X-CUBE-AZRTOS-WB 2.0.0
2023-11-25 15:00:42,778 [INFO] ThirdParty:1030 - CMSIS Pack Vendor :STMicroelectronics X-CUBE-FREERTOS 1.0.1
2023-11-25 15:00:42,778 [INFO] ThirdParty:1030 - CMSIS Pack Vendor :STMicroelectronics X-CUBE-AZRTOS-F7 1.1.0
2023-11-25 15:00:42,778 [INFO] ThirdParty:1030 - CMSIS Pack Vendor :STMicroelectronics X-CUBE-AZRTOS-L5 2.0.0
2023-11-25 15:00:42,778 [INFO] ThirdParty:1030 - CMSIS Pack Vendor :STMicroelectronics USB_DEVICE 2.0.0
2023-11-25 15:00:42,778 [INFO] ThirdParty:1030 - CMSIS Pack Vendor :STMicroelectronics X-CUBE-MEMS1 9.6.0
2023-11-25 15:00:42,778 [INFO] ThirdParty:1030 - CMSIS Pack Vendor :STMicroelectronics X-CUBE-EEPRMA1 4.2.0
2023-11-25 15:00:42,778 [INFO] ThirdParty:1030 - CMSIS Pack Vendor :ITTIA_DB I-CUBE-ITTIADB 8.8.0
2023-11-25 15:00:42,778 [INFO] ThirdParty:1030 - CMSIS Pack Vendor :STMicroelectronics FP-SNS-MOTENV1 4.3.2
2023-11-25 15:00:42,778 [INFO] ThirdParty:1030 - CMSIS Pack Vendor :STMicroelectronics X-CUBE-ALGOBUILD 1.3.0
2023-11-25 15:00:42,778 [INFO] ThirdParty:1030 - CMSIS Pack Vendor :STMicroelectronics X-CUBE-BLE1 6.2.4
2023-11-25 15:00:42,778 [INFO] ThirdParty:1030 - CMSIS Pack Vendor :STMicroelectronics X-CUBE-AZRTOS-L5 1.1.0
2023-11-25 15:00:42,778 [INFO] ThirdParty:1030 - CMSIS Pack Vendor :STMicroelectronics FreeRTOS 0.0.1
2023-11-25 15:00:42,778 [INFO] ThirdParty:1030 - CMSIS Pack Vendor :STMicroelectronics X-CUBE-AZRTOS-G0 1.1.0
2023-11-25 15:00:42,778 [INFO] ThirdParty:1030 - CMSIS Pack Vendor :STMicroelectronics X-CUBE-BLEMGR 2.0.0
2023-11-25 15:00:42,778 [INFO] ThirdParty:1030 - CMSIS Pack Vendor :STMicroelectronics X-CUBE-NFC4 3.0.0
2023-11-25 15:00:42,778 [INFO] ThirdParty:1030 - CMSIS Pack Vendor :STMicroelectronics X-CUBE-SUBG2 5.0.0
2023-11-25 15:00:42,778 [INFO] ThirdParty:1030 - CMSIS Pack Vendor :STMicroelectronics STM32_WPAN 1.0.0
2023-11-25 15:00:42,778 [INFO] ThirdParty:1030 - CMSIS Pack Vendor :STMicroelectronics lwIP 2.0.3
2023-11-25 15:00:42,778 [INFO] ThirdParty:1030 - CMSIS Pack Vendor :STMicroelectronics FP-SNS-FLIGHT1 5.0.2
2023-11-25 15:00:42,778 [INFO] ThirdParty:1030 - CMSIS Pack Vendor :STMicroelectronics USB_HOST 1.0.0
2023-11-25 15:00:42,778 [INFO] ThirdParty:1030 - CMSIS Pack Vendor :STMicroelectronics X-CUBE-TOF1 3.3.1
2023-11-25 15:00:42,778 [INFO] ThirdParty:1030 - CMSIS Pack Vendor :STMicroelectronics X-CUBE-AZRTOS-G4 2.0.0
2023-11-25 15:00:42,778 [INFO] ThirdParty:1030 - CMSIS Pack Vendor :STMicroelectronics PDM2PCM 3.1.0
2023-11-25 15:00:42,778 [INFO] ThirdParty:1030 - CMSIS Pack Vendor :STMicroelectronics X-CUBE-AZRTOS-H7 3.1.0
2023-11-25 15:00:42,778 [INFO] ThirdParty:1030 - CMSIS Pack Vendor :Infineon AIROC-Wi-Fi-Bluetooth-STM32 1.5.1
2023-11-25 15:00:42,778 [INFO] ThirdParty:1030 - CMSIS Pack Vendor :STMicroelectronics X-CUBE-BLEMGR 3.0.0
2023-11-25 15:00:42,778 [INFO] ThirdParty:1030 - CMSIS Pack Vendor :STMicroelectronics PDM2PCM 3.3.0
2023-11-25 15:00:42,778 [INFO] ThirdParty:1030 - CMSIS Pack Vendor :STMicroelectronics X-CUBE-DISPLAY 3.0.0
2023-11-25 15:00:42,778 [INFO] ThirdParty:1030 - CMSIS Pack Vendor :STMicroelectronics X-CUBE-BLE1 7.0.0
2023-11-25 15:00:42,778 [INFO] ThirdParty:1030 - CMSIS Pack Vendor :STMicroelectronics FP-ATR-SIGFOX1 3.2.0
2023-11-25 15:00:42,778 [INFO] ThirdParty:1030 - CMSIS Pack Vendor :STMicroelectronics HAL Drivers 0.0.0
2023-11-25 15:00:42,778 [INFO] ThirdParty:1030 - CMSIS Pack Vendor :STMicroelectronics MBEDTLS 2.16.2
2023-11-25 15:00:42,778 [INFO] ThirdParty:1030 - CMSIS Pack Vendor :emotas I-CUBE-CANOPEN 1.3.0
2023-11-25 15:00:42,778 [INFO] ThirdParty:1030 - CMSIS Pack Vendor :STMicroelectronics X-CUBE-MEMS1 10.0.0
2023-11-25 15:00:42,778 [INFO] ThirdParty:1030 - CMSIS Pack Vendor :STMicroelectronics X-CUBE-FREERTOS 1.1.0
2023-11-25 15:00:42,778 [INFO] ThirdParty:1030 - CMSIS Pack Vendor :STMicroelectronics X-CUBE-TOUCHGFX 4.22.0
2023-11-25 15:00:42,778 [INFO] ThirdParty:1030 - CMSIS Pack Vendor :STMicroelectronics X-CUBE-NFC7 1.0.1
2023-11-25 15:00:42,778 [INFO] ThirdParty:1030 - CMSIS Pack Vendor :STMicroelectronics MBEDTLS 2.14.1
2023-11-25 15:00:42,778 [INFO] ThirdParty:1030 - CMSIS Pack Vendor :STMicroelectronics X-CUBE-TOUCHGFX 4.22.1
2023-11-25 15:00:42,778 [INFO] ThirdParty:1030 - CMSIS Pack Vendor :STMicroelectronics X-CUBE-NFC6 3.0.0
2023-11-25 15:00:42,778 [INFO] ThirdParty:1030 - CMSIS Pack Vendor :STMicroelectronics X-CUBE-EEPRMA1 4.1.0
2023-11-25 15:00:42,778 [INFO] ThirdParty:1030 - CMSIS Pack Vendor :portGmbH I-Cube-SoM-uGOAL 1.1.0
2023-11-25 15:00:42,778 [INFO] ThirdParty:1030 - CMSIS Pack Vendor :STMicroelectronics X-CUBE-ALS 1.0.1
2023-11-25 15:00:42,778 [INFO] ThirdParty:1030 - CMSIS Pack Vendor :STMicroelectronics ThreadX 1.0.0
2023-11-25 15:00:42,778 [INFO] ThirdParty:1030 - CMSIS Pack Vendor :STMicroelectronics FP-SNS-SMARTAG2 1.2.0
2023-11-25 15:00:42,778 [INFO] ThirdParty:1030 - CMSIS Pack Vendor :STMicroelectronics X-CUBE-AZRTOS-WB 1.1.0
2023-11-25 15:00:42,778 [INFO] ThirdParty:1030 - CMSIS Pack Vendor :STMicroelectronics X-CUBE-AZRTOS-WL 2.0.0
2023-11-25 15:00:42,778 [INFO] ThirdParty:1030 - CMSIS Pack Vendor :SEGGER I-CUBE-embOS 1.3.1
2023-11-25 15:00:42,779 [INFO] ThirdParty:1030 - CMSIS Pack Vendor :STMicroelectronics USB_DEVICE 1.0.0
2023-11-25 15:00:42,779 [INFO] ThirdParty:1030 - CMSIS Pack Vendor :STMicroelectronics X-CUBE-AI 8.1.0
2023-11-25 15:00:42,779 [INFO] ThirdParty:1030 - CMSIS Pack Vendor :STMicroelectronics X-CUBE-AZRTOS-L4 2.0.0
2023-11-25 15:00:42,779 [INFO] ThirdParty:1030 - CMSIS Pack Vendor :STMicroelectronics ThreadX 0.0.2
2023-11-25 15:00:42,779 [INFO] ThirdParty:1030 - CMSIS Pack Vendor :WES I-CUBE-Cesium 1.3.0
2023-11-25 15:00:42,779 [INFO] ThirdParty:1030 - CMSIS Pack Vendor :STMicroelectronics FP-ATR-ASTRA1 2.0.0
2023-11-25 15:00:42,779 [INFO] ThirdParty:1030 - CMSIS Pack Vendor :STMicroelectronics lwIP 2.1.2
2023-11-25 15:00:42,779 [INFO] ThirdParty:1030 - CMSIS Pack Vendor :STMicroelectronics X-CUBE-SFXS2LP1 4.0.0
2023-11-25 15:00:42,779 [INFO] ThirdParty:1030 - CMSIS Pack Vendor :STMicroelectronics X-CUBE-BLE2 3.3.0
2023-11-25 15:00:42,779 [INFO] ThirdParty:1030 - CMSIS Pack Vendor :STMicroelectronics PDM2PCM 3.2.0
2023-11-25 15:00:42,779 [INFO] ThirdParty:841 - exiting critical section [change project]
2023-11-25 15:00:43,143 [INFO] PinOutPanel:1499 - setPackage(No Configuration,No Configuration)
2023-11-25 15:00:43,146 [INFO] PinOutPanel:1499 - setPackage(STM32L475VGTx,LQFP100)
2023-11-25 15:00:43,478 [INFO] UtilMem:75 - Before build in PCC Used Memory: 498520368 Bytes (1073741824)
2023-11-25 15:00:43,895 [INFO] UtilMem:75 - After build in PCC Used Memory: 574544176 Bytes (1073741824)
2023-11-25 15:00:43,953 [INFO] IPUIPlugin:80 - create IPUIPlugin
2023-11-25 15:00:43,953 [INFO] IPUIPlugin:80 - create IPUIPlugin
2023-11-25 15:00:43,953 [INFO] IPUIPlugin:80 - create IPUIPlugin
2023-11-25 15:00:43,954 [INFO] IPUIPlugin:80 - create IPUIPlugin
2023-11-25 15:00:43,954 [INFO] IPUIPlugin:80 - create IPUIPlugin
2023-11-25 15:00:43,954 [INFO] IPUIPlugin:80 - create IPUIPlugin
2023-11-25 15:00:43,954 [INFO] IPUIPlugin:80 - create IPUIPlugin
2023-11-25 15:00:43,955 [INFO] IPUIPlugin:80 - create IPUIPlugin
2023-11-25 15:00:43,955 [INFO] IPUIPlugin:80 - create IPUIPlugin
2023-11-25 15:00:43,955 [INFO] IPUIPlugin:80 - create IPUIPlugin
2023-11-25 15:00:43,955 [INFO] IPUIPlugin:80 - create IPUIPlugin
2023-11-25 15:00:43,955 [INFO] IPUIPlugin:80 - create IPUIPlugin
2023-11-25 15:00:43,955 [INFO] IPUIPlugin:80 - create IPUIPlugin
2023-11-25 15:00:43,955 [INFO] IPUIPlugin:80 - create IPUIPlugin
2023-11-25 15:00:43,956 [INFO] IPUIPlugin:80 - create IPUIPlugin
2023-11-25 15:00:43,956 [INFO] IPUIPlugin:80 - create IPUIPlugin
2023-11-25 15:00:43,956 [INFO] IPUIPlugin:80 - create IPUIPlugin
2023-11-25 15:00:43,956 [INFO] IPUIPlugin:80 - create IPUIPlugin
2023-11-25 15:00:43,958 [INFO] IPUIPlugin:80 - create IPUIPlugin
2023-11-25 15:00:43,958 [INFO] IPUIPlugin:80 - create IPUIPlugin
2023-11-25 15:00:43,958 [INFO] IPUIPlugin:80 - create IPUIPlugin
2023-11-25 15:00:43,958 [INFO] IPUIPlugin:80 - create IPUIPlugin
2023-11-25 15:00:43,958 [INFO] IPUIPlugin:80 - create IPUIPlugin
2023-11-25 15:00:43,959 [INFO] IPUIPlugin:80 - create IPUIPlugin
2023-11-25 15:00:43,959 [INFO] IPUIPlugin:80 - create IPUIPlugin
2023-11-25 15:00:43,959 [INFO] IPUIPlugin:80 - create IPUIPlugin
2023-11-25 15:00:43,960 [INFO] IPUIPlugin:80 - create IPUIPlugin
2023-11-25 15:00:43,960 [INFO] IPUIPlugin:80 - create IPUIPlugin
2023-11-25 15:00:43,960 [INFO] IPUIPlugin:80 - create IPUIPlugin
2023-11-25 15:00:43,960 [INFO] IPUIPlugin:80 - create IPUIPlugin
2023-11-25 15:00:43,960 [INFO] IPUIPlugin:80 - create IPUIPlugin
2023-11-25 15:00:43,960 [INFO] IPUIPlugin:80 - create IPUIPlugin
2023-11-25 15:00:43,960 [INFO] IPUIPlugin:80 - create IPUIPlugin
2023-11-25 15:00:43,960 [INFO] IPUIPlugin:80 - create IPUIPlugin
2023-11-25 15:00:43,960 [INFO] IPUIPlugin:80 - create IPUIPlugin
2023-11-25 15:00:43,961 [INFO] IPUIPlugin:80 - create IPUIPlugin
2023-11-25 15:00:43,961 [INFO] IPUIPlugin:80 - create IPUIPlugin
2023-11-25 15:00:43,961 [INFO] IPUIPlugin:80 - create IPUIPlugin
2023-11-25 15:00:43,961 [INFO] IPUIPlugin:80 - create IPUIPlugin
2023-11-25 15:00:43,961 [INFO] IPUIPlugin:80 - create IPUIPlugin
2023-11-25 15:00:43,961 [INFO] IPUIPlugin:80 - create IPUIPlugin
2023-11-25 15:00:43,961 [INFO] IPUIPlugin:80 - create IPUIPlugin
2023-11-25 15:00:43,961 [INFO] IPUIPlugin:80 - create IPUIPlugin
2023-11-25 15:00:43,961 [INFO] IPUIPlugin:80 - create IPUIPlugin
2023-11-25 15:00:43,961 [INFO] IPUIPlugin:80 - create IPUIPlugin
2023-11-25 15:00:43,961 [INFO] IPUIPlugin:80 - create IPUIPlugin
2023-11-25 15:00:43,962 [INFO] IPUIPlugin:80 - create IPUIPlugin
2023-11-25 15:00:43,962 [INFO] IPUIPlugin:80 - create IPUIPlugin
2023-11-25 15:00:43,962 [INFO] IPUIPlugin:80 - create IPUIPlugin
2023-11-25 15:00:43,962 [INFO] IPUIPlugin:80 - create IPUIPlugin
2023-11-25 15:00:43,962 [INFO] IPUIPlugin:80 - create IPUIPlugin
2023-11-25 15:00:43,962 [INFO] IPUIPlugin:80 - create IPUIPlugin
2023-11-25 15:00:43,963 [INFO] IPUIPlugin:80 - create IPUIPlugin
2023-11-25 15:00:43,963 [INFO] IPUIPlugin:80 - create IPUIPlugin
2023-11-25 15:00:43,963 [INFO] IPUIPlugin:80 - create IPUIPlugin
2023-11-25 15:00:43,963 [INFO] IPUIPlugin:80 - create IPUIPlugin
2023-11-25 15:00:43,963 [INFO] IPUIPlugin:80 - create IPUIPlugin
2023-11-25 15:00:43,963 [INFO] IPUIPlugin:80 - create IPUIPlugin
2023-11-25 15:00:43,966 [INFO] IPUIPlugin:80 - create IPUIPlugin
2023-11-25 15:00:44,051 [INFO] CADModel:165 - CPN selected for project levelSTM32L475VGT6
2023-11-25 15:00:44,051 [INFO] CADModel:114 - Register for checkConnection events
2023-11-25 15:00:44,097 [INFO] OpenFileManager:328 - Restore cursor
2023-11-25 15:00:45,064 [INFO] UtilMem:75 - End SaveConfig() Used Memory: 776946768 Bytes (1073741824)
2023-11-25 15:00:45,136 [INFO] UtilMem:75 - End SaveConfig() Used Memory: 793170224 Bytes (1073741824)
2023-11-25 15:00:45,304 [INFO] BlockDiagram:2759 - set Specific Code input for plugin: SPI
2023-11-25 15:00:45,304 [INFO] BlockDiagram:2759 - set Specific Code input for plugin: DFSDM
2023-11-25 15:00:45,304 [INFO] BlockDiagram:2759 - set Specific Code input for plugin: SYS
2023-11-25 15:00:45,304 [INFO] BlockDiagram:2759 - set Specific Code input for plugin: RCC
2023-11-25 15:00:45,304 [INFO] BlockDiagram:2759 - set Specific Code input for plugin: I2C
2023-11-25 15:00:45,304 [INFO] BlockDiagram:2759 - set Specific Code input for plugin: USB_OTG_FS
2023-11-25 15:00:45,304 [INFO] BlockDiagram:2759 - set Specific Code input for plugin: NVIC
2023-11-25 15:00:45,304 [INFO] BlockDiagram:2759 - set Specific Code input for plugin: USART
2023-11-25 15:00:45,304 [INFO] BlockDiagram:2759 - set Specific Code input for plugin: USART
2023-11-25 15:00:45,304 [INFO] BlockDiagram:2759 - set Specific Code input for plugin: GPIO
2023-11-25 15:00:45,304 [INFO] BlockDiagram:2759 - set Specific Code input for plugin: QUADSPI
2023-11-25 15:00:45,305 [INFO] CodeGenerator:799 - code generatio: config db path: /Applications/STM32CubeIDE.app/Contents/Eclipse/plugins/com.st.stm32cube.common.mx_6.9.2.202309101412//db/
2023-11-25 15:00:45,571 [INFO] CodeEngine:255 - oldGeneratedFile, /Users/dilnozabobokalonova/embedded_c/STM32-L4/HelloGPIO/MXTmpFiles/license.tmp_save
2023-11-25 15:00:45,676 [INFO] CodeEngine:279 - Generated code: /Users/dilnozabobokalonova/embedded_c/STM32-L4/HelloGPIO/MXTmpFiles/license.tmp
2023-11-25 15:00:45,859 [INFO] CodeEngine:255 - oldGeneratedFile, /Users/dilnozabobokalonova/embedded_c/STM32-L4/HelloGPIO/MXTmpFiles/gpio.tmp_save
2023-11-25 15:00:45,926 [INFO] CodeEngine:279 - Generated code: /Users/dilnozabobokalonova/embedded_c/STM32-L4/HelloGPIO/MXTmpFiles/gpio.tmp
2023-11-25 15:00:47,463 [WARN] IPConfigManager:2937 - Warning: the RefConfig PWREx_EnableUSBVoltageDetector is not available in your config.xml file
2023-11-25 15:00:47,489 [INFO] CodeEngine:255 - oldGeneratedFile, /Users/dilnozabobokalonova/embedded_c/STM32-L4/HelloGPIO/Core/Src/stm32l4xx_it.c_save
2023-11-25 15:00:47,638 [INFO] CodeEngine:279 - Generated code: /Users/dilnozabobokalonova/embedded_c/STM32-L4/HelloGPIO/Core/Src/stm32l4xx_it.c
2023-11-25 15:00:47,640 [INFO] CodeEngine:255 - oldGeneratedFile, /Users/dilnozabobokalonova/embedded_c/STM32-L4/HelloGPIO/Core/Inc/stm32l4xx_it.h_save
2023-11-25 15:00:47,688 [INFO] CodeEngine:279 - Generated code: /Users/dilnozabobokalonova/embedded_c/STM32-L4/HelloGPIO/Core/Inc/stm32l4xx_it.h
2023-11-25 15:00:47,692 [INFO] CodeEngine:255 - oldGeneratedFile, /Users/dilnozabobokalonova/embedded_c/STM32-L4/HelloGPIO/Core/Src/stm32l4xx_hal_msp.c_save
2023-11-25 15:00:47,793 [INFO] CodeEngine:279 - Generated code: /Users/dilnozabobokalonova/embedded_c/STM32-L4/HelloGPIO/Core/Src/stm32l4xx_hal_msp.c
2023-11-25 15:00:47,794 [INFO] CodeEngine:255 - oldGeneratedFile, /Users/dilnozabobokalonova/embedded_c/STM32-L4/HelloGPIO/MXTmpFiles/system.tmp_save
2023-11-25 15:00:47,844 [INFO] CodeEngine:279 - Generated code: /Users/dilnozabobokalonova/embedded_c/STM32-L4/HelloGPIO/MXTmpFiles/system.tmp
2023-11-25 15:00:47,847 [INFO] CodeEngine:311 - oldGeneratedFile, /Users/dilnozabobokalonova/embedded_c/STM32-L4/HelloGPIO/Core/Inc/stm32l4xx_hal_conf.h_save
2023-11-25 15:00:47,921 [INFO] CodeEngine:335 - Generated code: /Users/dilnozabobokalonova/embedded_c/STM32-L4/HelloGPIO/Core/Inc/stm32l4xx_hal_conf.h
2023-11-25 15:00:47,942 [WARN] IPConfigManager:3431 - IP not found : USB_OTG
2023-11-25 15:00:47,943 [WARN] CodeGenerator:3764 - IP not found : null
2023-11-25 15:00:47,946 [INFO] CodeEngine:255 - oldGeneratedFile, /Users/dilnozabobokalonova/embedded_c/STM32-L4/HelloGPIO/Core/Inc/main.h_save
2023-11-25 15:00:48,004 [INFO] CodeEngine:279 - Generated code: /Users/dilnozabobokalonova/embedded_c/STM32-L4/HelloGPIO/Core/Inc/main.h
2023-11-25 15:00:48,005 [INFO] CodeEngine:255 - oldGeneratedFile, /Users/dilnozabobokalonova/embedded_c/STM32-L4/HelloGPIO/Core/Src/main.c_save
2023-11-25 15:00:48,083 [INFO] CodeEngine:279 - Generated code: /Users/dilnozabobokalonova/embedded_c/STM32-L4/HelloGPIO/Core/Src/main.c
2023-11-25 15:00:48,436 [INFO] ProjectBuilder:3064 - Time for Copy HAL[1] : 74mS.
2023-11-25 15:00:48,447 [INFO] ProjectBuilder:4404 - Project Generator version: 4.1.0
2023-11-25 15:00:48,650 [INFO] ConfigFileManager:1457 - The Die is : DIE415
2023-11-25 15:00:48,661 [INFO] ApiDbMcu:507 - Load IP Config File for FATFS
2023-11-25 15:00:48,666 [INFO] ApiDbMcu:507 - Load IP Config File for FREERTOS
2023-11-25 15:00:48,673 [INFO] ApiDbMcu:507 - Load IP Config File for TOUCHSENSING
2023-11-25 15:00:48,678 [INFO] ApiDbMcu:507 - Load IP Config File for USB_DEVICE
2023-11-25 15:00:48,681 [INFO] ApiDbMcu:507 - Load IP Config File for USB_HOST
2023-11-25 15:00:51,566 [INFO] ProjectBuilder:4626 - Time for Generating toolchain IDE Files: 3116mS.
2023-11-25 15:00:51,572 [INFO] ProjectBuilder:2935 - Time for Copy CMSIS : 1mS.
2023-11-25 15:00:51,573 [INFO] ProjectBuilder:2935 - Time for Copy CMSIS : 0mS.
2023-11-25 15:00:52,416 [INFO] McuFinderGlobals:76 - Set McuFinderConnectedMode to true
2023-11-25 15:00:52,433 [INFO] ApiDb:448 - Save user favorites file /Users/dilnozabobokalonova/.stm32cubeide/favorites.mcus.txt: 0 item(s)
2023-11-25 15:00:52,434 [INFO] ApiDb:452 - User favorites MCUs=[]
2023-11-25 15:00:52,447 [INFO] ApiDb:448 - Save user favorites file /Users/dilnozabobokalonova/.stm32cubeide/favorites.boards.txt: 1 item(s)
2023-11-25 15:00:52,450 [INFO] ApiDb:452 - User favorites Boards=[STM32F3DISCOVERY]
2023-11-25 15:01:32,585 [INFO] Gpio:273 - dependency for GPIO [DFSDM1, I2C2, QUADSPI, RCC, SPI3, SYS, USART1, USART3, USB_OTG_FS]
2023-11-25 15:03:26,806 [INFO] UtilMem:75 - End SaveConfig() Used Memory: 504846768 Bytes (1073741824)
2023-11-25 15:03:27,085 [INFO] BlockDiagram:2759 - set Specific Code input for plugin: SPI
2023-11-25 15:03:27,085 [INFO] BlockDiagram:2759 - set Specific Code input for plugin: DFSDM
2023-11-25 15:03:27,085 [INFO] BlockDiagram:2759 - set Specific Code input for plugin: SYS
2023-11-25 15:03:27,085 [INFO] BlockDiagram:2759 - set Specific Code input for plugin: RCC
2023-11-25 15:03:27,085 [INFO] BlockDiagram:2759 - set Specific Code input for plugin: I2C
2023-11-25 15:03:27,085 [INFO] BlockDiagram:2759 - set Specific Code input for plugin: USB_OTG_FS
2023-11-25 15:03:27,085 [INFO] BlockDiagram:2759 - set Specific Code input for plugin: NVIC
2023-11-25 15:03:27,085 [INFO] BlockDiagram:2759 - set Specific Code input for plugin: USART
2023-11-25 15:03:27,085 [INFO] BlockDiagram:2759 - set Specific Code input for plugin: USART
2023-11-25 15:03:27,085 [INFO] BlockDiagram:2759 - set Specific Code input for plugin: GPIO
2023-11-25 15:03:27,085 [INFO] BlockDiagram:2759 - set Specific Code input for plugin: QUADSPI
2023-11-25 15:03:27,086 [INFO] CodeGenerator:799 - code generatio: config db path: /Applications/STM32CubeIDE.app/Contents/Eclipse/plugins/com.st.stm32cube.common.mx_6.9.2.202309101412//db/
2023-11-25 15:03:27,425 [INFO] CodeEngine:255 - oldGeneratedFile, /Users/dilnozabobokalonova/embedded_c/STM32-L4/HelloGPIO/MXTmpFiles/license.tmp_save
2023-11-25 15:03:27,518 [INFO] CodeEngine:279 - Generated code: /Users/dilnozabobokalonova/embedded_c/STM32-L4/HelloGPIO/MXTmpFiles/license.tmp
2023-11-25 15:03:27,700 [INFO] CodeEngine:255 - oldGeneratedFile, /Users/dilnozabobokalonova/embedded_c/STM32-L4/HelloGPIO/MXTmpFiles/gpio.tmp_save
2023-11-25 15:03:27,765 [INFO] CodeEngine:279 - Generated code: /Users/dilnozabobokalonova/embedded_c/STM32-L4/HelloGPIO/MXTmpFiles/gpio.tmp
2023-11-25 15:03:29,371 [WARN] IPConfigManager:2937 - Warning: the RefConfig PWREx_EnableUSBVoltageDetector is not available in your config.xml file
2023-11-25 15:03:29,395 [INFO] CodeEngine:255 - oldGeneratedFile, /Users/dilnozabobokalonova/embedded_c/STM32-L4/HelloGPIO/Core/Src/stm32l4xx_it.c_save
2023-11-25 15:03:29,501 [INFO] CodeEngine:279 - Generated code: /Users/dilnozabobokalonova/embedded_c/STM32-L4/HelloGPIO/Core/Src/stm32l4xx_it.c
2023-11-25 15:03:29,503 [INFO] CodeEngine:255 - oldGeneratedFile, /Users/dilnozabobokalonova/embedded_c/STM32-L4/HelloGPIO/Core/Inc/stm32l4xx_it.h_save
2023-11-25 15:03:29,551 [INFO] CodeEngine:279 - Generated code: /Users/dilnozabobokalonova/embedded_c/STM32-L4/HelloGPIO/Core/Inc/stm32l4xx_it.h
2023-11-25 15:03:29,555 [INFO] CodeEngine:255 - oldGeneratedFile, /Users/dilnozabobokalonova/embedded_c/STM32-L4/HelloGPIO/Core/Src/stm32l4xx_hal_msp.c_save
2023-11-25 15:03:29,636 [INFO] CodeEngine:279 - Generated code: /Users/dilnozabobokalonova/embedded_c/STM32-L4/HelloGPIO/Core/Src/stm32l4xx_hal_msp.c
2023-11-25 15:03:29,637 [INFO] CodeEngine:255 - oldGeneratedFile, /Users/dilnozabobokalonova/embedded_c/STM32-L4/HelloGPIO/MXTmpFiles/system.tmp_save
2023-11-25 15:03:29,687 [INFO] CodeEngine:279 - Generated code: /Users/dilnozabobokalonova/embedded_c/STM32-L4/HelloGPIO/MXTmpFiles/system.tmp
2023-11-25 15:03:29,690 [INFO] CodeEngine:311 - oldGeneratedFile, /Users/dilnozabobokalonova/embedded_c/STM32-L4/HelloGPIO/Core/Inc/stm32l4xx_hal_conf.h_save
2023-11-25 15:03:29,746 [INFO] CodeEngine:335 - Generated code: /Users/dilnozabobokalonova/embedded_c/STM32-L4/HelloGPIO/Core/Inc/stm32l4xx_hal_conf.h
2023-11-25 15:03:29,769 [WARN] IPConfigManager:3431 - IP not found : USB_OTG
2023-11-25 15:03:29,769 [WARN] CodeGenerator:3764 - IP not found : null
2023-11-25 15:03:29,772 [INFO] CodeEngine:255 - oldGeneratedFile, /Users/dilnozabobokalonova/embedded_c/STM32-L4/HelloGPIO/Core/Inc/main.h_save
2023-11-25 15:03:29,825 [INFO] CodeEngine:279 - Generated code: /Users/dilnozabobokalonova/embedded_c/STM32-L4/HelloGPIO/Core/Inc/main.h
2023-11-25 15:03:29,830 [INFO] CodeEngine:255 - oldGeneratedFile, /Users/dilnozabobokalonova/embedded_c/STM32-L4/HelloGPIO/Core/Src/main.c_save
2023-11-25 15:03:29,907 [INFO] CodeEngine:279 - Generated code: /Users/dilnozabobokalonova/embedded_c/STM32-L4/HelloGPIO/Core/Src/main.c
2023-11-25 15:03:30,382 [INFO] ProjectBuilder:3064 - Time for Copy HAL[1] : 81mS.
2023-11-25 15:03:30,391 [INFO] ProjectBuilder:4404 - Project Generator version: 4.1.0
2023-11-25 15:03:30,568 [INFO] ConfigFileManager:1457 - The Die is : DIE415
2023-11-25 15:03:31,933 [INFO] ProjectBuilder:4626 - Time for Generating toolchain IDE Files: 1539mS.
2023-11-25 15:03:31,937 [INFO] ProjectBuilder:2935 - Time for Copy CMSIS : 0mS.
2023-11-25 15:03:31,939 [INFO] ProjectBuilder:2935 - Time for Copy CMSIS : 0mS.
