2024-01-25 15:16:54,167 [INFO] Activator:176 - 


2024-01-25 15:16:54,172 [INFO] Activator:177 - !SESSION log4j initialized
2024-01-25 15:17:01,118 [INFO] LogOutputStream:77 - [STDOUT_REDIRECT] 
2024-01-25 15:17:03,589 [ERROR] LogOutputStream:75 - [STDERR_REDIRECT] 
2024-01-25 15:17:04,104 [INFO] LogOutputStream:77 - [STDOUT_REDIRECT] 
2024-01-25 15:17:04,299 [INFO] ApplicationProperties:184 - Using Application install path: /Applications/STM32CubeIDE.app/Contents/Eclipse/plugins/com.st.stm32cube.common.mx_6.9.2.202309101412
2024-01-25 15:17:04,311 [INFO] DbMcusXml:78 - Set database path to: /Applications/STM32CubeIDE.app/Contents/Eclipse/plugins/com.st.stm32cube.common.mx_6.9.2.202309101412//db//mcu/
2024-01-25 15:17:04,311 [INFO] ApiDb:274 - Set plugin database path to: /Applications/STM32CubeIDE.app/Contents/Eclipse/plugins/com.st.stm32cube.common.mx_6.9.2.202309101412//db//plugins/boardmanager/
2024-01-25 15:17:04,311 [WARN] ApiDb:259 - Overriding images path with different value:  => /Applications/STM32CubeIDE.app/Contents/Eclipse/plugins/com.st.stm32cube.common.mx_6.9.2.202309101412//db//plugins/mcufinder/images/
2024-01-25 15:17:04,329 [INFO] ApiDb:250 - Set database path to: /Users/dilnozabobokalonova/.stmcufinder/plugins/mcufinder//mcu/
2024-01-25 15:17:04,330 [INFO] DbMcusAds:125 - Set database path to: /Users/dilnozabobokalonova/.stmcufinder/plugins/mcufinder//mcu/
2024-01-25 15:17:04,331 [INFO] CrossReferenceDbSqlite:203 - Set database path to: /Users/dilnozabobokalonova/.stmcufinder/plugins/mcufinder//mcu/cs/
2024-01-25 15:17:04,451 [INFO] RulesReader:64 - Compatibility file has been processed (293 Rules)
2024-01-25 15:17:04,508 [INFO] DbMcusXml:78 - Set database path to: /Applications/STM32CubeIDE.app/Contents/Eclipse/plugins/com.st.stm32cube.common.mx_6.9.2.202309101412//db//mcu/
2024-01-25 15:17:04,509 [INFO] ApiDb:274 - Set plugin database path to: /Applications/STM32CubeIDE.app/Contents/Eclipse/plugins/com.st.stm32cube.common.mx_6.9.2.202309101412//db//plugins/boardmanager/
2024-01-25 15:17:04,510 [INFO] ApiDb:261 - Set plugin images path to: /Applications/STM32CubeIDE.app/Contents/Eclipse/plugins/com.st.stm32cube.common.mx_6.9.2.202309101412//db//plugins/mcufinder/images/
2024-01-25 15:17:04,510 [WARN] DbFile:41 - Overriding database path with different value: /Users/dilnozabobokalonova/.stmcufinder/plugins/mcufinder/ => /Users/dilnozabobokalonova/.stmcufinder/plugins/mcufinder
2024-01-25 15:17:04,511 [INFO] ApiDb:250 - Set database path to: /Users/dilnozabobokalonova/.stmcufinder/plugins/mcufinder//mcu/
2024-01-25 15:17:04,511 [WARN] DbFile:41 - Overriding database path with different value: /Users/dilnozabobokalonova/.stmcufinder/plugins/mcufinder/ => /Users/dilnozabobokalonova/.stmcufinder/plugins/mcufinder
2024-01-25 15:17:04,511 [INFO] DbMcusAds:125 - Set database path to: /Users/dilnozabobokalonova/.stmcufinder/plugins/mcufinder//mcu/
2024-01-25 15:17:04,511 [WARN] DbFile:41 - Overriding database path with different value: /Users/dilnozabobokalonova/.stmcufinder/plugins/mcufinder/ => /Users/dilnozabobokalonova/.stmcufinder/plugins/mcufinder
2024-01-25 15:17:04,511 [WARN] DbFile:41 - Overriding database path with different value: /Users/dilnozabobokalonova/.stmcufinder/plugins/mcufinder/ => /Users/dilnozabobokalonova/.stmcufinder/plugins/mcufinder
2024-01-25 15:17:04,511 [INFO] CrossReferenceDbSqlite:203 - Set database path to: /Users/dilnozabobokalonova/.stmcufinder/plugins/mcufinder//mcu/cs/
2024-01-25 15:17:04,597 [INFO] MainPanel:262 - HeapMemory: 268435456
2024-01-25 15:17:04,898 [INFO] DbMcusXml:78 - Set database path to: /Applications/STM32CubeIDE.app/Contents/Eclipse/plugins/com.st.stm32cube.common.mx_6.9.2.202309101412//db//mcu/
2024-01-25 15:17:04,898 [INFO] ApiDb:274 - Set plugin database path to: /Applications/STM32CubeIDE.app/Contents/Eclipse/plugins/com.st.stm32cube.common.mx_6.9.2.202309101412//db//plugins/boardmanager/
2024-01-25 15:17:04,898 [INFO] ApiDb:261 - Set plugin images path to: /Applications/STM32CubeIDE.app/Contents/Eclipse/plugins/com.st.stm32cube.common.mx_6.9.2.202309101412//db//plugins/mcufinder/images/
2024-01-25 15:17:04,899 [WARN] DbFile:41 - Overriding database path with different value: /Users/dilnozabobokalonova/.stmcufinder/plugins/mcufinder/ => /Users/dilnozabobokalonova/.stmcufinder/plugins/mcufinder
2024-01-25 15:17:04,899 [INFO] ApiDb:250 - Set database path to: /Users/dilnozabobokalonova/.stmcufinder/plugins/mcufinder//mcu/
2024-01-25 15:17:04,899 [WARN] DbFile:41 - Overriding database path with different value: /Users/dilnozabobokalonova/.stmcufinder/plugins/mcufinder/ => /Users/dilnozabobokalonova/.stmcufinder/plugins/mcufinder
2024-01-25 15:17:04,899 [INFO] DbMcusAds:125 - Set database path to: /Users/dilnozabobokalonova/.stmcufinder/plugins/mcufinder//mcu/
2024-01-25 15:17:04,900 [WARN] DbFile:41 - Overriding database path with different value: /Users/dilnozabobokalonova/.stmcufinder/plugins/mcufinder/ => /Users/dilnozabobokalonova/.stmcufinder/plugins/mcufinder
2024-01-25 15:17:04,900 [WARN] DbFile:41 - Overriding database path with different value: /Users/dilnozabobokalonova/.stmcufinder/plugins/mcufinder/ => /Users/dilnozabobokalonova/.stmcufinder/plugins/mcufinder
2024-01-25 15:17:04,900 [INFO] CrossReferenceDbSqlite:203 - Set database path to: /Users/dilnozabobokalonova/.stmcufinder/plugins/mcufinder//mcu/cs/
2024-01-25 15:17:04,927 [INFO] ApplicationProperties:184 - Using Application install path: /Applications/STM32CubeIDE.app/Contents/Eclipse/plugins/com.st.stm32cube.common.mx_6.9.2.202309101412
2024-01-25 15:17:04,930 [INFO] PluginManage:196 - Search for loadable plugins [exclusion list=, ]
2024-01-25 15:17:04,933 [INFO] PluginManage:310 - Check plugin analytics
2024-01-25 15:17:05,126 [INFO] AnalyticsPlugin:253 - Accepted Software Licenses: 
2024-01-25 15:17:05,126 [INFO] AnalyticsPlugin:255 - Accepted CMSIS Pack Licenses: 
2024-01-25 15:17:05,126 [INFO] AnalyticsPlugin:257 - Accepted Firmware Licenses: FW.L4.1.18.0
2024-01-25 15:17:05,129 [INFO] PluginManage:359 - Loaded plugin analytics (category:tool,tabindex:-1)
2024-01-25 15:17:05,130 [INFO] PluginManage:310 - Check plugin cadmodel
2024-01-25 15:17:05,400 [INFO] CADModel:105 - Init CAD model plugin
2024-01-25 15:17:05,401 [INFO] PluginManage:359 - Loaded plugin cadmodel (category:power,tabindex:5)
2024-01-25 15:17:05,401 [INFO] PluginManage:310 - Check plugin clock
2024-01-25 15:17:05,422 [INFO] PluginManage:359 - Loaded plugin clock (category:base,tabindex:2)
2024-01-25 15:17:05,422 [INFO] PluginManage:310 - Check plugin ddr
2024-01-25 15:17:05,424 [INFO] PluginManage:359 - Loaded plugin ddr (category:tool,tabindex:6)
2024-01-25 15:17:05,425 [INFO] PluginManage:310 - Check plugin filemanager
2024-01-25 15:17:05,574 [INFO] PluginManage:359 - Loaded plugin filemanager (category:base,tabindex:10)
2024-01-25 15:17:05,575 [INFO] PluginManage:310 - Check plugin ipmanager
2024-01-25 15:17:05,585 [INFO] PluginManage:359 - Loaded plugin ipmanager (category:base,tabindex:5)
2024-01-25 15:17:05,586 [INFO] PluginManage:310 - Check plugin lpbam
2024-01-25 15:17:05,602 [INFO] PluginManage:359 - Loaded plugin lpbam (category:base,tabindex:0)
2024-01-25 15:17:05,603 [INFO] PluginManage:310 - Check plugin memorymap
2024-01-25 15:17:05,621 [INFO] PluginManage:359 - Loaded plugin memorymap (category:base,tabindex:4)
2024-01-25 15:17:05,621 [INFO] PluginManage:310 - Check plugin pinoutandconfiguration
2024-01-25 15:17:05,631 [INFO] PluginManage:359 - Loaded plugin pinoutandconfiguration (category:base,tabindex:1)
2024-01-25 15:17:05,632 [INFO] PluginManage:310 - Check plugin pinoutconfig
2024-01-25 15:17:05,764 [WARN] SupportedApi:132 - Cannot load RTOS API schema: s4s-elt-must-match.1: The content of 'definitions' must match (annotation?, (simpleType | complexType)?, (unique | key | keyref)*)). A problem was found starting at: attribute.
2024-01-25 15:17:05,925 [INFO] PluginManage:359 - Loaded plugin pinoutconfig (category:base,tabindex:0)
2024-01-25 15:17:05,926 [INFO] PluginManage:310 - Check plugin power
2024-01-25 15:17:05,940 [INFO] PluginManage:359 - Loaded plugin power (category:power,tabindex:4)
2024-01-25 15:17:05,940 [INFO] PluginManage:310 - Check plugin projectmanager
2024-01-25 15:17:05,970 [INFO] PluginManage:359 - Loaded plugin projectmanager (category:projectmanager,tabindex:3)
2024-01-25 15:17:05,971 [INFO] PluginManage:310 - Check plugin thirdparty
2024-01-25 15:17:06,154 [INFO] PluginManage:359 - Loaded plugin thirdparty (category:base,tabindex:-1)
2024-01-25 15:17:06,155 [INFO] PluginManage:310 - Check plugin tools
2024-01-25 15:17:06,154 [WARN] IntegrityCheckThread:84 - waiting for thirdparty lock release [integrity check]
2024-01-25 15:17:06,156 [INFO] IntegrityCheckThread:86 - entering critical section [integrity check]
2024-01-25 15:17:06,158 [INFO] ThirdPartyUpdaterWithRetryManager:70 - Updater plugin not ready yet. [1/15]
2024-01-25 15:17:06,159 [INFO] PluginManage:359 - Loaded plugin tools (category:base,tabindex:7)
2024-01-25 15:17:06,159 [INFO] PluginManage:310 - Check plugin tutovideos
2024-01-25 15:17:06,315 [INFO] PluginManage:359 - Loaded plugin tutovideos (category:base,tabindex:-1)
2024-01-25 15:17:06,315 [INFO] PluginManage:310 - Check plugin updater
2024-01-25 15:17:06,330 [INFO] PluginManage:359 - Loaded plugin updater (category:base,tabindex:12)
2024-01-25 15:17:06,330 [INFO] PluginManage:310 - Check plugin userauth
2024-01-25 15:17:06,335 [INFO] UserAuth:113 - Init User Auth plugin
2024-01-25 15:17:06,336 [INFO] PluginManage:359 - Loaded plugin userauth (category:base,tabindex:14)
2024-01-25 15:17:06,336 [INFO] PluginManage:283 - PluginManage : Loaded plugins [17]
2024-01-25 15:17:06,574 [INFO] PinOutPanel:1499 - setPackage(No Configuration,No Configuration)
2024-01-25 15:17:06,663 [INFO] CADModel:165 - CPN selected for project level
2024-01-25 15:17:06,663 [INFO] CADModel:114 - Register for checkConnection events
2024-01-25 15:17:06,673 [INFO] IPUIPlugin:80 - create IPUIPlugin
2024-01-25 15:17:06,673 [INFO] PluginManager:220 - loadIPPluginJar : add mdma
2024-01-25 15:17:06,678 [INFO] IPUIPlugin:80 - create IPUIPlugin
2024-01-25 15:17:06,678 [INFO] PluginManager:220 - loadIPPluginJar : add freertos
2024-01-25 15:17:06,682 [INFO] IPUIPlugin:80 - create IPUIPlugin
2024-01-25 15:17:06,683 [INFO] PluginManager:220 - loadIPPluginJar : add gic
2024-01-25 15:17:06,689 [INFO] IPUIPlugin:80 - create IPUIPlugin
2024-01-25 15:17:06,689 [INFO] PluginManager:220 - loadIPPluginJar : add adc
2024-01-25 15:17:06,691 [INFO] IPUIPlugin:80 - create IPUIPlugin
2024-01-25 15:17:06,691 [INFO] PluginManager:220 - loadIPPluginJar : add gtzc
2024-01-25 15:17:06,692 [INFO] IPUIPlugin:80 - create IPUIPlugin
2024-01-25 15:17:06,692 [INFO] PluginManager:220 - loadIPPluginJar : add quadspi
2024-01-25 15:17:06,694 [INFO] IPUIPlugin:80 - create IPUIPlugin
2024-01-25 15:17:06,694 [INFO] PluginManager:220 - loadIPPluginJar : add aes
2024-01-25 15:17:06,696 [INFO] IPUIPlugin:80 - create IPUIPlugin
2024-01-25 15:17:06,696 [INFO] PluginManager:220 - loadIPPluginJar : add pdm2pcm
2024-01-25 15:17:06,698 [INFO] IPUIPlugin:80 - create IPUIPlugin
2024-01-25 15:17:06,698 [INFO] PluginManager:220 - loadIPPluginJar : add hash
2024-01-25 15:17:06,699 [INFO] IPUIPlugin:80 - create IPUIPlugin
2024-01-25 15:17:06,699 [INFO] PluginManager:220 - loadIPPluginJar : add tim
2024-01-25 15:17:06,700 [INFO] IPUIPlugin:80 - create IPUIPlugin
2024-01-25 15:17:06,700 [INFO] PluginManager:220 - loadIPPluginJar : add tsc
2024-01-25 15:17:06,701 [INFO] IPUIPlugin:80 - create IPUIPlugin
2024-01-25 15:17:06,702 [INFO] PluginManager:220 - loadIPPluginJar : add ts
2024-01-25 15:17:06,703 [INFO] IPUIPlugin:80 - create IPUIPlugin
2024-01-25 15:17:06,703 [INFO] PluginManager:220 - loadIPPluginJar : add can
2024-01-25 15:17:06,705 [INFO] IPUIPlugin:80 - create IPUIPlugin
2024-01-25 15:17:06,706 [INFO] PluginManager:220 - loadIPPluginJar : add dma3
2024-01-25 15:17:06,708 [INFO] IPUIPlugin:80 - create IPUIPlugin
2024-01-25 15:17:06,708 [INFO] PluginManager:220 - loadIPPluginJar : add dfsdm
2024-01-25 15:17:06,709 [INFO] IPUIPlugin:80 - create IPUIPlugin
2024-01-25 15:17:06,709 [INFO] PluginManager:220 - loadIPPluginJar : add spi
2024-01-25 15:17:06,710 [INFO] IPUIPlugin:80 - create IPUIPlugin
2024-01-25 15:17:06,710 [INFO] PluginManager:220 - loadIPPluginJar : add gfxmmu
2024-01-25 15:17:06,711 [INFO] IPUIPlugin:80 - create IPUIPlugin
2024-01-25 15:17:06,711 [INFO] PluginManager:220 - loadIPPluginJar : add genericplugin
2024-01-25 15:17:06,712 [INFO] IPUIPlugin:80 - create IPUIPlugin
2024-01-25 15:17:06,712 [INFO] PluginManager:220 - loadIPPluginJar : add cryp
2024-01-25 15:17:06,714 [INFO] IPUIPlugin:80 - create IPUIPlugin
2024-01-25 15:17:06,714 [INFO] PluginManager:220 - loadIPPluginJar : add gpio
2024-01-25 15:17:06,715 [INFO] IPUIPlugin:80 - create IPUIPlugin
2024-01-25 15:17:06,715 [INFO] PluginManager:220 - loadIPPluginJar : add comp
2024-01-25 15:17:06,717 [INFO] IPUIPlugin:80 - create IPUIPlugin
2024-01-25 15:17:06,717 [INFO] PluginManager:220 - loadIPPluginJar : add tracer_emb
2024-01-25 15:17:06,719 [INFO] IPUIPlugin:80 - create IPUIPlugin
2024-01-25 15:17:06,719 [INFO] PluginManager:220 - loadIPPluginJar : add openamp
2024-01-25 15:17:06,723 [INFO] IPUIPlugin:80 - create IPUIPlugin
2024-01-25 15:17:06,723 [INFO] PluginManager:220 - loadIPPluginJar : add stm32_wpan
2024-01-25 15:17:06,726 [INFO] IPUIPlugin:80 - create IPUIPlugin
2024-01-25 15:17:06,730 [INFO] PluginManager:220 - loadIPPluginJar : add plateformsettings
2024-01-25 15:17:06,732 [INFO] IPUIPlugin:80 - create IPUIPlugin
2024-01-25 15:17:06,732 [INFO] PluginManager:220 - loadIPPluginJar : add ipddr
2024-01-25 15:17:06,734 [INFO] IPUIPlugin:80 - create IPUIPlugin
2024-01-25 15:17:06,734 [INFO] PluginManager:220 - loadIPPluginJar : add usart
2024-01-25 15:17:06,735 [INFO] IPUIPlugin:80 - create IPUIPlugin
2024-01-25 15:17:06,735 [INFO] PluginManager:220 - loadIPPluginJar : add ltdc
2024-01-25 15:17:06,737 [INFO] IPUIPlugin:80 - create IPUIPlugin
2024-01-25 15:17:06,737 [INFO] PluginManager:220 - loadIPPluginJar : add nvic
2024-01-25 15:17:06,738 [INFO] IPUIPlugin:80 - create IPUIPlugin
2024-01-25 15:17:06,738 [INFO] PluginManager:220 - loadIPPluginJar : add fatfs
2024-01-25 15:17:06,741 [INFO] IPUIPlugin:80 - create IPUIPlugin
2024-01-25 15:17:06,742 [INFO] PluginManager:220 - loadIPPluginJar : add linkedlist
2024-01-25 15:17:06,747 [INFO] IPUIPlugin:80 - create IPUIPlugin
2024-01-25 15:17:06,747 [INFO] PluginManager:220 - loadIPPluginJar : add dma
2024-01-25 15:17:06,749 [INFO] IPUIPlugin:80 - create IPUIPlugin
2024-01-25 15:17:06,749 [INFO] PluginManager:220 - loadIPPluginJar : add fmc
2024-01-25 15:17:06,750 [INFO] IPUIPlugin:80 - create IPUIPlugin
2024-01-25 15:17:06,750 [INFO] PluginManager:220 - loadIPPluginJar : add i2s
2024-01-25 15:17:06,751 [INFO] IPUIPlugin:80 - create IPUIPlugin
2024-01-25 15:17:06,752 [INFO] PluginManager:220 - loadIPPluginJar : add ucpd
2024-01-25 15:17:06,753 [INFO] IPUIPlugin:80 - create IPUIPlugin
2024-01-25 15:17:06,753 [INFO] PluginManager:220 - loadIPPluginJar : add lorawan
2024-01-25 15:17:06,755 [INFO] IPUIPlugin:80 - create IPUIPlugin
2024-01-25 15:17:06,755 [INFO] PluginManager:220 - loadIPPluginJar : add opamp
2024-01-25 15:17:06,756 [INFO] IPUIPlugin:80 - create IPUIPlugin
2024-01-25 15:17:06,756 [INFO] PluginManager:220 - loadIPPluginJar : add i3c
2024-01-25 15:17:06,758 [INFO] IPUIPlugin:80 - create IPUIPlugin
2024-01-25 15:17:06,758 [INFO] PluginManager:220 - loadIPPluginJar : add touchsensing
2024-01-25 15:17:06,759 [INFO] IPUIPlugin:80 - create IPUIPlugin
2024-01-25 15:17:06,759 [INFO] PluginManager:220 - loadIPPluginJar : add i2c
2024-01-25 15:17:06,762 [INFO] IPUIPlugin:80 - create IPUIPlugin
2024-01-25 15:17:06,762 [INFO] PluginManager:220 - loadIPPluginJar : add resmgrutility
2024-01-25 15:17:06,763 [INFO] IPUIPlugin:80 - create IPUIPlugin
2024-01-25 15:17:06,763 [INFO] PluginManager:220 - loadIPPluginJar : add sai
2024-01-25 15:17:06,765 [INFO] IPUIPlugin:80 - create IPUIPlugin
2024-01-25 15:17:06,765 [INFO] PluginManager:220 - loadIPPluginJar : add usbx
2024-01-25 15:17:06,913 [INFO] CADModel:165 - CPN selected for project level
2024-01-25 15:17:06,913 [INFO] CADModel:114 - Register for checkConnection events
2024-01-25 15:17:06,913 [FATAL] Updater:308 - Updater called before beeing initialized
2024-01-25 15:17:06,914 [ERROR] CADModel:125 - Updater not yet initialized, retry later 
2024-01-25 15:17:07,135 [INFO] CADModel:165 - CPN selected for project level
2024-01-25 15:17:07,135 [INFO] CADModel:114 - Register for checkConnection events
2024-01-25 15:17:07,135 [FATAL] Updater:308 - Updater called before beeing initialized
2024-01-25 15:17:07,135 [ERROR] CADModel:125 - Updater not yet initialized, retry later 
2024-01-25 15:17:07,139 [FATAL] Updater:308 - Updater called before beeing initialized
2024-01-25 15:17:07,291 [FATAL] Updater:308 - Updater called before beeing initialized
2024-01-25 15:17:07,298 [INFO] DbMcusAds:53 - JSON generation date=Wed Nov 29 05:52:27 EST 2023 (1701255147200)
2024-01-25 15:17:07,298 [FATAL] Updater:308 - Updater called before beeing initialized
2024-01-25 15:17:07,354 [WARN] DetailPanel:346 - Failed to get advertising image, set to default
2024-01-25 15:17:07,433 [FATAL] Updater:308 - Updater called before beeing initialized
2024-01-25 15:17:07,436 [FATAL] Updater:308 - Updater called before beeing initialized
2024-01-25 15:17:07,436 [FATAL] Updater:308 - Updater called before beeing initialized
2024-01-25 15:17:07,437 [WARN] DetailPanel:346 - Failed to get advertising image, set to default
2024-01-25 15:17:07,439 [FATAL] Updater:308 - Updater called before beeing initialized
2024-01-25 15:17:07,651 [ERROR] Updater:1120 - MainUpdater not yet initialized. External WinMGr cannot be set.
2024-01-25 15:17:07,709 [INFO] Updater:1056 - Updater Version found : 6.9.2
2024-01-25 15:17:07,724 [INFO] ApplicationProperties:184 - Using Application install path: /Applications/STM32CubeIDE.app/Contents/Eclipse/plugins/com.st.stm32cube.common.mx_6.9.2.202309101412
2024-01-25 15:17:08,390 [INFO] MainUpdater:2868 - connection check result : 10
2024-01-25 15:17:08,391 [INFO] MainUpdater:285 - Updater Check For Update Now.
2024-01-25 15:17:08,391 [INFO] MicroXplorer:498 - Change Database Version : DB.6.0.92
2024-01-25 15:17:08,402 [INFO] McuFinderGlobals:63 - Set McuFinder mode to 2 (CubeIDE integrated)
2024-01-25 15:17:08,663 [INFO] CheckServerUpdateThread:120 - End of CheckServer Thread
2024-01-25 15:17:09,484 [WARN] PackLoader:240 - Cannot read IP mode file for STMicroelectronics.X-CUBE-SMBUS.2.1.0
2024-01-25 15:17:09,546 [WARN] PackLoader:240 - Cannot read IP mode file for STMicroelectronics.X-CUBE-TOUCHGFX.4.23.0
2024-01-25 15:17:09,690 [WARN] PackLoader:240 - Cannot read IP mode file for STMicroelectronics.X-CUBE-AZRTOS-F7.1.1.0
2024-01-25 15:17:09,819 [WARN] PackLoader:240 - Cannot read IP mode file for STMicroelectronics.FP-SNS-MOTENV1.4.3.2
2024-01-25 15:17:09,909 [WARN] PackLoader:240 - Cannot read IP mode file for STMicroelectronics.X-CUBE-BLE1.6.2.4
2024-01-25 15:17:09,932 [WARN] PackLoader:240 - Cannot read IP mode file for STMicroelectronics.FP-SNS-FLIGHT1.5.0.2
2024-01-25 15:17:09,970 [WARN] PackLoader:240 - Cannot read IP mode file for STMicroelectronics.X-CUBE-DISPLAY.3.0.0
2024-01-25 15:17:10,063 [WARN] PackLoader:240 - Cannot read IP mode file for STMicroelectronics.X-CUBE-BLE1.7.0.0
2024-01-25 15:17:10,089 [WARN] PackLoader:240 - Cannot read IP mode file for emotas.I-CUBE-CANOPEN.1.3.0
2024-01-25 15:17:10,101 [WARN] PackLoader:240 - Cannot read IP mode file for STMicroelectronics.X-CUBE-TOUCHGFX.4.22.0
2024-01-25 15:17:10,112 [WARN] PackLoader:240 - Cannot read IP mode file for STMicroelectronics.X-CUBE-TOUCHGFX.4.22.1
2024-01-25 15:17:10,129 [WARN] PackLoader:240 - Cannot read IP mode file for STMicroelectronics.FP-SNS-SMARTAG2.1.2.0
2024-01-25 15:17:10,161 [INFO] LogOutputStream:77 - [STDOUT_REDIRECT] 1 : Invalid condition id : UX_CORESTACK_Condition cause : null
2024-01-25 15:17:10,164 [INFO] LogOutputStream:77 - [STDOUT_REDIRECT] 1 : Invalid condition id : UX_CORESTACK_Condition cause : null
2024-01-25 15:17:10,164 [INFO] LogOutputStream:77 - [STDOUT_REDIRECT] 1 : Invalid condition id : UX_CORESTACK_Condition cause : null
2024-01-25 15:17:10,164 [INFO] LogOutputStream:77 - [STDOUT_REDIRECT] 1 : Invalid condition id : UX_CORESTACK_Condition cause : null
2024-01-25 15:17:10,164 [INFO] LogOutputStream:77 - [STDOUT_REDIRECT] 1 : Invalid condition id : UX_CORESTACK_Condition cause : null
2024-01-25 15:17:10,171 [WARN] PackLoader:240 - Cannot read IP mode file for STMicroelectronics.X-CUBE-AZRTOS-WL.2.0.0
2024-01-25 15:17:10,208 [WARN] PackLoader:240 - Cannot read IP mode file for WES.I-CUBE-Cesium.1.3.0
2024-01-25 15:17:10,229 [WARN] PackLoader:240 - Cannot read IP mode file for STMicroelectronics.X-CUBE-BLE2.3.3.0
2024-01-25 15:17:10,248 [WARN] PackLoader:240 - Cannot read IP mode file for STMicroelectronics.X-CUBE-ALGOBUILD.1.3.0
2024-01-25 15:17:10,277 [WARN] PackLoader:240 - Cannot read IP mode file for STMicroelectronics.X-CUBE-AZRTOS-G0.1.1.0
2024-01-25 15:17:10,302 [WARN] PackLoader:240 - Cannot read IP mode file for STMicroelectronics.X-CUBE-NFC4.3.0.0
2024-01-25 15:17:10,352 [WARN] PackLoader:240 - Cannot read IP mode file for STMicroelectronics.X-CUBE-BLEMGR.3.0.0
2024-01-25 15:17:10,371 [WARN] PackLoader:240 - Cannot read IP mode file for STMicroelectronics.FP-ATR-SIGFOX1.3.2.0
2024-01-25 15:17:10,381 [WARN] PackLoader:240 - Cannot read IP mode file for STMicroelectronics.X-CUBE-EEPRMA1.5.1.0
2024-01-25 15:17:10,485 [WARN] PackLoader:240 - Cannot read IP mode file for SEGGER.I-CUBE-embOS.1.3.1
2024-01-25 15:17:10,555 [WARN] PackLoader:240 - Cannot read IP mode file for STMicroelectronics.X-CUBE-GNSS1.6.0.0
2024-01-25 15:17:10,591 [WARN] PackLoader:240 - Cannot read IP mode file for STMicroelectronics.X-CUBE-AZRTOS-F4.1.1.0
2024-01-25 15:17:10,602 [WARN] PackLoader:240 - Cannot read IP mode file for wolfSSL.I-CUBE-wolfSSL.5.6.3
2024-01-25 15:17:10,625 [WARN] PackLoader:240 - Cannot read IP mode file for STMicroelectronics.X-CUBE-AZRTOS-L5.2.0.0
2024-01-25 15:17:10,705 [WARN] PackLoader:240 - Cannot read IP mode file for STMicroelectronics.X-CUBE-MEMS1.9.6.0
2024-01-25 15:17:10,911 [WARN] PackLoader:240 - Cannot read IP mode file for STMicroelectronics.X-CUBE-EEPRMA1.4.2.0
2024-01-25 15:17:10,934 [WARN] PackLoader:240 - Cannot read IP mode file for ITTIA_DB.I-CUBE-ITTIADB.8.8.0
2024-01-25 15:17:10,946 [WARN] PackLoader:240 - Cannot read IP mode file for STMicroelectronics.X-CUBE-BLEMGR.2.0.0
2024-01-25 15:17:10,975 [WARN] ConditionMgr:438 - getConditionDescription Invalid condition id : UX DEVICE CLASS RTOS Condition cause : null
2024-01-25 15:17:10,976 [WARN] ConditionMgr:438 - getConditionDescription Invalid condition id : UX DEVICE CLASS RTOS Condition cause : null
2024-01-25 15:17:10,983 [WARN] PackLoader:240 - Cannot read IP mode file for STMicroelectronics.X-CUBE-AZRTOS-H7.3.1.0
2024-01-25 15:17:10,987 [WARN] ConditionMgr:1039 - genDependencies : Invalid condition id : UX DEVICE CLASS RTOS Condition cause : null
2024-01-25 15:17:10,987 [WARN] ConditionMgr:1039 - genDependencies : Invalid condition id : UX DEVICE CLASS RTOS Condition cause : null
2024-01-25 15:17:10,989 [WARN] ConditionMgr:1039 - genDependencies : Invalid condition id : UX DEVICE CLASS RTOS Condition cause : null
2024-01-25 15:17:10,989 [WARN] ConditionMgr:1039 - genDependencies : Invalid condition id : UX DEVICE CLASS RTOS Condition cause : null
2024-01-25 15:17:10,989 [WARN] ConditionMgr:1039 - genDependencies : Invalid condition id : UX DEVICE CLASS RTOS Condition cause : null
2024-01-25 15:17:11,004 [WARN] PackLoader:240 - Cannot read IP mode file for STMicroelectronics.X-CUBE-NFC7.1.0.1
2024-01-25 15:17:11,015 [WARN] PackLoader:240 - Cannot read IP mode file for STMicroelectronics.X-CUBE-NFC6.3.0.0
2024-01-25 15:17:11,025 [WARN] PackLoader:240 - Cannot read IP mode file for STMicroelectronics.X-CUBE-EEPRMA1.4.1.0
2024-01-25 15:17:11,034 [WARN] PackLoader:240 - Cannot read IP mode file for STMicroelectronics.X-CUBE-AI.8.1.0
2024-01-25 15:17:11,075 [WARN] ConditionMgr:438 - getConditionDescription Invalid condition id : LAN8742 Phy interface Condition cause : null
2024-01-25 15:17:11,077 [WARN] PackLoader:240 - Cannot read IP mode file for STMicroelectronics.X-CUBE-AZRTOS-L4.2.0.0
2024-01-25 15:17:11,079 [WARN] ConditionMgr:1039 - genDependencies : Invalid condition id : LAN8742 Phy interface Condition cause : null
2024-01-25 15:17:11,080 [WARN] ConditionMgr:1039 - genDependencies : Invalid condition id : LAN8742 Phy interface Condition cause : null
2024-01-25 15:17:11,081 [WARN] ConditionMgr:1039 - genDependencies : Invalid condition id : LAN8742 Phy interface Condition cause : null
2024-01-25 15:17:11,093 [WARN] PackLoader:240 - Cannot read IP mode file for STMicroelectronics.X-CUBE-SFXS2LP1.4.0.0
2024-01-25 15:17:11,100 [WARN] PackLoader:240 - Cannot read IP mode file for STMicroelectronics.X-CUBE-ISPU.1.1.0
2024-01-25 15:17:11,112 [WARN] ConditionMgr:438 - getConditionDescription Invalid condition id : UX DEVICE CLASS RTOS Condition cause : null
2024-01-25 15:17:11,112 [WARN] ConditionMgr:438 - getConditionDescription Invalid condition id : UX DEVICE CLASS RTOS Condition cause : null
2024-01-25 15:17:11,123 [WARN] PackLoader:240 - Cannot read IP mode file for STMicroelectronics.X-CUBE-AZRTOS-WB.2.0.0
2024-01-25 15:17:11,124 [WARN] ConditionMgr:1039 - genDependencies : Invalid condition id : UX DEVICE CLASS RTOS Condition cause : null
2024-01-25 15:17:11,124 [WARN] ConditionMgr:1039 - genDependencies : Invalid condition id : UX DEVICE CLASS RTOS Condition cause : null
2024-01-25 15:17:11,124 [WARN] ConditionMgr:1039 - genDependencies : Invalid condition id : UX DEVICE CLASS RTOS Condition cause : null
2024-01-25 15:17:11,125 [WARN] ConditionMgr:1039 - genDependencies : Invalid condition id : UX DEVICE CLASS RTOS Condition cause : null
2024-01-25 15:17:11,125 [WARN] ConditionMgr:1039 - genDependencies : Invalid condition id : UX DEVICE CLASS RTOS Condition cause : null
2024-01-25 15:17:11,131 [WARN] PackLoader:240 - Cannot read IP mode file for STMicroelectronics.X-CUBE-FREERTOS.1.0.1
2024-01-25 15:17:11,147 [WARN] PackLoader:240 - Cannot read IP mode file for STMicroelectronics.X-CUBE-AZRTOS-L5.1.1.0
2024-01-25 15:17:11,164 [WARN] PackLoader:240 - Cannot read IP mode file for STMicroelectronics.X-CUBE-SUBG2.5.0.0
2024-01-25 15:17:11,182 [WARN] PackLoader:240 - Cannot read IP mode file for STMicroelectronics.X-CUBE-TOF1.3.3.1
2024-01-25 15:17:11,203 [WARN] PackLoader:240 - Cannot read IP mode file for STMicroelectronics.X-CUBE-AZRTOS-G4.2.0.0
2024-01-25 15:17:11,220 [WARN] PackLoader:240 - Cannot read IP mode file for Infineon.AIROC-Wi-Fi-Bluetooth-STM32.1.5.1
2024-01-25 15:17:11,231 [WARN] PackLoader:240 - Cannot read IP mode file for STMicroelectronics.FP-SNS-MOTENVWB1.1.3.0
2024-01-25 15:17:11,236 [WARN] PackLoader:240 - Cannot read IP mode file for STMicroelectronics.FP-SNS-MOTENVWB1.1.3.1
2024-01-25 15:17:11,239 [WARN] PackLoader:240 - Cannot read IP mode file for STMicroelectronics.X-CUBE-ISPU.2.0.0
2024-01-25 15:17:11,298 [WARN] PackLoader:240 - Cannot read IP mode file for STMicroelectronics.X-CUBE-MEMS1.10.0.0
2024-01-25 15:17:11,881 [WARN] PackLoader:240 - Cannot read IP mode file for STMicroelectronics.X-CUBE-FREERTOS.1.1.0
2024-01-25 15:17:11,909 [WARN] PackLoader:240 - Cannot read IP mode file for portGmbH.I-Cube-SoM-uGOAL.1.1.0
2024-01-25 15:17:11,924 [WARN] PackLoader:240 - Cannot read IP mode file for STMicroelectronics.X-CUBE-ALS.1.0.1
2024-01-25 15:17:11,953 [WARN] PackLoader:240 - Cannot read IP mode file for STMicroelectronics.X-CUBE-AZRTOS-WB.1.1.0
2024-01-25 15:17:11,973 [WARN] PackLoader:240 - Cannot read IP mode file for STMicroelectronics.FP-ATR-ASTRA1.2.0.0
2024-01-25 15:17:11,991 [WARN] PackLoader:240 - Cannot read IP mode file for STMicroelectronics.X-CUBE-TOF1.3.4.0
2024-01-25 15:17:12,027 [WARN] PackLoader:240 - Cannot read IP mode file for STMicroelectronics.X-CUBE-AZRTOS-H7.3.2.0
2024-01-25 15:17:12,038 [INFO] ThirdParty:978 - Integrity check success = true
2024-01-25 15:17:12,038 [INFO] IntegrityCheckThread:100 - exiting critical section [integrity check]
2024-01-25 15:17:12,038 [INFO] IntegrityCheckThread:103 - End integrity checks thread
2024-01-25 15:17:24,550 [ERROR] LogOutputStream:75 - [STDERR_REDIRECT] SLF4J: Failed to load class "org.slf4j.impl.StaticLoggerBinder".
2024-01-25 15:17:24,553 [ERROR] LogOutputStream:75 - [STDERR_REDIRECT] SLF4J: Defaulting to no-operation (NOP) logger implementation
2024-01-25 15:17:24,555 [ERROR] LogOutputStream:75 - [STDERR_REDIRECT] SLF4J: See http://www.slf4j.org/codes.html#StaticLoggerBinder for further details.
