2023-11-23 07:22:19,888 [INFO] MainUpdater:2868 - connection check result : 10
2023-11-23 07:22:20,327 [INFO] McuFinderGlobals:76 - Set McuFinderConnectedMode to true
2023-11-23 07:22:20,331 [INFO] MultiScanPanel:200 - Auto-refresh data requested => check proxy status ongoing
2023-11-23 07:22:20,333 [INFO] FinderPluginLoader:95 - Searching for filters in installed packs
2023-11-23 07:22:20,969 [INFO] LoadUrlFilesThread:185 - End of LoadServerUrlFiles without Thread
2023-11-23 07:22:20,971 [INFO] DetailPanel:341 - Set advertising image to /Users/dilnozabobokalonova/STM32Cube/Repository//en.prom-stm32h5-mcu-finder.jpg
2023-11-23 07:22:23,497 [INFO] MultiScanPanel:200 - Auto-refresh data requested => check proxy status ongoing
2023-11-23 07:22:23,547 [INFO] LoadUrlFilesThread:185 - End of LoadServerUrlFiles without Thread
2023-11-23 07:22:23,547 [INFO] DetailPanel:341 - Set advertising image to /Users/dilnozabobokalonova/STM32Cube/Repository//en.prom-stm32h5-mcu-finder.jpg
2023-11-23 07:22:49,301 [INFO] MainUpdater:2868 - connection check result : 10
2023-11-23 07:22:49,304 [INFO] MainUpdater:2868 - connection check result : 10
2023-11-23 07:22:49,990 [INFO] I2cTimingTraitement:330 - 0x10909CEC
2023-11-23 07:22:50,006 [INFO] MicroXplorer:468 - Change Database Path : 
2023-11-23 07:22:50,008 [INFO] MicroXplorer:498 - Change Database Version : DB.6.0.92
2023-11-23 07:22:50,107 [WARN] ThirdParty:871 - waiting for thirdparty lock release [close project]
2023-11-23 07:22:50,107 [INFO] ThirdParty:873 - entering critical section [close project]
2023-11-23 07:22:50,107 [INFO] ThirdParty:883 - exiting critical section [close project]
2023-11-23 07:22:50,111 [INFO] PinOutPanel:1499 - setPackage(No Configuration,No Configuration)
2023-11-23 07:22:50,117 [INFO] UtilMem:75 - Begin LoadConfig() Used Memory: 458023552 Bytes (870318080)
2023-11-23 07:22:50,120 [INFO] OpenFileManager:308 - Change cursor
2023-11-23 07:22:50,145 [INFO] ProjectFactory:402 - No CPN specified for board B-L475E-IOT01A1 => set CPN to STM32L475VGT6
2023-11-23 07:22:50,147 [INFO] Mcu:1946 - Initializing MCU STM32L475V(C-E-G)Tx STM32L475VGTx STM32L475VGT6
2023-11-23 07:22:51,380 [INFO] Context:659 - Trying to add GPIOservice into a context  which must be forbidden
2023-11-23 07:22:52,007 [INFO] Rule:228 - rule 117617 - U5Cobra4M][GTZC] default value MPCBB3 and MPCBB5 - Not Secured memory - MPCBB1 is applicable
2023-11-23 07:22:52,014 [INFO] Rule:228 - rule 117617 - U5Cobra4M][GTZC] default value MPCBB3 and MPCBB5 - Not Secured memory - MPCBB1 is applicable
2023-11-23 07:22:52,014 [INFO] Rule:228 - rule 117617 - U5Cobra4M][GTZC] default value MPCBB3 and MPCBB5 - Not Secured memory - MPCBB2 is applicable
2023-11-23 07:22:52,014 [INFO] Rule:228 - rule 117617 - U5Cobra4M][GTZC] default value MPCBB3 and MPCBB5 - Not Secured memory - MPCBB2 is applicable
2023-11-23 07:22:52,014 [INFO] Rule:228 - rule 117617 - U5Cobra4M][GTZC] default value MPCBB3 and MPCBB5 - Not Secured memory - MPCBB3 is applicable
2023-11-23 07:22:52,014 [INFO] Rule:228 - rule 117617 - U5Cobra4M][GTZC] default value MPCBB3 and MPCBB5 - Not Secured memory - MPCBB3 is applicable
2023-11-23 07:22:52,014 [INFO] Rule:228 - rule 117617 - U5Cobra4M][GTZC] default value MPCBB3 and MPCBB5 - Not Secured memory - MPCBB4 is applicable
2023-11-23 07:22:52,014 [INFO] Rule:228 - rule 117617 - U5Cobra4M][GTZC] default value MPCBB3 and MPCBB5 - Not Secured memory - MPCBB4 is applicable
2023-11-23 07:22:52,014 [INFO] Rule:228 - rule 117617 - U5Cobra4M][GTZC] default value MPCBB3 and MPCBB5 - Secured memory - MPCBB1 is applicable
2023-11-23 07:22:52,014 [INFO] Rule:228 - rule 117617 - U5Cobra4M][GTZC] default value MPCBB3 and MPCBB5 - Secured memory - MPCBB2 is applicable
2023-11-23 07:22:52,014 [INFO] Rule:228 - rule 117617 - U5Cobra4M][GTZC] default value MPCBB3 and MPCBB5 - Secured memory - MPCBB3 is applicable
2023-11-23 07:22:52,014 [INFO] Rule:228 - rule 117617 - U5Cobra4M][GTZC] default value MPCBB3 and MPCBB5 - Secured memory - MPCBB4 is applicable
2023-11-23 07:22:52,014 [INFO] Rule:228 - rule 117617 - U5Cobra4M][GTZC] default value MPCBB3 and MPCBB5 - Privileged memory - MPCBB1 is applicable
2023-11-23 07:22:52,014 [INFO] Rule:228 - rule 117617 - U5Cobra4M][GTZC] default value MPCBB3 and MPCBB5 - Privileged memory - MPCBB2 is applicable
2023-11-23 07:22:52,014 [INFO] Rule:228 - rule 117617 - U5Cobra4M][GTZC] default value MPCBB3 and MPCBB5 - Privileged memory - MPCBB3 is applicable
2023-11-23 07:22:52,014 [INFO] Rule:228 - rule 117617 - U5Cobra4M][GTZC] default value MPCBB3 and MPCBB5 - Privileged memory - MPCBB4 is applicable
2023-11-23 07:22:52,014 [INFO] Rule:228 - rule 117617 - U5Cobra4M][GTZC] default value MPCBB3 and MPCBB5 - Not Privileged memory - MPCBB1 is applicable
2023-11-23 07:22:52,014 [INFO] Rule:228 - rule 117617 - U5Cobra4M][GTZC] default value MPCBB3 and MPCBB5 - Not Privileged memory - MPCBB2 is applicable
2023-11-23 07:22:52,014 [INFO] Rule:228 - rule 117617 - U5Cobra4M][GTZC] default value MPCBB3 and MPCBB5 - Not Privileged memory - MPCBB3 is applicable
2023-11-23 07:22:52,014 [INFO] Rule:228 - rule 117617 - U5Cobra4M][GTZC] default value MPCBB3 and MPCBB5 - Not Privileged memory - MPCBB4 is applicable
2023-11-23 07:22:52,014 [INFO] Rule:228 - rule 117617 - U5Cobra4M][GTZC] default value MPCBB3 and MPCBB5 - Privileged memory - MPCBB1 is applicable
2023-11-23 07:22:52,014 [INFO] Rule:228 - rule 117617 - U5Cobra4M][GTZC] default value MPCBB3 and MPCBB5 - Privileged memory - MPCBB2 is applicable
2023-11-23 07:22:52,014 [INFO] Rule:228 - rule 117617 - U5Cobra4M][GTZC] default value MPCBB3 and MPCBB5 - Privileged memory - MPCBB3 is applicable
2023-11-23 07:22:52,014 [INFO] Rule:228 - rule 117617 - U5Cobra4M][GTZC] default value MPCBB3 and MPCBB5 - Privileged memory - MPCBB4 is applicable
2023-11-23 07:22:52,014 [INFO] Rule:228 - rule 117617 - U5Cobra4M][GTZC] default value MPCBB3 and MPCBB5 - Privileged memory - MPCBB1 is applicable
2023-11-23 07:22:52,014 [INFO] Rule:228 - rule 117617 - U5Cobra4M][GTZC] default value MPCBB3 and MPCBB5 - Privileged memory - MPCBB2 is applicable
2023-11-23 07:22:52,014 [INFO] Rule:228 - rule 117617 - U5Cobra4M][GTZC] default value MPCBB3 and MPCBB5 - Privileged memory - MPCBB3 is applicable
2023-11-23 07:22:52,015 [INFO] Rule:228 - rule 117617 - U5Cobra4M][GTZC] default value MPCBB3 and MPCBB5 - Privileged memory - MPCBB4 is applicable
2023-11-23 07:22:52,015 [INFO] Rule:228 - rule 117617 - U5Cobra4M][GTZC] default value MPCBB3 and MPCBB5 - Not Privileged memory - MPCBB1 is applicable
2023-11-23 07:22:52,015 [INFO] Rule:228 - rule 117617 - U5Cobra4M][GTZC] default value MPCBB3 and MPCBB5 - Not Privileged memory - MPCBB2 is applicable
2023-11-23 07:22:52,015 [INFO] Rule:228 - rule 117617 - U5Cobra4M][GTZC] default value MPCBB3 and MPCBB5 - Not Privileged memory - MPCBB3 is applicable
2023-11-23 07:22:52,015 [INFO] Rule:228 - rule 117617 - U5Cobra4M][GTZC] default value MPCBB3 and MPCBB5 - Not Privileged memory - MPCBB4 is applicable
2023-11-23 07:22:52,015 [INFO] Rule:228 - rule 117617 - U5Cobra4M][GTZC] default value MPCBB3 and MPCBB5 - Privileged memory - MPCBB1 is applicable
2023-11-23 07:22:52,015 [INFO] Rule:228 - rule 117617 - U5Cobra4M][GTZC] default value MPCBB3 and MPCBB5 - Privileged memory - MPCBB2 is applicable
2023-11-23 07:22:52,015 [INFO] Rule:228 - rule 117617 - U5Cobra4M][GTZC] default value MPCBB3 and MPCBB5 - Privileged memory - MPCBB3 is applicable
2023-11-23 07:22:52,015 [INFO] Rule:228 - rule 117617 - U5Cobra4M][GTZC] default value MPCBB3 and MPCBB5 - Privileged memory - MPCBB4 is applicable
2023-11-23 07:22:52,015 [INFO] Rule:228 - rule Rename SubGHz_Phy SUBGHZ_APPLICATION SUBGHZ_PINGPONG to SUBGHZ_ADV_APPLICATION is applicable
2023-11-23 07:22:52,015 [INFO] Rule:228 - rule Rename Enabled to IBEACON is applicable
2023-11-23 07:22:52,015 [INFO] Rule:228 - rule GTZC_S instance for project manager is applicable
2023-11-23 07:22:52,015 [INFO] Rule:228 - rule GTZC_S instance for context M33S is applicable
2023-11-23 07:22:52,015 [INFO] Rule:228 - rule GTZC_S instance value for IP GTZC is applicable
2023-11-23 07:22:52,015 [INFO] Rule:228 - rule GTZC_S instance for mcu.IP is applicable
2023-11-23 07:22:52,015 [INFO] Rule:228 - rule GTZC_S instance for VP is applicable
2023-11-23 07:22:52,015 [INFO] Rule:228 - rule GTZC_S instance for signal is applicable
2023-11-23 07:22:52,015 [INFO] Rule:228 - rule GTZC_S instance for mcu.Pin is applicable
2023-11-23 07:22:52,015 [INFO] Rule:228 - rule GTZC_S instance for VP is applicable
2023-11-23 07:22:52,015 [INFO] Rule:228 - rule GTZC_S instance for signal is applicable
2023-11-23 07:22:52,015 [INFO] Rule:228 - rule GTZC_S instance for mcu is applicable
2023-11-23 07:22:52,015 [INFO] Rule:228 - rule GTZC_S instance for mcu.Pin is applicable
2023-11-23 07:22:52,015 [INFO] Rule:228 - rule GTZC_S instance value for IP GTZC is applicable
2023-11-23 07:22:52,015 [INFO] Rule:228 - rule GTZC_S instance for project manager is applicable
2023-11-23 07:22:52,015 [INFO] Rule:228 - rule GTZC_S instance for context M33S is applicable
2023-11-23 07:22:52,015 [INFO] Rule:228 - rule GTZC_S instance for VP is applicable
2023-11-23 07:22:52,015 [INFO] Rule:228 - rule GTZC_S instance for signal is applicable
2023-11-23 07:22:52,016 [INFO] Rule:228 - rule Rename Tracer Mode is applicable
2023-11-23 07:22:52,016 [INFO] Rule:228 - rule ADC Scan  fix with FW F7 is applicable
2023-11-23 07:22:52,016 [INFO] Rule:228 - rule ADC Scan  fix with FW F7 is applicable
2023-11-23 07:22:52,016 [INFO] Rule:228 - rule WakeUp0 Mode is applicable
2023-11-23 07:22:52,016 [INFO] Rule:228 - rule WakeUp0 SIGNAL is applicable
2023-11-23 07:22:52,016 [INFO] Rule:228 - rule WakeUp1 Mode is applicable
2023-11-23 07:22:52,016 [INFO] Rule:228 - rule WakeUp1 SIGNAL is applicable
2023-11-23 07:22:52,016 [INFO] Rule:228 - rule WakeUp2 Mode is applicable
2023-11-23 07:22:52,016 [INFO] Rule:228 - rule WakeUp2 SIGNAL is applicable
2023-11-23 07:22:52,017 [INFO] Rule:228 - rule WakeUp4 Mode is applicable
2023-11-23 07:22:52,017 [INFO] Rule:228 - rule WakeUp4 SIGNAL is applicable
2023-11-23 07:22:52,017 [INFO] Rule:228 - rule WakeUp5 Mode is applicable
2023-11-23 07:22:52,017 [INFO] Rule:228 - rule WakeUp5 SIGNAL is applicable
2023-11-23 07:22:52,017 [INFO] Rule:228 - rule Change Default Value for LSE Drive Capability for WB family is applicable
2023-11-23 07:22:52,017 [INFO] Rule:228 - rule Change Default Value for ADC Clock Prescaler G0 family is applicable
2023-11-23 07:22:52,017 [INFO] Rule:228 - rule UART/USART IPParameter rename Prescaler parameter to ClockPrescaler is applicable
2023-11-23 07:22:52,017 [INFO] Rule:228 - rule UART/USART Prescaler rename Prescaler parameter to ClockPrescaler is applicable
2023-11-23 07:22:52,017 [INFO] Rule:228 - rule TIM1CLockSelection is applicable
2023-11-23 07:22:52,017 [INFO] Rule:228 - rule TIM15CLockSelection is applicable
2023-11-23 07:22:52,017 [INFO] Rule:228 - rule align RCC SDMMC3CLockSelection default value on MP1 is applicable
2023-11-23 07:22:52,017 [INFO] Rule:228 - rule align RCC SDMMC12CLockSelection default value on MP1 is applicable
2023-11-23 07:22:52,017 [INFO] Rule:228 - rule align RCC QSPICLockSelection default value on MP1 is applicable
2023-11-23 07:22:52,017 [INFO] Rule:228 - rule align RCC QSPICLockSelection default value on MP1 is applicable
2023-11-23 07:22:52,017 [INFO] Rule:228 - rule align RCC SPI6CLockSelection default value on MP1 is applicable
2023-11-23 07:22:52,017 [INFO] Rule:228 - rule align RCC LPTIM23CLockSelection default value on MP1 is applicable
2023-11-23 07:22:52,017 [INFO] Rule:228 - rule align RCC LPTIM1CLockSelection default value on MP1 is applicable
2023-11-23 07:22:52,017 [INFO] Rule:228 - rule align RCC USART1CLockSelection default value on MP1 is applicable
2023-11-23 07:22:52,017 [INFO] Rule:228 - rule align RCC USART24CLockSelection default value on MP1 is applicable
2023-11-23 07:22:52,017 [INFO] Rule:228 - rule align RCC USART6CLockSelection default value on MP1 is applicable
2023-11-23 07:22:52,017 [INFO] Rule:228 - rule align RCC UART78CLockSelection default value on MP1 is applicable
2023-11-23 07:22:52,017 [INFO] Rule:228 - rule align RCC USART35CLockSelection default value on MP1 is applicable
2023-11-23 07:22:52,017 [INFO] Rule:228 - rule align RCC SPI45CLockSelection default value on MP1 is applicable
2023-11-23 07:22:52,017 [INFO] Rule:228 - rule align RCC I2C46CLockSelection BCLK value on MP1 is applicable
2023-11-23 07:22:52,017 [INFO] Rule:228 - rule align RCC SPI45CLockSelection default value on MP1 is applicable
2023-11-23 07:22:52,017 [INFO] Rule:228 - rule align RCC I2C12CLockSelection default value on MP1 is applicable
2023-11-23 07:22:52,017 [INFO] Rule:228 - rule align RCC I2C35CLockSelection default value on MP1 is applicable
2023-11-23 07:22:52,017 [INFO] Rule:228 - rule align RCC LPTIM45CLockSelection default value on MP1 is applicable
2023-11-23 07:22:52,017 [INFO] Rule:228 - rule Rename DCMI PIXCK signal is applicable
2023-11-23 07:22:52,017 [INFO] Rule:228 - rule Change Default Value for I2C46CLockSelection MP1 family is applicable
2023-11-23 07:22:52,017 [INFO] Rule:228 - rule Change Default Value for UART for G4, G0 and WB families is applicable
2023-11-23 07:22:52,017 [INFO] Rule:228 - rule Change Default Value for USART for G4, G0 and WB families is applicable
2023-11-23 07:22:52,017 [INFO] Rule:228 - rule Change Default Value for USART for G4 family is applicable
2023-11-23 07:22:52,017 [INFO] Rule:228 - rule Change USART1CLockSelection refparam name for MP1 is applicable
2023-11-23 07:22:52,017 [INFO] Rule:228 - rule Change USART2CLockSelection refparam name for MP1 is applicable
2023-11-23 07:22:52,017 [INFO] Rule:228 - rule Change USART3CLockSelection refparam name for MP1 is applicable
2023-11-23 07:22:52,017 [INFO] Rule:228 - rule Change UART4CLockSelection refparam name for MP1 is applicable
2023-11-23 07:22:52,018 [INFO] Rule:228 - rule Change UART5CLockSelection refparam name for MP1 is applicable
2023-11-23 07:22:52,018 [INFO] Rule:228 - rule Change LPUART1CLockSelection refparam name for MP1 is applicable
2023-11-23 07:22:52,018 [INFO] Rule:228 - rule Change LPTIM1CLockSelection refparam name for MP1 is applicable
2023-11-23 07:22:52,018 [INFO] Rule:228 - rule Change LPTIM2CLockSelection refparam name for MP1 is applicable
2023-11-23 07:22:52,018 [INFO] Rule:228 - rule Change RCC_MCO1Source refparam name for MP1 is applicable
2023-11-23 07:22:52,018 [INFO] Rule:228 - rule Change LSCOSource1 refparam name for MP1 is applicable
2023-11-23 07:22:52,018 [INFO] Rule:228 - rule Change SMPSCLockSelection refparam name for MP1 is applicable
2023-11-23 07:22:52,018 [INFO] Rule:228 - rule Change LPTIM3CLockSelection refparam name for MP1 is applicable
2023-11-23 07:22:52,018 [INFO] Rule:228 - rule Change MPCBB* Default Template Mode to Parameters is applicable
2023-11-23 07:22:52,018 [INFO] Rule:228 - rule Change MPCWM* or MPCBB* Secure Mode to Parameters is applicable
2023-11-23 07:22:52,018 [INFO] Rule:228 - rule Change MPCWM* or MPCBB* No Secure Mode to Parameters is applicable
2023-11-23 07:22:52,018 [INFO] Rule:228 - rule Change TZSC IP Secure Mode to Parameters is applicable
2023-11-23 07:22:52,018 [INFO] Rule:228 - rule Change TZSC IP No Secure Mode to Parameters is applicable
2023-11-23 07:22:52,018 [INFO] Rule:228 - rule Change TZSC IP Privilege Mode to Parameters is applicable
2023-11-23 07:22:52,018 [INFO] Rule:228 - rule Change TZSC IP No Privilege Mode to Parameters is applicable
2023-11-23 07:22:52,018 [INFO] Rule:228 - rule Change TZIC IT Secure Mode to Parameters is applicable
2023-11-23 07:22:52,018 [INFO] Rule:228 - rule Change TZIC IT No Secure Mode to Parameters is applicable
2023-11-23 07:22:52,018 [INFO] Rule:228 - rule Add MPCBB1_NonSecureArea_Start_Address value with referenced to MPCBB1_NonSecureArea_Start value is applicable
2023-11-23 07:22:52,018 [INFO] Rule:228 - rule Add MPCBB2_NonSecureArea_Start_Address value with referenced to MPCBB2_NonSecureArea_Start value is applicable
2023-11-23 07:22:52,018 [INFO] Rule:228 - rule Add MPCWM1_NonSecureArea*_Start_Address value with referenced to MPCWM1_NonSecureArea*_Start value is applicable
2023-11-23 07:22:52,018 [INFO] Rule:228 - rule Add MPCWM2_NonSecureArea*_Start_Address value with referenced to MPCWM2_NonSecureArea*_Start value is applicable
2023-11-23 07:22:52,018 [INFO] Rule:228 - rule Add MPCWM3_NonSecureArea_Start_Address value with referenced to MPCWM3_NonSecureArea_Start value is applicable
2023-11-23 07:22:52,018 [INFO] Rule:228 - rule Change Default Value for PLL1UserDefinedConfig is applicable
2023-11-23 07:22:52,018 [INFO] Rule:228 - rule Change GPIO_PuPd Default Value for USART in async mode is applicable
2023-11-23 07:22:52,018 [INFO] Rule:228 - rule Change SMPSDivider Default Value is applicable
2023-11-23 07:22:52,018 [INFO] Rule:228 - rule OPAMP is applicable
2023-11-23 07:22:52,018 [INFO] Rule:228 - rule LPUART IPParameter rename Prescaler parameter to ClockPrescaler for STM32H7 is applicable
2023-11-23 07:22:52,018 [INFO] Rule:228 - rule LPUART IPParameter rename Prescaler parameter to ClockPrescaler for STM32H7 is applicable
2023-11-23 07:22:52,018 [INFO] Rule:228 - rule LPUART IPParameter rename Prescaler parameter to ClockPrescaler for STM32WB is applicable
2023-11-23 07:22:52,018 [INFO] Rule:228 - rule LPUART IPParameter rename Prescaler parameter to ClockPrescaler for STM32WB is applicable
2023-11-23 07:22:52,018 [INFO] Rule:228 - rule LPUART IPParameter rename Prescaler parameter to ClockPrescaler for STM32G4 is applicable
2023-11-23 07:22:52,018 [INFO] Rule:228 - rule LPUART IPParameter rename Prescaler parameter to ClockPrescaler for STM32G4 is applicable
2023-11-23 07:22:52,018 [INFO] Rule:228 - rule LPUART IPParameter rename Prescaler parameter to ClockPrescaler for STM32L5 is applicable
2023-11-23 07:22:52,019 [INFO] Rule:228 - rule LPUART IPParameter rename Prescaler parameter to ClockPrescaler for STM32L5 is applicable
2023-11-23 07:22:52,020 [INFO] Rule:228 - rule LPUART IPParameter rename Prescaler parameter to ClockPrescaler for STM32G4 is applicable
2023-11-23 07:22:52,020 [INFO] Rule:228 - rule LPUART IPParameter rename Prescaler parameter to ClockPrescaler for STM32G4 is applicable
2023-11-23 07:22:52,020 [INFO] Rule:228 - rule USB device lib V2.5.3 for L0 rename USBD_SUPPORT_USER_STRING parameter to USBD_SUPPORT_USER_STRING_DESC4 is applicable
2023-11-23 07:22:52,020 [INFO] Rule:228 - rule I2SCLockSelection clock entry align is applicable
2023-11-23 07:22:52,020 [INFO] Rule:228 - rule Assign TIMx context if used as SYS timebase is applicable
2023-11-23 07:22:52,021 [INFO] Rule:228 - rule Change GPIO_Pu Default Value for I2C is applicable
2023-11-23 07:22:52,021 [INFO] Rule:228 - rule Change GPIO_Pu Default Value for SMBus is applicable
2023-11-23 07:22:52,021 [INFO] Rule:228 - rule change FDCAN default value is applicable
2023-11-23 07:22:52,021 [INFO] Rule:228 - rule Change mode sai is applicable
2023-11-23 07:22:52,021 [INFO] Rule:228 - rule **Change sai mode is applicable
2023-11-23 07:22:52,028 [INFO] DbConfProperties:307 - Apply Compatibility (4/144 Rules)
2023-11-23 07:22:52,224 [INFO] RtosManager:555 - Registered RTOS mode: class=CMSIS, group=RTOS, mode=CMSIS_V1, owner=FREERTOS
2023-11-23 07:22:52,228 [INFO] RtosManager:555 - Registered RTOS mode: class=CMSIS, group=RTOS2, mode=CMSIS_V2, owner=FREERTOS
2023-11-23 07:22:52,228 [INFO] RtosManager:555 - Registered RTOS mode: class=RTOS, group=Core, mode=CMSIS_V1, owner=FREERTOS
2023-11-23 07:22:52,228 [INFO] RtosManager:555 - Registered RTOS mode: class=RTOS, group=Core, mode=CMSIS_V2, owner=FREERTOS
2023-11-23 07:22:52,228 [WARN] ModelIntegratedComponent:184 - Missing modes for component STMicroelectronics:FreeRTOS:0.0.1:STMicroelectronics:RTOS:FreeRTOS:Core:::10.2.0:
2023-11-23 07:22:52,237 [WARN] ModelIntegratedComponent:63 - No mode defined for component null
2023-11-23 07:22:52,237 [WARN] ModelIntegratedComponent:63 - No mode defined for component null
2023-11-23 07:22:52,237 [WARN] ModelIntegratedComponent:63 - No mode defined for component null
2023-11-23 07:22:52,237 [WARN] ModelIntegratedComponent:63 - No mode defined for component null
2023-11-23 07:22:52,237 [WARN] ModelIntegratedComponent:63 - No mode defined for component null
2023-11-23 07:22:52,237 [WARN] ModelIntegratedComponent:63 - No mode defined for component null
2023-11-23 07:22:52,237 [WARN] ModelIntegratedComponent:63 - No mode defined for component null
2023-11-23 07:22:52,237 [WARN] ModelIntegratedComponent:63 - No mode defined for component null
2023-11-23 07:22:52,237 [WARN] ModelIntegratedComponent:63 - No mode defined for component null
2023-11-23 07:22:52,237 [WARN] ModelIntegratedComponent:63 - No mode defined for component null
2023-11-23 07:22:52,237 [WARN] ModelIntegratedComponent:63 - No mode defined for component null
2023-11-23 07:22:52,237 [WARN] ModelIntegratedComponent:63 - No mode defined for component null
2023-11-23 07:22:52,237 [WARN] ModelIntegratedComponent:63 - No mode defined for component null
2023-11-23 07:22:52,237 [WARN] ModelIntegratedComponent:63 - No mode defined for component null
2023-11-23 07:22:52,237 [WARN] ModelIntegratedComponent:63 - No mode defined for component null
2023-11-23 07:22:52,237 [WARN] ModelIntegratedComponent:63 - No mode defined for component null
2023-11-23 07:22:52,237 [WARN] ModelIntegratedComponent:63 - No mode defined for component null
2023-11-23 07:22:52,237 [WARN] ModelIntegratedComponent:63 - No mode defined for component null
2023-11-23 07:22:52,237 [WARN] ModelIntegratedComponent:63 - No mode defined for component null
2023-11-23 07:22:52,237 [WARN] ModelIntegratedComponent:63 - No mode defined for component null
2023-11-23 07:22:52,237 [WARN] ModelIntegratedComponent:63 - No mode defined for component null
2023-11-23 07:22:52,237 [WARN] ModelIntegratedComponent:63 - No mode defined for component null
2023-11-23 07:22:52,237 [WARN] ModelIntegratedComponent:63 - No mode defined for component null
2023-11-23 07:22:52,237 [WARN] ModelIntegratedComponent:63 - No mode defined for component null
2023-11-23 07:22:52,237 [WARN] ModelIntegratedComponent:63 - No mode defined for component null
2023-11-23 07:22:52,237 [WARN] ModelIntegratedComponent:63 - No mode defined for component null
2023-11-23 07:22:52,237 [WARN] ModelIntegratedComponent:63 - No mode defined for component null
2023-11-23 07:22:52,237 [WARN] ModelIntegratedComponent:63 - No mode defined for component null
2023-11-23 07:22:52,237 [WARN] ModelIntegratedComponent:63 - No mode defined for component null
2023-11-23 07:22:52,237 [WARN] ModelIntegratedComponent:63 - No mode defined for component null
2023-11-23 07:22:52,237 [WARN] ModelIntegratedComponent:63 - No mode defined for component null
2023-11-23 07:22:52,237 [WARN] ModelIntegratedComponent:63 - No mode defined for component null
2023-11-23 07:22:52,237 [WARN] ModelIntegratedComponent:63 - No mode defined for component null
2023-11-23 07:22:52,305 [INFO] ThirdPartyModel:298 - Start build external matchings
2023-11-23 07:22:52,697 [INFO] ThirdPartyModel:316 - End build external matchings
2023-11-23 07:22:52,732 [INFO] ImportTextPane:194 - (OptionalMessage_ERROR) IP (RCC) : Invalid parameter (FamilyName)
2023-11-23 07:22:52,920 [INFO] UtilMem:75 - End LoadConfig() Used Memory: 595494568 Bytes (870318080)
2023-11-23 07:22:52,989 [WARN] ThirdParty:833 - waiting for thirdparty lock release [change project]
2023-11-23 07:22:52,992 [INFO] ThirdParty:835 - entering critical section [change project]
2023-11-23 07:22:52,993 [INFO] ThirdParty:1030 - CMSIS Pack Vendor :STMicroelectronics X-CUBE-ISPU 1.1.0
2023-11-23 07:22:52,993 [INFO] ThirdParty:1030 - CMSIS Pack Vendor :STMicroelectronics USBPD 4.1
2023-11-23 07:22:52,993 [INFO] ThirdParty:1030 - CMSIS Pack Vendor :STMicroelectronics X-CUBE-GNSS1 6.0.0
2023-11-23 07:22:52,993 [INFO] ThirdParty:1030 - CMSIS Pack Vendor :STMicroelectronics USB_HOST 2.0.0
2023-11-23 07:22:52,993 [INFO] ThirdParty:1030 - CMSIS Pack Vendor :STMicroelectronics X-CUBE-AZRTOS-F4 1.1.0
2023-11-23 07:22:52,993 [INFO] ThirdParty:1030 - CMSIS Pack Vendor :STMicroelectronics LIBJPEG 8.0.0
2023-11-23 07:22:52,993 [INFO] ThirdParty:1030 - CMSIS Pack Vendor :wolfSSL I-CUBE-wolfSSL 5.6.3
2023-11-23 07:22:52,993 [INFO] ThirdParty:1030 - CMSIS Pack Vendor :STMicroelectronics X-CUBE-SMBUS 2.1.0
2023-11-23 07:22:52,993 [INFO] ThirdParty:1030 - CMSIS Pack Vendor :STMicroelectronics USB_DEVICE 3.0.0
2023-11-23 07:22:52,993 [INFO] ThirdParty:1030 - CMSIS Pack Vendor :STMicroelectronics X-CUBE-AZRTOS-WB 2.0.0
2023-11-23 07:22:52,993 [INFO] ThirdParty:1030 - CMSIS Pack Vendor :STMicroelectronics X-CUBE-FREERTOS 1.0.1
2023-11-23 07:22:52,993 [INFO] ThirdParty:1030 - CMSIS Pack Vendor :STMicroelectronics X-CUBE-AZRTOS-F7 1.1.0
2023-11-23 07:22:52,993 [INFO] ThirdParty:1030 - CMSIS Pack Vendor :STMicroelectronics X-CUBE-AZRTOS-L5 2.0.0
2023-11-23 07:22:52,993 [INFO] ThirdParty:1030 - CMSIS Pack Vendor :STMicroelectronics USB_DEVICE 2.0.0
2023-11-23 07:22:52,993 [INFO] ThirdParty:1030 - CMSIS Pack Vendor :STMicroelectronics X-CUBE-MEMS1 9.6.0
2023-11-23 07:22:52,993 [INFO] ThirdParty:1030 - CMSIS Pack Vendor :STMicroelectronics X-CUBE-EEPRMA1 4.2.0
2023-11-23 07:22:52,993 [INFO] ThirdParty:1030 - CMSIS Pack Vendor :ITTIA_DB I-CUBE-ITTIADB 8.8.0
2023-11-23 07:22:52,993 [INFO] ThirdParty:1030 - CMSIS Pack Vendor :STMicroelectronics FP-SNS-MOTENV1 4.3.2
2023-11-23 07:22:52,993 [INFO] ThirdParty:1030 - CMSIS Pack Vendor :STMicroelectronics X-CUBE-ALGOBUILD 1.3.0
2023-11-23 07:22:52,993 [INFO] ThirdParty:1030 - CMSIS Pack Vendor :STMicroelectronics X-CUBE-BLE1 6.2.4
2023-11-23 07:22:52,993 [INFO] ThirdParty:1030 - CMSIS Pack Vendor :STMicroelectronics X-CUBE-AZRTOS-L5 1.1.0
2023-11-23 07:22:52,993 [INFO] ThirdParty:1030 - CMSIS Pack Vendor :STMicroelectronics FreeRTOS 0.0.1
2023-11-23 07:22:52,993 [INFO] ThirdParty:1030 - CMSIS Pack Vendor :STMicroelectronics X-CUBE-AZRTOS-G0 1.1.0
2023-11-23 07:22:52,993 [INFO] ThirdParty:1030 - CMSIS Pack Vendor :STMicroelectronics X-CUBE-BLEMGR 2.0.0
2023-11-23 07:22:52,993 [INFO] ThirdParty:1030 - CMSIS Pack Vendor :STMicroelectronics X-CUBE-NFC4 3.0.0
2023-11-23 07:22:52,993 [INFO] ThirdParty:1030 - CMSIS Pack Vendor :STMicroelectronics X-CUBE-SUBG2 5.0.0
2023-11-23 07:22:52,993 [INFO] ThirdParty:1030 - CMSIS Pack Vendor :STMicroelectronics STM32_WPAN 1.0.0
2023-11-23 07:22:52,993 [INFO] ThirdParty:1030 - CMSIS Pack Vendor :STMicroelectronics lwIP 2.0.3
2023-11-23 07:22:52,993 [INFO] ThirdParty:1030 - CMSIS Pack Vendor :STMicroelectronics FP-SNS-FLIGHT1 5.0.2
2023-11-23 07:22:52,993 [INFO] ThirdParty:1030 - CMSIS Pack Vendor :STMicroelectronics USB_HOST 1.0.0
2023-11-23 07:22:52,993 [INFO] ThirdParty:1030 - CMSIS Pack Vendor :STMicroelectronics X-CUBE-TOF1 3.3.1
2023-11-23 07:22:52,993 [INFO] ThirdParty:1030 - CMSIS Pack Vendor :STMicroelectronics X-CUBE-AZRTOS-G4 2.0.0
2023-11-23 07:22:52,993 [INFO] ThirdParty:1030 - CMSIS Pack Vendor :STMicroelectronics PDM2PCM 3.1.0
2023-11-23 07:22:52,993 [INFO] ThirdParty:1030 - CMSIS Pack Vendor :STMicroelectronics X-CUBE-AZRTOS-H7 3.1.0
2023-11-23 07:22:52,993 [INFO] ThirdParty:1030 - CMSIS Pack Vendor :Infineon AIROC-Wi-Fi-Bluetooth-STM32 1.5.1
2023-11-23 07:22:52,993 [INFO] ThirdParty:1030 - CMSIS Pack Vendor :STMicroelectronics X-CUBE-BLEMGR 3.0.0
2023-11-23 07:22:52,993 [INFO] ThirdParty:1030 - CMSIS Pack Vendor :STMicroelectronics PDM2PCM 3.3.0
2023-11-23 07:22:52,993 [INFO] ThirdParty:1030 - CMSIS Pack Vendor :STMicroelectronics X-CUBE-DISPLAY 3.0.0
2023-11-23 07:22:52,993 [INFO] ThirdParty:1030 - CMSIS Pack Vendor :STMicroelectronics X-CUBE-BLE1 7.0.0
2023-11-23 07:22:52,993 [INFO] ThirdParty:1030 - CMSIS Pack Vendor :STMicroelectronics FP-ATR-SIGFOX1 3.2.0
2023-11-23 07:22:52,993 [INFO] ThirdParty:1030 - CMSIS Pack Vendor :STMicroelectronics HAL Drivers 0.0.0
2023-11-23 07:22:52,993 [INFO] ThirdParty:1030 - CMSIS Pack Vendor :STMicroelectronics MBEDTLS 2.16.2
2023-11-23 07:22:52,993 [INFO] ThirdParty:1030 - CMSIS Pack Vendor :emotas I-CUBE-CANOPEN 1.3.0
2023-11-23 07:22:52,993 [INFO] ThirdParty:1030 - CMSIS Pack Vendor :STMicroelectronics X-CUBE-MEMS1 10.0.0
2023-11-23 07:22:52,993 [INFO] ThirdParty:1030 - CMSIS Pack Vendor :STMicroelectronics X-CUBE-FREERTOS 1.1.0
2023-11-23 07:22:52,993 [INFO] ThirdParty:1030 - CMSIS Pack Vendor :STMicroelectronics X-CUBE-TOUCHGFX 4.22.0
2023-11-23 07:22:52,993 [INFO] ThirdParty:1030 - CMSIS Pack Vendor :STMicroelectronics X-CUBE-NFC7 1.0.1
2023-11-23 07:22:52,993 [INFO] ThirdParty:1030 - CMSIS Pack Vendor :STMicroelectronics MBEDTLS 2.14.1
2023-11-23 07:22:52,993 [INFO] ThirdParty:1030 - CMSIS Pack Vendor :STMicroelectronics X-CUBE-TOUCHGFX 4.22.1
2023-11-23 07:22:52,993 [INFO] ThirdParty:1030 - CMSIS Pack Vendor :STMicroelectronics X-CUBE-NFC6 3.0.0
2023-11-23 07:22:52,993 [INFO] ThirdParty:1030 - CMSIS Pack Vendor :STMicroelectronics X-CUBE-EEPRMA1 4.1.0
2023-11-23 07:22:52,993 [INFO] ThirdParty:1030 - CMSIS Pack Vendor :portGmbH I-Cube-SoM-uGOAL 1.1.0
2023-11-23 07:22:52,993 [INFO] ThirdParty:1030 - CMSIS Pack Vendor :STMicroelectronics X-CUBE-ALS 1.0.1
2023-11-23 07:22:52,994 [INFO] ThirdParty:1030 - CMSIS Pack Vendor :STMicroelectronics ThreadX 1.0.0
2023-11-23 07:22:52,994 [INFO] ThirdParty:1030 - CMSIS Pack Vendor :STMicroelectronics FP-SNS-SMARTAG2 1.2.0
2023-11-23 07:22:52,994 [INFO] ThirdParty:1030 - CMSIS Pack Vendor :STMicroelectronics X-CUBE-AZRTOS-WB 1.1.0
2023-11-23 07:22:52,994 [INFO] ThirdParty:1030 - CMSIS Pack Vendor :STMicroelectronics X-CUBE-AZRTOS-WL 2.0.0
2023-11-23 07:22:52,994 [INFO] ThirdParty:1030 - CMSIS Pack Vendor :SEGGER I-CUBE-embOS 1.3.1
2023-11-23 07:22:52,994 [INFO] ThirdParty:1030 - CMSIS Pack Vendor :STMicroelectronics USB_DEVICE 1.0.0
2023-11-23 07:22:52,994 [INFO] ThirdParty:1030 - CMSIS Pack Vendor :STMicroelectronics X-CUBE-AI 8.1.0
2023-11-23 07:22:52,994 [INFO] ThirdParty:1030 - CMSIS Pack Vendor :STMicroelectronics X-CUBE-AZRTOS-L4 2.0.0
2023-11-23 07:22:52,994 [INFO] ThirdParty:1030 - CMSIS Pack Vendor :STMicroelectronics ThreadX 0.0.2
2023-11-23 07:22:52,994 [INFO] ThirdParty:1030 - CMSIS Pack Vendor :WES I-CUBE-Cesium 1.3.0
2023-11-23 07:22:52,994 [INFO] ThirdParty:1030 - CMSIS Pack Vendor :STMicroelectronics FP-ATR-ASTRA1 2.0.0
2023-11-23 07:22:52,994 [INFO] ThirdParty:1030 - CMSIS Pack Vendor :STMicroelectronics lwIP 2.1.2
2023-11-23 07:22:52,994 [INFO] ThirdParty:1030 - CMSIS Pack Vendor :STMicroelectronics X-CUBE-SFXS2LP1 4.0.0
2023-11-23 07:22:52,994 [INFO] ThirdParty:1030 - CMSIS Pack Vendor :STMicroelectronics X-CUBE-BLE2 3.3.0
2023-11-23 07:22:52,994 [INFO] ThirdParty:1030 - CMSIS Pack Vendor :STMicroelectronics PDM2PCM 3.2.0
2023-11-23 07:22:52,994 [INFO] ThirdParty:841 - exiting critical section [change project]
2023-11-23 07:22:53,441 [INFO] PinOutPanel:1499 - setPackage(No Configuration,No Configuration)
2023-11-23 07:22:53,445 [INFO] PinOutPanel:1499 - setPackage(STM32L475VGTx,LQFP100)
2023-11-23 07:22:53,914 [INFO] UtilMem:75 - Before build in PCC Used Memory: 404240496 Bytes (870318080)
2023-11-23 07:22:54,286 [INFO] UtilMem:75 - After build in PCC Used Memory: 480257568 Bytes (870318080)
2023-11-23 07:22:54,333 [INFO] IPUIPlugin:80 - create IPUIPlugin
2023-11-23 07:22:54,333 [INFO] IPUIPlugin:80 - create IPUIPlugin
2023-11-23 07:22:54,333 [INFO] IPUIPlugin:80 - create IPUIPlugin
2023-11-23 07:22:54,333 [INFO] IPUIPlugin:80 - create IPUIPlugin
2023-11-23 07:22:54,333 [INFO] IPUIPlugin:80 - create IPUIPlugin
2023-11-23 07:22:54,333 [INFO] IPUIPlugin:80 - create IPUIPlugin
2023-11-23 07:22:54,333 [INFO] IPUIPlugin:80 - create IPUIPlugin
2023-11-23 07:22:54,333 [INFO] IPUIPlugin:80 - create IPUIPlugin
2023-11-23 07:22:54,334 [INFO] IPUIPlugin:80 - create IPUIPlugin
2023-11-23 07:22:54,334 [INFO] IPUIPlugin:80 - create IPUIPlugin
2023-11-23 07:22:54,334 [INFO] IPUIPlugin:80 - create IPUIPlugin
2023-11-23 07:22:54,334 [INFO] IPUIPlugin:80 - create IPUIPlugin
2023-11-23 07:22:54,334 [INFO] IPUIPlugin:80 - create IPUIPlugin
2023-11-23 07:22:54,334 [INFO] IPUIPlugin:80 - create IPUIPlugin
2023-11-23 07:22:54,334 [INFO] IPUIPlugin:80 - create IPUIPlugin
2023-11-23 07:22:54,334 [INFO] IPUIPlugin:80 - create IPUIPlugin
2023-11-23 07:22:54,334 [INFO] IPUIPlugin:80 - create IPUIPlugin
2023-11-23 07:22:54,334 [INFO] IPUIPlugin:80 - create IPUIPlugin
2023-11-23 07:22:54,334 [INFO] IPUIPlugin:80 - create IPUIPlugin
2023-11-23 07:22:54,335 [INFO] IPUIPlugin:80 - create IPUIPlugin
2023-11-23 07:22:54,335 [INFO] IPUIPlugin:80 - create IPUIPlugin
2023-11-23 07:22:54,337 [INFO] IPUIPlugin:80 - create IPUIPlugin
2023-11-23 07:22:54,338 [INFO] IPUIPlugin:80 - create IPUIPlugin
2023-11-23 07:22:54,338 [INFO] IPUIPlugin:80 - create IPUIPlugin
2023-11-23 07:22:54,338 [INFO] IPUIPlugin:80 - create IPUIPlugin
2023-11-23 07:22:54,338 [INFO] IPUIPlugin:80 - create IPUIPlugin
2023-11-23 07:22:54,338 [INFO] IPUIPlugin:80 - create IPUIPlugin
2023-11-23 07:22:54,339 [INFO] IPUIPlugin:80 - create IPUIPlugin
2023-11-23 07:22:54,339 [INFO] IPUIPlugin:80 - create IPUIPlugin
2023-11-23 07:22:54,339 [INFO] IPUIPlugin:80 - create IPUIPlugin
2023-11-23 07:22:54,339 [INFO] IPUIPlugin:80 - create IPUIPlugin
2023-11-23 07:22:54,339 [INFO] IPUIPlugin:80 - create IPUIPlugin
2023-11-23 07:22:54,339 [INFO] IPUIPlugin:80 - create IPUIPlugin
2023-11-23 07:22:54,339 [INFO] IPUIPlugin:80 - create IPUIPlugin
2023-11-23 07:22:54,339 [INFO] IPUIPlugin:80 - create IPUIPlugin
2023-11-23 07:22:54,339 [INFO] IPUIPlugin:80 - create IPUIPlugin
2023-11-23 07:22:54,340 [INFO] IPUIPlugin:80 - create IPUIPlugin
2023-11-23 07:22:54,340 [INFO] IPUIPlugin:80 - create IPUIPlugin
2023-11-23 07:22:54,340 [INFO] IPUIPlugin:80 - create IPUIPlugin
2023-11-23 07:22:54,340 [INFO] IPUIPlugin:80 - create IPUIPlugin
2023-11-23 07:22:54,340 [INFO] IPUIPlugin:80 - create IPUIPlugin
2023-11-23 07:22:54,340 [INFO] IPUIPlugin:80 - create IPUIPlugin
2023-11-23 07:22:54,340 [INFO] IPUIPlugin:80 - create IPUIPlugin
2023-11-23 07:22:54,340 [INFO] IPUIPlugin:80 - create IPUIPlugin
2023-11-23 07:22:54,340 [INFO] IPUIPlugin:80 - create IPUIPlugin
2023-11-23 07:22:54,340 [INFO] IPUIPlugin:80 - create IPUIPlugin
2023-11-23 07:22:54,340 [INFO] IPUIPlugin:80 - create IPUIPlugin
2023-11-23 07:22:54,340 [INFO] IPUIPlugin:80 - create IPUIPlugin
2023-11-23 07:22:54,340 [INFO] IPUIPlugin:80 - create IPUIPlugin
2023-11-23 07:22:54,340 [INFO] IPUIPlugin:80 - create IPUIPlugin
2023-11-23 07:22:54,341 [INFO] IPUIPlugin:80 - create IPUIPlugin
2023-11-23 07:22:54,341 [INFO] IPUIPlugin:80 - create IPUIPlugin
2023-11-23 07:22:54,341 [INFO] IPUIPlugin:80 - create IPUIPlugin
2023-11-23 07:22:54,341 [INFO] IPUIPlugin:80 - create IPUIPlugin
2023-11-23 07:22:54,341 [INFO] IPUIPlugin:80 - create IPUIPlugin
2023-11-23 07:22:54,341 [INFO] IPUIPlugin:80 - create IPUIPlugin
2023-11-23 07:22:54,342 [INFO] IPUIPlugin:80 - create IPUIPlugin
2023-11-23 07:22:54,342 [INFO] IPUIPlugin:80 - create IPUIPlugin
2023-11-23 07:22:54,344 [INFO] IPUIPlugin:80 - create IPUIPlugin
2023-11-23 07:22:54,430 [INFO] CADModel:165 - CPN selected for project levelSTM32L475VGT6
2023-11-23 07:22:54,430 [INFO] CADModel:114 - Register for checkConnection events
2023-11-23 07:22:54,481 [INFO] OpenFileManager:328 - Restore cursor
2023-11-23 07:22:55,293 [INFO] UtilMem:75 - End SaveConfig() Used Memory: 681333872 Bytes (870318080)
2023-11-23 07:22:55,361 [INFO] UtilMem:75 - End SaveConfig() Used Memory: 697062872 Bytes (870318080)
2023-11-23 07:22:55,556 [INFO] BlockDiagram:2759 - set Specific Code input for plugin: SPI
2023-11-23 07:22:55,556 [INFO] BlockDiagram:2759 - set Specific Code input for plugin: DFSDM
2023-11-23 07:22:55,556 [INFO] BlockDiagram:2759 - set Specific Code input for plugin: SYS
2023-11-23 07:22:55,556 [INFO] BlockDiagram:2759 - set Specific Code input for plugin: RCC
2023-11-23 07:22:55,556 [INFO] BlockDiagram:2759 - set Specific Code input for plugin: I2C
2023-11-23 07:22:55,557 [INFO] BlockDiagram:2759 - set Specific Code input for plugin: USB_OTG_FS
2023-11-23 07:22:55,557 [INFO] BlockDiagram:2759 - set Specific Code input for plugin: NVIC
2023-11-23 07:22:55,557 [INFO] BlockDiagram:2759 - set Specific Code input for plugin: USART
2023-11-23 07:22:55,557 [INFO] BlockDiagram:2759 - set Specific Code input for plugin: USART
2023-11-23 07:22:55,557 [INFO] BlockDiagram:2759 - set Specific Code input for plugin: GPIO
2023-11-23 07:22:55,557 [INFO] BlockDiagram:2759 - set Specific Code input for plugin: QUADSPI
2023-11-23 07:22:55,557 [INFO] CodeGenerator:799 - code generatio: config db path: /Applications/STM32CubeIDE.app/Contents/Eclipse/plugins/com.st.stm32cube.common.mx_6.9.2.202309101412//db/
2023-11-23 07:22:55,739 [INFO] CodeEngine:255 - oldGeneratedFile, /Users/dilnozabobokalonova/embedded_c/STM32-L4/HelloUART/MXTmpFiles/license.tmp_save
2023-11-23 07:22:55,889 [INFO] CodeEngine:279 - Generated code: /Users/dilnozabobokalonova/embedded_c/STM32-L4/HelloUART/MXTmpFiles/license.tmp
2023-11-23 07:22:56,190 [INFO] CodeEngine:255 - oldGeneratedFile, /Users/dilnozabobokalonova/embedded_c/STM32-L4/HelloUART/MXTmpFiles/gpio.tmp_save
2023-11-23 07:22:56,368 [INFO] CodeEngine:279 - Generated code: /Users/dilnozabobokalonova/embedded_c/STM32-L4/HelloUART/MXTmpFiles/gpio.tmp
2023-11-23 07:22:58,017 [WARN] IPConfigManager:2937 - Warning: the RefConfig PWREx_EnableUSBVoltageDetector is not available in your config.xml file
2023-11-23 07:22:58,042 [INFO] CodeEngine:255 - oldGeneratedFile, /Users/dilnozabobokalonova/embedded_c/STM32-L4/HelloUART/Core/Src/stm32l4xx_it.c_save
2023-11-23 07:22:58,240 [INFO] CodeEngine:279 - Generated code: /Users/dilnozabobokalonova/embedded_c/STM32-L4/HelloUART/Core/Src/stm32l4xx_it.c
2023-11-23 07:22:58,241 [INFO] CodeEngine:255 - oldGeneratedFile, /Users/dilnozabobokalonova/embedded_c/STM32-L4/HelloUART/Core/Inc/stm32l4xx_it.h_save
2023-11-23 07:22:58,297 [INFO] CodeEngine:279 - Generated code: /Users/dilnozabobokalonova/embedded_c/STM32-L4/HelloUART/Core/Inc/stm32l4xx_it.h
2023-11-23 07:22:58,302 [INFO] CodeEngine:255 - oldGeneratedFile, /Users/dilnozabobokalonova/embedded_c/STM32-L4/HelloUART/Core/Src/stm32l4xx_hal_msp.c_save
2023-11-23 07:22:58,446 [INFO] CodeEngine:279 - Generated code: /Users/dilnozabobokalonova/embedded_c/STM32-L4/HelloUART/Core/Src/stm32l4xx_hal_msp.c
2023-11-23 07:22:58,450 [INFO] CodeEngine:255 - oldGeneratedFile, /Users/dilnozabobokalonova/embedded_c/STM32-L4/HelloUART/MXTmpFiles/system.tmp_save
2023-11-23 07:22:58,511 [INFO] CodeEngine:279 - Generated code: /Users/dilnozabobokalonova/embedded_c/STM32-L4/HelloUART/MXTmpFiles/system.tmp
2023-11-23 07:22:58,515 [INFO] CodeEngine:311 - oldGeneratedFile, /Users/dilnozabobokalonova/embedded_c/STM32-L4/HelloUART/Core/Inc/stm32l4xx_hal_conf.h_save
2023-11-23 07:22:58,667 [INFO] CodeEngine:335 - Generated code: /Users/dilnozabobokalonova/embedded_c/STM32-L4/HelloUART/Core/Inc/stm32l4xx_hal_conf.h
2023-11-23 07:22:58,750 [WARN] IPConfigManager:3431 - IP not found : USB_OTG
2023-11-23 07:22:58,752 [WARN] CodeGenerator:3764 - IP not found : null
2023-11-23 07:22:58,760 [INFO] CodeEngine:255 - oldGeneratedFile, /Users/dilnozabobokalonova/embedded_c/STM32-L4/HelloUART/Core/Inc/main.h_save
2023-11-23 07:22:58,852 [INFO] CodeEngine:279 - Generated code: /Users/dilnozabobokalonova/embedded_c/STM32-L4/HelloUART/Core/Inc/main.h
2023-11-23 07:22:58,854 [INFO] CodeEngine:255 - oldGeneratedFile, /Users/dilnozabobokalonova/embedded_c/STM32-L4/HelloUART/Core/Src/main.c_save
2023-11-23 07:22:58,946 [INFO] CodeEngine:279 - Generated code: /Users/dilnozabobokalonova/embedded_c/STM32-L4/HelloUART/Core/Src/main.c
2023-11-23 07:22:59,279 [INFO] ProjectBuilder:3064 - Time for Copy HAL[1] : 75mS.
2023-11-23 07:22:59,283 [INFO] ProjectBuilder:4404 - Project Generator version: 4.1.0
2023-11-23 07:22:59,421 [INFO] ConfigFileManager:1457 - The Die is : DIE415
2023-11-23 07:22:59,426 [INFO] ApiDbMcu:507 - Load IP Config File for FATFS
2023-11-23 07:22:59,431 [INFO] ApiDbMcu:507 - Load IP Config File for FREERTOS
2023-11-23 07:22:59,440 [INFO] ApiDbMcu:507 - Load IP Config File for TOUCHSENSING
2023-11-23 07:22:59,448 [INFO] ApiDbMcu:507 - Load IP Config File for USB_DEVICE
2023-11-23 07:22:59,458 [INFO] ApiDbMcu:507 - Load IP Config File for USB_HOST
2023-11-23 07:23:03,209 [INFO] ProjectBuilder:4626 - Time for Generating toolchain IDE Files: 3913mS.
2023-11-23 07:23:03,239 [INFO] ProjectBuilder:2935 - Time for Copy CMSIS : 5mS.
2023-11-23 07:23:03,247 [INFO] ProjectBuilder:2935 - Time for Copy CMSIS : 0mS.
2023-11-23 07:23:04,028 [INFO] McuFinderGlobals:76 - Set McuFinderConnectedMode to true
2023-11-23 07:23:04,042 [INFO] ApiDb:448 - Save user favorites file /Users/dilnozabobokalonova/.stm32cubeide/favorites.mcus.txt: 0 item(s)
2023-11-23 07:23:04,043 [INFO] ApiDb:452 - User favorites MCUs=[]
2023-11-23 07:23:04,061 [INFO] ApiDb:448 - Save user favorites file /Users/dilnozabobokalonova/.stm32cubeide/favorites.boards.txt: 1 item(s)
2023-11-23 07:23:04,064 [INFO] ApiDb:452 - User favorites Boards=[STM32F3DISCOVERY]
2023-11-23 07:30:02,446 [INFO] UtilMem:75 - End SaveConfig() Used Memory: 466625752 Bytes (1042284544)
2023-11-23 07:30:02,693 [INFO] BlockDiagram:2759 - set Specific Code input for plugin: SPI
2023-11-23 07:30:02,694 [INFO] BlockDiagram:2759 - set Specific Code input for plugin: DFSDM
2023-11-23 07:30:02,694 [INFO] BlockDiagram:2759 - set Specific Code input for plugin: SYS
2023-11-23 07:30:02,694 [INFO] BlockDiagram:2759 - set Specific Code input for plugin: RCC
2023-11-23 07:30:02,694 [INFO] BlockDiagram:2759 - set Specific Code input for plugin: I2C
2023-11-23 07:30:02,694 [INFO] BlockDiagram:2759 - set Specific Code input for plugin: USB_OTG_FS
2023-11-23 07:30:02,694 [INFO] BlockDiagram:2759 - set Specific Code input for plugin: NVIC
2023-11-23 07:30:02,694 [INFO] BlockDiagram:2759 - set Specific Code input for plugin: USART
2023-11-23 07:30:02,694 [INFO] BlockDiagram:2759 - set Specific Code input for plugin: USART
2023-11-23 07:30:02,694 [INFO] BlockDiagram:2759 - set Specific Code input for plugin: GPIO
2023-11-23 07:30:02,694 [INFO] BlockDiagram:2759 - set Specific Code input for plugin: QUADSPI
2023-11-23 07:30:02,696 [INFO] CodeGenerator:799 - code generatio: config db path: /Applications/STM32CubeIDE.app/Contents/Eclipse/plugins/com.st.stm32cube.common.mx_6.9.2.202309101412//db/
2023-11-23 07:30:03,105 [INFO] CodeEngine:255 - oldGeneratedFile, /Users/dilnozabobokalonova/embedded_c/STM32-L4/HelloUART/MXTmpFiles/license.tmp_save
2023-11-23 07:30:03,190 [INFO] CodeEngine:279 - Generated code: /Users/dilnozabobokalonova/embedded_c/STM32-L4/HelloUART/MXTmpFiles/license.tmp
2023-11-23 07:30:03,406 [INFO] CodeEngine:255 - oldGeneratedFile, /Users/dilnozabobokalonova/embedded_c/STM32-L4/HelloUART/MXTmpFiles/gpio.tmp_save
2023-11-23 07:30:03,488 [INFO] CodeEngine:279 - Generated code: /Users/dilnozabobokalonova/embedded_c/STM32-L4/HelloUART/MXTmpFiles/gpio.tmp
2023-11-23 07:30:05,200 [WARN] IPConfigManager:2937 - Warning: the RefConfig PWREx_EnableUSBVoltageDetector is not available in your config.xml file
2023-11-23 07:30:05,225 [INFO] CodeEngine:255 - oldGeneratedFile, /Users/dilnozabobokalonova/embedded_c/STM32-L4/HelloUART/Core/Src/stm32l4xx_it.c_save
2023-11-23 07:30:05,335 [INFO] CodeEngine:279 - Generated code: /Users/dilnozabobokalonova/embedded_c/STM32-L4/HelloUART/Core/Src/stm32l4xx_it.c
2023-11-23 07:30:05,337 [INFO] CodeEngine:255 - oldGeneratedFile, /Users/dilnozabobokalonova/embedded_c/STM32-L4/HelloUART/Core/Inc/stm32l4xx_it.h_save
2023-11-23 07:30:05,390 [INFO] CodeEngine:279 - Generated code: /Users/dilnozabobokalonova/embedded_c/STM32-L4/HelloUART/Core/Inc/stm32l4xx_it.h
2023-11-23 07:30:05,398 [INFO] CodeEngine:255 - oldGeneratedFile, /Users/dilnozabobokalonova/embedded_c/STM32-L4/HelloUART/Core/Src/stm32l4xx_hal_msp.c_save
2023-11-23 07:30:05,499 [INFO] CodeEngine:279 - Generated code: /Users/dilnozabobokalonova/embedded_c/STM32-L4/HelloUART/Core/Src/stm32l4xx_hal_msp.c
2023-11-23 07:30:05,502 [INFO] CodeEngine:255 - oldGeneratedFile, /Users/dilnozabobokalonova/embedded_c/STM32-L4/HelloUART/MXTmpFiles/system.tmp_save
2023-11-23 07:30:05,558 [INFO] CodeEngine:279 - Generated code: /Users/dilnozabobokalonova/embedded_c/STM32-L4/HelloUART/MXTmpFiles/system.tmp
2023-11-23 07:30:05,562 [INFO] CodeEngine:311 - oldGeneratedFile, /Users/dilnozabobokalonova/embedded_c/STM32-L4/HelloUART/Core/Inc/stm32l4xx_hal_conf.h_save
2023-11-23 07:30:05,628 [INFO] CodeEngine:335 - Generated code: /Users/dilnozabobokalonova/embedded_c/STM32-L4/HelloUART/Core/Inc/stm32l4xx_hal_conf.h
2023-11-23 07:30:05,657 [WARN] IPConfigManager:3431 - IP not found : USB_OTG
2023-11-23 07:30:05,658 [WARN] CodeGenerator:3764 - IP not found : null
2023-11-23 07:30:05,661 [INFO] CodeEngine:255 - oldGeneratedFile, /Users/dilnozabobokalonova/embedded_c/STM32-L4/HelloUART/Core/Inc/main.h_save
2023-11-23 07:30:05,723 [INFO] CodeEngine:279 - Generated code: /Users/dilnozabobokalonova/embedded_c/STM32-L4/HelloUART/Core/Inc/main.h
2023-11-23 07:30:05,727 [INFO] CodeEngine:255 - oldGeneratedFile, /Users/dilnozabobokalonova/embedded_c/STM32-L4/HelloUART/Core/Src/main.c_save
2023-11-23 07:30:05,815 [INFO] CodeEngine:279 - Generated code: /Users/dilnozabobokalonova/embedded_c/STM32-L4/HelloUART/Core/Src/main.c
2023-11-23 07:30:06,327 [INFO] ProjectBuilder:3064 - Time for Copy HAL[1] : 81mS.
2023-11-23 07:30:06,336 [INFO] ProjectBuilder:4404 - Project Generator version: 4.1.0
2023-11-23 07:30:06,501 [INFO] ConfigFileManager:1457 - The Die is : DIE415
2023-11-23 07:30:08,132 [INFO] ProjectBuilder:4626 - Time for Generating toolchain IDE Files: 1792mS.
2023-11-23 07:30:08,136 [INFO] ProjectBuilder:2935 - Time for Copy CMSIS : 1mS.
2023-11-23 07:30:08,138 [INFO] ProjectBuilder:2935 - Time for Copy CMSIS : 0mS.
2023-11-23 07:52:29,667 [INFO] MainUpdater:2868 - connection check result : 10
2023-11-23 07:52:29,671 [INFO] MainUpdater:2868 - connection check result : 10
2023-11-23 07:52:29,945 [INFO] I2cTimingTraitement:330 - 0x10909CEC
2023-11-23 07:52:30,059 [INFO] MicroXplorer:468 - Change Database Path : 
2023-11-23 07:52:30,059 [INFO] MicroXplorer:498 - Change Database Version : DB.6.0.92
2023-11-23 07:52:30,139 [WARN] ThirdParty:871 - waiting for thirdparty lock release [close project]
2023-11-23 07:52:30,139 [INFO] ThirdParty:873 - entering critical section [close project]
2023-11-23 07:52:30,139 [INFO] ThirdParty:883 - exiting critical section [close project]
2023-11-23 07:52:30,144 [INFO] PinOutPanel:1499 - setPackage(No Configuration,No Configuration)
2023-11-23 07:52:30,152 [INFO] UtilMem:75 - Begin LoadConfig() Used Memory: 602118928 Bytes (1073741824)
2023-11-23 07:52:30,154 [INFO] MicroXplorer:468 - Change Database Path : 
2023-11-23 07:52:30,156 [INFO] MicroXplorer:498 - Change Database Version : DB.6.0.92
2023-11-23 07:52:30,156 [INFO] OpenFileManager:308 - Change cursor
2023-11-23 07:52:30,188 [INFO] RulesReader:64 - Compatibility file has been processed (293 Rules)
2023-11-23 07:52:30,201 [INFO] Mcu:1946 - Initializing MCU STM32L475V(C-E-G)Tx STM32L475VGTx STM32L475VGT6
2023-11-23 07:52:31,642 [INFO] Context:659 - Trying to add GPIOservice into a context  which must be forbidden
2023-11-23 07:52:32,230 [INFO] RtosManager:555 - Registered RTOS mode: class=CMSIS, group=RTOS, mode=CMSIS_V1, owner=FREERTOS
2023-11-23 07:52:32,230 [INFO] RtosManager:555 - Registered RTOS mode: class=CMSIS, group=RTOS2, mode=CMSIS_V2, owner=FREERTOS
2023-11-23 07:52:32,230 [INFO] RtosManager:555 - Registered RTOS mode: class=RTOS, group=Core, mode=CMSIS_V1, owner=FREERTOS
2023-11-23 07:52:32,230 [INFO] RtosManager:555 - Registered RTOS mode: class=RTOS, group=Core, mode=CMSIS_V2, owner=FREERTOS
2023-11-23 07:52:32,230 [WARN] ModelIntegratedComponent:184 - Missing modes for component STMicroelectronics:FreeRTOS:0.0.1:STMicroelectronics:RTOS:FreeRTOS:Core:::10.2.0:
2023-11-23 07:52:32,237 [WARN] ModelIntegratedComponent:63 - No mode defined for component null
2023-11-23 07:52:32,237 [WARN] ModelIntegratedComponent:63 - No mode defined for component null
2023-11-23 07:52:32,237 [WARN] ModelIntegratedComponent:63 - No mode defined for component null
2023-11-23 07:52:32,237 [WARN] ModelIntegratedComponent:63 - No mode defined for component null
2023-11-23 07:52:32,237 [WARN] ModelIntegratedComponent:63 - No mode defined for component null
2023-11-23 07:52:32,237 [WARN] ModelIntegratedComponent:63 - No mode defined for component null
2023-11-23 07:52:32,237 [WARN] ModelIntegratedComponent:63 - No mode defined for component null
2023-11-23 07:52:32,237 [WARN] ModelIntegratedComponent:63 - No mode defined for component null
2023-11-23 07:52:32,237 [WARN] ModelIntegratedComponent:63 - No mode defined for component null
2023-11-23 07:52:32,237 [WARN] ModelIntegratedComponent:63 - No mode defined for component null
2023-11-23 07:52:32,237 [WARN] ModelIntegratedComponent:63 - No mode defined for component null
2023-11-23 07:52:32,237 [WARN] ModelIntegratedComponent:63 - No mode defined for component null
2023-11-23 07:52:32,237 [WARN] ModelIntegratedComponent:63 - No mode defined for component null
2023-11-23 07:52:32,237 [WARN] ModelIntegratedComponent:63 - No mode defined for component null
2023-11-23 07:52:32,237 [WARN] ModelIntegratedComponent:63 - No mode defined for component null
2023-11-23 07:52:32,237 [WARN] ModelIntegratedComponent:63 - No mode defined for component null
2023-11-23 07:52:32,237 [WARN] ModelIntegratedComponent:63 - No mode defined for component null
2023-11-23 07:52:32,237 [WARN] ModelIntegratedComponent:63 - No mode defined for component null
2023-11-23 07:52:32,237 [WARN] ModelIntegratedComponent:63 - No mode defined for component null
2023-11-23 07:52:32,237 [WARN] ModelIntegratedComponent:63 - No mode defined for component null
2023-11-23 07:52:32,237 [WARN] ModelIntegratedComponent:63 - No mode defined for component null
2023-11-23 07:52:32,237 [WARN] ModelIntegratedComponent:63 - No mode defined for component null
2023-11-23 07:52:32,237 [WARN] ModelIntegratedComponent:63 - No mode defined for component null
2023-11-23 07:52:32,237 [WARN] ModelIntegratedComponent:63 - No mode defined for component null
2023-11-23 07:52:32,237 [WARN] ModelIntegratedComponent:63 - No mode defined for component null
2023-11-23 07:52:32,237 [WARN] ModelIntegratedComponent:63 - No mode defined for component null
2023-11-23 07:52:32,238 [WARN] ModelIntegratedComponent:63 - No mode defined for component null
2023-11-23 07:52:32,238 [WARN] ModelIntegratedComponent:63 - No mode defined for component null
2023-11-23 07:52:32,238 [WARN] ModelIntegratedComponent:63 - No mode defined for component null
2023-11-23 07:52:32,238 [WARN] ModelIntegratedComponent:63 - No mode defined for component null
2023-11-23 07:52:32,238 [WARN] ModelIntegratedComponent:63 - No mode defined for component null
2023-11-23 07:52:32,238 [WARN] ModelIntegratedComponent:63 - No mode defined for component null
2023-11-23 07:52:32,238 [WARN] ModelIntegratedComponent:63 - No mode defined for component null
2023-11-23 07:52:32,298 [INFO] ThirdPartyModel:298 - Start build external matchings
2023-11-23 07:52:32,776 [INFO] ThirdPartyModel:316 - End build external matchings
2023-11-23 07:52:32,827 [INFO] ImportTextPane:194 - (OptionalMessage_ERROR) IP (RCC) : Invalid parameter (FamilyName)
2023-11-23 07:52:33,027 [INFO] UtilMem:75 - End LoadConfig() Used Memory: 395622240 Bytes (1073741824)
2023-11-23 07:52:33,109 [WARN] ThirdParty:833 - waiting for thirdparty lock release [change project]
2023-11-23 07:52:33,113 [INFO] ThirdParty:835 - entering critical section [change project]
2023-11-23 07:52:33,113 [INFO] ThirdParty:1030 - CMSIS Pack Vendor :STMicroelectronics X-CUBE-ISPU 1.1.0
2023-11-23 07:52:33,113 [INFO] ThirdParty:1030 - CMSIS Pack Vendor :STMicroelectronics USBPD 4.1
2023-11-23 07:52:33,113 [INFO] ThirdParty:1030 - CMSIS Pack Vendor :STMicroelectronics X-CUBE-GNSS1 6.0.0
2023-11-23 07:52:33,113 [INFO] ThirdParty:1030 - CMSIS Pack Vendor :STMicroelectronics USB_HOST 2.0.0
2023-11-23 07:52:33,113 [INFO] ThirdParty:1030 - CMSIS Pack Vendor :STMicroelectronics X-CUBE-AZRTOS-F4 1.1.0
2023-11-23 07:52:33,113 [INFO] ThirdParty:1030 - CMSIS Pack Vendor :STMicroelectronics LIBJPEG 8.0.0
2023-11-23 07:52:33,113 [INFO] ThirdParty:1030 - CMSIS Pack Vendor :wolfSSL I-CUBE-wolfSSL 5.6.3
2023-11-23 07:52:33,113 [INFO] ThirdParty:1030 - CMSIS Pack Vendor :STMicroelectronics X-CUBE-SMBUS 2.1.0
2023-11-23 07:52:33,113 [INFO] ThirdParty:1030 - CMSIS Pack Vendor :STMicroelectronics USB_DEVICE 3.0.0
2023-11-23 07:52:33,113 [INFO] ThirdParty:1030 - CMSIS Pack Vendor :STMicroelectronics X-CUBE-AZRTOS-WB 2.0.0
2023-11-23 07:52:33,113 [INFO] ThirdParty:1030 - CMSIS Pack Vendor :STMicroelectronics X-CUBE-FREERTOS 1.0.1
2023-11-23 07:52:33,113 [INFO] ThirdParty:1030 - CMSIS Pack Vendor :STMicroelectronics X-CUBE-AZRTOS-F7 1.1.0
2023-11-23 07:52:33,113 [INFO] ThirdParty:1030 - CMSIS Pack Vendor :STMicroelectronics X-CUBE-AZRTOS-L5 2.0.0
2023-11-23 07:52:33,113 [INFO] ThirdParty:1030 - CMSIS Pack Vendor :STMicroelectronics USB_DEVICE 2.0.0
2023-11-23 07:52:33,113 [INFO] ThirdParty:1030 - CMSIS Pack Vendor :STMicroelectronics X-CUBE-MEMS1 9.6.0
2023-11-23 07:52:33,113 [INFO] ThirdParty:1030 - CMSIS Pack Vendor :STMicroelectronics X-CUBE-EEPRMA1 4.2.0
2023-11-23 07:52:33,113 [INFO] ThirdParty:1030 - CMSIS Pack Vendor :ITTIA_DB I-CUBE-ITTIADB 8.8.0
2023-11-23 07:52:33,113 [INFO] ThirdParty:1030 - CMSIS Pack Vendor :STMicroelectronics FP-SNS-MOTENV1 4.3.2
2023-11-23 07:52:33,113 [INFO] ThirdParty:1030 - CMSIS Pack Vendor :STMicroelectronics X-CUBE-ALGOBUILD 1.3.0
2023-11-23 07:52:33,113 [INFO] ThirdParty:1030 - CMSIS Pack Vendor :STMicroelectronics X-CUBE-BLE1 6.2.4
2023-11-23 07:52:33,113 [INFO] ThirdParty:1030 - CMSIS Pack Vendor :STMicroelectronics X-CUBE-AZRTOS-L5 1.1.0
2023-11-23 07:52:33,113 [INFO] ThirdParty:1030 - CMSIS Pack Vendor :STMicroelectronics FreeRTOS 0.0.1
2023-11-23 07:52:33,113 [INFO] ThirdParty:1030 - CMSIS Pack Vendor :STMicroelectronics X-CUBE-AZRTOS-G0 1.1.0
2023-11-23 07:52:33,114 [INFO] ThirdParty:1030 - CMSIS Pack Vendor :STMicroelectronics X-CUBE-BLEMGR 2.0.0
2023-11-23 07:52:33,114 [INFO] ThirdParty:1030 - CMSIS Pack Vendor :STMicroelectronics X-CUBE-NFC4 3.0.0
2023-11-23 07:52:33,114 [INFO] ThirdParty:1030 - CMSIS Pack Vendor :STMicroelectronics X-CUBE-SUBG2 5.0.0
2023-11-23 07:52:33,114 [INFO] ThirdParty:1030 - CMSIS Pack Vendor :STMicroelectronics STM32_WPAN 1.0.0
2023-11-23 07:52:33,114 [INFO] ThirdParty:1030 - CMSIS Pack Vendor :STMicroelectronics lwIP 2.0.3
2023-11-23 07:52:33,114 [INFO] ThirdParty:1030 - CMSIS Pack Vendor :STMicroelectronics FP-SNS-FLIGHT1 5.0.2
2023-11-23 07:52:33,114 [INFO] ThirdParty:1030 - CMSIS Pack Vendor :STMicroelectronics USB_HOST 1.0.0
2023-11-23 07:52:33,114 [INFO] ThirdParty:1030 - CMSIS Pack Vendor :STMicroelectronics X-CUBE-TOF1 3.3.1
2023-11-23 07:52:33,114 [INFO] ThirdParty:1030 - CMSIS Pack Vendor :STMicroelectronics X-CUBE-AZRTOS-G4 2.0.0
2023-11-23 07:52:33,115 [INFO] ThirdParty:1030 - CMSIS Pack Vendor :STMicroelectronics PDM2PCM 3.1.0
2023-11-23 07:52:33,115 [INFO] ThirdParty:1030 - CMSIS Pack Vendor :STMicroelectronics X-CUBE-AZRTOS-H7 3.1.0
2023-11-23 07:52:33,115 [INFO] ThirdParty:1030 - CMSIS Pack Vendor :Infineon AIROC-Wi-Fi-Bluetooth-STM32 1.5.1
2023-11-23 07:52:33,115 [INFO] ThirdParty:1030 - CMSIS Pack Vendor :STMicroelectronics X-CUBE-BLEMGR 3.0.0
2023-11-23 07:52:33,115 [INFO] ThirdParty:1030 - CMSIS Pack Vendor :STMicroelectronics PDM2PCM 3.3.0
2023-11-23 07:52:33,115 [INFO] ThirdParty:1030 - CMSIS Pack Vendor :STMicroelectronics X-CUBE-DISPLAY 3.0.0
2023-11-23 07:52:33,115 [INFO] ThirdParty:1030 - CMSIS Pack Vendor :STMicroelectronics X-CUBE-BLE1 7.0.0
2023-11-23 07:52:33,115 [INFO] ThirdParty:1030 - CMSIS Pack Vendor :STMicroelectronics FP-ATR-SIGFOX1 3.2.0
2023-11-23 07:52:33,115 [INFO] ThirdParty:1030 - CMSIS Pack Vendor :STMicroelectronics HAL Drivers 0.0.0
2023-11-23 07:52:33,115 [INFO] ThirdParty:1030 - CMSIS Pack Vendor :STMicroelectronics MBEDTLS 2.16.2
2023-11-23 07:52:33,115 [INFO] ThirdParty:1030 - CMSIS Pack Vendor :emotas I-CUBE-CANOPEN 1.3.0
2023-11-23 07:52:33,115 [INFO] ThirdParty:1030 - CMSIS Pack Vendor :STMicroelectronics X-CUBE-MEMS1 10.0.0
2023-11-23 07:52:33,115 [INFO] ThirdParty:1030 - CMSIS Pack Vendor :STMicroelectronics X-CUBE-FREERTOS 1.1.0
2023-11-23 07:52:33,115 [INFO] ThirdParty:1030 - CMSIS Pack Vendor :STMicroelectronics X-CUBE-TOUCHGFX 4.22.0
2023-11-23 07:52:33,115 [INFO] ThirdParty:1030 - CMSIS Pack Vendor :STMicroelectronics X-CUBE-NFC7 1.0.1
2023-11-23 07:52:33,115 [INFO] ThirdParty:1030 - CMSIS Pack Vendor :STMicroelectronics MBEDTLS 2.14.1
2023-11-23 07:52:33,115 [INFO] ThirdParty:1030 - CMSIS Pack Vendor :STMicroelectronics X-CUBE-TOUCHGFX 4.22.1
2023-11-23 07:52:33,115 [INFO] ThirdParty:1030 - CMSIS Pack Vendor :STMicroelectronics X-CUBE-NFC6 3.0.0
2023-11-23 07:52:33,115 [INFO] ThirdParty:1030 - CMSIS Pack Vendor :STMicroelectronics X-CUBE-EEPRMA1 4.1.0
2023-11-23 07:52:33,115 [INFO] ThirdParty:1030 - CMSIS Pack Vendor :portGmbH I-Cube-SoM-uGOAL 1.1.0
2023-11-23 07:52:33,115 [INFO] ThirdParty:1030 - CMSIS Pack Vendor :STMicroelectronics X-CUBE-ALS 1.0.1
2023-11-23 07:52:33,115 [INFO] ThirdParty:1030 - CMSIS Pack Vendor :STMicroelectronics ThreadX 1.0.0
2023-11-23 07:52:33,115 [INFO] ThirdParty:1030 - CMSIS Pack Vendor :STMicroelectronics FP-SNS-SMARTAG2 1.2.0
2023-11-23 07:52:33,116 [INFO] ThirdParty:1030 - CMSIS Pack Vendor :STMicroelectronics X-CUBE-AZRTOS-WB 1.1.0
2023-11-23 07:52:33,118 [INFO] ThirdParty:1030 - CMSIS Pack Vendor :STMicroelectronics X-CUBE-AZRTOS-WL 2.0.0
2023-11-23 07:52:33,122 [INFO] ThirdParty:1030 - CMSIS Pack Vendor :SEGGER I-CUBE-embOS 1.3.1
2023-11-23 07:52:33,124 [INFO] ThirdParty:1030 - CMSIS Pack Vendor :STMicroelectronics USB_DEVICE 1.0.0
2023-11-23 07:52:33,124 [INFO] ThirdParty:1030 - CMSIS Pack Vendor :STMicroelectronics X-CUBE-AI 8.1.0
2023-11-23 07:52:33,124 [INFO] ThirdParty:1030 - CMSIS Pack Vendor :STMicroelectronics X-CUBE-AZRTOS-L4 2.0.0
2023-11-23 07:52:33,124 [INFO] ThirdParty:1030 - CMSIS Pack Vendor :STMicroelectronics ThreadX 0.0.2
2023-11-23 07:52:33,124 [INFO] ThirdParty:1030 - CMSIS Pack Vendor :WES I-CUBE-Cesium 1.3.0
2023-11-23 07:52:33,124 [INFO] ThirdParty:1030 - CMSIS Pack Vendor :STMicroelectronics FP-ATR-ASTRA1 2.0.0
2023-11-23 07:52:33,124 [INFO] ThirdParty:1030 - CMSIS Pack Vendor :STMicroelectronics lwIP 2.1.2
2023-11-23 07:52:33,124 [INFO] ThirdParty:1030 - CMSIS Pack Vendor :STMicroelectronics X-CUBE-SFXS2LP1 4.0.0
2023-11-23 07:52:33,124 [INFO] ThirdParty:1030 - CMSIS Pack Vendor :STMicroelectronics X-CUBE-BLE2 3.3.0
2023-11-23 07:52:33,124 [INFO] ThirdParty:1030 - CMSIS Pack Vendor :STMicroelectronics PDM2PCM 3.2.0
2023-11-23 07:52:33,125 [INFO] ThirdParty:841 - exiting critical section [change project]
2023-11-23 07:52:33,600 [INFO] PinOutPanel:1499 - setPackage(No Configuration,No Configuration)
2023-11-23 07:52:33,606 [INFO] PinOutPanel:1499 - setPackage(STM32L475VGTx,LQFP100)
2023-11-23 07:52:34,067 [INFO] UtilMem:75 - Before build in PCC Used Memory: 394029016 Bytes (1073741824)
2023-11-23 07:52:34,416 [INFO] UtilMem:75 - After build in PCC Used Memory: 472151432 Bytes (1073741824)
2023-11-23 07:52:34,457 [INFO] IPUIPlugin:80 - create IPUIPlugin
2023-11-23 07:52:34,457 [INFO] IPUIPlugin:80 - create IPUIPlugin
2023-11-23 07:52:34,457 [INFO] IPUIPlugin:80 - create IPUIPlugin
2023-11-23 07:52:34,458 [INFO] IPUIPlugin:80 - create IPUIPlugin
2023-11-23 07:52:34,458 [INFO] IPUIPlugin:80 - create IPUIPlugin
2023-11-23 07:52:34,458 [INFO] IPUIPlugin:80 - create IPUIPlugin
2023-11-23 07:52:34,458 [INFO] IPUIPlugin:80 - create IPUIPlugin
2023-11-23 07:52:34,458 [INFO] IPUIPlugin:80 - create IPUIPlugin
2023-11-23 07:52:34,458 [INFO] IPUIPlugin:80 - create IPUIPlugin
2023-11-23 07:52:34,458 [INFO] IPUIPlugin:80 - create IPUIPlugin
2023-11-23 07:52:34,458 [INFO] IPUIPlugin:80 - create IPUIPlugin
2023-11-23 07:52:34,458 [INFO] IPUIPlugin:80 - create IPUIPlugin
2023-11-23 07:52:34,458 [INFO] IPUIPlugin:80 - create IPUIPlugin
2023-11-23 07:52:34,458 [INFO] IPUIPlugin:80 - create IPUIPlugin
2023-11-23 07:52:34,459 [INFO] IPUIPlugin:80 - create IPUIPlugin
2023-11-23 07:52:34,459 [INFO] IPUIPlugin:80 - create IPUIPlugin
2023-11-23 07:52:34,459 [INFO] IPUIPlugin:80 - create IPUIPlugin
2023-11-23 07:52:34,459 [INFO] IPUIPlugin:80 - create IPUIPlugin
2023-11-23 07:52:34,459 [INFO] IPUIPlugin:80 - create IPUIPlugin
2023-11-23 07:52:34,459 [INFO] IPUIPlugin:80 - create IPUIPlugin
2023-11-23 07:52:34,459 [INFO] IPUIPlugin:80 - create IPUIPlugin
2023-11-23 07:52:34,459 [INFO] IPUIPlugin:80 - create IPUIPlugin
2023-11-23 07:52:34,460 [INFO] IPUIPlugin:80 - create IPUIPlugin
2023-11-23 07:52:34,460 [INFO] IPUIPlugin:80 - create IPUIPlugin
2023-11-23 07:52:34,460 [INFO] IPUIPlugin:80 - create IPUIPlugin
2023-11-23 07:52:34,460 [INFO] IPUIPlugin:80 - create IPUIPlugin
2023-11-23 07:52:34,460 [INFO] IPUIPlugin:80 - create IPUIPlugin
2023-11-23 07:52:34,460 [INFO] IPUIPlugin:80 - create IPUIPlugin
2023-11-23 07:52:34,460 [INFO] IPUIPlugin:80 - create IPUIPlugin
2023-11-23 07:52:34,460 [INFO] IPUIPlugin:80 - create IPUIPlugin
2023-11-23 07:52:34,460 [INFO] IPUIPlugin:80 - create IPUIPlugin
2023-11-23 07:52:34,461 [INFO] IPUIPlugin:80 - create IPUIPlugin
2023-11-23 07:52:34,461 [INFO] IPUIPlugin:80 - create IPUIPlugin
2023-11-23 07:52:34,461 [INFO] IPUIPlugin:80 - create IPUIPlugin
2023-11-23 07:52:34,461 [INFO] IPUIPlugin:80 - create IPUIPlugin
2023-11-23 07:52:34,461 [INFO] IPUIPlugin:80 - create IPUIPlugin
2023-11-23 07:52:34,461 [INFO] IPUIPlugin:80 - create IPUIPlugin
2023-11-23 07:52:34,461 [INFO] IPUIPlugin:80 - create IPUIPlugin
2023-11-23 07:52:34,462 [INFO] IPUIPlugin:80 - create IPUIPlugin
2023-11-23 07:52:34,462 [INFO] IPUIPlugin:80 - create IPUIPlugin
2023-11-23 07:52:34,462 [INFO] IPUIPlugin:80 - create IPUIPlugin
2023-11-23 07:52:34,462 [INFO] IPUIPlugin:80 - create IPUIPlugin
2023-11-23 07:52:34,462 [INFO] IPUIPlugin:80 - create IPUIPlugin
2023-11-23 07:52:34,462 [INFO] IPUIPlugin:80 - create IPUIPlugin
2023-11-23 07:52:34,462 [INFO] IPUIPlugin:80 - create IPUIPlugin
2023-11-23 07:52:34,462 [INFO] IPUIPlugin:80 - create IPUIPlugin
2023-11-23 07:52:34,462 [INFO] IPUIPlugin:80 - create IPUIPlugin
2023-11-23 07:52:34,462 [INFO] IPUIPlugin:80 - create IPUIPlugin
2023-11-23 07:52:34,463 [INFO] IPUIPlugin:80 - create IPUIPlugin
2023-11-23 07:52:34,463 [INFO] IPUIPlugin:80 - create IPUIPlugin
2023-11-23 07:52:34,463 [INFO] IPUIPlugin:80 - create IPUIPlugin
2023-11-23 07:52:34,463 [INFO] IPUIPlugin:80 - create IPUIPlugin
2023-11-23 07:52:34,463 [INFO] IPUIPlugin:80 - create IPUIPlugin
2023-11-23 07:52:34,463 [INFO] IPUIPlugin:80 - create IPUIPlugin
2023-11-23 07:52:34,463 [INFO] IPUIPlugin:80 - create IPUIPlugin
2023-11-23 07:52:34,463 [INFO] IPUIPlugin:80 - create IPUIPlugin
2023-11-23 07:52:34,464 [INFO] IPUIPlugin:80 - create IPUIPlugin
2023-11-23 07:52:34,464 [INFO] IPUIPlugin:80 - create IPUIPlugin
2023-11-23 07:52:34,496 [INFO] IPUIPlugin:80 - create IPUIPlugin
2023-11-23 07:52:34,594 [INFO] CADModel:165 - CPN selected for project levelSTM32L475VGT6
2023-11-23 07:52:34,594 [INFO] CADModel:114 - Register for checkConnection events
2023-11-23 07:52:34,643 [INFO] OpenFileManager:328 - Restore cursor
2023-11-23 07:52:53,251 [INFO] I2cTimingTraitement:330 - 0x10909CEC
