2023-11-22 18:35:17,913 [INFO] MainUpdater:2868 - connection check result : 10
2023-11-22 18:35:17,928 [INFO] MainUpdater:2868 - connection check result : 10
2023-11-22 18:35:18,760 [INFO] I2cTimingTraitement:330 - 0x10909CEC
2023-11-22 18:35:18,782 [INFO] MicroXplorer:468 - Change Database Path : 
2023-11-22 18:35:18,782 [INFO] MicroXplorer:498 - Change Database Version : DB.6.0.92
2023-11-22 18:35:18,874 [WARN] ThirdParty:871 - waiting for thirdparty lock release [close project]
2023-11-22 18:35:18,874 [INFO] ThirdParty:873 - entering critical section [close project]
2023-11-22 18:35:18,874 [INFO] ThirdParty:883 - exiting critical section [close project]
2023-11-22 18:35:18,880 [INFO] PinOutPanel:1499 - setPackage(No Configuration,No Configuration)
2023-11-22 18:35:18,910 [INFO] UtilMem:75 - Begin LoadConfig() Used Memory: 350070008 Bytes (843055104)
2023-11-22 18:35:18,912 [INFO] MicroXplorer:468 - Change Database Path : 
2023-11-22 18:35:18,912 [INFO] MicroXplorer:498 - Change Database Version : DB.6.0.92
2023-11-22 18:35:18,912 [INFO] OpenFileManager:308 - Change cursor
2023-11-22 18:35:18,963 [INFO] RulesReader:64 - Compatibility file has been processed (293 Rules)
2023-11-22 18:35:18,978 [INFO] Mcu:1946 - Initializing MCU STM32L475V(C-E-G)Tx STM32L475VGTx STM32L475VGT6
2023-11-22 18:35:20,872 [INFO] Context:659 - Trying to add GPIOservice into a context  which must be forbidden
2023-11-22 18:35:21,658 [INFO] RtosManager:555 - Registered RTOS mode: class=CMSIS, group=RTOS, mode=CMSIS_V1, owner=FREERTOS
2023-11-22 18:35:21,658 [INFO] RtosManager:555 - Registered RTOS mode: class=CMSIS, group=RTOS2, mode=CMSIS_V2, owner=FREERTOS
2023-11-22 18:35:21,658 [INFO] RtosManager:555 - Registered RTOS mode: class=RTOS, group=Core, mode=CMSIS_V1, owner=FREERTOS
2023-11-22 18:35:21,658 [INFO] RtosManager:555 - Registered RTOS mode: class=RTOS, group=Core, mode=CMSIS_V2, owner=FREERTOS
2023-11-22 18:35:21,658 [WARN] ModelIntegratedComponent:184 - Missing modes for component STMicroelectronics:FreeRTOS:0.0.1:STMicroelectronics:RTOS:FreeRTOS:Core:::10.2.0:
2023-11-22 18:35:21,668 [WARN] ModelIntegratedComponent:63 - No mode defined for component null
2023-11-22 18:35:21,668 [WARN] ModelIntegratedComponent:63 - No mode defined for component null
2023-11-22 18:35:21,668 [WARN] ModelIntegratedComponent:63 - No mode defined for component null
2023-11-22 18:35:21,668 [WARN] ModelIntegratedComponent:63 - No mode defined for component null
2023-11-22 18:35:21,668 [WARN] ModelIntegratedComponent:63 - No mode defined for component null
2023-11-22 18:35:21,668 [WARN] ModelIntegratedComponent:63 - No mode defined for component null
2023-11-22 18:35:21,668 [WARN] ModelIntegratedComponent:63 - No mode defined for component null
2023-11-22 18:35:21,668 [WARN] ModelIntegratedComponent:63 - No mode defined for component null
2023-11-22 18:35:21,668 [WARN] ModelIntegratedComponent:63 - No mode defined for component null
2023-11-22 18:35:21,668 [WARN] ModelIntegratedComponent:63 - No mode defined for component null
2023-11-22 18:35:21,668 [WARN] ModelIntegratedComponent:63 - No mode defined for component null
2023-11-22 18:35:21,668 [WARN] ModelIntegratedComponent:63 - No mode defined for component null
2023-11-22 18:35:21,668 [WARN] ModelIntegratedComponent:63 - No mode defined for component null
2023-11-22 18:35:21,668 [WARN] ModelIntegratedComponent:63 - No mode defined for component null
2023-11-22 18:35:21,668 [WARN] ModelIntegratedComponent:63 - No mode defined for component null
2023-11-22 18:35:21,668 [WARN] ModelIntegratedComponent:63 - No mode defined for component null
2023-11-22 18:35:21,668 [WARN] ModelIntegratedComponent:63 - No mode defined for component null
2023-11-22 18:35:21,668 [WARN] ModelIntegratedComponent:63 - No mode defined for component null
2023-11-22 18:35:21,668 [WARN] ModelIntegratedComponent:63 - No mode defined for component null
2023-11-22 18:35:21,668 [WARN] ModelIntegratedComponent:63 - No mode defined for component null
2023-11-22 18:35:21,668 [WARN] ModelIntegratedComponent:63 - No mode defined for component null
2023-11-22 18:35:21,668 [WARN] ModelIntegratedComponent:63 - No mode defined for component null
2023-11-22 18:35:21,668 [WARN] ModelIntegratedComponent:63 - No mode defined for component null
2023-11-22 18:35:21,668 [WARN] ModelIntegratedComponent:63 - No mode defined for component null
2023-11-22 18:35:21,669 [WARN] ModelIntegratedComponent:63 - No mode defined for component null
2023-11-22 18:35:21,669 [WARN] ModelIntegratedComponent:63 - No mode defined for component null
2023-11-22 18:35:21,669 [WARN] ModelIntegratedComponent:63 - No mode defined for component null
2023-11-22 18:35:21,669 [WARN] ModelIntegratedComponent:63 - No mode defined for component null
2023-11-22 18:35:21,669 [WARN] ModelIntegratedComponent:63 - No mode defined for component null
2023-11-22 18:35:21,669 [WARN] ModelIntegratedComponent:63 - No mode defined for component null
2023-11-22 18:35:21,669 [WARN] ModelIntegratedComponent:63 - No mode defined for component null
2023-11-22 18:35:21,669 [WARN] ModelIntegratedComponent:63 - No mode defined for component null
2023-11-22 18:35:21,669 [WARN] ModelIntegratedComponent:63 - No mode defined for component null
2023-11-22 18:35:21,737 [INFO] ThirdPartyModel:298 - Start build external matchings
2023-11-22 18:35:22,207 [INFO] ThirdPartyModel:316 - End build external matchings
2023-11-22 18:35:22,284 [INFO] ImportTextPane:194 - (OptionalMessage_ERROR) IP (ADC1) : Parameter (CommonPathInternal) has invalid value (null|null|null|null)
2023-11-22 18:35:22,292 [INFO] ImportTextPane:194 - (OptionalMessage_ERROR) IP (RCC) : Invalid parameter (FamilyName)
2023-11-22 18:35:22,491 [INFO] UtilMem:75 - End LoadConfig() Used Memory: 709204912 Bytes (843055104)
2023-11-22 18:35:22,645 [WARN] ThirdParty:833 - waiting for thirdparty lock release [change project]
2023-11-22 18:35:22,648 [INFO] ThirdParty:835 - entering critical section [change project]
2023-11-22 18:35:22,648 [INFO] ThirdParty:1030 - CMSIS Pack Vendor :STMicroelectronics X-CUBE-ISPU 1.1.0
2023-11-22 18:35:22,648 [INFO] ThirdParty:1030 - CMSIS Pack Vendor :STMicroelectronics USBPD 4.1
2023-11-22 18:35:22,648 [INFO] ThirdParty:1030 - CMSIS Pack Vendor :STMicroelectronics X-CUBE-GNSS1 6.0.0
2023-11-22 18:35:22,648 [INFO] ThirdParty:1030 - CMSIS Pack Vendor :STMicroelectronics USB_HOST 2.0.0
2023-11-22 18:35:22,648 [INFO] ThirdParty:1030 - CMSIS Pack Vendor :STMicroelectronics X-CUBE-AZRTOS-F4 1.1.0
2023-11-22 18:35:22,648 [INFO] ThirdParty:1030 - CMSIS Pack Vendor :STMicroelectronics LIBJPEG 8.0.0
2023-11-22 18:35:22,648 [INFO] ThirdParty:1030 - CMSIS Pack Vendor :wolfSSL I-CUBE-wolfSSL 5.6.3
2023-11-22 18:35:22,648 [INFO] ThirdParty:1030 - CMSIS Pack Vendor :STMicroelectronics X-CUBE-SMBUS 2.1.0
2023-11-22 18:35:22,648 [INFO] ThirdParty:1030 - CMSIS Pack Vendor :STMicroelectronics USB_DEVICE 3.0.0
2023-11-22 18:35:22,648 [INFO] ThirdParty:1030 - CMSIS Pack Vendor :STMicroelectronics X-CUBE-AZRTOS-WB 2.0.0
2023-11-22 18:35:22,648 [INFO] ThirdParty:1030 - CMSIS Pack Vendor :STMicroelectronics X-CUBE-FREERTOS 1.0.1
2023-11-22 18:35:22,648 [INFO] ThirdParty:1030 - CMSIS Pack Vendor :STMicroelectronics X-CUBE-AZRTOS-F7 1.1.0
2023-11-22 18:35:22,648 [INFO] ThirdParty:1030 - CMSIS Pack Vendor :STMicroelectronics X-CUBE-AZRTOS-L5 2.0.0
2023-11-22 18:35:22,648 [INFO] ThirdParty:1030 - CMSIS Pack Vendor :STMicroelectronics USB_DEVICE 2.0.0
2023-11-22 18:35:22,648 [INFO] ThirdParty:1030 - CMSIS Pack Vendor :STMicroelectronics X-CUBE-MEMS1 9.6.0
2023-11-22 18:35:22,648 [INFO] ThirdParty:1030 - CMSIS Pack Vendor :STMicroelectronics X-CUBE-EEPRMA1 4.2.0
2023-11-22 18:35:22,648 [INFO] ThirdParty:1030 - CMSIS Pack Vendor :ITTIA_DB I-CUBE-ITTIADB 8.8.0
2023-11-22 18:35:22,648 [INFO] ThirdParty:1030 - CMSIS Pack Vendor :STMicroelectronics FP-SNS-MOTENV1 4.3.2
2023-11-22 18:35:22,648 [INFO] ThirdParty:1030 - CMSIS Pack Vendor :STMicroelectronics X-CUBE-ALGOBUILD 1.3.0
2023-11-22 18:35:22,648 [INFO] ThirdParty:1030 - CMSIS Pack Vendor :STMicroelectronics X-CUBE-BLE1 6.2.4
2023-11-22 18:35:22,648 [INFO] ThirdParty:1030 - CMSIS Pack Vendor :STMicroelectronics X-CUBE-AZRTOS-L5 1.1.0
2023-11-22 18:35:22,648 [INFO] ThirdParty:1030 - CMSIS Pack Vendor :STMicroelectronics FreeRTOS 0.0.1
2023-11-22 18:35:22,648 [INFO] ThirdParty:1030 - CMSIS Pack Vendor :STMicroelectronics X-CUBE-AZRTOS-G0 1.1.0
2023-11-22 18:35:22,649 [INFO] ThirdParty:1030 - CMSIS Pack Vendor :STMicroelectronics X-CUBE-BLEMGR 2.0.0
2023-11-22 18:35:22,649 [INFO] ThirdParty:1030 - CMSIS Pack Vendor :STMicroelectronics X-CUBE-NFC4 3.0.0
2023-11-22 18:35:22,649 [INFO] ThirdParty:1030 - CMSIS Pack Vendor :STMicroelectronics X-CUBE-SUBG2 5.0.0
2023-11-22 18:35:22,649 [INFO] ThirdParty:1030 - CMSIS Pack Vendor :STMicroelectronics STM32_WPAN 1.0.0
2023-11-22 18:35:22,649 [INFO] ThirdParty:1030 - CMSIS Pack Vendor :STMicroelectronics lwIP 2.0.3
2023-11-22 18:35:22,649 [INFO] ThirdParty:1030 - CMSIS Pack Vendor :STMicroelectronics FP-SNS-FLIGHT1 5.0.2
2023-11-22 18:35:22,649 [INFO] ThirdParty:1030 - CMSIS Pack Vendor :STMicroelectronics USB_HOST 1.0.0
2023-11-22 18:35:22,649 [INFO] ThirdParty:1030 - CMSIS Pack Vendor :STMicroelectronics X-CUBE-TOF1 3.3.1
2023-11-22 18:35:22,649 [INFO] ThirdParty:1030 - CMSIS Pack Vendor :STMicroelectronics X-CUBE-AZRTOS-G4 2.0.0
2023-11-22 18:35:22,649 [INFO] ThirdParty:1030 - CMSIS Pack Vendor :STMicroelectronics PDM2PCM 3.1.0
2023-11-22 18:35:22,649 [INFO] ThirdParty:1030 - CMSIS Pack Vendor :STMicroelectronics X-CUBE-AZRTOS-H7 3.1.0
2023-11-22 18:35:22,649 [INFO] ThirdParty:1030 - CMSIS Pack Vendor :Infineon AIROC-Wi-Fi-Bluetooth-STM32 1.5.1
2023-11-22 18:35:22,649 [INFO] ThirdParty:1030 - CMSIS Pack Vendor :STMicroelectronics X-CUBE-BLEMGR 3.0.0
2023-11-22 18:35:22,649 [INFO] ThirdParty:1030 - CMSIS Pack Vendor :STMicroelectronics PDM2PCM 3.3.0
2023-11-22 18:35:22,649 [INFO] ThirdParty:1030 - CMSIS Pack Vendor :STMicroelectronics X-CUBE-DISPLAY 3.0.0
2023-11-22 18:35:22,649 [INFO] ThirdParty:1030 - CMSIS Pack Vendor :STMicroelectronics X-CUBE-BLE1 7.0.0
2023-11-22 18:35:22,649 [INFO] ThirdParty:1030 - CMSIS Pack Vendor :STMicroelectronics FP-ATR-SIGFOX1 3.2.0
2023-11-22 18:35:22,649 [INFO] ThirdParty:1030 - CMSIS Pack Vendor :STMicroelectronics HAL Drivers 0.0.0
2023-11-22 18:35:22,649 [INFO] ThirdParty:1030 - CMSIS Pack Vendor :STMicroelectronics MBEDTLS 2.16.2
2023-11-22 18:35:22,649 [INFO] ThirdParty:1030 - CMSIS Pack Vendor :emotas I-CUBE-CANOPEN 1.3.0
2023-11-22 18:35:22,649 [INFO] ThirdParty:1030 - CMSIS Pack Vendor :STMicroelectronics X-CUBE-MEMS1 10.0.0
2023-11-22 18:35:22,649 [INFO] ThirdParty:1030 - CMSIS Pack Vendor :STMicroelectronics X-CUBE-FREERTOS 1.1.0
2023-11-22 18:35:22,649 [INFO] ThirdParty:1030 - CMSIS Pack Vendor :STMicroelectronics X-CUBE-TOUCHGFX 4.22.0
2023-11-22 18:35:22,649 [INFO] ThirdParty:1030 - CMSIS Pack Vendor :STMicroelectronics X-CUBE-NFC7 1.0.1
2023-11-22 18:35:22,649 [INFO] ThirdParty:1030 - CMSIS Pack Vendor :STMicroelectronics MBEDTLS 2.14.1
2023-11-22 18:35:22,649 [INFO] ThirdParty:1030 - CMSIS Pack Vendor :STMicroelectronics X-CUBE-TOUCHGFX 4.22.1
2023-11-22 18:35:22,649 [INFO] ThirdParty:1030 - CMSIS Pack Vendor :STMicroelectronics X-CUBE-NFC6 3.0.0
2023-11-22 18:35:22,649 [INFO] ThirdParty:1030 - CMSIS Pack Vendor :STMicroelectronics X-CUBE-EEPRMA1 4.1.0
2023-11-22 18:35:22,649 [INFO] ThirdParty:1030 - CMSIS Pack Vendor :portGmbH I-Cube-SoM-uGOAL 1.1.0
2023-11-22 18:35:22,649 [INFO] ThirdParty:1030 - CMSIS Pack Vendor :STMicroelectronics X-CUBE-ALS 1.0.1
2023-11-22 18:35:22,649 [INFO] ThirdParty:1030 - CMSIS Pack Vendor :STMicroelectronics ThreadX 1.0.0
2023-11-22 18:35:22,649 [INFO] ThirdParty:1030 - CMSIS Pack Vendor :STMicroelectronics FP-SNS-SMARTAG2 1.2.0
2023-11-22 18:35:22,649 [INFO] ThirdParty:1030 - CMSIS Pack Vendor :STMicroelectronics X-CUBE-AZRTOS-WB 1.1.0
2023-11-22 18:35:22,649 [INFO] ThirdParty:1030 - CMSIS Pack Vendor :STMicroelectronics X-CUBE-AZRTOS-WL 2.0.0
2023-11-22 18:35:22,649 [INFO] ThirdParty:1030 - CMSIS Pack Vendor :SEGGER I-CUBE-embOS 1.3.1
2023-11-22 18:35:22,649 [INFO] ThirdParty:1030 - CMSIS Pack Vendor :STMicroelectronics USB_DEVICE 1.0.0
2023-11-22 18:35:22,649 [INFO] ThirdParty:1030 - CMSIS Pack Vendor :STMicroelectronics X-CUBE-AI 8.1.0
2023-11-22 18:35:22,649 [INFO] ThirdParty:1030 - CMSIS Pack Vendor :STMicroelectronics X-CUBE-AZRTOS-L4 2.0.0
2023-11-22 18:35:22,649 [INFO] ThirdParty:1030 - CMSIS Pack Vendor :STMicroelectronics ThreadX 0.0.2
2023-11-22 18:35:22,649 [INFO] ThirdParty:1030 - CMSIS Pack Vendor :WES I-CUBE-Cesium 1.3.0
2023-11-22 18:35:22,649 [INFO] ThirdParty:1030 - CMSIS Pack Vendor :STMicroelectronics FP-ATR-ASTRA1 2.0.0
2023-11-22 18:35:22,649 [INFO] ThirdParty:1030 - CMSIS Pack Vendor :STMicroelectronics lwIP 2.1.2
2023-11-22 18:35:22,649 [INFO] ThirdParty:1030 - CMSIS Pack Vendor :STMicroelectronics X-CUBE-SFXS2LP1 4.0.0
2023-11-22 18:35:22,649 [INFO] ThirdParty:1030 - CMSIS Pack Vendor :STMicroelectronics X-CUBE-BLE2 3.3.0
2023-11-22 18:35:22,649 [INFO] ThirdParty:1030 - CMSIS Pack Vendor :STMicroelectronics PDM2PCM 3.2.0
2023-11-22 18:35:22,650 [INFO] ThirdParty:841 - exiting critical section [change project]
2023-11-22 18:35:23,448 [INFO] PinOutPanel:1499 - setPackage(No Configuration,No Configuration)
2023-11-22 18:35:23,461 [INFO] PinOutPanel:1499 - setPackage(STM32L475VGTx,LQFP100)
2023-11-22 18:35:24,075 [INFO] UtilMem:75 - Before build in PCC Used Memory: 493994712 Bytes (843055104)
2023-11-22 18:35:24,420 [INFO] UtilMem:75 - After build in PCC Used Memory: 572224464 Bytes (843055104)
2023-11-22 18:35:24,464 [INFO] IPUIPlugin:80 - create IPUIPlugin
2023-11-22 18:35:24,464 [INFO] IPUIPlugin:80 - create IPUIPlugin
2023-11-22 18:35:24,464 [INFO] IPUIPlugin:80 - create IPUIPlugin
2023-11-22 18:35:24,464 [INFO] IPUIPlugin:80 - create IPUIPlugin
2023-11-22 18:35:24,464 [INFO] IPUIPlugin:80 - create IPUIPlugin
2023-11-22 18:35:24,464 [INFO] IPUIPlugin:80 - create IPUIPlugin
2023-11-22 18:35:24,465 [INFO] IPUIPlugin:80 - create IPUIPlugin
2023-11-22 18:35:24,465 [INFO] IPUIPlugin:80 - create IPUIPlugin
2023-11-22 18:35:24,465 [INFO] IPUIPlugin:80 - create IPUIPlugin
2023-11-22 18:35:24,465 [INFO] IPUIPlugin:80 - create IPUIPlugin
2023-11-22 18:35:24,465 [INFO] IPUIPlugin:80 - create IPUIPlugin
2023-11-22 18:35:24,465 [INFO] IPUIPlugin:80 - create IPUIPlugin
2023-11-22 18:35:24,465 [INFO] IPUIPlugin:80 - create IPUIPlugin
2023-11-22 18:35:24,465 [INFO] IPUIPlugin:80 - create IPUIPlugin
2023-11-22 18:35:24,465 [INFO] IPUIPlugin:80 - create IPUIPlugin
2023-11-22 18:35:24,465 [INFO] IPUIPlugin:80 - create IPUIPlugin
2023-11-22 18:35:24,465 [INFO] IPUIPlugin:80 - create IPUIPlugin
2023-11-22 18:35:24,465 [INFO] IPUIPlugin:80 - create IPUIPlugin
2023-11-22 18:35:24,466 [INFO] IPUIPlugin:80 - create IPUIPlugin
2023-11-22 18:35:24,466 [INFO] IPUIPlugin:80 - create IPUIPlugin
2023-11-22 18:35:24,466 [INFO] IPUIPlugin:80 - create IPUIPlugin
2023-11-22 18:35:24,466 [INFO] IPUIPlugin:80 - create IPUIPlugin
2023-11-22 18:35:24,466 [INFO] IPUIPlugin:80 - create IPUIPlugin
2023-11-22 18:35:24,466 [INFO] IPUIPlugin:80 - create IPUIPlugin
2023-11-22 18:35:24,466 [INFO] IPUIPlugin:80 - create IPUIPlugin
2023-11-22 18:35:24,466 [INFO] IPUIPlugin:80 - create IPUIPlugin
2023-11-22 18:35:24,466 [INFO] IPUIPlugin:80 - create IPUIPlugin
2023-11-22 18:35:24,467 [INFO] IPUIPlugin:80 - create IPUIPlugin
2023-11-22 18:35:24,467 [INFO] IPUIPlugin:80 - create IPUIPlugin
2023-11-22 18:35:24,467 [INFO] IPUIPlugin:80 - create IPUIPlugin
2023-11-22 18:35:24,467 [INFO] IPUIPlugin:80 - create IPUIPlugin
2023-11-22 18:35:24,467 [INFO] IPUIPlugin:80 - create IPUIPlugin
2023-11-22 18:35:24,467 [INFO] IPUIPlugin:80 - create IPUIPlugin
2023-11-22 18:35:24,467 [INFO] IPUIPlugin:80 - create IPUIPlugin
2023-11-22 18:35:24,467 [INFO] IPUIPlugin:80 - create IPUIPlugin
2023-11-22 18:35:24,467 [INFO] IPUIPlugin:80 - create IPUIPlugin
2023-11-22 18:35:24,468 [INFO] IPUIPlugin:80 - create IPUIPlugin
2023-11-22 18:35:24,471 [INFO] IPUIPlugin:80 - create IPUIPlugin
2023-11-22 18:35:24,471 [INFO] IPUIPlugin:80 - create IPUIPlugin
2023-11-22 18:35:24,471 [INFO] IPUIPlugin:80 - create IPUIPlugin
2023-11-22 18:35:24,471 [INFO] IPUIPlugin:80 - create IPUIPlugin
2023-11-22 18:35:24,471 [INFO] IPUIPlugin:80 - create IPUIPlugin
2023-11-22 18:35:24,472 [INFO] IPUIPlugin:80 - create IPUIPlugin
2023-11-22 18:35:24,472 [INFO] IPUIPlugin:80 - create IPUIPlugin
2023-11-22 18:35:24,472 [INFO] IPUIPlugin:80 - create IPUIPlugin
2023-11-22 18:35:24,472 [INFO] IPUIPlugin:80 - create IPUIPlugin
2023-11-22 18:35:24,473 [INFO] IPUIPlugin:80 - create IPUIPlugin
2023-11-22 18:35:24,473 [INFO] IPUIPlugin:80 - create IPUIPlugin
2023-11-22 18:35:24,473 [INFO] IPUIPlugin:80 - create IPUIPlugin
2023-11-22 18:35:24,473 [INFO] IPUIPlugin:80 - create IPUIPlugin
2023-11-22 18:35:24,473 [INFO] IPUIPlugin:80 - create IPUIPlugin
2023-11-22 18:35:24,473 [INFO] IPUIPlugin:80 - create IPUIPlugin
2023-11-22 18:35:24,473 [INFO] IPUIPlugin:80 - create IPUIPlugin
2023-11-22 18:35:24,474 [INFO] IPUIPlugin:80 - create IPUIPlugin
2023-11-22 18:35:24,474 [INFO] IPUIPlugin:80 - create IPUIPlugin
2023-11-22 18:35:24,474 [INFO] IPUIPlugin:80 - create IPUIPlugin
2023-11-22 18:35:24,474 [INFO] IPUIPlugin:80 - create IPUIPlugin
2023-11-22 18:35:24,474 [INFO] IPUIPlugin:80 - create IPUIPlugin
2023-11-22 18:35:24,475 [INFO] IPUIPlugin:80 - create IPUIPlugin
2023-11-22 18:35:24,576 [INFO] CADModel:165 - CPN selected for project levelSTM32L475VGT6
2023-11-22 18:35:24,576 [INFO] CADModel:114 - Register for checkConnection events
2023-11-22 18:35:24,623 [INFO] OpenFileManager:328 - Restore cursor
2023-11-22 18:35:24,652 [INFO] ApiDb:581 - Connected to CubeFinder SQLite database (/Users/dilnozabobokalonova/.stmcufinder/plugins/mcufinder/mcu/cube-finder-db.db)
2023-11-22 18:35:45,902 [INFO] Gpio:273 - dependency for GPIO [ADC1, DFSDM1, I2C2, QUADSPI, RCC, SPI3, SYS, USART1, USART3, USB_OTG_FS]
2023-11-22 18:37:59,183 [INFO] Gpio:273 - dependency for GPIO [ADC1, DFSDM1, I2C2, QUADSPI, RCC, SPI3, SYS, USART1, USART3, USB_OTG_FS]
2023-11-22 18:37:59,345 [INFO] NvicIntPanel:101 - NVIC parent = com.st.microxplorer.plugins.ip.nvic.MultiNvicIntPanel[,0,0,0x0,invalid,layout=javax.swing.BoxLayout,alignmentX=0.0,alignmentY=0.0,border=,flags=9,maximumSize=,minimumSize=,preferredSize=]
2023-11-22 18:38:38,613 [INFO] Gpio:273 - dependency for GPIO [ADC1, DFSDM1, I2C2, QUADSPI, RCC, SPI3, SYS, USART1, USART3, USB_OTG_FS]
2023-11-22 18:38:38,758 [INFO] NvicIntPanel:101 - NVIC parent = com.st.microxplorer.plugins.ip.nvic.MultiNvicIntPanel[,0,0,0x0,invalid,layout=javax.swing.BoxLayout,alignmentX=0.0,alignmentY=0.0,border=,flags=9,maximumSize=,minimumSize=,preferredSize=]
2023-11-22 18:38:39,392 [INFO] Gpio:273 - dependency for GPIO [ADC1, DFSDM1, I2C2, QUADSPI, RCC, SPI3, SYS, USART1, USART3, USB_OTG_FS]
2023-11-22 18:38:39,461 [INFO] NvicIntPanel:101 - NVIC parent = com.st.microxplorer.plugins.ip.nvic.MultiNvicIntPanel[,0,0,0x0,invalid,layout=javax.swing.BoxLayout,alignmentX=0.0,alignmentY=0.0,border=,flags=9,maximumSize=,minimumSize=,preferredSize=]
2023-11-22 18:38:42,532 [INFO] Gpio:273 - dependency for GPIO [ADC1, DFSDM1, I2C2, QUADSPI, RCC, SPI3, SYS, USART1, USART3, USB_OTG_FS]
2023-11-22 18:38:42,678 [INFO] NvicIntPanel:101 - NVIC parent = com.st.microxplorer.plugins.ip.nvic.MultiNvicIntPanel[,0,0,0x0,invalid,layout=javax.swing.BoxLayout,alignmentX=0.0,alignmentY=0.0,border=,flags=9,maximumSize=,minimumSize=,preferredSize=]
2023-11-22 18:38:43,273 [INFO] Gpio:273 - dependency for GPIO [ADC1, DFSDM1, I2C2, QUADSPI, RCC, SPI3, SYS, USART1, USART3, USB_OTG_FS]
2023-11-22 18:38:43,386 [INFO] NvicIntPanel:101 - NVIC parent = com.st.microxplorer.plugins.ip.nvic.MultiNvicIntPanel[,0,0,0x0,invalid,layout=javax.swing.BoxLayout,alignmentX=0.0,alignmentY=0.0,border=,flags=9,maximumSize=,minimumSize=,preferredSize=]
