2023-11-27 06:52:00,024 [INFO] LogOutputStream:77 - [STDOUT_REDIRECT] 
2023-11-27 06:52:39,030 [ERROR] LogOutputStream:75 - [STDERR_REDIRECT] Exception in thread "org.eclipse.cdt.internal.ui.text.CReconciler" java.util.ConcurrentModificationException
2023-11-27 06:52:39,044 [ERROR] LogOutputStream:75 - [STDERR_REDIRECT] 	at java.base/java.util.HashMap$HashIterator.nextNode(HashMap.java:1597)
2023-11-27 06:52:39,044 [ERROR] LogOutputStream:75 - [STDERR_REDIRECT] 	at java.base/java.util.HashMap$ValueIterator.next(HashMap.java:1625)
2023-11-27 06:52:39,044 [ERROR] LogOutputStream:75 - [STDERR_REDIRECT] 	at org.eclipse.cdt.internal.core.model.CModelManager.mergeDeltas(CModelManager.java:1215)
2023-11-27 06:52:39,044 [ERROR] LogOutputStream:75 - [STDERR_REDIRECT] 	at org.eclipse.cdt.internal.core.model.CModelManager.fireReconcileDelta(CModelManager.java:1145)
2023-11-27 06:52:39,045 [ERROR] LogOutputStream:75 - [STDERR_REDIRECT] 	at org.eclipse.cdt.internal.core.model.CModelManager.fire(CModelManager.java:1106)
2023-11-27 06:52:39,045 [ERROR] LogOutputStream:75 - [STDERR_REDIRECT] 	at org.eclipse.cdt.internal.core.model.CModelManager.fire(CModelManager.java:1062)
2023-11-27 06:52:39,045 [ERROR] LogOutputStream:75 - [STDERR_REDIRECT] 	at org.eclipse.cdt.internal.core.model.CModelOperation.run(CModelOperation.java:621)
2023-11-27 06:52:39,045 [ERROR] LogOutputStream:75 - [STDERR_REDIRECT] 	at org.eclipse.cdt.internal.core.model.CModelOperation.runOperation(CModelOperation.java:641)
2023-11-27 06:52:39,045 [ERROR] LogOutputStream:75 - [STDERR_REDIRECT] 	at org.eclipse.cdt.internal.core.model.WorkingCopy.reconcile(WorkingCopy.java:365)
2023-11-27 06:52:39,045 [ERROR] LogOutputStream:75 - [STDERR_REDIRECT] 	at org.eclipse.cdt.internal.ui.text.CReconcilingStrategy.reconcile(CReconcilingStrategy.java:79)
2023-11-27 06:52:39,045 [ERROR] LogOutputStream:75 - [STDERR_REDIRECT] 	at org.eclipse.cdt.internal.ui.text.CReconcilingStrategy.reconcile(CReconcilingStrategy.java:64)
2023-11-27 06:52:39,045 [ERROR] LogOutputStream:75 - [STDERR_REDIRECT] 	at org.eclipse.cdt.internal.ui.text.CompositeReconcilingStrategy.reconcile(CompositeReconcilingStrategy.java:89)
2023-11-27 06:52:39,045 [ERROR] LogOutputStream:75 - [STDERR_REDIRECT] 	at org.eclipse.cdt.internal.ui.text.CCompositeReconcilingStrategy.reconcile(CCompositeReconcilingStrategy.java:90)
2023-11-27 06:52:39,045 [ERROR] LogOutputStream:75 - [STDERR_REDIRECT] 	at org.eclipse.jface.text.reconciler.MonoReconciler.process(MonoReconciler.java:78)
2023-11-27 06:52:39,045 [ERROR] LogOutputStream:75 - [STDERR_REDIRECT] 	at org.eclipse.cdt.internal.ui.text.CReconciler.process(CReconciler.java:346)
2023-11-27 06:52:39,047 [ERROR] LogOutputStream:75 - [STDERR_REDIRECT] 	at org.eclipse.jface.text.reconciler.AbstractReconciler$BackgroundThread.run(AbstractReconciler.java:207)
2023-11-27 07:02:13,510 [INFO] Activator:176 - 


2023-11-27 07:02:13,512 [INFO] Activator:177 - !SESSION log4j initialized
2023-11-27 07:02:21,277 [INFO] LogOutputStream:77 - [STDOUT_REDIRECT] 
2023-11-27 07:02:24,306 [ERROR] LogOutputStream:75 - [STDERR_REDIRECT] 
2023-11-27 07:02:24,984 [INFO] LogOutputStream:77 - [STDOUT_REDIRECT] 
2023-11-27 07:02:25,177 [INFO] ApplicationProperties:184 - Using Application install path: /Applications/STM32CubeIDE.app/Contents/Eclipse/plugins/com.st.stm32cube.common.mx_6.9.2.202309101412
2023-11-27 07:02:25,191 [INFO] DbMcusXml:78 - Set database path to: /Applications/STM32CubeIDE.app/Contents/Eclipse/plugins/com.st.stm32cube.common.mx_6.9.2.202309101412//db//mcu/
2023-11-27 07:02:25,191 [INFO] ApiDb:274 - Set plugin database path to: /Applications/STM32CubeIDE.app/Contents/Eclipse/plugins/com.st.stm32cube.common.mx_6.9.2.202309101412//db//plugins/boardmanager/
2023-11-27 07:02:25,192 [WARN] ApiDb:259 - Overriding images path with different value:  => /Applications/STM32CubeIDE.app/Contents/Eclipse/plugins/com.st.stm32cube.common.mx_6.9.2.202309101412//db//plugins/mcufinder/images/
2023-11-27 07:02:25,208 [INFO] ApiDb:250 - Set database path to: /Users/dilnozabobokalonova/.stmcufinder/plugins/mcufinder//mcu/
2023-11-27 07:02:25,209 [INFO] DbMcusAds:125 - Set database path to: /Users/dilnozabobokalonova/.stmcufinder/plugins/mcufinder//mcu/
2023-11-27 07:02:25,211 [INFO] CrossReferenceDbSqlite:203 - Set database path to: /Users/dilnozabobokalonova/.stmcufinder/plugins/mcufinder//mcu/cs/
2023-11-27 07:02:25,341 [INFO] RulesReader:64 - Compatibility file has been processed (293 Rules)
2023-11-27 07:02:25,401 [INFO] DbMcusXml:78 - Set database path to: /Applications/STM32CubeIDE.app/Contents/Eclipse/plugins/com.st.stm32cube.common.mx_6.9.2.202309101412//db//mcu/
2023-11-27 07:02:25,401 [INFO] ApiDb:274 - Set plugin database path to: /Applications/STM32CubeIDE.app/Contents/Eclipse/plugins/com.st.stm32cube.common.mx_6.9.2.202309101412//db//plugins/boardmanager/
2023-11-27 07:02:25,401 [INFO] ApiDb:261 - Set plugin images path to: /Applications/STM32CubeIDE.app/Contents/Eclipse/plugins/com.st.stm32cube.common.mx_6.9.2.202309101412//db//plugins/mcufinder/images/
2023-11-27 07:02:25,402 [WARN] DbFile:41 - Overriding database path with different value: /Users/dilnozabobokalonova/.stmcufinder/plugins/mcufinder/ => /Users/dilnozabobokalonova/.stmcufinder/plugins/mcufinder
2023-11-27 07:02:25,402 [INFO] ApiDb:250 - Set database path to: /Users/dilnozabobokalonova/.stmcufinder/plugins/mcufinder//mcu/
2023-11-27 07:02:25,402 [WARN] DbFile:41 - Overriding database path with different value: /Users/dilnozabobokalonova/.stmcufinder/plugins/mcufinder/ => /Users/dilnozabobokalonova/.stmcufinder/plugins/mcufinder
2023-11-27 07:02:25,402 [INFO] DbMcusAds:125 - Set database path to: /Users/dilnozabobokalonova/.stmcufinder/plugins/mcufinder//mcu/
2023-11-27 07:02:25,402 [WARN] DbFile:41 - Overriding database path with different value: /Users/dilnozabobokalonova/.stmcufinder/plugins/mcufinder/ => /Users/dilnozabobokalonova/.stmcufinder/plugins/mcufinder
2023-11-27 07:02:25,402 [WARN] DbFile:41 - Overriding database path with different value: /Users/dilnozabobokalonova/.stmcufinder/plugins/mcufinder/ => /Users/dilnozabobokalonova/.stmcufinder/plugins/mcufinder
2023-11-27 07:02:25,402 [INFO] CrossReferenceDbSqlite:203 - Set database path to: /Users/dilnozabobokalonova/.stmcufinder/plugins/mcufinder//mcu/cs/
2023-11-27 07:02:25,465 [INFO] MainPanel:262 - HeapMemory: 268435456
2023-11-27 07:02:25,539 [INFO] DbMcusXml:78 - Set database path to: /Applications/STM32CubeIDE.app/Contents/Eclipse/plugins/com.st.stm32cube.common.mx_6.9.2.202309101412//db//mcu/
2023-11-27 07:02:25,539 [INFO] ApiDb:274 - Set plugin database path to: /Applications/STM32CubeIDE.app/Contents/Eclipse/plugins/com.st.stm32cube.common.mx_6.9.2.202309101412//db//plugins/boardmanager/
2023-11-27 07:02:25,539 [INFO] ApiDb:261 - Set plugin images path to: /Applications/STM32CubeIDE.app/Contents/Eclipse/plugins/com.st.stm32cube.common.mx_6.9.2.202309101412//db//plugins/mcufinder/images/
2023-11-27 07:02:25,539 [WARN] DbFile:41 - Overriding database path with different value: /Users/dilnozabobokalonova/.stmcufinder/plugins/mcufinder/ => /Users/dilnozabobokalonova/.stmcufinder/plugins/mcufinder
2023-11-27 07:02:25,539 [INFO] ApiDb:250 - Set database path to: /Users/dilnozabobokalonova/.stmcufinder/plugins/mcufinder//mcu/
2023-11-27 07:02:25,539 [WARN] DbFile:41 - Overriding database path with different value: /Users/dilnozabobokalonova/.stmcufinder/plugins/mcufinder/ => /Users/dilnozabobokalonova/.stmcufinder/plugins/mcufinder
2023-11-27 07:02:25,539 [INFO] DbMcusAds:125 - Set database path to: /Users/dilnozabobokalonova/.stmcufinder/plugins/mcufinder//mcu/
2023-11-27 07:02:25,539 [WARN] DbFile:41 - Overriding database path with different value: /Users/dilnozabobokalonova/.stmcufinder/plugins/mcufinder/ => /Users/dilnozabobokalonova/.stmcufinder/plugins/mcufinder
2023-11-27 07:02:25,539 [WARN] DbFile:41 - Overriding database path with different value: /Users/dilnozabobokalonova/.stmcufinder/plugins/mcufinder/ => /Users/dilnozabobokalonova/.stmcufinder/plugins/mcufinder
2023-11-27 07:02:25,540 [INFO] CrossReferenceDbSqlite:203 - Set database path to: /Users/dilnozabobokalonova/.stmcufinder/plugins/mcufinder//mcu/cs/
2023-11-27 07:02:25,558 [INFO] ApplicationProperties:184 - Using Application install path: /Applications/STM32CubeIDE.app/Contents/Eclipse/plugins/com.st.stm32cube.common.mx_6.9.2.202309101412
2023-11-27 07:02:25,560 [INFO] PluginManage:196 - Search for loadable plugins [exclusion list=, ]
2023-11-27 07:02:25,564 [INFO] PluginManage:310 - Check plugin analytics
2023-11-27 07:02:25,753 [INFO] AnalyticsPlugin:253 - Accepted Software Licenses: 
2023-11-27 07:02:25,753 [INFO] AnalyticsPlugin:255 - Accepted CMSIS Pack Licenses: 
2023-11-27 07:02:25,753 [INFO] AnalyticsPlugin:257 - Accepted Firmware Licenses: FW.L4.1.18.0
2023-11-27 07:02:25,761 [INFO] PluginManage:359 - Loaded plugin analytics (category:tool,tabindex:-1)
2023-11-27 07:02:25,762 [INFO] PluginManage:310 - Check plugin cadmodel
2023-11-27 07:02:26,123 [INFO] CADModel:105 - Init CAD model plugin
2023-11-27 07:02:26,124 [INFO] PluginManage:359 - Loaded plugin cadmodel (category:power,tabindex:5)
2023-11-27 07:02:26,124 [INFO] PluginManage:310 - Check plugin clock
2023-11-27 07:02:26,137 [INFO] PluginManage:359 - Loaded plugin clock (category:base,tabindex:2)
2023-11-27 07:02:26,137 [INFO] PluginManage:310 - Check plugin ddr
2023-11-27 07:02:26,139 [INFO] PluginManage:359 - Loaded plugin ddr (category:tool,tabindex:6)
2023-11-27 07:02:26,139 [INFO] PluginManage:310 - Check plugin filemanager
2023-11-27 07:02:26,275 [INFO] PluginManage:359 - Loaded plugin filemanager (category:base,tabindex:10)
2023-11-27 07:02:26,276 [INFO] PluginManage:310 - Check plugin ipmanager
2023-11-27 07:02:26,281 [INFO] PluginManage:359 - Loaded plugin ipmanager (category:base,tabindex:5)
2023-11-27 07:02:26,282 [INFO] PluginManage:310 - Check plugin lpbam
2023-11-27 07:02:26,290 [INFO] PluginManage:359 - Loaded plugin lpbam (category:base,tabindex:0)
2023-11-27 07:02:26,290 [INFO] PluginManage:310 - Check plugin memorymap
2023-11-27 07:02:26,297 [INFO] PluginManage:359 - Loaded plugin memorymap (category:base,tabindex:4)
2023-11-27 07:02:26,298 [INFO] PluginManage:310 - Check plugin pinoutandconfiguration
2023-11-27 07:02:26,302 [INFO] PluginManage:359 - Loaded plugin pinoutandconfiguration (category:base,tabindex:1)
2023-11-27 07:02:26,302 [INFO] PluginManage:310 - Check plugin pinoutconfig
2023-11-27 07:02:26,380 [WARN] SupportedApi:132 - Cannot load RTOS API schema: s4s-elt-must-match.1: The content of 'definitions' must match (annotation?, (simpleType | complexType)?, (unique | key | keyref)*)). A problem was found starting at: attribute.
2023-11-27 07:02:26,513 [INFO] PluginManage:359 - Loaded plugin pinoutconfig (category:base,tabindex:0)
2023-11-27 07:02:26,513 [INFO] PluginManage:310 - Check plugin power
2023-11-27 07:02:26,524 [INFO] PluginManage:359 - Loaded plugin power (category:power,tabindex:4)
2023-11-27 07:02:26,524 [INFO] PluginManage:310 - Check plugin projectmanager
2023-11-27 07:02:26,551 [INFO] PluginManage:359 - Loaded plugin projectmanager (category:projectmanager,tabindex:3)
2023-11-27 07:02:26,551 [INFO] PluginManage:310 - Check plugin thirdparty
2023-11-27 07:02:26,729 [INFO] PluginManage:359 - Loaded plugin thirdparty (category:base,tabindex:-1)
2023-11-27 07:02:26,728 [WARN] IntegrityCheckThread:84 - waiting for thirdparty lock release [integrity check]
2023-11-27 07:02:26,729 [INFO] IntegrityCheckThread:86 - entering critical section [integrity check]
2023-11-27 07:02:26,729 [INFO] PluginManage:310 - Check plugin tools
2023-11-27 07:02:26,730 [INFO] ThirdPartyUpdaterWithRetryManager:70 - Updater plugin not ready yet. [1/15]
2023-11-27 07:02:26,732 [INFO] PluginManage:359 - Loaded plugin tools (category:base,tabindex:7)
2023-11-27 07:02:26,732 [INFO] PluginManage:310 - Check plugin tutovideos
2023-11-27 07:02:26,923 [INFO] PluginManage:359 - Loaded plugin tutovideos (category:base,tabindex:-1)
2023-11-27 07:02:26,925 [INFO] PluginManage:310 - Check plugin updater
2023-11-27 07:02:26,948 [INFO] PluginManage:359 - Loaded plugin updater (category:base,tabindex:12)
2023-11-27 07:02:26,949 [INFO] PluginManage:310 - Check plugin userauth
2023-11-27 07:02:26,955 [INFO] UserAuth:113 - Init User Auth plugin
2023-11-27 07:02:26,956 [INFO] PluginManage:359 - Loaded plugin userauth (category:base,tabindex:14)
2023-11-27 07:02:26,956 [INFO] PluginManage:283 - PluginManage : Loaded plugins [17]
2023-11-27 07:02:27,225 [INFO] PinOutPanel:1499 - setPackage(No Configuration,No Configuration)
2023-11-27 07:02:27,318 [INFO] CADModel:165 - CPN selected for project level
2023-11-27 07:02:27,318 [INFO] CADModel:114 - Register for checkConnection events
2023-11-27 07:02:27,331 [INFO] IPUIPlugin:80 - create IPUIPlugin
2023-11-27 07:02:27,332 [INFO] PluginManager:220 - loadIPPluginJar : add mdma
2023-11-27 07:02:27,336 [INFO] IPUIPlugin:80 - create IPUIPlugin
2023-11-27 07:02:27,337 [INFO] PluginManager:220 - loadIPPluginJar : add freertos
2023-11-27 07:02:27,340 [INFO] IPUIPlugin:80 - create IPUIPlugin
2023-11-27 07:02:27,340 [INFO] PluginManager:220 - loadIPPluginJar : add gic
2023-11-27 07:02:27,359 [INFO] IPUIPlugin:80 - create IPUIPlugin
2023-11-27 07:02:27,360 [INFO] PluginManager:220 - loadIPPluginJar : add adc
2023-11-27 07:02:27,363 [INFO] IPUIPlugin:80 - create IPUIPlugin
2023-11-27 07:02:27,363 [INFO] PluginManager:220 - loadIPPluginJar : add gtzc
2023-11-27 07:02:27,364 [INFO] IPUIPlugin:80 - create IPUIPlugin
2023-11-27 07:02:27,364 [INFO] PluginManager:220 - loadIPPluginJar : add quadspi
2023-11-27 07:02:27,367 [INFO] IPUIPlugin:80 - create IPUIPlugin
2023-11-27 07:02:27,367 [INFO] PluginManager:220 - loadIPPluginJar : add aes
2023-11-27 07:02:27,379 [INFO] IPUIPlugin:80 - create IPUIPlugin
2023-11-27 07:02:27,379 [INFO] PluginManager:220 - loadIPPluginJar : add pdm2pcm
2023-11-27 07:02:27,383 [INFO] IPUIPlugin:80 - create IPUIPlugin
2023-11-27 07:02:27,383 [INFO] PluginManager:220 - loadIPPluginJar : add hash
2023-11-27 07:02:27,385 [INFO] IPUIPlugin:80 - create IPUIPlugin
2023-11-27 07:02:27,386 [INFO] PluginManager:220 - loadIPPluginJar : add tim
2023-11-27 07:02:27,386 [INFO] IPUIPlugin:80 - create IPUIPlugin
2023-11-27 07:02:27,386 [INFO] PluginManager:220 - loadIPPluginJar : add tsc
2023-11-27 07:02:27,388 [INFO] IPUIPlugin:80 - create IPUIPlugin
2023-11-27 07:02:27,388 [INFO] PluginManager:220 - loadIPPluginJar : add ts
2023-11-27 07:02:27,390 [INFO] IPUIPlugin:80 - create IPUIPlugin
2023-11-27 07:02:27,390 [INFO] PluginManager:220 - loadIPPluginJar : add can
2023-11-27 07:02:27,392 [INFO] IPUIPlugin:80 - create IPUIPlugin
2023-11-27 07:02:27,393 [INFO] PluginManager:220 - loadIPPluginJar : add dma3
2023-11-27 07:02:27,395 [INFO] IPUIPlugin:80 - create IPUIPlugin
2023-11-27 07:02:27,395 [INFO] PluginManager:220 - loadIPPluginJar : add dfsdm
2023-11-27 07:02:27,397 [INFO] IPUIPlugin:80 - create IPUIPlugin
2023-11-27 07:02:27,397 [INFO] PluginManager:220 - loadIPPluginJar : add spi
2023-11-27 07:02:27,398 [INFO] IPUIPlugin:80 - create IPUIPlugin
2023-11-27 07:02:27,398 [INFO] PluginManager:220 - loadIPPluginJar : add gfxmmu
2023-11-27 07:02:27,399 [INFO] IPUIPlugin:80 - create IPUIPlugin
2023-11-27 07:02:27,399 [INFO] PluginManager:220 - loadIPPluginJar : add genericplugin
2023-11-27 07:02:27,400 [INFO] IPUIPlugin:80 - create IPUIPlugin
2023-11-27 07:02:27,400 [INFO] PluginManager:220 - loadIPPluginJar : add cryp
2023-11-27 07:02:27,402 [INFO] IPUIPlugin:80 - create IPUIPlugin
2023-11-27 07:02:27,402 [INFO] PluginManager:220 - loadIPPluginJar : add gpio
2023-11-27 07:02:27,402 [INFO] IPUIPlugin:80 - create IPUIPlugin
2023-11-27 07:02:27,403 [INFO] PluginManager:220 - loadIPPluginJar : add comp
2023-11-27 07:02:27,405 [INFO] IPUIPlugin:80 - create IPUIPlugin
2023-11-27 07:02:27,405 [INFO] PluginManager:220 - loadIPPluginJar : add tracer_emb
2023-11-27 07:02:27,407 [INFO] IPUIPlugin:80 - create IPUIPlugin
2023-11-27 07:02:27,407 [INFO] PluginManager:220 - loadIPPluginJar : add openamp
2023-11-27 07:02:27,411 [INFO] IPUIPlugin:80 - create IPUIPlugin
2023-11-27 07:02:27,411 [INFO] PluginManager:220 - loadIPPluginJar : add stm32_wpan
2023-11-27 07:02:27,415 [INFO] IPUIPlugin:80 - create IPUIPlugin
2023-11-27 07:02:27,420 [INFO] PluginManager:220 - loadIPPluginJar : add plateformsettings
2023-11-27 07:02:27,422 [INFO] IPUIPlugin:80 - create IPUIPlugin
2023-11-27 07:02:27,423 [INFO] PluginManager:220 - loadIPPluginJar : add ipddr
2023-11-27 07:02:27,424 [INFO] IPUIPlugin:80 - create IPUIPlugin
2023-11-27 07:02:27,424 [INFO] PluginManager:220 - loadIPPluginJar : add usart
2023-11-27 07:02:27,425 [INFO] IPUIPlugin:80 - create IPUIPlugin
2023-11-27 07:02:27,425 [INFO] PluginManager:220 - loadIPPluginJar : add ltdc
2023-11-27 07:02:27,428 [INFO] IPUIPlugin:80 - create IPUIPlugin
2023-11-27 07:02:27,428 [INFO] PluginManager:220 - loadIPPluginJar : add nvic
2023-11-27 07:02:27,429 [INFO] IPUIPlugin:80 - create IPUIPlugin
2023-11-27 07:02:27,429 [INFO] PluginManager:220 - loadIPPluginJar : add fatfs
2023-11-27 07:02:27,435 [INFO] IPUIPlugin:80 - create IPUIPlugin
2023-11-27 07:02:27,435 [INFO] PluginManager:220 - loadIPPluginJar : add linkedlist
2023-11-27 07:02:27,439 [INFO] IPUIPlugin:80 - create IPUIPlugin
2023-11-27 07:02:27,439 [INFO] PluginManager:220 - loadIPPluginJar : add dma
2023-11-27 07:02:27,442 [INFO] IPUIPlugin:80 - create IPUIPlugin
2023-11-27 07:02:27,442 [INFO] PluginManager:220 - loadIPPluginJar : add fmc
2023-11-27 07:02:27,443 [INFO] IPUIPlugin:80 - create IPUIPlugin
2023-11-27 07:02:27,444 [INFO] PluginManager:220 - loadIPPluginJar : add i2s
2023-11-27 07:02:27,445 [INFO] IPUIPlugin:80 - create IPUIPlugin
2023-11-27 07:02:27,445 [INFO] PluginManager:220 - loadIPPluginJar : add ucpd
2023-11-27 07:02:27,446 [INFO] IPUIPlugin:80 - create IPUIPlugin
2023-11-27 07:02:27,446 [INFO] PluginManager:220 - loadIPPluginJar : add lorawan
2023-11-27 07:02:27,447 [INFO] IPUIPlugin:80 - create IPUIPlugin
2023-11-27 07:02:27,447 [INFO] PluginManager:220 - loadIPPluginJar : add opamp
2023-11-27 07:02:27,449 [INFO] IPUIPlugin:80 - create IPUIPlugin
2023-11-27 07:02:27,449 [INFO] PluginManager:220 - loadIPPluginJar : add i3c
2023-11-27 07:02:27,450 [INFO] IPUIPlugin:80 - create IPUIPlugin
2023-11-27 07:02:27,451 [INFO] PluginManager:220 - loadIPPluginJar : add touchsensing
2023-11-27 07:02:27,452 [INFO] IPUIPlugin:80 - create IPUIPlugin
2023-11-27 07:02:27,452 [INFO] PluginManager:220 - loadIPPluginJar : add i2c
2023-11-27 07:02:27,457 [INFO] IPUIPlugin:80 - create IPUIPlugin
2023-11-27 07:02:27,457 [INFO] PluginManager:220 - loadIPPluginJar : add resmgrutility
2023-11-27 07:02:27,459 [INFO] IPUIPlugin:80 - create IPUIPlugin
2023-11-27 07:02:27,459 [INFO] PluginManager:220 - loadIPPluginJar : add sai
2023-11-27 07:02:27,461 [INFO] IPUIPlugin:80 - create IPUIPlugin
2023-11-27 07:02:27,461 [INFO] PluginManager:220 - loadIPPluginJar : add usbx
2023-11-27 07:02:27,590 [INFO] CADModel:165 - CPN selected for project level
2023-11-27 07:02:27,591 [INFO] CADModel:114 - Register for checkConnection events
2023-11-27 07:02:27,592 [FATAL] Updater:308 - Updater called before beeing initialized
2023-11-27 07:02:27,592 [ERROR] CADModel:125 - Updater not yet initialized, retry later 
2023-11-27 07:02:27,931 [INFO] CADModel:165 - CPN selected for project level
2023-11-27 07:02:27,931 [INFO] CADModel:114 - Register for checkConnection events
2023-11-27 07:02:27,932 [FATAL] Updater:308 - Updater called before beeing initialized
2023-11-27 07:02:27,932 [ERROR] CADModel:125 - Updater not yet initialized, retry later 
2023-11-27 07:02:27,934 [FATAL] Updater:308 - Updater called before beeing initialized
2023-11-27 07:02:28,088 [FATAL] Updater:308 - Updater called before beeing initialized
2023-11-27 07:02:28,094 [INFO] DbMcusAds:53 - JSON generation date=Tue Mar 07 03:50:55 EST 2023 (1678179055114)
2023-11-27 07:02:28,094 [FATAL] Updater:308 - Updater called before beeing initialized
2023-11-27 07:02:28,144 [WARN] DetailPanel:346 - Failed to get advertising image, set to default
2023-11-27 07:02:28,220 [FATAL] Updater:308 - Updater called before beeing initialized
2023-11-27 07:02:28,223 [FATAL] Updater:308 - Updater called before beeing initialized
2023-11-27 07:02:28,223 [FATAL] Updater:308 - Updater called before beeing initialized
2023-11-27 07:02:28,223 [WARN] DetailPanel:346 - Failed to get advertising image, set to default
2023-11-27 07:02:28,225 [FATAL] Updater:308 - Updater called before beeing initialized
2023-11-27 07:02:28,402 [ERROR] Updater:1120 - MainUpdater not yet initialized. External WinMGr cannot be set.
2023-11-27 07:02:28,450 [INFO] Updater:1056 - Updater Version found : 6.9.2
2023-11-27 07:02:28,465 [INFO] ApplicationProperties:184 - Using Application install path: /Applications/STM32CubeIDE.app/Contents/Eclipse/plugins/com.st.stm32cube.common.mx_6.9.2.202309101412
2023-11-27 07:02:28,806 [INFO] MainUpdater:2868 - connection check result : 10
2023-11-27 07:02:28,807 [INFO] MainUpdater:285 - Updater Check For Update Now.
2023-11-27 07:02:28,807 [INFO] MicroXplorer:498 - Change Database Version : DB.6.0.92
2023-11-27 07:02:28,817 [INFO] McuFinderGlobals:63 - Set McuFinder mode to 2 (CubeIDE integrated)
2023-11-27 07:02:29,062 [INFO] CheckServerUpdateThread:120 - End of CheckServer Thread
2023-11-27 07:02:29,879 [WARN] PackLoader:240 - Cannot read IP mode file for STMicroelectronics.X-CUBE-SMBUS.2.1.0
2023-11-27 07:02:30,002 [WARN] PackLoader:240 - Cannot read IP mode file for STMicroelectronics.X-CUBE-AZRTOS-F7.1.1.0
2023-11-27 07:02:30,057 [WARN] PackLoader:240 - Cannot read IP mode file for STMicroelectronics.FP-SNS-MOTENV1.4.3.2
2023-11-27 07:02:30,108 [WARN] PackLoader:240 - Cannot read IP mode file for STMicroelectronics.X-CUBE-BLE1.6.2.4
2023-11-27 07:02:30,130 [WARN] PackLoader:240 - Cannot read IP mode file for STMicroelectronics.FP-SNS-FLIGHT1.5.0.2
2023-11-27 07:02:30,161 [WARN] PackLoader:240 - Cannot read IP mode file for STMicroelectronics.X-CUBE-DISPLAY.3.0.0
2023-11-27 07:02:30,208 [WARN] PackLoader:240 - Cannot read IP mode file for STMicroelectronics.X-CUBE-BLE1.7.0.0
2023-11-27 07:02:30,233 [WARN] PackLoader:240 - Cannot read IP mode file for emotas.I-CUBE-CANOPEN.1.3.0
2023-11-27 07:02:30,245 [WARN] PackLoader:240 - Cannot read IP mode file for STMicroelectronics.X-CUBE-TOUCHGFX.4.22.0
2023-11-27 07:02:30,248 [WARN] PackLoader:240 - Cannot read IP mode file for STMicroelectronics.X-CUBE-TOUCHGFX.4.22.1
2023-11-27 07:02:30,259 [WARN] PackLoader:240 - Cannot read IP mode file for STMicroelectronics.FP-SNS-SMARTAG2.1.2.0
2023-11-27 07:02:30,292 [INFO] LogOutputStream:77 - [STDOUT_REDIRECT] 1 : Invalid condition id : UX_CORESTACK_Condition cause : null
2023-11-27 07:02:30,295 [INFO] LogOutputStream:77 - [STDOUT_REDIRECT] 1 : Invalid condition id : UX_CORESTACK_Condition cause : null
2023-11-27 07:02:30,296 [INFO] LogOutputStream:77 - [STDOUT_REDIRECT] 1 : Invalid condition id : UX_CORESTACK_Condition cause : null
2023-11-27 07:02:30,296 [INFO] LogOutputStream:77 - [STDOUT_REDIRECT] 1 : Invalid condition id : UX_CORESTACK_Condition cause : null
2023-11-27 07:02:30,296 [INFO] LogOutputStream:77 - [STDOUT_REDIRECT] 1 : Invalid condition id : UX_CORESTACK_Condition cause : null
2023-11-27 07:02:30,307 [WARN] PackLoader:240 - Cannot read IP mode file for STMicroelectronics.X-CUBE-AZRTOS-WL.2.0.0
2023-11-27 07:02:30,356 [WARN] PackLoader:240 - Cannot read IP mode file for WES.I-CUBE-Cesium.1.3.0
2023-11-27 07:02:30,390 [WARN] PackLoader:240 - Cannot read IP mode file for STMicroelectronics.X-CUBE-BLE2.3.3.0
2023-11-27 07:02:30,428 [WARN] PackLoader:240 - Cannot read IP mode file for STMicroelectronics.X-CUBE-ALGOBUILD.1.3.0
2023-11-27 07:02:30,478 [WARN] PackLoader:240 - Cannot read IP mode file for STMicroelectronics.X-CUBE-AZRTOS-G0.1.1.0
2023-11-27 07:02:30,504 [WARN] PackLoader:240 - Cannot read IP mode file for STMicroelectronics.X-CUBE-NFC4.3.0.0
2023-11-27 07:02:30,568 [WARN] PackLoader:240 - Cannot read IP mode file for STMicroelectronics.X-CUBE-BLEMGR.3.0.0
2023-11-27 07:02:30,586 [WARN] PackLoader:240 - Cannot read IP mode file for STMicroelectronics.FP-ATR-SIGFOX1.3.2.0
2023-11-27 07:02:30,668 [WARN] PackLoader:240 - Cannot read IP mode file for SEGGER.I-CUBE-embOS.1.3.1
2023-11-27 07:02:30,737 [WARN] PackLoader:240 - Cannot read IP mode file for STMicroelectronics.X-CUBE-GNSS1.6.0.0
2023-11-27 07:02:30,770 [WARN] PackLoader:240 - Cannot read IP mode file for STMicroelectronics.X-CUBE-AZRTOS-F4.1.1.0
2023-11-27 07:02:30,782 [WARN] PackLoader:240 - Cannot read IP mode file for wolfSSL.I-CUBE-wolfSSL.5.6.3
2023-11-27 07:02:30,804 [WARN] PackLoader:240 - Cannot read IP mode file for STMicroelectronics.X-CUBE-AZRTOS-L5.2.0.0
2023-11-27 07:02:30,877 [WARN] PackLoader:240 - Cannot read IP mode file for STMicroelectronics.X-CUBE-MEMS1.9.6.0
2023-11-27 07:02:31,003 [WARN] PackLoader:240 - Cannot read IP mode file for STMicroelectronics.X-CUBE-EEPRMA1.4.2.0
2023-11-27 07:02:31,015 [WARN] PackLoader:240 - Cannot read IP mode file for ITTIA_DB.I-CUBE-ITTIADB.8.8.0
2023-11-27 07:02:31,064 [WARN] PackLoader:240 - Cannot read IP mode file for STMicroelectronics.X-CUBE-BLEMGR.2.0.0
2023-11-27 07:02:31,184 [WARN] ConditionMgr:438 - getConditionDescription Invalid condition id : UX DEVICE CLASS RTOS Condition cause : null
2023-11-27 07:02:31,189 [WARN] ConditionMgr:438 - getConditionDescription Invalid condition id : UX DEVICE CLASS RTOS Condition cause : null
2023-11-27 07:02:31,201 [WARN] PackLoader:240 - Cannot read IP mode file for STMicroelectronics.X-CUBE-AZRTOS-H7.3.1.0
2023-11-27 07:02:31,211 [WARN] ConditionMgr:1039 - genDependencies : Invalid condition id : UX DEVICE CLASS RTOS Condition cause : null
2023-11-27 07:02:31,211 [WARN] ConditionMgr:1039 - genDependencies : Invalid condition id : UX DEVICE CLASS RTOS Condition cause : null
2023-11-27 07:02:31,213 [WARN] ConditionMgr:1039 - genDependencies : Invalid condition id : UX DEVICE CLASS RTOS Condition cause : null
2023-11-27 07:02:31,214 [WARN] ConditionMgr:1039 - genDependencies : Invalid condition id : UX DEVICE CLASS RTOS Condition cause : null
2023-11-27 07:02:31,214 [WARN] ConditionMgr:1039 - genDependencies : Invalid condition id : UX DEVICE CLASS RTOS Condition cause : null
2023-11-27 07:02:31,255 [WARN] PackLoader:240 - Cannot read IP mode file for STMicroelectronics.X-CUBE-NFC7.1.0.1
2023-11-27 07:02:31,275 [WARN] PackLoader:240 - Cannot read IP mode file for STMicroelectronics.X-CUBE-NFC6.3.0.0
2023-11-27 07:02:31,285 [WARN] PackLoader:240 - Cannot read IP mode file for STMicroelectronics.X-CUBE-EEPRMA1.4.1.0
2023-11-27 07:02:31,291 [WARN] PackLoader:240 - Cannot read IP mode file for STMicroelectronics.X-CUBE-AI.8.1.0
2023-11-27 07:02:31,318 [WARN] ConditionMgr:438 - getConditionDescription Invalid condition id : LAN8742 Phy interface Condition cause : null
2023-11-27 07:02:31,319 [WARN] PackLoader:240 - Cannot read IP mode file for STMicroelectronics.X-CUBE-AZRTOS-L4.2.0.0
2023-11-27 07:02:31,323 [WARN] ConditionMgr:1039 - genDependencies : Invalid condition id : LAN8742 Phy interface Condition cause : null
2023-11-27 07:02:31,323 [WARN] ConditionMgr:1039 - genDependencies : Invalid condition id : LAN8742 Phy interface Condition cause : null
2023-11-27 07:02:31,324 [WARN] ConditionMgr:1039 - genDependencies : Invalid condition id : LAN8742 Phy interface Condition cause : null
2023-11-27 07:02:31,334 [WARN] PackLoader:240 - Cannot read IP mode file for STMicroelectronics.X-CUBE-SFXS2LP1.4.0.0
2023-11-27 07:02:31,348 [WARN] PackLoader:240 - Cannot read IP mode file for STMicroelectronics.X-CUBE-ISPU.1.1.0
2023-11-27 07:02:31,366 [WARN] ConditionMgr:438 - getConditionDescription Invalid condition id : UX DEVICE CLASS RTOS Condition cause : null
2023-11-27 07:02:31,367 [WARN] ConditionMgr:438 - getConditionDescription Invalid condition id : UX DEVICE CLASS RTOS Condition cause : null
2023-11-27 07:02:31,371 [WARN] PackLoader:240 - Cannot read IP mode file for STMicroelectronics.X-CUBE-AZRTOS-WB.2.0.0
2023-11-27 07:02:31,373 [WARN] ConditionMgr:1039 - genDependencies : Invalid condition id : UX DEVICE CLASS RTOS Condition cause : null
2023-11-27 07:02:31,373 [WARN] ConditionMgr:1039 - genDependencies : Invalid condition id : UX DEVICE CLASS RTOS Condition cause : null
2023-11-27 07:02:31,374 [WARN] ConditionMgr:1039 - genDependencies : Invalid condition id : UX DEVICE CLASS RTOS Condition cause : null
2023-11-27 07:02:31,374 [WARN] ConditionMgr:1039 - genDependencies : Invalid condition id : UX DEVICE CLASS RTOS Condition cause : null
2023-11-27 07:02:31,374 [WARN] ConditionMgr:1039 - genDependencies : Invalid condition id : UX DEVICE CLASS RTOS Condition cause : null
2023-11-27 07:02:31,381 [WARN] PackLoader:240 - Cannot read IP mode file for STMicroelectronics.X-CUBE-FREERTOS.1.0.1
2023-11-27 07:02:31,407 [WARN] PackLoader:240 - Cannot read IP mode file for STMicroelectronics.X-CUBE-AZRTOS-L5.1.1.0
2023-11-27 07:02:31,438 [WARN] PackLoader:240 - Cannot read IP mode file for STMicroelectronics.X-CUBE-SUBG2.5.0.0
2023-11-27 07:02:31,471 [WARN] PackLoader:240 - Cannot read IP mode file for STMicroelectronics.X-CUBE-TOF1.3.3.1
2023-11-27 07:02:31,496 [WARN] PackLoader:240 - Cannot read IP mode file for STMicroelectronics.X-CUBE-AZRTOS-G4.2.0.0
2023-11-27 07:02:31,518 [WARN] PackLoader:240 - Cannot read IP mode file for Infineon.AIROC-Wi-Fi-Bluetooth-STM32.1.5.1
2023-11-27 07:02:31,533 [WARN] PackLoader:240 - Cannot read IP mode file for STMicroelectronics.FP-SNS-MOTENVWB1.1.3.0
2023-11-27 07:02:31,598 [WARN] PackLoader:240 - Cannot read IP mode file for STMicroelectronics.X-CUBE-MEMS1.10.0.0
2023-11-27 07:02:32,777 [WARN] PackLoader:240 - Cannot read IP mode file for STMicroelectronics.X-CUBE-FREERTOS.1.1.0
2023-11-27 07:02:32,801 [WARN] PackLoader:240 - Cannot read IP mode file for portGmbH.I-Cube-SoM-uGOAL.1.1.0
2023-11-27 07:02:32,813 [WARN] PackLoader:240 - Cannot read IP mode file for STMicroelectronics.X-CUBE-ALS.1.0.1
2023-11-27 07:02:32,838 [WARN] PackLoader:240 - Cannot read IP mode file for STMicroelectronics.X-CUBE-AZRTOS-WB.1.1.0
2023-11-27 07:02:32,848 [WARN] PackLoader:240 - Cannot read IP mode file for STMicroelectronics.FP-ATR-ASTRA1.2.0.0
2023-11-27 07:02:32,876 [WARN] PackLoader:240 - Cannot read IP mode file for STMicroelectronics.X-CUBE-TOF1.3.4.0
2023-11-27 07:02:32,885 [INFO] ThirdParty:978 - Integrity check success = true
2023-11-27 07:02:32,885 [INFO] IntegrityCheckThread:100 - exiting critical section [integrity check]
2023-11-27 07:02:32,885 [INFO] IntegrityCheckThread:103 - End integrity checks thread
2023-11-27 07:02:45,148 [ERROR] LogOutputStream:75 - [STDERR_REDIRECT] SLF4J: Failed to load class "org.slf4j.impl.StaticLoggerBinder".
2023-11-27 07:02:45,155 [ERROR] LogOutputStream:75 - [STDERR_REDIRECT] SLF4J: Defaulting to no-operation (NOP) logger implementation
2023-11-27 07:02:45,155 [ERROR] LogOutputStream:75 - [STDERR_REDIRECT] SLF4J: See http://www.slf4j.org/codes.html#StaticLoggerBinder for further details.
2023-11-27 07:21:42,531 [INFO] McuFinderGlobals:63 - Set McuFinder mode to 2 (CubeIDE integrated)
2023-11-27 07:21:42,549 [INFO] MainUpdater:2868 - connection check result : 10
2023-11-27 07:21:43,507 [INFO] ApiDb:581 - Connected to CubeFinder SQLite database (/Users/dilnozabobokalonova/.stmcufinder/plugins/mcufinder/mcu/cube-finder-db.db)
2023-11-27 07:21:43,589 [INFO] ApiDb:668 - CubeFinder database Data Model version=2.1
2023-11-27 07:21:43,591 [INFO] ApiDb:669 - CubeFinder database Configuration version=3.0.39
2023-11-27 07:21:43,601 [INFO] ApiDb:670 - CubeFinder database generation date=2023-11-06 (1699269565)
2023-11-27 07:21:43,601 [INFO] ApiDb:671 - CubeFinder database FW Pack versions=[FP-ATR-ASTRA1_V2.0.0, FP-SNS-FLIGHT1_V5.0.1, FP-SNS-FLIGHT1_V5.0.2, FP-SNS-MOTENV1_V4.3.1, FP-SNS-MOTENV1_V4.3.2, FP-SNS-MOTENVWB1_V1.3.0, FP-SNS-SMARTAG2_V1.2.0, STM32Cube_FW_C0_V1.1.0, STM32Cube_FW_F4_V1.28.0, STM32Cube_FW_F7_V1.17.0, STM32Cube_FW_G0_V1.6.1, STM32Cube_FW_G4_V1.5.1, STM32Cube_FW_H5_V0.5.1, STM32Cube_FW_H5_V1.1.1, STM32Cube_FW_H5_V1.2.0RC2, STM32Cube_FW_H7_V1.11.0, STM32Cube_FW_L0_V1.12.2, STM32Cube_FW_L5_V1.5.0, STM32Cube_FW_U5_V1.3.0RC4, STM32Cube_FW_U5_V1.4.0, STM32Cube_FW_WBA_V1.0.0RC1, STM32Cube_FW_WBA_V1.1.0RC1, STM32Cube_FW_WBA_V1.2.0, STM32Cube_FW_WBA_V1.2.0RC2, STM32Cube_FW_WB_V1.15.0RC1, STM32Cube_FW_WB_V1.16.0, STM32Cube_FW_WB_V1.16.0RC2, STM32Cube_FW_WB_V1.18.0, STM32Cube_FW_WL_V1.3.0, X-CUBE-ALGOBUILD_V1.3.0, X-CUBE-ALS_V1.0.1, X-CUBE-AZRTOS-F4_V1.1.0, X-CUBE-AZRTOS-F7_V1.1.0, X-CUBE-AZRTOS-G0_V1.1.0, X-CUBE-AZRTOS-G4_V2.0.0, X-CUBE-AZRTOS-H7_V3.1.0, X-CUBE-AZRTOS-L4_V1.0.0, X-CUBE-AZRTOS-L4_V2.0.0, X-CUBE-AZRTOS-L5_V1.1.0, X-CUBE-AZRTOS-WB_V2.0.0, X-CUBE-AZRTOS-WL_V2.0.0, X-CUBE-BLE1_V7.0.0, X-CUBE-BLE2_V3.3.0, X-CUBE-BLEMGR_V2.0.0, X-CUBE-EEPRMA1_V4.1.0, X-CUBE-EEPRMA1_V4.2.0, X-CUBE-FREERTOS_V1.1.0, X-CUBE-GNSS1_V6.0.0, X-CUBE-MEMS1_V10.0.0, X-CUBE-MEMS1_V9.1.0, X-CUBE-MEMS1_V9.4.0, X-CUBE-MEMS1_V9.6.0, X-CUBE-NFC4_V3.0.0, X-CUBE-NFC7_V1.0.1, X-CUBE-SFXS2LP1_V4.0.0, X-CUBE-SUBG2_V5.0.0, X-CUBE-TOF1_V3.3.1]
2023-11-27 07:21:43,721 [INFO] DbBoardsSqlite:226 - include board P-NUCLEO-WB55-NUCLEO as a kit item of type 'Nucleo-64'
2023-11-27 07:21:43,722 [INFO] DbBoardsSqlite:226 - include board P-NUCLEO-WB55-USBDONGLE as a kit item of type 'Nucleo USB Dongle'
2023-11-27 07:21:43,723 [INFO] DbBoardsSqlite:226 - include board STEVAL-IDP005V1 as a kit item of type 'Evaluation Board'
2023-11-27 07:21:43,723 [INFO] DbBoardsSqlite:226 - include board STEVAL-IDP005V2 as a kit item of type 'Evaluation Board'
2023-11-27 07:21:43,830 [INFO] ApiDb:240 - Found 323 in-development CPN: [B-G473E-ZEST1S, B-WB1M-WPAN1, B-WL5M-SUBG1, NUCLEO-C031C6, NUCLEO-H503RB, NUCLEO-H563ZI, NUCLEO-U545RE-Q, NUCLEO-U5A5ZJ-Q, NUCLEO-WBA52CG, STEVAL-PROTEUS1, STEVAL-SMARTAG2, STEVAL-STWINBX1, STM320518-EVAL, STM32C0116-DK, STM32C011D6Y3TR, STM32C011D6Y6TR, STM32C011F4P3, STM32C011F4P6, STM32C011F4U3, STM32C011F4U6TR, STM32C011F6P3, STM32C011F6P6, STM32C011F6U3, STM32C011F6U6TR, STM32C011J4M3, STM32C011J4M6, STM32C011J6M3, STM32C011J6M6, STM32C0316-DK, STM32C031C4T3, STM32C031C4T6, STM32C031C4U3, STM32C031C4U6, STM32C031C6T3, STM32C031C6T6, STM32C031C6U3, STM32C031C6U6, STM32C031F4P3, STM32C031F4P6, STM32C031F6P3, STM32C031F6P6, STM32C031G4U3, STM32C031G4U6, STM32C031G6U3, STM32C031G6U6, STM32C031K4T3, STM32C031K4T6, STM32C031K4U3, STM32C031K4U6, STM32C031K6T3, STM32C031K6T6, STM32C031K6U3, STM32C031K6U6, STM32G071K8TXN, STM32G071K8UXN, STM32G081GBU6N, STM32G081KBT6N, STM32G081KBUXN, STM32G0B1CCT6N, STM32G0B1KCT6, STM32G0B1NEY6TR, STM32G0B1RCT6N, STM32G0C1CCT6, STM32G0C1CCT6N, STM32G0C1CCU6N, STM32G0C1CET6N, STM32G0C1CEU6N, STM32G0C1KCT6, STM32G0C1NEY6TR, STM32G0C1RCI6N, STM32G0C1RCT6N, STM32G0C1REI6N, STM32G0C1RET6N, STM32G0C1VCI6, STM32G0C1VEI6, STM32G471CCT6, STM32G471CCU6, STM32G471CET3, STM32G471CET6, STM32G471CEU3, STM32G471CEU6, STM32G471MCT6, STM32G471MET3, STM32G471MET6, STM32G471MEY6TR, STM32G471QCT6, STM32G471QET3, STM32G471RCT6, STM32G471RET3, STM32G471RET6, STM32G471VCH6, STM32G471VCI6, STM32G471VCT6, STM32G471VEH3, STM32G471VEH6, STM32G471VEI3, STM32G471VEI6, STM32G471VET3, STM32G471VET6, STM32G474CCT6, STM32H503CBT6, STM32H503CBU6, STM32H503EBY6TR, STM32H503KBU6, STM32H503RBT6, STM32H562AGI6, STM32H562AII6, STM32H562IGK6, STM32H562IGT6, STM32H562IIK6, STM32H562IIT6, STM32H562RGT6, STM32H562RGV6, STM32H562RIT6, STM32H562RIV6, STM32H562VGT6, STM32H562VIT6, STM32H562ZGT6, STM32H562ZIT6, STM32H563AGI6, STM32H563AII3Q, STM32H563AII6, STM32H563IGK6, STM32H563IGT6, STM32H563IIK3Q, STM32H563IIK6, STM32H563IIT3Q, STM32H563IIT6, STM32H563MIY3QTR, STM32H563RGT6, STM32H563RGV6, STM32H563RIT6, STM32H563RIV6, STM32H563VGT6, STM32H563VIT3Q, STM32H563VIT6, STM32H563ZGT6, STM32H563ZIT3Q, STM32H563ZIT6, STM32H573AII3Q, STM32H573AII6, STM32H573I-DK, STM32H573IIK3Q, STM32H573IIK6, STM32H573IIT3Q, STM32H573IIT6, STM32H573MIY3QTR, STM32H573RIT6, STM32H573RIV6, STM32H573VIT3Q, STM32H573VIT6, STM32H573ZIT3Q, STM32H573ZIT6, STM32L4R5QGI6STR, STM32MP131AAE3, STM32MP131AAF3, STM32MP131AAG3, STM32MP131CAE3, STM32MP131CAF3, STM32MP131CAG3, STM32MP131DAE7, STM32MP131DAF7, STM32MP131DAG7, STM32MP131FAE7, STM32MP131FAF7, STM32MP131FAG7, STM32MP133AAE3, STM32MP133AAF3, STM32MP133AAG3, STM32MP133CAE3, STM32MP133CAF3, STM32MP133CAG3, STM32MP133DAE7, STM32MP133DAF7, STM32MP133DAG7, STM32MP133FAE7, STM32MP133FAF7, STM32MP133FAG7, STM32MP135AAE3, STM32MP135AAF3, STM32MP135AAG3, STM32MP135CAE3, STM32MP135CAF3, STM32MP135CAG3, STM32MP135DAE7, STM32MP135DAF7, STM32MP135DAG7, STM32MP135F-DK, STM32MP135FAE7, STM32MP135FAF7, STM32MP135FAF7T, STM32MP135FAF7U, STM32MP135FAG7, STM32U535CBT6, STM32U535CBT6Q, STM32U535CBU6, STM32U535CBU6Q, STM32U535CCT6, STM32U535CCT6Q, STM32U535CCU6, STM32U535CCU6Q, STM32U535CET6, STM32U535CET6Q, STM32U535CEU6, STM32U535CEU6Q, STM32U535JEY6QTR, STM32U535NCY6QTR, STM32U535NEY6QTR, STM32U535RBI6, STM32U535RBI6Q, STM32U535RBT6, STM32U535RBT6Q, STM32U535RCI6, STM32U535RCI6Q, STM32U535RCT6, STM32U535RCT6Q, STM32U535REI6, STM32U535REI6Q, STM32U535RET6, STM32U535RET6Q, STM32U535VCI6, STM32U535VCI6Q, STM32U535VCT6, STM32U535VCT6Q, STM32U535VEI6, STM32U535VEI6Q, STM32U535VET6, STM32U535VET6Q, STM32U545CET6, STM32U545CET6Q, STM32U545CEU6, STM32U545CEU6Q, STM32U545JEY6QTR, STM32U545NEY6QTR, STM32U545REI6, STM32U545REI6Q, STM32U545RET6, STM32U545RET6Q, STM32U545VEI6, STM32U545VEI6Q, STM32U545VET6, STM32U545VET6Q, STM32U595AIH6, STM32U595AIH6Q, STM32U595AJH6, STM32U595AJH6Q, STM32U595QII6, STM32U595QII6Q, STM32U595QJI6, STM32U595QJI6Q, STM32U595RIT6, STM32U595RIT6Q, STM32U595RJT6, STM32U595RJT6Q, STM32U595VIT6, STM32U595VIT6Q, STM32U595VJT6, STM32U595VJT6Q, STM32U595ZIT6, STM32U595ZIT6Q, STM32U595ZIY6QTR, STM32U595ZJT6, STM32U595ZJT6Q, STM32U595ZJY6QTR, STM32U599BJY6QTR, STM32U599NIH6Q, STM32U599NJH6Q, STM32U599VIT6Q, STM32U599VJT6, STM32U599VJT6Q, STM32U599ZIT6Q, STM32U599ZIY6QTR, STM32U599ZJT6Q, STM32U599ZJY6QTR, STM32U5A5AJH6, STM32U5A5AJH6Q, STM32U5A5QJI6, STM32U5A5QJI6Q, STM32U5A5RJT6, STM32U5A5RJT6Q, STM32U5A5VJT6, STM32U5A5VJT6Q, STM32U5A5ZJT6, STM32U5A5ZJT6Q, STM32U5A5ZJY6QTR, STM32U5A9BJY6QTR, STM32U5A9J-DK, STM32U5A9NJH6Q, STM32U5A9VJT6Q, STM32U5A9ZJT6Q, STM32U5A9ZJY6QTR, STM32U5F7VIT6, STM32U5F7VIT6Q, STM32U5F7VJT6, STM32U5F7VJT6Q, STM32U5F9BJY6QTR, STM32U5F9NJH6Q, STM32U5F9VIT6Q, STM32U5F9VJT6Q, STM32U5F9ZIJ6QTR, STM32U5F9ZIT6Q, STM32U5F9ZJJ6QTR, STM32U5F9ZJT6Q, STM32U5G7VJT6, STM32U5G7VJT6Q, STM32U5G9BJY6QTR, STM32U5G9J-DK1, STM32U5G9J-DK2, STM32U5G9NJH6Q, STM32U5G9VJT6Q, STM32U5G9ZJJ6QTR, STM32U5G9ZJT6Q, STM32WB1MMCH6, STM32WBA52CEU6, STM32WBA52CEU6T, STM32WBA52CGU6, STM32WBA52CGU6T, STM32WBA52KEU6, STM32WBA52KEU6T, STM32WBA52KGU6, STM32WBA52KGU6T, STM32WL5MOCH6, STM32WL5MOCH6TR]
2023-11-27 07:21:43,834 [INFO] ApiDb:668 - CubeFinder database Data Model version=2.1
2023-11-27 07:21:43,834 [INFO] ApiDb:669 - CubeFinder database Configuration version=3.0.39
2023-11-27 07:21:43,834 [INFO] ApiDb:670 - CubeFinder database generation date=2023-11-06 (1699269565)
2023-11-27 07:21:43,835 [INFO] ApiDb:671 - CubeFinder database FW Pack versions=[FP-ATR-ASTRA1_V2.0.0, FP-SNS-FLIGHT1_V5.0.1, FP-SNS-FLIGHT1_V5.0.2, FP-SNS-MOTENV1_V4.3.1, FP-SNS-MOTENV1_V4.3.2, FP-SNS-MOTENVWB1_V1.3.0, FP-SNS-SMARTAG2_V1.2.0, STM32Cube_FW_C0_V1.1.0, STM32Cube_FW_F4_V1.28.0, STM32Cube_FW_F7_V1.17.0, STM32Cube_FW_G0_V1.6.1, STM32Cube_FW_G4_V1.5.1, STM32Cube_FW_H5_V0.5.1, STM32Cube_FW_H5_V1.1.1, STM32Cube_FW_H5_V1.2.0RC2, STM32Cube_FW_H7_V1.11.0, STM32Cube_FW_L0_V1.12.2, STM32Cube_FW_L5_V1.5.0, STM32Cube_FW_U5_V1.3.0RC4, STM32Cube_FW_U5_V1.4.0, STM32Cube_FW_WBA_V1.0.0RC1, STM32Cube_FW_WBA_V1.1.0RC1, STM32Cube_FW_WBA_V1.2.0, STM32Cube_FW_WBA_V1.2.0RC2, STM32Cube_FW_WB_V1.15.0RC1, STM32Cube_FW_WB_V1.16.0, STM32Cube_FW_WB_V1.16.0RC2, STM32Cube_FW_WB_V1.18.0, STM32Cube_FW_WL_V1.3.0, X-CUBE-ALGOBUILD_V1.3.0, X-CUBE-ALS_V1.0.1, X-CUBE-AZRTOS-F4_V1.1.0, X-CUBE-AZRTOS-F7_V1.1.0, X-CUBE-AZRTOS-G0_V1.1.0, X-CUBE-AZRTOS-G4_V2.0.0, X-CUBE-AZRTOS-H7_V3.1.0, X-CUBE-AZRTOS-L4_V1.0.0, X-CUBE-AZRTOS-L4_V2.0.0, X-CUBE-AZRTOS-L5_V1.1.0, X-CUBE-AZRTOS-WB_V2.0.0, X-CUBE-AZRTOS-WL_V2.0.0, X-CUBE-BLE1_V7.0.0, X-CUBE-BLE2_V3.3.0, X-CUBE-BLEMGR_V2.0.0, X-CUBE-EEPRMA1_V4.1.0, X-CUBE-EEPRMA1_V4.2.0, X-CUBE-FREERTOS_V1.1.0, X-CUBE-GNSS1_V6.0.0, X-CUBE-MEMS1_V10.0.0, X-CUBE-MEMS1_V9.1.0, X-CUBE-MEMS1_V9.4.0, X-CUBE-MEMS1_V9.6.0, X-CUBE-NFC4_V3.0.0, X-CUBE-NFC7_V1.0.1, X-CUBE-SFXS2LP1_V4.0.0, X-CUBE-SUBG2_V5.0.0, X-CUBE-TOF1_V3.3.1]
2023-11-27 07:21:45,067 [INFO] ApiDb:240 - Found 323 in-development CPN: [B-G473E-ZEST1S, B-WB1M-WPAN1, B-WL5M-SUBG1, NUCLEO-C031C6, NUCLEO-H503RB, NUCLEO-H563ZI, NUCLEO-U545RE-Q, NUCLEO-U5A5ZJ-Q, NUCLEO-WBA52CG, STEVAL-PROTEUS1, STEVAL-SMARTAG2, STEVAL-STWINBX1, STM320518-EVAL, STM32C0116-DK, STM32C011D6Y3TR, STM32C011D6Y6TR, STM32C011F4P3, STM32C011F4P6, STM32C011F4U3, STM32C011F4U6TR, STM32C011F6P3, STM32C011F6P6, STM32C011F6U3, STM32C011F6U6TR, STM32C011J4M3, STM32C011J4M6, STM32C011J6M3, STM32C011J6M6, STM32C0316-DK, STM32C031C4T3, STM32C031C4T6, STM32C031C4U3, STM32C031C4U6, STM32C031C6T3, STM32C031C6T6, STM32C031C6U3, STM32C031C6U6, STM32C031F4P3, STM32C031F4P6, STM32C031F6P3, STM32C031F6P6, STM32C031G4U3, STM32C031G4U6, STM32C031G6U3, STM32C031G6U6, STM32C031K4T3, STM32C031K4T6, STM32C031K4U3, STM32C031K4U6, STM32C031K6T3, STM32C031K6T6, STM32C031K6U3, STM32C031K6U6, STM32G071K8TXN, STM32G071K8UXN, STM32G081GBU6N, STM32G081KBT6N, STM32G081KBUXN, STM32G0B1CCT6N, STM32G0B1KCT6, STM32G0B1NEY6TR, STM32G0B1RCT6N, STM32G0C1CCT6, STM32G0C1CCT6N, STM32G0C1CCU6N, STM32G0C1CET6N, STM32G0C1CEU6N, STM32G0C1KCT6, STM32G0C1NEY6TR, STM32G0C1RCI6N, STM32G0C1RCT6N, STM32G0C1REI6N, STM32G0C1RET6N, STM32G0C1VCI6, STM32G0C1VEI6, STM32G471CCT6, STM32G471CCU6, STM32G471CET3, STM32G471CET6, STM32G471CEU3, STM32G471CEU6, STM32G471MCT6, STM32G471MET3, STM32G471MET6, STM32G471MEY6TR, STM32G471QCT6, STM32G471QET3, STM32G471RCT6, STM32G471RET3, STM32G471RET6, STM32G471VCH6, STM32G471VCI6, STM32G471VCT6, STM32G471VEH3, STM32G471VEH6, STM32G471VEI3, STM32G471VEI6, STM32G471VET3, STM32G471VET6, STM32G474CCT6, STM32H503CBT6, STM32H503CBU6, STM32H503EBY6TR, STM32H503KBU6, STM32H503RBT6, STM32H562AGI6, STM32H562AII6, STM32H562IGK6, STM32H562IGT6, STM32H562IIK6, STM32H562IIT6, STM32H562RGT6, STM32H562RGV6, STM32H562RIT6, STM32H562RIV6, STM32H562VGT6, STM32H562VIT6, STM32H562ZGT6, STM32H562ZIT6, STM32H563AGI6, STM32H563AII3Q, STM32H563AII6, STM32H563IGK6, STM32H563IGT6, STM32H563IIK3Q, STM32H563IIK6, STM32H563IIT3Q, STM32H563IIT6, STM32H563MIY3QTR, STM32H563RGT6, STM32H563RGV6, STM32H563RIT6, STM32H563RIV6, STM32H563VGT6, STM32H563VIT3Q, STM32H563VIT6, STM32H563ZGT6, STM32H563ZIT3Q, STM32H563ZIT6, STM32H573AII3Q, STM32H573AII6, STM32H573I-DK, STM32H573IIK3Q, STM32H573IIK6, STM32H573IIT3Q, STM32H573IIT6, STM32H573MIY3QTR, STM32H573RIT6, STM32H573RIV6, STM32H573VIT3Q, STM32H573VIT6, STM32H573ZIT3Q, STM32H573ZIT6, STM32L4R5QGI6STR, STM32MP131AAE3, STM32MP131AAF3, STM32MP131AAG3, STM32MP131CAE3, STM32MP131CAF3, STM32MP131CAG3, STM32MP131DAE7, STM32MP131DAF7, STM32MP131DAG7, STM32MP131FAE7, STM32MP131FAF7, STM32MP131FAG7, STM32MP133AAE3, STM32MP133AAF3, STM32MP133AAG3, STM32MP133CAE3, STM32MP133CAF3, STM32MP133CAG3, STM32MP133DAE7, STM32MP133DAF7, STM32MP133DAG7, STM32MP133FAE7, STM32MP133FAF7, STM32MP133FAG7, STM32MP135AAE3, STM32MP135AAF3, STM32MP135AAG3, STM32MP135CAE3, STM32MP135CAF3, STM32MP135CAG3, STM32MP135DAE7, STM32MP135DAF7, STM32MP135DAG7, STM32MP135F-DK, STM32MP135FAE7, STM32MP135FAF7, STM32MP135FAF7T, STM32MP135FAF7U, STM32MP135FAG7, STM32U535CBT6, STM32U535CBT6Q, STM32U535CBU6, STM32U535CBU6Q, STM32U535CCT6, STM32U535CCT6Q, STM32U535CCU6, STM32U535CCU6Q, STM32U535CET6, STM32U535CET6Q, STM32U535CEU6, STM32U535CEU6Q, STM32U535JEY6QTR, STM32U535NCY6QTR, STM32U535NEY6QTR, STM32U535RBI6, STM32U535RBI6Q, STM32U535RBT6, STM32U535RBT6Q, STM32U535RCI6, STM32U535RCI6Q, STM32U535RCT6, STM32U535RCT6Q, STM32U535REI6, STM32U535REI6Q, STM32U535RET6, STM32U535RET6Q, STM32U535VCI6, STM32U535VCI6Q, STM32U535VCT6, STM32U535VCT6Q, STM32U535VEI6, STM32U535VEI6Q, STM32U535VET6, STM32U535VET6Q, STM32U545CET6, STM32U545CET6Q, STM32U545CEU6, STM32U545CEU6Q, STM32U545JEY6QTR, STM32U545NEY6QTR, STM32U545REI6, STM32U545REI6Q, STM32U545RET6, STM32U545RET6Q, STM32U545VEI6, STM32U545VEI6Q, STM32U545VET6, STM32U545VET6Q, STM32U595AIH6, STM32U595AIH6Q, STM32U595AJH6, STM32U595AJH6Q, STM32U595QII6, STM32U595QII6Q, STM32U595QJI6, STM32U595QJI6Q, STM32U595RIT6, STM32U595RIT6Q, STM32U595RJT6, STM32U595RJT6Q, STM32U595VIT6, STM32U595VIT6Q, STM32U595VJT6, STM32U595VJT6Q, STM32U595ZIT6, STM32U595ZIT6Q, STM32U595ZIY6QTR, STM32U595ZJT6, STM32U595ZJT6Q, STM32U595ZJY6QTR, STM32U599BJY6QTR, STM32U599NIH6Q, STM32U599NJH6Q, STM32U599VIT6Q, STM32U599VJT6, STM32U599VJT6Q, STM32U599ZIT6Q, STM32U599ZIY6QTR, STM32U599ZJT6Q, STM32U599ZJY6QTR, STM32U5A5AJH6, STM32U5A5AJH6Q, STM32U5A5QJI6, STM32U5A5QJI6Q, STM32U5A5RJT6, STM32U5A5RJT6Q, STM32U5A5VJT6, STM32U5A5VJT6Q, STM32U5A5ZJT6, STM32U5A5ZJT6Q, STM32U5A5ZJY6QTR, STM32U5A9BJY6QTR, STM32U5A9J-DK, STM32U5A9NJH6Q, STM32U5A9VJT6Q, STM32U5A9ZJT6Q, STM32U5A9ZJY6QTR, STM32U5F7VIT6, STM32U5F7VIT6Q, STM32U5F7VJT6, STM32U5F7VJT6Q, STM32U5F9BJY6QTR, STM32U5F9NJH6Q, STM32U5F9VIT6Q, STM32U5F9VJT6Q, STM32U5F9ZIJ6QTR, STM32U5F9ZIT6Q, STM32U5F9ZJJ6QTR, STM32U5F9ZJT6Q, STM32U5G7VJT6, STM32U5G7VJT6Q, STM32U5G9BJY6QTR, STM32U5G9J-DK1, STM32U5G9J-DK2, STM32U5G9NJH6Q, STM32U5G9VJT6Q, STM32U5G9ZJJ6QTR, STM32U5G9ZJT6Q, STM32WB1MMCH6, STM32WBA52CEU6, STM32WBA52CEU6T, STM32WBA52CGU6, STM32WBA52CGU6T, STM32WBA52KEU6, STM32WBA52KEU6T, STM32WBA52KGU6, STM32WBA52KGU6T, STM32WL5MOCH6, STM32WL5MOCH6TR]
2023-11-27 07:21:45,075 [INFO] DbMcus:217 - Found 3882 MCUs, 3882 are supported
2023-11-27 07:21:45,076 [INFO] ApiDb:423 - Load user favorites file /Users/dilnozabobokalonova/.stm32cubeide/favorites.mcus.txt: 0 item(s)
2023-11-27 07:21:45,077 [INFO] ApiDb:427 - User favorites MCUs=[]
2023-11-27 07:21:45,077 [INFO] DbMcus:223 - Set 0 / 0 favorites MCUs
2023-11-27 07:21:45,396 [INFO] BoardInfo:880 - No configuration file found for board P-NUCLEO-WB55
2023-11-27 07:21:45,396 [INFO] DbBoards:157 - Kit is not supported: P-NUCLEO-WB55
2023-11-27 07:21:45,401 [INFO] BoardInfo:880 - No configuration file found for board STEVAL-BFA001V1B
2023-11-27 07:21:45,401 [INFO] DbBoards:157 - Kit is not supported: STEVAL-BFA001V1B
2023-11-27 07:21:45,402 [INFO] BoardInfo:880 - No configuration file found for board STEVAL-BFA001V2B
2023-11-27 07:21:45,402 [INFO] DbBoards:157 - Kit is not supported: STEVAL-BFA001V2B
2023-11-27 07:21:45,406 [INFO] BoardInfo:880 - No configuration file found for board STEVAL-MKBOXPRO
2023-11-27 07:21:45,406 [INFO] DbBoards:157 - Board is not supported: STEVAL-MKBOXPRO
2023-11-27 07:21:45,499 [INFO] DbBoards:161 - Found 191 boards, 187 are supported
2023-11-27 07:21:45,503 [INFO] ApiDb:423 - Load user favorites file /Users/dilnozabobokalonova/.stm32cubeide/favorites.boards.txt: 1 item(s)
2023-11-27 07:21:45,503 [INFO] ApiDb:427 - User favorites Boards=[STM32F3DISCOVERY]
2023-11-27 07:21:45,504 [INFO] DbBoards:190 - Set 1 / 1 favorites Boards
2023-11-27 07:21:45,505 [INFO] McuFinderGlobals:76 - Set McuFinderConnectedMode to true
2023-11-27 07:21:45,522 [INFO] MultiScanPanel:200 - Auto-refresh data requested => check proxy status ongoing
2023-11-27 07:21:45,525 [INFO] FinderPluginLoader:95 - Searching for filters in installed packs
2023-11-27 07:21:47,190 [INFO] LoadUrlFilesThread:185 - End of LoadServerUrlFiles without Thread
2023-11-27 07:21:47,219 [INFO] DetailPanel:341 - Set advertising image to /Users/dilnozabobokalonova/STM32Cube/Repository//en.prom-stm32h5-mcu-finder.jpg
2023-11-27 07:21:51,116 [INFO] MultiScanPanel:200 - Auto-refresh data requested => check proxy status ongoing
2023-11-27 07:21:51,371 [INFO] LoadUrlFilesThread:185 - End of LoadServerUrlFiles without Thread
2023-11-27 07:21:51,371 [INFO] DetailPanel:341 - Set advertising image to /Users/dilnozabobokalonova/STM32Cube/Repository//en.prom-stm32h5-mcu-finder.jpg
2023-11-27 07:21:51,398 [INFO] DbBoards:634 - Loading board mini-images...
2023-11-27 07:21:53,174 [INFO] DbBoards:657 - Loaded 191 board mini-images
2023-11-27 07:22:24,919 [INFO] MainUpdater:2868 - connection check result : 10
2023-11-27 07:22:24,925 [INFO] MainUpdater:2868 - connection check result : 10
2023-11-27 07:22:25,719 [INFO] MicroXplorer:468 - Change Database Path : 
2023-11-27 07:22:25,722 [INFO] MicroXplorer:498 - Change Database Version : DB.6.0.92
2023-11-27 07:22:25,726 [WARN] ThirdParty:871 - waiting for thirdparty lock release [close project]
2023-11-27 07:22:25,726 [INFO] ThirdParty:873 - entering critical section [close project]
2023-11-27 07:22:25,735 [INFO] ThirdParty:883 - exiting critical section [close project]
2023-11-27 07:22:25,742 [INFO] PinOutPanel:1499 - setPackage(No Configuration,No Configuration)
2023-11-27 07:22:25,827 [INFO] UtilMem:75 - Begin LoadConfig() Used Memory: 807834616 Bytes (1073741824)
2023-11-27 07:22:25,835 [INFO] OpenFileManager:308 - Change cursor
2023-11-27 07:22:25,974 [INFO] ProjectFactory:402 - No CPN specified for board B-L475E-IOT01A1 => set CPN to STM32L475VGT6
2023-11-27 07:22:25,978 [INFO] Mcu:1946 - Initializing MCU STM32L475V(C-E-G)Tx STM32L475VGTx STM32L475VGT6
2023-11-27 07:22:28,663 [INFO] Context:659 - Trying to add GPIOservice into a context  which must be forbidden
2023-11-27 07:22:29,762 [INFO] Rule:228 - rule 117617 - U5Cobra4M][GTZC] default value MPCBB3 and MPCBB5 - Not Secured memory - MPCBB1 is applicable
2023-11-27 07:22:29,764 [INFO] Rule:228 - rule 117617 - U5Cobra4M][GTZC] default value MPCBB3 and MPCBB5 - Not Secured memory - MPCBB1 is applicable
2023-11-27 07:22:29,764 [INFO] Rule:228 - rule 117617 - U5Cobra4M][GTZC] default value MPCBB3 and MPCBB5 - Not Secured memory - MPCBB2 is applicable
2023-11-27 07:22:29,764 [INFO] Rule:228 - rule 117617 - U5Cobra4M][GTZC] default value MPCBB3 and MPCBB5 - Not Secured memory - MPCBB2 is applicable
2023-11-27 07:22:29,764 [INFO] Rule:228 - rule 117617 - U5Cobra4M][GTZC] default value MPCBB3 and MPCBB5 - Not Secured memory - MPCBB3 is applicable
2023-11-27 07:22:29,764 [INFO] Rule:228 - rule 117617 - U5Cobra4M][GTZC] default value MPCBB3 and MPCBB5 - Not Secured memory - MPCBB3 is applicable
2023-11-27 07:22:29,764 [INFO] Rule:228 - rule 117617 - U5Cobra4M][GTZC] default value MPCBB3 and MPCBB5 - Not Secured memory - MPCBB4 is applicable
2023-11-27 07:22:29,764 [INFO] Rule:228 - rule 117617 - U5Cobra4M][GTZC] default value MPCBB3 and MPCBB5 - Not Secured memory - MPCBB4 is applicable
2023-11-27 07:22:29,764 [INFO] Rule:228 - rule 117617 - U5Cobra4M][GTZC] default value MPCBB3 and MPCBB5 - Secured memory - MPCBB1 is applicable
2023-11-27 07:22:29,764 [INFO] Rule:228 - rule 117617 - U5Cobra4M][GTZC] default value MPCBB3 and MPCBB5 - Secured memory - MPCBB2 is applicable
2023-11-27 07:22:29,764 [INFO] Rule:228 - rule 117617 - U5Cobra4M][GTZC] default value MPCBB3 and MPCBB5 - Secured memory - MPCBB3 is applicable
2023-11-27 07:22:29,764 [INFO] Rule:228 - rule 117617 - U5Cobra4M][GTZC] default value MPCBB3 and MPCBB5 - Secured memory - MPCBB4 is applicable
2023-11-27 07:22:29,764 [INFO] Rule:228 - rule 117617 - U5Cobra4M][GTZC] default value MPCBB3 and MPCBB5 - Privileged memory - MPCBB1 is applicable
2023-11-27 07:22:29,764 [INFO] Rule:228 - rule 117617 - U5Cobra4M][GTZC] default value MPCBB3 and MPCBB5 - Privileged memory - MPCBB2 is applicable
2023-11-27 07:22:29,764 [INFO] Rule:228 - rule 117617 - U5Cobra4M][GTZC] default value MPCBB3 and MPCBB5 - Privileged memory - MPCBB3 is applicable
2023-11-27 07:22:29,765 [INFO] Rule:228 - rule 117617 - U5Cobra4M][GTZC] default value MPCBB3 and MPCBB5 - Privileged memory - MPCBB4 is applicable
2023-11-27 07:22:29,765 [INFO] Rule:228 - rule 117617 - U5Cobra4M][GTZC] default value MPCBB3 and MPCBB5 - Not Privileged memory - MPCBB1 is applicable
2023-11-27 07:22:29,765 [INFO] Rule:228 - rule 117617 - U5Cobra4M][GTZC] default value MPCBB3 and MPCBB5 - Not Privileged memory - MPCBB2 is applicable
2023-11-27 07:22:29,765 [INFO] Rule:228 - rule 117617 - U5Cobra4M][GTZC] default value MPCBB3 and MPCBB5 - Not Privileged memory - MPCBB3 is applicable
2023-11-27 07:22:29,765 [INFO] Rule:228 - rule 117617 - U5Cobra4M][GTZC] default value MPCBB3 and MPCBB5 - Not Privileged memory - MPCBB4 is applicable
2023-11-27 07:22:29,765 [INFO] Rule:228 - rule 117617 - U5Cobra4M][GTZC] default value MPCBB3 and MPCBB5 - Privileged memory - MPCBB1 is applicable
2023-11-27 07:22:29,765 [INFO] Rule:228 - rule 117617 - U5Cobra4M][GTZC] default value MPCBB3 and MPCBB5 - Privileged memory - MPCBB2 is applicable
2023-11-27 07:22:29,765 [INFO] Rule:228 - rule 117617 - U5Cobra4M][GTZC] default value MPCBB3 and MPCBB5 - Privileged memory - MPCBB3 is applicable
2023-11-27 07:22:29,765 [INFO] Rule:228 - rule 117617 - U5Cobra4M][GTZC] default value MPCBB3 and MPCBB5 - Privileged memory - MPCBB4 is applicable
2023-11-27 07:22:29,765 [INFO] Rule:228 - rule 117617 - U5Cobra4M][GTZC] default value MPCBB3 and MPCBB5 - Privileged memory - MPCBB1 is applicable
2023-11-27 07:22:29,765 [INFO] Rule:228 - rule 117617 - U5Cobra4M][GTZC] default value MPCBB3 and MPCBB5 - Privileged memory - MPCBB2 is applicable
2023-11-27 07:22:29,765 [INFO] Rule:228 - rule 117617 - U5Cobra4M][GTZC] default value MPCBB3 and MPCBB5 - Privileged memory - MPCBB3 is applicable
2023-11-27 07:22:29,765 [INFO] Rule:228 - rule 117617 - U5Cobra4M][GTZC] default value MPCBB3 and MPCBB5 - Privileged memory - MPCBB4 is applicable
2023-11-27 07:22:29,765 [INFO] Rule:228 - rule 117617 - U5Cobra4M][GTZC] default value MPCBB3 and MPCBB5 - Not Privileged memory - MPCBB1 is applicable
2023-11-27 07:22:29,765 [INFO] Rule:228 - rule 117617 - U5Cobra4M][GTZC] default value MPCBB3 and MPCBB5 - Not Privileged memory - MPCBB2 is applicable
2023-11-27 07:22:29,765 [INFO] Rule:228 - rule 117617 - U5Cobra4M][GTZC] default value MPCBB3 and MPCBB5 - Not Privileged memory - MPCBB3 is applicable
2023-11-27 07:22:29,765 [INFO] Rule:228 - rule 117617 - U5Cobra4M][GTZC] default value MPCBB3 and MPCBB5 - Not Privileged memory - MPCBB4 is applicable
2023-11-27 07:22:29,765 [INFO] Rule:228 - rule 117617 - U5Cobra4M][GTZC] default value MPCBB3 and MPCBB5 - Privileged memory - MPCBB1 is applicable
2023-11-27 07:22:29,765 [INFO] Rule:228 - rule 117617 - U5Cobra4M][GTZC] default value MPCBB3 and MPCBB5 - Privileged memory - MPCBB2 is applicable
2023-11-27 07:22:29,765 [INFO] Rule:228 - rule 117617 - U5Cobra4M][GTZC] default value MPCBB3 and MPCBB5 - Privileged memory - MPCBB3 is applicable
2023-11-27 07:22:29,765 [INFO] Rule:228 - rule 117617 - U5Cobra4M][GTZC] default value MPCBB3 and MPCBB5 - Privileged memory - MPCBB4 is applicable
2023-11-27 07:22:29,765 [INFO] Rule:228 - rule Rename SubGHz_Phy SUBGHZ_APPLICATION SUBGHZ_PINGPONG to SUBGHZ_ADV_APPLICATION is applicable
2023-11-27 07:22:29,765 [INFO] Rule:228 - rule Rename Enabled to IBEACON is applicable
2023-11-27 07:22:29,765 [INFO] Rule:228 - rule GTZC_S instance for project manager is applicable
2023-11-27 07:22:29,765 [INFO] Rule:228 - rule GTZC_S instance for context M33S is applicable
2023-11-27 07:22:29,766 [INFO] Rule:228 - rule GTZC_S instance value for IP GTZC is applicable
2023-11-27 07:22:29,766 [INFO] Rule:228 - rule GTZC_S instance for mcu.IP is applicable
2023-11-27 07:22:29,766 [INFO] Rule:228 - rule GTZC_S instance for VP is applicable
2023-11-27 07:22:29,766 [INFO] Rule:228 - rule GTZC_S instance for signal is applicable
2023-11-27 07:22:29,766 [INFO] Rule:228 - rule GTZC_S instance for mcu.Pin is applicable
2023-11-27 07:22:29,766 [INFO] Rule:228 - rule GTZC_S instance for VP is applicable
2023-11-27 07:22:29,766 [INFO] Rule:228 - rule GTZC_S instance for signal is applicable
2023-11-27 07:22:29,766 [INFO] Rule:228 - rule GTZC_S instance for mcu is applicable
2023-11-27 07:22:29,766 [INFO] Rule:228 - rule GTZC_S instance for mcu.Pin is applicable
2023-11-27 07:22:29,766 [INFO] Rule:228 - rule GTZC_S instance value for IP GTZC is applicable
2023-11-27 07:22:29,766 [INFO] Rule:228 - rule GTZC_S instance for project manager is applicable
2023-11-27 07:22:29,766 [INFO] Rule:228 - rule GTZC_S instance for context M33S is applicable
2023-11-27 07:22:29,766 [INFO] Rule:228 - rule GTZC_S instance for VP is applicable
2023-11-27 07:22:29,767 [INFO] Rule:228 - rule GTZC_S instance for signal is applicable
2023-11-27 07:22:29,767 [INFO] Rule:228 - rule Rename Tracer Mode is applicable
2023-11-27 07:22:29,767 [INFO] Rule:228 - rule ADC Scan  fix with FW F7 is applicable
2023-11-27 07:22:29,767 [INFO] Rule:228 - rule ADC Scan  fix with FW F7 is applicable
2023-11-27 07:22:29,768 [INFO] Rule:228 - rule WakeUp0 Mode is applicable
2023-11-27 07:22:29,768 [INFO] Rule:228 - rule WakeUp0 SIGNAL is applicable
2023-11-27 07:22:29,768 [INFO] Rule:228 - rule WakeUp1 Mode is applicable
2023-11-27 07:22:29,768 [INFO] Rule:228 - rule WakeUp1 SIGNAL is applicable
2023-11-27 07:22:29,768 [INFO] Rule:228 - rule WakeUp2 Mode is applicable
2023-11-27 07:22:29,768 [INFO] Rule:228 - rule WakeUp2 SIGNAL is applicable
2023-11-27 07:22:29,768 [INFO] Rule:228 - rule WakeUp4 Mode is applicable
2023-11-27 07:22:29,768 [INFO] Rule:228 - rule WakeUp4 SIGNAL is applicable
2023-11-27 07:22:29,768 [INFO] Rule:228 - rule WakeUp5 Mode is applicable
2023-11-27 07:22:29,768 [INFO] Rule:228 - rule WakeUp5 SIGNAL is applicable
2023-11-27 07:22:29,768 [INFO] Rule:228 - rule Change Default Value for LSE Drive Capability for WB family is applicable
2023-11-27 07:22:29,768 [INFO] Rule:228 - rule Change Default Value for ADC Clock Prescaler G0 family is applicable
2023-11-27 07:22:29,769 [INFO] Rule:228 - rule UART/USART IPParameter rename Prescaler parameter to ClockPrescaler is applicable
2023-11-27 07:22:29,769 [INFO] Rule:228 - rule UART/USART Prescaler rename Prescaler parameter to ClockPrescaler is applicable
2023-11-27 07:22:29,769 [INFO] Rule:228 - rule TIM1CLockSelection is applicable
2023-11-27 07:22:29,770 [INFO] Rule:228 - rule TIM15CLockSelection is applicable
2023-11-27 07:22:29,770 [INFO] Rule:228 - rule align RCC SDMMC3CLockSelection default value on MP1 is applicable
2023-11-27 07:22:29,770 [INFO] Rule:228 - rule align RCC SDMMC12CLockSelection default value on MP1 is applicable
2023-11-27 07:22:29,770 [INFO] Rule:228 - rule align RCC QSPICLockSelection default value on MP1 is applicable
2023-11-27 07:22:29,770 [INFO] Rule:228 - rule align RCC QSPICLockSelection default value on MP1 is applicable
2023-11-27 07:22:29,770 [INFO] Rule:228 - rule align RCC SPI6CLockSelection default value on MP1 is applicable
2023-11-27 07:22:29,770 [INFO] Rule:228 - rule align RCC LPTIM23CLockSelection default value on MP1 is applicable
2023-11-27 07:22:29,770 [INFO] Rule:228 - rule align RCC LPTIM1CLockSelection default value on MP1 is applicable
2023-11-27 07:22:29,770 [INFO] Rule:228 - rule align RCC USART1CLockSelection default value on MP1 is applicable
2023-11-27 07:22:29,770 [INFO] Rule:228 - rule align RCC USART24CLockSelection default value on MP1 is applicable
2023-11-27 07:22:29,770 [INFO] Rule:228 - rule align RCC USART6CLockSelection default value on MP1 is applicable
2023-11-27 07:22:29,770 [INFO] Rule:228 - rule align RCC UART78CLockSelection default value on MP1 is applicable
2023-11-27 07:22:29,770 [INFO] Rule:228 - rule align RCC USART35CLockSelection default value on MP1 is applicable
2023-11-27 07:22:29,770 [INFO] Rule:228 - rule align RCC SPI45CLockSelection default value on MP1 is applicable
2023-11-27 07:22:29,770 [INFO] Rule:228 - rule align RCC I2C46CLockSelection BCLK value on MP1 is applicable
2023-11-27 07:22:29,770 [INFO] Rule:228 - rule align RCC SPI45CLockSelection default value on MP1 is applicable
2023-11-27 07:22:29,770 [INFO] Rule:228 - rule align RCC I2C12CLockSelection default value on MP1 is applicable
2023-11-27 07:22:29,771 [INFO] Rule:228 - rule align RCC I2C35CLockSelection default value on MP1 is applicable
2023-11-27 07:22:29,771 [INFO] Rule:228 - rule align RCC LPTIM45CLockSelection default value on MP1 is applicable
2023-11-27 07:22:29,771 [INFO] Rule:228 - rule Rename DCMI PIXCK signal is applicable
2023-11-27 07:22:29,771 [INFO] Rule:228 - rule Change Default Value for I2C46CLockSelection MP1 family is applicable
2023-11-27 07:22:29,771 [INFO] Rule:228 - rule Change Default Value for UART for G4, G0 and WB families is applicable
2023-11-27 07:22:29,771 [INFO] Rule:228 - rule Change Default Value for USART for G4, G0 and WB families is applicable
2023-11-27 07:22:29,771 [INFO] Rule:228 - rule Change Default Value for USART for G4 family is applicable
2023-11-27 07:22:29,771 [INFO] Rule:228 - rule Change USART1CLockSelection refparam name for MP1 is applicable
2023-11-27 07:22:29,771 [INFO] Rule:228 - rule Change USART2CLockSelection refparam name for MP1 is applicable
2023-11-27 07:22:29,771 [INFO] Rule:228 - rule Change USART3CLockSelection refparam name for MP1 is applicable
2023-11-27 07:22:29,771 [INFO] Rule:228 - rule Change UART4CLockSelection refparam name for MP1 is applicable
2023-11-27 07:22:29,771 [INFO] Rule:228 - rule Change UART5CLockSelection refparam name for MP1 is applicable
2023-11-27 07:22:29,771 [INFO] Rule:228 - rule Change LPUART1CLockSelection refparam name for MP1 is applicable
2023-11-27 07:22:29,771 [INFO] Rule:228 - rule Change LPTIM1CLockSelection refparam name for MP1 is applicable
2023-11-27 07:22:29,771 [INFO] Rule:228 - rule Change LPTIM2CLockSelection refparam name for MP1 is applicable
2023-11-27 07:22:29,771 [INFO] Rule:228 - rule Change RCC_MCO1Source refparam name for MP1 is applicable
2023-11-27 07:22:29,771 [INFO] Rule:228 - rule Change LSCOSource1 refparam name for MP1 is applicable
2023-11-27 07:22:29,771 [INFO] Rule:228 - rule Change SMPSCLockSelection refparam name for MP1 is applicable
2023-11-27 07:22:29,771 [INFO] Rule:228 - rule Change LPTIM3CLockSelection refparam name for MP1 is applicable
2023-11-27 07:22:29,771 [INFO] Rule:228 - rule Change MPCBB* Default Template Mode to Parameters is applicable
2023-11-27 07:22:29,772 [INFO] Rule:228 - rule Change MPCWM* or MPCBB* Secure Mode to Parameters is applicable
2023-11-27 07:22:29,772 [INFO] Rule:228 - rule Change MPCWM* or MPCBB* No Secure Mode to Parameters is applicable
2023-11-27 07:22:29,772 [INFO] Rule:228 - rule Change TZSC IP Secure Mode to Parameters is applicable
2023-11-27 07:22:29,772 [INFO] Rule:228 - rule Change TZSC IP No Secure Mode to Parameters is applicable
2023-11-27 07:22:29,772 [INFO] Rule:228 - rule Change TZSC IP Privilege Mode to Parameters is applicable
2023-11-27 07:22:29,772 [INFO] Rule:228 - rule Change TZSC IP No Privilege Mode to Parameters is applicable
2023-11-27 07:22:29,772 [INFO] Rule:228 - rule Change TZIC IT Secure Mode to Parameters is applicable
2023-11-27 07:22:29,772 [INFO] Rule:228 - rule Change TZIC IT No Secure Mode to Parameters is applicable
2023-11-27 07:22:29,772 [INFO] Rule:228 - rule Add MPCBB1_NonSecureArea_Start_Address value with referenced to MPCBB1_NonSecureArea_Start value is applicable
2023-11-27 07:22:29,772 [INFO] Rule:228 - rule Add MPCBB2_NonSecureArea_Start_Address value with referenced to MPCBB2_NonSecureArea_Start value is applicable
2023-11-27 07:22:29,772 [INFO] Rule:228 - rule Add MPCWM1_NonSecureArea*_Start_Address value with referenced to MPCWM1_NonSecureArea*_Start value is applicable
2023-11-27 07:22:29,772 [INFO] Rule:228 - rule Add MPCWM2_NonSecureArea*_Start_Address value with referenced to MPCWM2_NonSecureArea*_Start value is applicable
2023-11-27 07:22:29,772 [INFO] Rule:228 - rule Add MPCWM3_NonSecureArea_Start_Address value with referenced to MPCWM3_NonSecureArea_Start value is applicable
2023-11-27 07:22:29,772 [INFO] Rule:228 - rule Change Default Value for PLL1UserDefinedConfig is applicable
2023-11-27 07:22:29,772 [INFO] Rule:228 - rule Change GPIO_PuPd Default Value for USART in async mode is applicable
2023-11-27 07:22:29,772 [INFO] Rule:228 - rule Change SMPSDivider Default Value is applicable
2023-11-27 07:22:29,772 [INFO] Rule:228 - rule OPAMP is applicable
2023-11-27 07:22:29,772 [INFO] Rule:228 - rule LPUART IPParameter rename Prescaler parameter to ClockPrescaler for STM32H7 is applicable
2023-11-27 07:22:29,772 [INFO] Rule:228 - rule LPUART IPParameter rename Prescaler parameter to ClockPrescaler for STM32H7 is applicable
2023-11-27 07:22:29,772 [INFO] Rule:228 - rule LPUART IPParameter rename Prescaler parameter to ClockPrescaler for STM32WB is applicable
2023-11-27 07:22:29,772 [INFO] Rule:228 - rule LPUART IPParameter rename Prescaler parameter to ClockPrescaler for STM32WB is applicable
2023-11-27 07:22:29,772 [INFO] Rule:228 - rule LPUART IPParameter rename Prescaler parameter to ClockPrescaler for STM32G4 is applicable
2023-11-27 07:22:29,772 [INFO] Rule:228 - rule LPUART IPParameter rename Prescaler parameter to ClockPrescaler for STM32G4 is applicable
2023-11-27 07:22:29,772 [INFO] Rule:228 - rule LPUART IPParameter rename Prescaler parameter to ClockPrescaler for STM32L5 is applicable
2023-11-27 07:22:29,772 [INFO] Rule:228 - rule LPUART IPParameter rename Prescaler parameter to ClockPrescaler for STM32L5 is applicable
2023-11-27 07:22:29,772 [INFO] Rule:228 - rule LPUART IPParameter rename Prescaler parameter to ClockPrescaler for STM32G4 is applicable
2023-11-27 07:22:29,772 [INFO] Rule:228 - rule LPUART IPParameter rename Prescaler parameter to ClockPrescaler for STM32G4 is applicable
2023-11-27 07:22:29,772 [INFO] Rule:228 - rule USB device lib V2.5.3 for L0 rename USBD_SUPPORT_USER_STRING parameter to USBD_SUPPORT_USER_STRING_DESC4 is applicable
2023-11-27 07:22:29,773 [INFO] Rule:228 - rule I2SCLockSelection clock entry align is applicable
2023-11-27 07:22:29,773 [INFO] Rule:228 - rule Assign TIMx context if used as SYS timebase is applicable
2023-11-27 07:22:29,773 [INFO] Rule:228 - rule Change GPIO_Pu Default Value for I2C is applicable
2023-11-27 07:22:29,773 [INFO] Rule:228 - rule Change GPIO_Pu Default Value for SMBus is applicable
2023-11-27 07:22:29,773 [INFO] Rule:228 - rule change FDCAN default value is applicable
2023-11-27 07:22:29,773 [INFO] Rule:228 - rule Change mode sai is applicable
2023-11-27 07:22:29,773 [INFO] Rule:228 - rule **Change sai mode is applicable
2023-11-27 07:22:29,783 [INFO] DbConfProperties:307 - Apply Compatibility (4/144 Rules)
2023-11-27 07:22:30,244 [INFO] RtosManager:555 - Registered RTOS mode: class=CMSIS, group=RTOS, mode=CMSIS_V1, owner=FREERTOS
2023-11-27 07:22:30,248 [INFO] RtosManager:555 - Registered RTOS mode: class=CMSIS, group=RTOS2, mode=CMSIS_V2, owner=FREERTOS
2023-11-27 07:22:30,248 [INFO] RtosManager:555 - Registered RTOS mode: class=RTOS, group=Core, mode=CMSIS_V1, owner=FREERTOS
2023-11-27 07:22:30,248 [INFO] RtosManager:555 - Registered RTOS mode: class=RTOS, group=Core, mode=CMSIS_V2, owner=FREERTOS
2023-11-27 07:22:30,254 [WARN] ModelIntegratedComponent:184 - Missing modes for component STMicroelectronics:FreeRTOS:0.0.1:STMicroelectronics:RTOS:FreeRTOS:Core:::10.2.0:
2023-11-27 07:22:30,298 [WARN] ModelIntegratedComponent:63 - No mode defined for component null
2023-11-27 07:22:30,299 [WARN] ModelIntegratedComponent:63 - No mode defined for component null
2023-11-27 07:22:30,299 [WARN] ModelIntegratedComponent:63 - No mode defined for component null
2023-11-27 07:22:30,299 [WARN] ModelIntegratedComponent:63 - No mode defined for component null
2023-11-27 07:22:30,299 [WARN] ModelIntegratedComponent:63 - No mode defined for component null
2023-11-27 07:22:30,299 [WARN] ModelIntegratedComponent:63 - No mode defined for component null
2023-11-27 07:22:30,299 [WARN] ModelIntegratedComponent:63 - No mode defined for component null
2023-11-27 07:22:30,299 [WARN] ModelIntegratedComponent:63 - No mode defined for component null
2023-11-27 07:22:30,299 [WARN] ModelIntegratedComponent:63 - No mode defined for component null
2023-11-27 07:22:30,299 [WARN] ModelIntegratedComponent:63 - No mode defined for component null
2023-11-27 07:22:30,299 [WARN] ModelIntegratedComponent:63 - No mode defined for component null
2023-11-27 07:22:30,299 [WARN] ModelIntegratedComponent:63 - No mode defined for component null
2023-11-27 07:22:30,299 [WARN] ModelIntegratedComponent:63 - No mode defined for component null
2023-11-27 07:22:30,299 [WARN] ModelIntegratedComponent:63 - No mode defined for component null
2023-11-27 07:22:30,299 [WARN] ModelIntegratedComponent:63 - No mode defined for component null
2023-11-27 07:22:30,299 [WARN] ModelIntegratedComponent:63 - No mode defined for component null
2023-11-27 07:22:30,299 [WARN] ModelIntegratedComponent:63 - No mode defined for component null
2023-11-27 07:22:30,300 [WARN] ModelIntegratedComponent:63 - No mode defined for component null
2023-11-27 07:22:30,300 [WARN] ModelIntegratedComponent:63 - No mode defined for component null
2023-11-27 07:22:30,300 [WARN] ModelIntegratedComponent:63 - No mode defined for component null
2023-11-27 07:22:30,300 [WARN] ModelIntegratedComponent:63 - No mode defined for component null
2023-11-27 07:22:30,300 [WARN] ModelIntegratedComponent:63 - No mode defined for component null
2023-11-27 07:22:30,300 [WARN] ModelIntegratedComponent:63 - No mode defined for component null
2023-11-27 07:22:30,300 [WARN] ModelIntegratedComponent:63 - No mode defined for component null
2023-11-27 07:22:30,300 [WARN] ModelIntegratedComponent:63 - No mode defined for component null
2023-11-27 07:22:30,300 [WARN] ModelIntegratedComponent:63 - No mode defined for component null
2023-11-27 07:22:30,300 [WARN] ModelIntegratedComponent:63 - No mode defined for component null
2023-11-27 07:22:30,300 [WARN] ModelIntegratedComponent:63 - No mode defined for component null
2023-11-27 07:22:30,300 [WARN] ModelIntegratedComponent:63 - No mode defined for component null
2023-11-27 07:22:30,300 [WARN] ModelIntegratedComponent:63 - No mode defined for component null
2023-11-27 07:22:30,300 [WARN] ModelIntegratedComponent:63 - No mode defined for component null
2023-11-27 07:22:30,300 [WARN] ModelIntegratedComponent:63 - No mode defined for component null
2023-11-27 07:22:30,300 [WARN] ModelIntegratedComponent:63 - No mode defined for component null
2023-11-27 07:22:30,439 [INFO] ThirdPartyModel:298 - Start build external matchings
2023-11-27 07:22:31,070 [INFO] ThirdPartyModel:316 - End build external matchings
2023-11-27 07:22:31,179 [INFO] ImportTextPane:194 - (OptionalMessage_ERROR) IP (RCC) : Invalid parameter (FamilyName)
2023-11-27 07:22:31,611 [INFO] UtilMem:75 - End LoadConfig() Used Memory: 841401544 Bytes (1073741824)
2023-11-27 07:22:31,756 [WARN] ThirdParty:833 - waiting for thirdparty lock release [change project]
2023-11-27 07:22:31,758 [INFO] ThirdParty:835 - entering critical section [change project]
2023-11-27 07:22:31,759 [INFO] ThirdParty:1030 - CMSIS Pack Vendor :STMicroelectronics X-CUBE-ISPU 1.1.0
2023-11-27 07:22:31,759 [INFO] ThirdParty:1030 - CMSIS Pack Vendor :STMicroelectronics USBPD 4.1
2023-11-27 07:22:31,759 [INFO] ThirdParty:1030 - CMSIS Pack Vendor :STMicroelectronics X-CUBE-GNSS1 6.0.0
2023-11-27 07:22:31,759 [INFO] ThirdParty:1030 - CMSIS Pack Vendor :STMicroelectronics USB_HOST 2.0.0
2023-11-27 07:22:31,759 [INFO] ThirdParty:1030 - CMSIS Pack Vendor :STMicroelectronics X-CUBE-AZRTOS-F4 1.1.0
2023-11-27 07:22:31,759 [INFO] ThirdParty:1030 - CMSIS Pack Vendor :STMicroelectronics LIBJPEG 8.0.0
2023-11-27 07:22:31,759 [INFO] ThirdParty:1030 - CMSIS Pack Vendor :wolfSSL I-CUBE-wolfSSL 5.6.3
2023-11-27 07:22:31,759 [INFO] ThirdParty:1030 - CMSIS Pack Vendor :STMicroelectronics X-CUBE-SMBUS 2.1.0
2023-11-27 07:22:31,759 [INFO] ThirdParty:1030 - CMSIS Pack Vendor :STMicroelectronics USB_DEVICE 3.0.0
2023-11-27 07:22:31,759 [INFO] ThirdParty:1030 - CMSIS Pack Vendor :STMicroelectronics X-CUBE-AZRTOS-WB 2.0.0
2023-11-27 07:22:31,759 [INFO] ThirdParty:1030 - CMSIS Pack Vendor :STMicroelectronics X-CUBE-FREERTOS 1.0.1
2023-11-27 07:22:31,759 [INFO] ThirdParty:1030 - CMSIS Pack Vendor :STMicroelectronics X-CUBE-AZRTOS-F7 1.1.0
2023-11-27 07:22:31,760 [INFO] ThirdParty:1030 - CMSIS Pack Vendor :STMicroelectronics X-CUBE-AZRTOS-L5 2.0.0
2023-11-27 07:22:31,760 [INFO] ThirdParty:1030 - CMSIS Pack Vendor :STMicroelectronics USB_DEVICE 2.0.0
2023-11-27 07:22:31,760 [INFO] ThirdParty:1030 - CMSIS Pack Vendor :STMicroelectronics X-CUBE-MEMS1 9.6.0
2023-11-27 07:22:31,760 [INFO] ThirdParty:1030 - CMSIS Pack Vendor :STMicroelectronics X-CUBE-EEPRMA1 4.2.0
2023-11-27 07:22:31,760 [INFO] ThirdParty:1030 - CMSIS Pack Vendor :ITTIA_DB I-CUBE-ITTIADB 8.8.0
2023-11-27 07:22:31,760 [INFO] ThirdParty:1030 - CMSIS Pack Vendor :STMicroelectronics FP-SNS-MOTENV1 4.3.2
2023-11-27 07:22:31,761 [INFO] ThirdParty:1030 - CMSIS Pack Vendor :STMicroelectronics X-CUBE-ALGOBUILD 1.3.0
2023-11-27 07:22:31,762 [INFO] ThirdParty:1030 - CMSIS Pack Vendor :STMicroelectronics X-CUBE-BLE1 6.2.4
2023-11-27 07:22:31,762 [INFO] ThirdParty:1030 - CMSIS Pack Vendor :STMicroelectronics X-CUBE-AZRTOS-L5 1.1.0
2023-11-27 07:22:31,762 [INFO] ThirdParty:1030 - CMSIS Pack Vendor :STMicroelectronics FreeRTOS 0.0.1
2023-11-27 07:22:31,763 [INFO] ThirdParty:1030 - CMSIS Pack Vendor :STMicroelectronics X-CUBE-AZRTOS-G0 1.1.0
2023-11-27 07:22:31,763 [INFO] ThirdParty:1030 - CMSIS Pack Vendor :STMicroelectronics X-CUBE-BLEMGR 2.0.0
2023-11-27 07:22:31,763 [INFO] ThirdParty:1030 - CMSIS Pack Vendor :STMicroelectronics X-CUBE-NFC4 3.0.0
2023-11-27 07:22:31,763 [INFO] ThirdParty:1030 - CMSIS Pack Vendor :STMicroelectronics X-CUBE-SUBG2 5.0.0
2023-11-27 07:22:31,763 [INFO] ThirdParty:1030 - CMSIS Pack Vendor :STMicroelectronics STM32_WPAN 1.0.0
2023-11-27 07:22:31,763 [INFO] ThirdParty:1030 - CMSIS Pack Vendor :STMicroelectronics lwIP 2.0.3
2023-11-27 07:22:31,763 [INFO] ThirdParty:1030 - CMSIS Pack Vendor :STMicroelectronics FP-SNS-FLIGHT1 5.0.2
2023-11-27 07:22:31,764 [INFO] ThirdParty:1030 - CMSIS Pack Vendor :STMicroelectronics USB_HOST 1.0.0
2023-11-27 07:22:31,764 [INFO] ThirdParty:1030 - CMSIS Pack Vendor :STMicroelectronics X-CUBE-TOF1 3.3.1
2023-11-27 07:22:31,764 [INFO] ThirdParty:1030 - CMSIS Pack Vendor :STMicroelectronics X-CUBE-AZRTOS-G4 2.0.0
2023-11-27 07:22:31,764 [INFO] ThirdParty:1030 - CMSIS Pack Vendor :STMicroelectronics PDM2PCM 3.1.0
2023-11-27 07:22:31,764 [INFO] ThirdParty:1030 - CMSIS Pack Vendor :STMicroelectronics X-CUBE-AZRTOS-H7 3.1.0
2023-11-27 07:22:31,764 [INFO] ThirdParty:1030 - CMSIS Pack Vendor :Infineon AIROC-Wi-Fi-Bluetooth-STM32 1.5.1
2023-11-27 07:22:31,764 [INFO] ThirdParty:1030 - CMSIS Pack Vendor :STMicroelectronics X-CUBE-BLEMGR 3.0.0
2023-11-27 07:22:31,764 [INFO] ThirdParty:1030 - CMSIS Pack Vendor :STMicroelectronics PDM2PCM 3.3.0
2023-11-27 07:22:31,764 [INFO] ThirdParty:1030 - CMSIS Pack Vendor :STMicroelectronics X-CUBE-DISPLAY 3.0.0
2023-11-27 07:22:31,764 [INFO] ThirdParty:1030 - CMSIS Pack Vendor :STMicroelectronics FP-SNS-MOTENVWB1 1.3.0
2023-11-27 07:22:31,764 [INFO] ThirdParty:1030 - CMSIS Pack Vendor :STMicroelectronics X-CUBE-BLE1 7.0.0
2023-11-27 07:22:31,764 [INFO] ThirdParty:1030 - CMSIS Pack Vendor :STMicroelectronics FP-ATR-SIGFOX1 3.2.0
2023-11-27 07:22:31,764 [INFO] ThirdParty:1030 - CMSIS Pack Vendor :STMicroelectronics HAL Drivers 0.0.0
2023-11-27 07:22:31,764 [INFO] ThirdParty:1030 - CMSIS Pack Vendor :STMicroelectronics MBEDTLS 2.16.2
2023-11-27 07:22:31,764 [INFO] ThirdParty:1030 - CMSIS Pack Vendor :emotas I-CUBE-CANOPEN 1.3.0
2023-11-27 07:22:31,764 [INFO] ThirdParty:1030 - CMSIS Pack Vendor :STMicroelectronics X-CUBE-MEMS1 10.0.0
2023-11-27 07:22:31,764 [INFO] ThirdParty:1030 - CMSIS Pack Vendor :STMicroelectronics X-CUBE-FREERTOS 1.1.0
2023-11-27 07:22:31,764 [INFO] ThirdParty:1030 - CMSIS Pack Vendor :STMicroelectronics X-CUBE-TOUCHGFX 4.22.0
2023-11-27 07:22:31,764 [INFO] ThirdParty:1030 - CMSIS Pack Vendor :STMicroelectronics X-CUBE-NFC7 1.0.1
2023-11-27 07:22:31,764 [INFO] ThirdParty:1030 - CMSIS Pack Vendor :STMicroelectronics MBEDTLS 2.14.1
2023-11-27 07:22:31,764 [INFO] ThirdParty:1030 - CMSIS Pack Vendor :STMicroelectronics X-CUBE-TOUCHGFX 4.22.1
2023-11-27 07:22:31,764 [INFO] ThirdParty:1030 - CMSIS Pack Vendor :STMicroelectronics X-CUBE-NFC6 3.0.0
2023-11-27 07:22:31,764 [INFO] ThirdParty:1030 - CMSIS Pack Vendor :STMicroelectronics X-CUBE-EEPRMA1 4.1.0
2023-11-27 07:22:31,764 [INFO] ThirdParty:1030 - CMSIS Pack Vendor :portGmbH I-Cube-SoM-uGOAL 1.1.0
2023-11-27 07:22:31,764 [INFO] ThirdParty:1030 - CMSIS Pack Vendor :STMicroelectronics X-CUBE-ALS 1.0.1
2023-11-27 07:22:31,764 [INFO] ThirdParty:1030 - CMSIS Pack Vendor :STMicroelectronics ThreadX 1.0.0
2023-11-27 07:22:31,764 [INFO] ThirdParty:1030 - CMSIS Pack Vendor :STMicroelectronics FP-SNS-SMARTAG2 1.2.0
2023-11-27 07:22:31,764 [INFO] ThirdParty:1030 - CMSIS Pack Vendor :STMicroelectronics X-CUBE-AZRTOS-WB 1.1.0
2023-11-27 07:22:31,764 [INFO] ThirdParty:1030 - CMSIS Pack Vendor :STMicroelectronics X-CUBE-AZRTOS-WL 2.0.0
2023-11-27 07:22:31,764 [INFO] ThirdParty:1030 - CMSIS Pack Vendor :SEGGER I-CUBE-embOS 1.3.1
2023-11-27 07:22:31,764 [INFO] ThirdParty:1030 - CMSIS Pack Vendor :STMicroelectronics USB_DEVICE 1.0.0
2023-11-27 07:22:31,764 [INFO] ThirdParty:1030 - CMSIS Pack Vendor :STMicroelectronics X-CUBE-AI 8.1.0
2023-11-27 07:22:31,764 [INFO] ThirdParty:1030 - CMSIS Pack Vendor :STMicroelectronics X-CUBE-AZRTOS-L4 2.0.0
2023-11-27 07:22:31,764 [INFO] ThirdParty:1030 - CMSIS Pack Vendor :STMicroelectronics ThreadX 0.0.2
2023-11-27 07:22:31,764 [INFO] ThirdParty:1030 - CMSIS Pack Vendor :WES I-CUBE-Cesium 1.3.0
2023-11-27 07:22:31,764 [INFO] ThirdParty:1030 - CMSIS Pack Vendor :STMicroelectronics FP-ATR-ASTRA1 2.0.0
2023-11-27 07:22:31,764 [INFO] ThirdParty:1030 - CMSIS Pack Vendor :STMicroelectronics lwIP 2.1.2
2023-11-27 07:22:31,764 [INFO] ThirdParty:1030 - CMSIS Pack Vendor :STMicroelectronics X-CUBE-SFXS2LP1 4.0.0
2023-11-27 07:22:31,764 [INFO] ThirdParty:1030 - CMSIS Pack Vendor :STMicroelectronics X-CUBE-BLE2 3.3.0
2023-11-27 07:22:31,764 [INFO] ThirdParty:1030 - CMSIS Pack Vendor :STMicroelectronics X-CUBE-TOF1 3.4.0
2023-11-27 07:22:31,764 [INFO] ThirdParty:1030 - CMSIS Pack Vendor :STMicroelectronics PDM2PCM 3.2.0
2023-11-27 07:22:31,766 [INFO] ThirdParty:841 - exiting critical section [change project]
2023-11-27 07:22:32,497 [INFO] PinOutPanel:1499 - setPackage(No Configuration,No Configuration)
2023-11-27 07:22:32,510 [INFO] PinOutPanel:1499 - setPackage(STM32L475VGTx,LQFP100)
2023-11-27 07:22:33,926 [INFO] UtilMem:75 - Before build in PCC Used Memory: 815695376 Bytes (1073741824)
2023-11-27 07:22:35,387 [INFO] UtilMem:75 - After build in PCC Used Memory: 818435504 Bytes (1073741824)
2023-11-27 07:22:35,495 [INFO] IPUIPlugin:80 - create IPUIPlugin
2023-11-27 07:22:35,497 [INFO] IPUIPlugin:80 - create IPUIPlugin
2023-11-27 07:22:35,497 [INFO] IPUIPlugin:80 - create IPUIPlugin
2023-11-27 07:22:35,498 [INFO] IPUIPlugin:80 - create IPUIPlugin
2023-11-27 07:22:35,498 [INFO] IPUIPlugin:80 - create IPUIPlugin
2023-11-27 07:22:35,498 [INFO] IPUIPlugin:80 - create IPUIPlugin
2023-11-27 07:22:35,499 [INFO] IPUIPlugin:80 - create IPUIPlugin
2023-11-27 07:22:35,500 [INFO] IPUIPlugin:80 - create IPUIPlugin
2023-11-27 07:22:35,500 [INFO] IPUIPlugin:80 - create IPUIPlugin
2023-11-27 07:22:35,500 [INFO] IPUIPlugin:80 - create IPUIPlugin
2023-11-27 07:22:35,500 [INFO] IPUIPlugin:80 - create IPUIPlugin
2023-11-27 07:22:35,501 [INFO] IPUIPlugin:80 - create IPUIPlugin
2023-11-27 07:22:35,508 [INFO] IPUIPlugin:80 - create IPUIPlugin
2023-11-27 07:22:35,509 [INFO] IPUIPlugin:80 - create IPUIPlugin
2023-11-27 07:22:35,509 [INFO] IPUIPlugin:80 - create IPUIPlugin
2023-11-27 07:22:35,509 [INFO] IPUIPlugin:80 - create IPUIPlugin
2023-11-27 07:22:35,510 [INFO] IPUIPlugin:80 - create IPUIPlugin
2023-11-27 07:22:35,510 [INFO] IPUIPlugin:80 - create IPUIPlugin
2023-11-27 07:22:35,510 [INFO] IPUIPlugin:80 - create IPUIPlugin
2023-11-27 07:22:35,511 [INFO] IPUIPlugin:80 - create IPUIPlugin
2023-11-27 07:22:35,511 [INFO] IPUIPlugin:80 - create IPUIPlugin
2023-11-27 07:22:35,511 [INFO] IPUIPlugin:80 - create IPUIPlugin
2023-11-27 07:22:35,511 [INFO] IPUIPlugin:80 - create IPUIPlugin
2023-11-27 07:22:35,511 [INFO] IPUIPlugin:80 - create IPUIPlugin
2023-11-27 07:22:35,511 [INFO] IPUIPlugin:80 - create IPUIPlugin
2023-11-27 07:22:35,511 [INFO] IPUIPlugin:80 - create IPUIPlugin
2023-11-27 07:22:35,511 [INFO] IPUIPlugin:80 - create IPUIPlugin
2023-11-27 07:22:35,512 [INFO] IPUIPlugin:80 - create IPUIPlugin
2023-11-27 07:22:35,512 [INFO] IPUIPlugin:80 - create IPUIPlugin
2023-11-27 07:22:35,512 [INFO] IPUIPlugin:80 - create IPUIPlugin
2023-11-27 07:22:35,512 [INFO] IPUIPlugin:80 - create IPUIPlugin
2023-11-27 07:22:35,512 [INFO] IPUIPlugin:80 - create IPUIPlugin
2023-11-27 07:22:35,512 [INFO] IPUIPlugin:80 - create IPUIPlugin
2023-11-27 07:22:35,512 [INFO] IPUIPlugin:80 - create IPUIPlugin
2023-11-27 07:22:35,512 [INFO] IPUIPlugin:80 - create IPUIPlugin
2023-11-27 07:22:35,513 [INFO] IPUIPlugin:80 - create IPUIPlugin
2023-11-27 07:22:35,513 [INFO] IPUIPlugin:80 - create IPUIPlugin
2023-11-27 07:22:35,513 [INFO] IPUIPlugin:80 - create IPUIPlugin
2023-11-27 07:22:35,513 [INFO] IPUIPlugin:80 - create IPUIPlugin
2023-11-27 07:22:35,513 [INFO] IPUIPlugin:80 - create IPUIPlugin
2023-11-27 07:22:35,513 [INFO] IPUIPlugin:80 - create IPUIPlugin
2023-11-27 07:22:35,513 [INFO] IPUIPlugin:80 - create IPUIPlugin
2023-11-27 07:22:35,513 [INFO] IPUIPlugin:80 - create IPUIPlugin
2023-11-27 07:22:35,513 [INFO] IPUIPlugin:80 - create IPUIPlugin
2023-11-27 07:22:35,513 [INFO] IPUIPlugin:80 - create IPUIPlugin
2023-11-27 07:22:35,513 [INFO] IPUIPlugin:80 - create IPUIPlugin
2023-11-27 07:22:35,513 [INFO] IPUIPlugin:80 - create IPUIPlugin
2023-11-27 07:22:35,513 [INFO] IPUIPlugin:80 - create IPUIPlugin
2023-11-27 07:22:35,514 [INFO] IPUIPlugin:80 - create IPUIPlugin
2023-11-27 07:22:35,514 [INFO] IPUIPlugin:80 - create IPUIPlugin
2023-11-27 07:22:35,514 [INFO] IPUIPlugin:80 - create IPUIPlugin
2023-11-27 07:22:35,514 [INFO] IPUIPlugin:80 - create IPUIPlugin
2023-11-27 07:22:35,514 [INFO] IPUIPlugin:80 - create IPUIPlugin
2023-11-27 07:22:35,514 [INFO] IPUIPlugin:80 - create IPUIPlugin
2023-11-27 07:22:35,515 [INFO] IPUIPlugin:80 - create IPUIPlugin
2023-11-27 07:22:35,515 [INFO] IPUIPlugin:80 - create IPUIPlugin
2023-11-27 07:22:35,515 [INFO] IPUIPlugin:80 - create IPUIPlugin
2023-11-27 07:22:35,515 [INFO] IPUIPlugin:80 - create IPUIPlugin
2023-11-27 07:22:35,520 [INFO] IPUIPlugin:80 - create IPUIPlugin
2023-11-27 07:22:35,898 [INFO] CADModel:165 - CPN selected for project levelSTM32L475VGT6
2023-11-27 07:22:35,898 [INFO] CADModel:114 - Register for checkConnection events
2023-11-27 07:22:35,956 [INFO] OpenFileManager:328 - Restore cursor
2023-11-27 07:22:37,678 [INFO] UtilMem:75 - End SaveConfig() Used Memory: 846421240 Bytes (1073741824)
2023-11-27 07:22:37,802 [INFO] UtilMem:75 - End SaveConfig() Used Memory: 862674168 Bytes (1073741824)
2023-11-27 07:22:38,459 [INFO] BlockDiagram:2759 - set Specific Code input for plugin: SPI
2023-11-27 07:22:38,461 [INFO] BlockDiagram:2759 - set Specific Code input for plugin: DFSDM
2023-11-27 07:22:38,461 [INFO] BlockDiagram:2759 - set Specific Code input for plugin: SYS
2023-11-27 07:22:38,461 [INFO] BlockDiagram:2759 - set Specific Code input for plugin: RCC
2023-11-27 07:22:38,461 [INFO] BlockDiagram:2759 - set Specific Code input for plugin: I2C
2023-11-27 07:22:38,461 [INFO] BlockDiagram:2759 - set Specific Code input for plugin: USB_OTG_FS
2023-11-27 07:22:38,461 [INFO] BlockDiagram:2759 - set Specific Code input for plugin: NVIC
2023-11-27 07:22:38,461 [INFO] BlockDiagram:2759 - set Specific Code input for plugin: USART
2023-11-27 07:22:38,461 [INFO] BlockDiagram:2759 - set Specific Code input for plugin: USART
2023-11-27 07:22:38,462 [INFO] BlockDiagram:2759 - set Specific Code input for plugin: GPIO
2023-11-27 07:22:38,462 [INFO] BlockDiagram:2759 - set Specific Code input for plugin: QUADSPI
2023-11-27 07:22:38,463 [INFO] CodeGenerator:799 - code generatio: config db path: /Applications/STM32CubeIDE.app/Contents/Eclipse/plugins/com.st.stm32cube.common.mx_6.9.2.202309101412//db/
2023-11-27 07:22:38,972 [INFO] CodeEngine:255 - oldGeneratedFile, /Users/dilnozabobokalonova/embedded_c/STM32-L4/TimeOfFlight/MXTmpFiles/license.tmp_save
2023-11-27 07:22:39,496 [INFO] CodeEngine:279 - Generated code: /Users/dilnozabobokalonova/embedded_c/STM32-L4/TimeOfFlight/MXTmpFiles/license.tmp
2023-11-27 07:22:40,061 [INFO] CodeEngine:255 - oldGeneratedFile, /Users/dilnozabobokalonova/embedded_c/STM32-L4/TimeOfFlight/MXTmpFiles/gpio.tmp_save
2023-11-27 07:22:40,388 [INFO] CodeEngine:279 - Generated code: /Users/dilnozabobokalonova/embedded_c/STM32-L4/TimeOfFlight/MXTmpFiles/gpio.tmp
2023-11-27 07:22:42,862 [WARN] IPConfigManager:2937 - Warning: the RefConfig PWREx_EnableUSBVoltageDetector is not available in your config.xml file
2023-11-27 07:22:42,893 [INFO] CodeEngine:255 - oldGeneratedFile, /Users/dilnozabobokalonova/embedded_c/STM32-L4/TimeOfFlight/Core/Src/stm32l4xx_it.c_save
2023-11-27 07:22:43,130 [INFO] CodeEngine:279 - Generated code: /Users/dilnozabobokalonova/embedded_c/STM32-L4/TimeOfFlight/Core/Src/stm32l4xx_it.c
2023-11-27 07:22:43,132 [INFO] CodeEngine:255 - oldGeneratedFile, /Users/dilnozabobokalonova/embedded_c/STM32-L4/TimeOfFlight/Core/Inc/stm32l4xx_it.h_save
2023-11-27 07:22:43,294 [INFO] CodeEngine:279 - Generated code: /Users/dilnozabobokalonova/embedded_c/STM32-L4/TimeOfFlight/Core/Inc/stm32l4xx_it.h
2023-11-27 07:22:43,337 [INFO] CodeEngine:255 - oldGeneratedFile, /Users/dilnozabobokalonova/embedded_c/STM32-L4/TimeOfFlight/Core/Src/stm32l4xx_hal_msp.c_save
2023-11-27 07:22:43,616 [INFO] CodeEngine:279 - Generated code: /Users/dilnozabobokalonova/embedded_c/STM32-L4/TimeOfFlight/Core/Src/stm32l4xx_hal_msp.c
2023-11-27 07:22:43,627 [INFO] CodeEngine:255 - oldGeneratedFile, /Users/dilnozabobokalonova/embedded_c/STM32-L4/TimeOfFlight/MXTmpFiles/system.tmp_save
2023-11-27 07:22:43,729 [INFO] CodeEngine:279 - Generated code: /Users/dilnozabobokalonova/embedded_c/STM32-L4/TimeOfFlight/MXTmpFiles/system.tmp
2023-11-27 07:22:43,740 [INFO] CodeEngine:311 - oldGeneratedFile, /Users/dilnozabobokalonova/embedded_c/STM32-L4/TimeOfFlight/Core/Inc/stm32l4xx_hal_conf.h_save
2023-11-27 07:22:43,824 [INFO] CodeEngine:335 - Generated code: /Users/dilnozabobokalonova/embedded_c/STM32-L4/TimeOfFlight/Core/Inc/stm32l4xx_hal_conf.h
2023-11-27 07:22:43,956 [WARN] IPConfigManager:3431 - IP not found : USB_OTG
2023-11-27 07:22:43,956 [WARN] CodeGenerator:3764 - IP not found : null
2023-11-27 07:22:43,959 [INFO] CodeEngine:255 - oldGeneratedFile, /Users/dilnozabobokalonova/embedded_c/STM32-L4/TimeOfFlight/Core/Inc/main.h_save
2023-11-27 07:22:44,071 [INFO] CodeEngine:279 - Generated code: /Users/dilnozabobokalonova/embedded_c/STM32-L4/TimeOfFlight/Core/Inc/main.h
2023-11-27 07:22:44,074 [INFO] CodeEngine:255 - oldGeneratedFile, /Users/dilnozabobokalonova/embedded_c/STM32-L4/TimeOfFlight/Core/Src/main.c_save
2023-11-27 07:22:44,293 [INFO] CodeEngine:279 - Generated code: /Users/dilnozabobokalonova/embedded_c/STM32-L4/TimeOfFlight/Core/Src/main.c
2023-11-27 07:22:44,991 [INFO] ProjectBuilder:3064 - Time for Copy HAL[1] : 84mS.
2023-11-27 07:22:45,009 [INFO] ProjectBuilder:4404 - Project Generator version: 4.1.0
2023-11-27 07:22:45,303 [INFO] ConfigFileManager:1457 - The Die is : DIE415
2023-11-27 07:22:45,332 [INFO] ApiDbMcu:507 - Load IP Config File for FATFS
2023-11-27 07:22:45,344 [INFO] ApiDbMcu:507 - Load IP Config File for FREERTOS
2023-11-27 07:22:45,359 [INFO] ApiDbMcu:507 - Load IP Config File for TOUCHSENSING
2023-11-27 07:22:45,368 [INFO] ApiDbMcu:507 - Load IP Config File for USB_DEVICE
2023-11-27 07:22:45,374 [INFO] ApiDbMcu:507 - Load IP Config File for USB_HOST
2023-11-27 07:22:46,829 [INFO] LogOutputStream:77 - [STDOUT_REDIRECT] 
2023-11-27 07:22:49,961 [INFO] ProjectBuilder:4626 - Time for Generating toolchain IDE Files: 4931mS.
2023-11-27 07:22:49,966 [INFO] ProjectBuilder:2935 - Time for Copy CMSIS : 2mS.
2023-11-27 07:22:49,968 [INFO] ProjectBuilder:2935 - Time for Copy CMSIS : 1mS.
2023-11-27 07:22:51,461 [INFO] McuFinderGlobals:76 - Set McuFinderConnectedMode to true
2023-11-27 07:22:51,518 [INFO] ApiDb:448 - Save user favorites file /Users/dilnozabobokalonova/.stm32cubeide/favorites.mcus.txt: 0 item(s)
2023-11-27 07:22:51,519 [INFO] ApiDb:452 - User favorites MCUs=[]
2023-11-27 07:22:51,537 [INFO] ApiDb:448 - Save user favorites file /Users/dilnozabobokalonova/.stm32cubeide/favorites.boards.txt: 1 item(s)
2023-11-27 07:22:51,539 [INFO] ApiDb:452 - User favorites Boards=[STM32F3DISCOVERY]
