2023-12-04 11:58:08,354 [INFO] McuFinderGlobals:63 - Set McuFinder mode to 2 (CubeIDE integrated)
2023-12-04 11:58:11,874 [INFO] MainUpdater:2868 - connection check result : 10
2023-12-04 11:58:11,895 [INFO] McuFinderGlobals:76 - Set McuFinderConnectedMode to true
2023-12-04 11:58:12,456 [INFO] ServerAccessManage:473 - Download File mcusAds.json._tmp_
2023-12-04 11:58:12,570 [INFO] LoadUrlFilesThread:156 - End of LoadUrlFiles Thread
2023-12-04 11:58:12,744 [INFO] ServerAccessManage:473 - Download File cube-finder-db.zip
2023-12-04 11:58:18,310 [INFO] FileExtend:240 - Unzip File : cube-finder-db.zip
2023-12-04 11:58:18,315 [INFO] FileExtend:255 - Standard Zip Deflate
2023-12-04 11:58:18,955 [INFO] LoadUrlFilesThread:156 - End of LoadUrlFiles Thread
2023-12-04 11:58:20,223 [INFO] ServerAccessManage:473 - Download File crdb.zip
2023-12-04 11:58:21,103 [INFO] FileExtend:240 - Unzip File : crdb.zip
2023-12-04 11:58:21,103 [INFO] FileExtend:255 - Standard Zip Deflate
2023-12-04 11:58:21,216 [INFO] LoadUrlFilesThread:156 - End of LoadUrlFiles Thread
2023-12-04 11:58:21,365 [INFO] ServerAccessManage:473 - Download File tutoVideoDB.zip
2023-12-04 11:58:21,411 [INFO] FileExtend:240 - Unzip File : tutoVideoDB.zip
2023-12-04 11:58:21,411 [INFO] FileExtend:255 - Standard Zip Deflate
2023-12-04 11:58:21,523 [INFO] LoadUrlFilesThread:156 - End of LoadUrlFiles Thread
2023-12-04 11:58:21,534 [WARN] DbFile:41 - Overriding database path with different value: /Users/dilnozabobokalonova/.stmcufinder/plugins/mcufinder/ => /Users/dilnozabobokalonova/.stmcufinder/plugins/mcufinder
2023-12-04 11:58:21,655 [INFO] ServerAccessManage:473 - Download File api_config.json
2023-12-04 11:58:21,765 [INFO] LoadUrlFilesThread:156 - End of LoadUrlFiles Thread
2023-12-04 11:58:21,771 [INFO] DbMcusAds:53 - JSON generation date=Wed Nov 29 05:52:38 EST 2023 (1701255158764)
2023-12-04 11:58:21,865 [INFO] ServerAccessManage:473 - Download File 
2023-12-04 11:58:21,875 [INFO] LoadUrlFilesThread:185 - End of LoadServerUrlFiles without Thread
2023-12-04 11:58:21,875 [INFO] TargetSelectorAdapter:259 - Refresh data is successful
2023-12-04 11:58:22,168 [INFO] ApiDb:581 - Connected to CubeFinder SQLite database (/Users/dilnozabobokalonova/.stmcufinder/plugins/mcufinder/mcu/cube-finder-db.db)
2023-12-04 11:58:22,226 [INFO] ApiDb:668 - CubeFinder database Data Model version=2.1
2023-12-04 11:58:22,226 [INFO] ApiDb:669 - CubeFinder database Configuration version=3.0.39
2023-12-04 11:58:22,230 [INFO] ApiDb:670 - CubeFinder database generation date=2023-11-06 (1699269565)
2023-12-04 11:58:22,230 [INFO] ApiDb:671 - CubeFinder database FW Pack versions=[FP-ATR-ASTRA1_V2.0.0, FP-SNS-FLIGHT1_V5.0.1, FP-SNS-FLIGHT1_V5.0.2, FP-SNS-MOTENV1_V4.3.1, FP-SNS-MOTENV1_V4.3.2, FP-SNS-MOTENVWB1_V1.3.0, FP-SNS-SMARTAG2_V1.2.0, STM32Cube_FW_C0_V1.1.0, STM32Cube_FW_F4_V1.28.0, STM32Cube_FW_F7_V1.17.0, STM32Cube_FW_G0_V1.6.1, STM32Cube_FW_G4_V1.5.1, STM32Cube_FW_H5_V0.5.1, STM32Cube_FW_H5_V1.1.1, STM32Cube_FW_H5_V1.2.0RC2, STM32Cube_FW_H7_V1.11.0, STM32Cube_FW_L0_V1.12.2, STM32Cube_FW_L5_V1.5.0, STM32Cube_FW_U5_V1.3.0RC4, STM32Cube_FW_U5_V1.4.0, STM32Cube_FW_WBA_V1.0.0RC1, STM32Cube_FW_WBA_V1.1.0RC1, STM32Cube_FW_WBA_V1.2.0, STM32Cube_FW_WBA_V1.2.0RC2, STM32Cube_FW_WB_V1.15.0RC1, STM32Cube_FW_WB_V1.16.0, STM32Cube_FW_WB_V1.16.0RC2, STM32Cube_FW_WB_V1.18.0, STM32Cube_FW_WL_V1.3.0, X-CUBE-ALGOBUILD_V1.3.0, X-CUBE-ALS_V1.0.1, X-CUBE-AZRTOS-F4_V1.1.0, X-CUBE-AZRTOS-F7_V1.1.0, X-CUBE-AZRTOS-G0_V1.1.0, X-CUBE-AZRTOS-G4_V2.0.0, X-CUBE-AZRTOS-H7_V3.1.0, X-CUBE-AZRTOS-L4_V1.0.0, X-CUBE-AZRTOS-L4_V2.0.0, X-CUBE-AZRTOS-L5_V1.1.0, X-CUBE-AZRTOS-WB_V2.0.0, X-CUBE-AZRTOS-WL_V2.0.0, X-CUBE-BLE1_V7.0.0, X-CUBE-BLE2_V3.3.0, X-CUBE-BLEMGR_V2.0.0, X-CUBE-EEPRMA1_V4.1.0, X-CUBE-EEPRMA1_V4.2.0, X-CUBE-FREERTOS_V1.1.0, X-CUBE-GNSS1_V6.0.0, X-CUBE-MEMS1_V10.0.0, X-CUBE-MEMS1_V9.1.0, X-CUBE-MEMS1_V9.4.0, X-CUBE-MEMS1_V9.6.0, X-CUBE-NFC4_V3.0.0, X-CUBE-NFC7_V1.0.1, X-CUBE-SFXS2LP1_V4.0.0, X-CUBE-SUBG2_V5.0.0, X-CUBE-TOF1_V3.3.1]
2023-12-04 11:58:23,504 [INFO] ApiDb:240 - Found 323 in-development CPN: [B-G473E-ZEST1S, B-WB1M-WPAN1, B-WL5M-SUBG1, NUCLEO-C031C6, NUCLEO-H503RB, NUCLEO-H563ZI, NUCLEO-U545RE-Q, NUCLEO-U5A5ZJ-Q, NUCLEO-WBA52CG, STEVAL-PROTEUS1, STEVAL-SMARTAG2, STEVAL-STWINBX1, STM320518-EVAL, STM32C0116-DK, STM32C011D6Y3TR, STM32C011D6Y6TR, STM32C011F4P3, STM32C011F4P6, STM32C011F4U3, STM32C011F4U6TR, STM32C011F6P3, STM32C011F6P6, STM32C011F6U3, STM32C011F6U6TR, STM32C011J4M3, STM32C011J4M6, STM32C011J6M3, STM32C011J6M6, STM32C0316-DK, STM32C031C4T3, STM32C031C4T6, STM32C031C4U3, STM32C031C4U6, STM32C031C6T3, STM32C031C6T6, STM32C031C6U3, STM32C031C6U6, STM32C031F4P3, STM32C031F4P6, STM32C031F6P3, STM32C031F6P6, STM32C031G4U3, STM32C031G4U6, STM32C031G6U3, STM32C031G6U6, STM32C031K4T3, STM32C031K4T6, STM32C031K4U3, STM32C031K4U6, STM32C031K6T3, STM32C031K6T6, STM32C031K6U3, STM32C031K6U6, STM32G071K8TXN, STM32G071K8UXN, STM32G081GBU6N, STM32G081KBT6N, STM32G081KBUXN, STM32G0B1CCT6N, STM32G0B1KCT6, STM32G0B1NEY6TR, STM32G0B1RCT6N, STM32G0C1CCT6, STM32G0C1CCT6N, STM32G0C1CCU6N, STM32G0C1CET6N, STM32G0C1CEU6N, STM32G0C1KCT6, STM32G0C1NEY6TR, STM32G0C1RCI6N, STM32G0C1RCT6N, STM32G0C1REI6N, STM32G0C1RET6N, STM32G0C1VCI6, STM32G0C1VEI6, STM32G471CCT6, STM32G471CCU6, STM32G471CET3, STM32G471CET6, STM32G471CEU3, STM32G471CEU6, STM32G471MCT6, STM32G471MET3, STM32G471MET6, STM32G471MEY6TR, STM32G471QCT6, STM32G471QET3, STM32G471RCT6, STM32G471RET3, STM32G471RET6, STM32G471VCH6, STM32G471VCI6, STM32G471VCT6, STM32G471VEH3, STM32G471VEH6, STM32G471VEI3, STM32G471VEI6, STM32G471VET3, STM32G471VET6, STM32G474CCT6, STM32H503CBT6, STM32H503CBU6, STM32H503EBY6TR, STM32H503KBU6, STM32H503RBT6, STM32H562AGI6, STM32H562AII6, STM32H562IGK6, STM32H562IGT6, STM32H562IIK6, STM32H562IIT6, STM32H562RGT6, STM32H562RGV6, STM32H562RIT6, STM32H562RIV6, STM32H562VGT6, STM32H562VIT6, STM32H562ZGT6, STM32H562ZIT6, STM32H563AGI6, STM32H563AII3Q, STM32H563AII6, STM32H563IGK6, STM32H563IGT6, STM32H563IIK3Q, STM32H563IIK6, STM32H563IIT3Q, STM32H563IIT6, STM32H563MIY3QTR, STM32H563RGT6, STM32H563RGV6, STM32H563RIT6, STM32H563RIV6, STM32H563VGT6, STM32H563VIT3Q, STM32H563VIT6, STM32H563ZGT6, STM32H563ZIT3Q, STM32H563ZIT6, STM32H573AII3Q, STM32H573AII6, STM32H573I-DK, STM32H573IIK3Q, STM32H573IIK6, STM32H573IIT3Q, STM32H573IIT6, STM32H573MIY3QTR, STM32H573RIT6, STM32H573RIV6, STM32H573VIT3Q, STM32H573VIT6, STM32H573ZIT3Q, STM32H573ZIT6, STM32L4R5QGI6STR, STM32MP131AAE3, STM32MP131AAF3, STM32MP131AAG3, STM32MP131CAE3, STM32MP131CAF3, STM32MP131CAG3, STM32MP131DAE7, STM32MP131DAF7, STM32MP131DAG7, STM32MP131FAE7, STM32MP131FAF7, STM32MP131FAG7, STM32MP133AAE3, STM32MP133AAF3, STM32MP133AAG3, STM32MP133CAE3, STM32MP133CAF3, STM32MP133CAG3, STM32MP133DAE7, STM32MP133DAF7, STM32MP133DAG7, STM32MP133FAE7, STM32MP133FAF7, STM32MP133FAG7, STM32MP135AAE3, STM32MP135AAF3, STM32MP135AAG3, STM32MP135CAE3, STM32MP135CAF3, STM32MP135CAG3, STM32MP135DAE7, STM32MP135DAF7, STM32MP135DAG7, STM32MP135F-DK, STM32MP135FAE7, STM32MP135FAF7, STM32MP135FAF7T, STM32MP135FAF7U, STM32MP135FAG7, STM32U535CBT6, STM32U535CBT6Q, STM32U535CBU6, STM32U535CBU6Q, STM32U535CCT6, STM32U535CCT6Q, STM32U535CCU6, STM32U535CCU6Q, STM32U535CET6, STM32U535CET6Q, STM32U535CEU6, STM32U535CEU6Q, STM32U535JEY6QTR, STM32U535NCY6QTR, STM32U535NEY6QTR, STM32U535RBI6, STM32U535RBI6Q, STM32U535RBT6, STM32U535RBT6Q, STM32U535RCI6, STM32U535RCI6Q, STM32U535RCT6, STM32U535RCT6Q, STM32U535REI6, STM32U535REI6Q, STM32U535RET6, STM32U535RET6Q, STM32U535VCI6, STM32U535VCI6Q, STM32U535VCT6, STM32U535VCT6Q, STM32U535VEI6, STM32U535VEI6Q, STM32U535VET6, STM32U535VET6Q, STM32U545CET6, STM32U545CET6Q, STM32U545CEU6, STM32U545CEU6Q, STM32U545JEY6QTR, STM32U545NEY6QTR, STM32U545REI6, STM32U545REI6Q, STM32U545RET6, STM32U545RET6Q, STM32U545VEI6, STM32U545VEI6Q, STM32U545VET6, STM32U545VET6Q, STM32U595AIH6, STM32U595AIH6Q, STM32U595AJH6, STM32U595AJH6Q, STM32U595QII6, STM32U595QII6Q, STM32U595QJI6, STM32U595QJI6Q, STM32U595RIT6, STM32U595RIT6Q, STM32U595RJT6, STM32U595RJT6Q, STM32U595VIT6, STM32U595VIT6Q, STM32U595VJT6, STM32U595VJT6Q, STM32U595ZIT6, STM32U595ZIT6Q, STM32U595ZIY6QTR, STM32U595ZJT6, STM32U595ZJT6Q, STM32U595ZJY6QTR, STM32U599BJY6QTR, STM32U599NIH6Q, STM32U599NJH6Q, STM32U599VIT6Q, STM32U599VJT6, STM32U599VJT6Q, STM32U599ZIT6Q, STM32U599ZIY6QTR, STM32U599ZJT6Q, STM32U599ZJY6QTR, STM32U5A5AJH6, STM32U5A5AJH6Q, STM32U5A5QJI6, STM32U5A5QJI6Q, STM32U5A5RJT6, STM32U5A5RJT6Q, STM32U5A5VJT6, STM32U5A5VJT6Q, STM32U5A5ZJT6, STM32U5A5ZJT6Q, STM32U5A5ZJY6QTR, STM32U5A9BJY6QTR, STM32U5A9J-DK, STM32U5A9NJH6Q, STM32U5A9VJT6Q, STM32U5A9ZJT6Q, STM32U5A9ZJY6QTR, STM32U5F7VIT6, STM32U5F7VIT6Q, STM32U5F7VJT6, STM32U5F7VJT6Q, STM32U5F9BJY6QTR, STM32U5F9NJH6Q, STM32U5F9VIT6Q, STM32U5F9VJT6Q, STM32U5F9ZIJ6QTR, STM32U5F9ZIT6Q, STM32U5F9ZJJ6QTR, STM32U5F9ZJT6Q, STM32U5G7VJT6, STM32U5G7VJT6Q, STM32U5G9BJY6QTR, STM32U5G9J-DK1, STM32U5G9J-DK2, STM32U5G9NJH6Q, STM32U5G9VJT6Q, STM32U5G9ZJJ6QTR, STM32U5G9ZJT6Q, STM32WB1MMCH6, STM32WBA52CEU6, STM32WBA52CEU6T, STM32WBA52CGU6, STM32WBA52CGU6T, STM32WBA52KEU6, STM32WBA52KEU6T, STM32WBA52KGU6, STM32WBA52KGU6T, STM32WL5MOCH6, STM32WL5MOCH6TR]
2023-12-04 11:58:23,512 [INFO] DbMcus:217 - Found 3882 MCUs, 3882 are supported
2023-12-04 11:58:23,515 [INFO] ApiDb:423 - Load user favorites file /Users/dilnozabobokalonova/.stm32cubeide/favorites.mcus.txt: 0 item(s)
2023-12-04 11:58:23,515 [INFO] ApiDb:427 - User favorites MCUs=[]
2023-12-04 11:58:23,515 [INFO] DbMcus:223 - Set 0 / 0 favorites MCUs
2023-12-04 11:58:23,726 [INFO] ApiDb:668 - CubeFinder database Data Model version=2.1
2023-12-04 11:58:23,726 [INFO] ApiDb:669 - CubeFinder database Configuration version=3.0.39
2023-12-04 11:58:23,726 [INFO] ApiDb:670 - CubeFinder database generation date=2023-11-06 (1699269565)
2023-12-04 11:58:23,726 [INFO] ApiDb:671 - CubeFinder database FW Pack versions=[FP-ATR-ASTRA1_V2.0.0, FP-SNS-FLIGHT1_V5.0.1, FP-SNS-FLIGHT1_V5.0.2, FP-SNS-MOTENV1_V4.3.1, FP-SNS-MOTENV1_V4.3.2, FP-SNS-MOTENVWB1_V1.3.0, FP-SNS-SMARTAG2_V1.2.0, STM32Cube_FW_C0_V1.1.0, STM32Cube_FW_F4_V1.28.0, STM32Cube_FW_F7_V1.17.0, STM32Cube_FW_G0_V1.6.1, STM32Cube_FW_G4_V1.5.1, STM32Cube_FW_H5_V0.5.1, STM32Cube_FW_H5_V1.1.1, STM32Cube_FW_H5_V1.2.0RC2, STM32Cube_FW_H7_V1.11.0, STM32Cube_FW_L0_V1.12.2, STM32Cube_FW_L5_V1.5.0, STM32Cube_FW_U5_V1.3.0RC4, STM32Cube_FW_U5_V1.4.0, STM32Cube_FW_WBA_V1.0.0RC1, STM32Cube_FW_WBA_V1.1.0RC1, STM32Cube_FW_WBA_V1.2.0, STM32Cube_FW_WBA_V1.2.0RC2, STM32Cube_FW_WB_V1.15.0RC1, STM32Cube_FW_WB_V1.16.0, STM32Cube_FW_WB_V1.16.0RC2, STM32Cube_FW_WB_V1.18.0, STM32Cube_FW_WL_V1.3.0, X-CUBE-ALGOBUILD_V1.3.0, X-CUBE-ALS_V1.0.1, X-CUBE-AZRTOS-F4_V1.1.0, X-CUBE-AZRTOS-F7_V1.1.0, X-CUBE-AZRTOS-G0_V1.1.0, X-CUBE-AZRTOS-G4_V2.0.0, X-CUBE-AZRTOS-H7_V3.1.0, X-CUBE-AZRTOS-L4_V1.0.0, X-CUBE-AZRTOS-L4_V2.0.0, X-CUBE-AZRTOS-L5_V1.1.0, X-CUBE-AZRTOS-WB_V2.0.0, X-CUBE-AZRTOS-WL_V2.0.0, X-CUBE-BLE1_V7.0.0, X-CUBE-BLE2_V3.3.0, X-CUBE-BLEMGR_V2.0.0, X-CUBE-EEPRMA1_V4.1.0, X-CUBE-EEPRMA1_V4.2.0, X-CUBE-FREERTOS_V1.1.0, X-CUBE-GNSS1_V6.0.0, X-CUBE-MEMS1_V10.0.0, X-CUBE-MEMS1_V9.1.0, X-CUBE-MEMS1_V9.4.0, X-CUBE-MEMS1_V9.6.0, X-CUBE-NFC4_V3.0.0, X-CUBE-NFC7_V1.0.1, X-CUBE-SFXS2LP1_V4.0.0, X-CUBE-SUBG2_V5.0.0, X-CUBE-TOF1_V3.3.1]
2023-12-04 11:58:23,774 [INFO] DbBoardsSqlite:226 - include board P-NUCLEO-WB55-NUCLEO as a kit item of type 'Nucleo-64'
2023-12-04 11:58:23,774 [INFO] DbBoardsSqlite:226 - include board P-NUCLEO-WB55-USBDONGLE as a kit item of type 'Nucleo USB Dongle'
2023-12-04 11:58:23,774 [INFO] DbBoardsSqlite:226 - include board STEVAL-IDP005V1 as a kit item of type 'Evaluation Board'
2023-12-04 11:58:23,775 [INFO] DbBoardsSqlite:226 - include board STEVAL-IDP005V2 as a kit item of type 'Evaluation Board'
2023-12-04 11:58:23,800 [INFO] ApiDb:240 - Found 323 in-development CPN: [B-G473E-ZEST1S, B-WB1M-WPAN1, B-WL5M-SUBG1, NUCLEO-C031C6, NUCLEO-H503RB, NUCLEO-H563ZI, NUCLEO-U545RE-Q, NUCLEO-U5A5ZJ-Q, NUCLEO-WBA52CG, STEVAL-PROTEUS1, STEVAL-SMARTAG2, STEVAL-STWINBX1, STM320518-EVAL, STM32C0116-DK, STM32C011D6Y3TR, STM32C011D6Y6TR, STM32C011F4P3, STM32C011F4P6, STM32C011F4U3, STM32C011F4U6TR, STM32C011F6P3, STM32C011F6P6, STM32C011F6U3, STM32C011F6U6TR, STM32C011J4M3, STM32C011J4M6, STM32C011J6M3, STM32C011J6M6, STM32C0316-DK, STM32C031C4T3, STM32C031C4T6, STM32C031C4U3, STM32C031C4U6, STM32C031C6T3, STM32C031C6T6, STM32C031C6U3, STM32C031C6U6, STM32C031F4P3, STM32C031F4P6, STM32C031F6P3, STM32C031F6P6, STM32C031G4U3, STM32C031G4U6, STM32C031G6U3, STM32C031G6U6, STM32C031K4T3, STM32C031K4T6, STM32C031K4U3, STM32C031K4U6, STM32C031K6T3, STM32C031K6T6, STM32C031K6U3, STM32C031K6U6, STM32G071K8TXN, STM32G071K8UXN, STM32G081GBU6N, STM32G081KBT6N, STM32G081KBUXN, STM32G0B1CCT6N, STM32G0B1KCT6, STM32G0B1NEY6TR, STM32G0B1RCT6N, STM32G0C1CCT6, STM32G0C1CCT6N, STM32G0C1CCU6N, STM32G0C1CET6N, STM32G0C1CEU6N, STM32G0C1KCT6, STM32G0C1NEY6TR, STM32G0C1RCI6N, STM32G0C1RCT6N, STM32G0C1REI6N, STM32G0C1RET6N, STM32G0C1VCI6, STM32G0C1VEI6, STM32G471CCT6, STM32G471CCU6, STM32G471CET3, STM32G471CET6, STM32G471CEU3, STM32G471CEU6, STM32G471MCT6, STM32G471MET3, STM32G471MET6, STM32G471MEY6TR, STM32G471QCT6, STM32G471QET3, STM32G471RCT6, STM32G471RET3, STM32G471RET6, STM32G471VCH6, STM32G471VCI6, STM32G471VCT6, STM32G471VEH3, STM32G471VEH6, STM32G471VEI3, STM32G471VEI6, STM32G471VET3, STM32G471VET6, STM32G474CCT6, STM32H503CBT6, STM32H503CBU6, STM32H503EBY6TR, STM32H503KBU6, STM32H503RBT6, STM32H562AGI6, STM32H562AII6, STM32H562IGK6, STM32H562IGT6, STM32H562IIK6, STM32H562IIT6, STM32H562RGT6, STM32H562RGV6, STM32H562RIT6, STM32H562RIV6, STM32H562VGT6, STM32H562VIT6, STM32H562ZGT6, STM32H562ZIT6, STM32H563AGI6, STM32H563AII3Q, STM32H563AII6, STM32H563IGK6, STM32H563IGT6, STM32H563IIK3Q, STM32H563IIK6, STM32H563IIT3Q, STM32H563IIT6, STM32H563MIY3QTR, STM32H563RGT6, STM32H563RGV6, STM32H563RIT6, STM32H563RIV6, STM32H563VGT6, STM32H563VIT3Q, STM32H563VIT6, STM32H563ZGT6, STM32H563ZIT3Q, STM32H563ZIT6, STM32H573AII3Q, STM32H573AII6, STM32H573I-DK, STM32H573IIK3Q, STM32H573IIK6, STM32H573IIT3Q, STM32H573IIT6, STM32H573MIY3QTR, STM32H573RIT6, STM32H573RIV6, STM32H573VIT3Q, STM32H573VIT6, STM32H573ZIT3Q, STM32H573ZIT6, STM32L4R5QGI6STR, STM32MP131AAE3, STM32MP131AAF3, STM32MP131AAG3, STM32MP131CAE3, STM32MP131CAF3, STM32MP131CAG3, STM32MP131DAE7, STM32MP131DAF7, STM32MP131DAG7, STM32MP131FAE7, STM32MP131FAF7, STM32MP131FAG7, STM32MP133AAE3, STM32MP133AAF3, STM32MP133AAG3, STM32MP133CAE3, STM32MP133CAF3, STM32MP133CAG3, STM32MP133DAE7, STM32MP133DAF7, STM32MP133DAG7, STM32MP133FAE7, STM32MP133FAF7, STM32MP133FAG7, STM32MP135AAE3, STM32MP135AAF3, STM32MP135AAG3, STM32MP135CAE3, STM32MP135CAF3, STM32MP135CAG3, STM32MP135DAE7, STM32MP135DAF7, STM32MP135DAG7, STM32MP135F-DK, STM32MP135FAE7, STM32MP135FAF7, STM32MP135FAF7T, STM32MP135FAF7U, STM32MP135FAG7, STM32U535CBT6, STM32U535CBT6Q, STM32U535CBU6, STM32U535CBU6Q, STM32U535CCT6, STM32U535CCT6Q, STM32U535CCU6, STM32U535CCU6Q, STM32U535CET6, STM32U535CET6Q, STM32U535CEU6, STM32U535CEU6Q, STM32U535JEY6QTR, STM32U535NCY6QTR, STM32U535NEY6QTR, STM32U535RBI6, STM32U535RBI6Q, STM32U535RBT6, STM32U535RBT6Q, STM32U535RCI6, STM32U535RCI6Q, STM32U535RCT6, STM32U535RCT6Q, STM32U535REI6, STM32U535REI6Q, STM32U535RET6, STM32U535RET6Q, STM32U535VCI6, STM32U535VCI6Q, STM32U535VCT6, STM32U535VCT6Q, STM32U535VEI6, STM32U535VEI6Q, STM32U535VET6, STM32U535VET6Q, STM32U545CET6, STM32U545CET6Q, STM32U545CEU6, STM32U545CEU6Q, STM32U545JEY6QTR, STM32U545NEY6QTR, STM32U545REI6, STM32U545REI6Q, STM32U545RET6, STM32U545RET6Q, STM32U545VEI6, STM32U545VEI6Q, STM32U545VET6, STM32U545VET6Q, STM32U595AIH6, STM32U595AIH6Q, STM32U595AJH6, STM32U595AJH6Q, STM32U595QII6, STM32U595QII6Q, STM32U595QJI6, STM32U595QJI6Q, STM32U595RIT6, STM32U595RIT6Q, STM32U595RJT6, STM32U595RJT6Q, STM32U595VIT6, STM32U595VIT6Q, STM32U595VJT6, STM32U595VJT6Q, STM32U595ZIT6, STM32U595ZIT6Q, STM32U595ZIY6QTR, STM32U595ZJT6, STM32U595ZJT6Q, STM32U595ZJY6QTR, STM32U599BJY6QTR, STM32U599NIH6Q, STM32U599NJH6Q, STM32U599VIT6Q, STM32U599VJT6, STM32U599VJT6Q, STM32U599ZIT6Q, STM32U599ZIY6QTR, STM32U599ZJT6Q, STM32U599ZJY6QTR, STM32U5A5AJH6, STM32U5A5AJH6Q, STM32U5A5QJI6, STM32U5A5QJI6Q, STM32U5A5RJT6, STM32U5A5RJT6Q, STM32U5A5VJT6, STM32U5A5VJT6Q, STM32U5A5ZJT6, STM32U5A5ZJT6Q, STM32U5A5ZJY6QTR, STM32U5A9BJY6QTR, STM32U5A9J-DK, STM32U5A9NJH6Q, STM32U5A9VJT6Q, STM32U5A9ZJT6Q, STM32U5A9ZJY6QTR, STM32U5F7VIT6, STM32U5F7VIT6Q, STM32U5F7VJT6, STM32U5F7VJT6Q, STM32U5F9BJY6QTR, STM32U5F9NJH6Q, STM32U5F9VIT6Q, STM32U5F9VJT6Q, STM32U5F9ZIJ6QTR, STM32U5F9ZIT6Q, STM32U5F9ZJJ6QTR, STM32U5F9ZJT6Q, STM32U5G7VJT6, STM32U5G7VJT6Q, STM32U5G9BJY6QTR, STM32U5G9J-DK1, STM32U5G9J-DK2, STM32U5G9NJH6Q, STM32U5G9VJT6Q, STM32U5G9ZJJ6QTR, STM32U5G9ZJT6Q, STM32WB1MMCH6, STM32WBA52CEU6, STM32WBA52CEU6T, STM32WBA52CGU6, STM32WBA52CGU6T, STM32WBA52KEU6, STM32WBA52KEU6T, STM32WBA52KGU6, STM32WBA52KGU6T, STM32WL5MOCH6, STM32WL5MOCH6TR]
2023-12-04 11:58:23,919 [INFO] BoardInfo:880 - No configuration file found for board P-NUCLEO-WB55
2023-12-04 11:58:23,920 [INFO] DbBoards:157 - Kit is not supported: P-NUCLEO-WB55
2023-12-04 11:58:23,925 [INFO] BoardInfo:880 - No configuration file found for board STEVAL-BFA001V1B
2023-12-04 11:58:23,925 [INFO] DbBoards:157 - Kit is not supported: STEVAL-BFA001V1B
2023-12-04 11:58:23,927 [INFO] BoardInfo:880 - No configuration file found for board STEVAL-BFA001V2B
2023-12-04 11:58:23,927 [INFO] DbBoards:157 - Kit is not supported: STEVAL-BFA001V2B
2023-12-04 11:58:23,932 [INFO] BoardInfo:880 - No configuration file found for board STEVAL-MKBOXPRO
2023-12-04 11:58:23,932 [INFO] DbBoards:157 - Board is not supported: STEVAL-MKBOXPRO
2023-12-04 11:58:24,041 [INFO] DbBoards:161 - Found 191 boards, 187 are supported
2023-12-04 11:58:24,045 [INFO] ApiDb:423 - Load user favorites file /Users/dilnozabobokalonova/.stm32cubeide/favorites.boards.txt: 1 item(s)
2023-12-04 11:58:24,046 [INFO] ApiDb:427 - User favorites Boards=[STM32F3DISCOVERY]
2023-12-04 11:58:24,046 [INFO] DbBoards:190 - Set 1 / 1 favorites Boards
2023-12-04 11:58:24,048 [INFO] ApiDb:668 - CubeFinder database Data Model version=2.1
2023-12-04 11:58:24,048 [INFO] ApiDb:669 - CubeFinder database Configuration version=3.0.39
2023-12-04 11:58:24,048 [INFO] ApiDb:670 - CubeFinder database generation date=2023-11-06 (1699269565)
2023-12-04 11:58:24,048 [INFO] ApiDb:671 - CubeFinder database FW Pack versions=[FP-ATR-ASTRA1_V2.0.0, FP-SNS-FLIGHT1_V5.0.1, FP-SNS-FLIGHT1_V5.0.2, FP-SNS-MOTENV1_V4.3.1, FP-SNS-MOTENV1_V4.3.2, FP-SNS-MOTENVWB1_V1.3.0, FP-SNS-SMARTAG2_V1.2.0, STM32Cube_FW_C0_V1.1.0, STM32Cube_FW_F4_V1.28.0, STM32Cube_FW_F7_V1.17.0, STM32Cube_FW_G0_V1.6.1, STM32Cube_FW_G4_V1.5.1, STM32Cube_FW_H5_V0.5.1, STM32Cube_FW_H5_V1.1.1, STM32Cube_FW_H5_V1.2.0RC2, STM32Cube_FW_H7_V1.11.0, STM32Cube_FW_L0_V1.12.2, STM32Cube_FW_L5_V1.5.0, STM32Cube_FW_U5_V1.3.0RC4, STM32Cube_FW_U5_V1.4.0, STM32Cube_FW_WBA_V1.0.0RC1, STM32Cube_FW_WBA_V1.1.0RC1, STM32Cube_FW_WBA_V1.2.0, STM32Cube_FW_WBA_V1.2.0RC2, STM32Cube_FW_WB_V1.15.0RC1, STM32Cube_FW_WB_V1.16.0, STM32Cube_FW_WB_V1.16.0RC2, STM32Cube_FW_WB_V1.18.0, STM32Cube_FW_WL_V1.3.0, X-CUBE-ALGOBUILD_V1.3.0, X-CUBE-ALS_V1.0.1, X-CUBE-AZRTOS-F4_V1.1.0, X-CUBE-AZRTOS-F7_V1.1.0, X-CUBE-AZRTOS-G0_V1.1.0, X-CUBE-AZRTOS-G4_V2.0.0, X-CUBE-AZRTOS-H7_V3.1.0, X-CUBE-AZRTOS-L4_V1.0.0, X-CUBE-AZRTOS-L4_V2.0.0, X-CUBE-AZRTOS-L5_V1.1.0, X-CUBE-AZRTOS-WB_V2.0.0, X-CUBE-AZRTOS-WL_V2.0.0, X-CUBE-BLE1_V7.0.0, X-CUBE-BLE2_V3.3.0, X-CUBE-BLEMGR_V2.0.0, X-CUBE-EEPRMA1_V4.1.0, X-CUBE-EEPRMA1_V4.2.0, X-CUBE-FREERTOS_V1.1.0, X-CUBE-GNSS1_V6.0.0, X-CUBE-MEMS1_V10.0.0, X-CUBE-MEMS1_V9.1.0, X-CUBE-MEMS1_V9.4.0, X-CUBE-MEMS1_V9.6.0, X-CUBE-NFC4_V3.0.0, X-CUBE-NFC7_V1.0.1, X-CUBE-SFXS2LP1_V4.0.0, X-CUBE-SUBG2_V5.0.0, X-CUBE-TOF1_V3.3.1]
2023-12-04 11:58:24,980 [ERROR] DbExamplesSqlite:437 - Missing JSON key: board_cpn
2023-12-04 11:58:24,980 [ERROR] DbExamplesSqlite:437 - Missing JSON key: board_cpn
2023-12-04 11:58:24,982 [ERROR] DbExamplesSqlite:437 - Missing JSON key: board_cpn
2023-12-04 11:58:24,983 [ERROR] DbExamplesSqlite:437 - Missing JSON key: board_cpn
2023-12-04 11:58:25,057 [INFO] DbExamplesSqlite:395 - Ignored 55 examples not supported by CubeIDE
2023-12-04 11:58:25,059 [INFO] DbExamplesSqlite:396 - Found 7548 examples active
2023-12-04 11:58:25,059 [INFO] DbExamplesSqlite:397 - Found 848 examples obsolete
2023-12-04 11:58:25,060 [INFO] DbExamplesSqlite:398 - Found 0 examples under development
2023-12-04 11:58:25,060 [INFO] DbExamplesSqlite:399 - Found 8 examples not building
2023-12-04 11:58:25,066 [INFO] DbExamples:125 - Found 7501 examples
2023-12-04 11:58:25,131 [ERROR] DbExamples:208 - Found 247 examples with invalid data (board or MCU)
2023-12-04 11:58:25,133 [INFO] DbExamples:222 - Found 93 boards with related examples
2023-12-04 11:58:25,134 [INFO] DbExamples:235 - Found 79 MCUs with related examples
2023-12-04 11:58:25,157 [INFO] ApiDb:414 - User favorites file not found: /Users/dilnozabobokalonova/.stm32cubeide/favorites.examples.txt
2023-12-04 11:58:25,157 [INFO] DbExamples:250 - Set 0 / 0 favorites Examples
2023-12-04 11:58:25,635 [INFO] McuFinderGlobals:76 - Set McuFinderConnectedMode to true
2023-12-04 11:58:25,648 [INFO] MultiScanPanel:200 - Auto-refresh data requested => check proxy status ongoing
2023-12-04 11:58:25,651 [INFO] FinderPluginLoader:95 - Searching for filters in installed packs
2023-12-04 11:58:27,641 [INFO] LoadUrlFilesThread:185 - End of LoadServerUrlFiles without Thread
2023-12-04 11:58:27,694 [INFO] DetailPanel:341 - Set advertising image to /Users/dilnozabobokalonova/STM32Cube/Repository//en.prom-stm32wl3-mcu-finder.jpg
2023-12-04 11:58:32,481 [INFO] MultiScanPanel:200 - Auto-refresh data requested => check proxy status ongoing
2023-12-04 11:58:32,785 [INFO] LoadUrlFilesThread:185 - End of LoadServerUrlFiles without Thread
2023-12-04 11:58:32,786 [INFO] DetailPanel:341 - Set advertising image to /Users/dilnozabobokalonova/STM32Cube/Repository//en.prom-stm32wl3-mcu-finder.jpg
2023-12-04 11:58:32,810 [INFO] DbBoards:634 - Loading board mini-images...
2023-12-04 11:58:34,787 [INFO] DbBoards:657 - Loaded 191 board mini-images
2023-12-04 11:58:54,278 [INFO] MainUpdater:2868 - connection check result : 10
2023-12-04 11:58:54,281 [INFO] MainUpdater:2868 - connection check result : 10
2023-12-04 11:58:54,982 [INFO] MicroXplorer:468 - Change Database Path : 
2023-12-04 11:58:54,983 [INFO] MicroXplorer:498 - Change Database Version : DB.6.0.92
2023-12-04 11:58:54,986 [WARN] ThirdParty:871 - waiting for thirdparty lock release [close project]
2023-12-04 11:58:54,987 [INFO] ThirdParty:873 - entering critical section [close project]
2023-12-04 11:58:55,003 [INFO] ThirdParty:883 - exiting critical section [close project]
2023-12-04 11:58:55,011 [INFO] PinOutPanel:1499 - setPackage(No Configuration,No Configuration)
2023-12-04 11:58:55,079 [INFO] UtilMem:75 - Begin LoadConfig() Used Memory: 816317272 Bytes (1073741824)
2023-12-04 11:58:55,087 [INFO] OpenFileManager:308 - Change cursor
2023-12-04 11:58:55,203 [INFO] ProjectFactory:402 - No CPN specified for board B-L475E-IOT01A1 => set CPN to STM32L475VGT6
2023-12-04 11:58:55,213 [INFO] Mcu:1946 - Initializing MCU STM32L475V(C-E-G)Tx STM32L475VGTx STM32L475VGT6
2023-12-04 11:58:58,230 [INFO] Context:659 - Trying to add GPIOservice into a context  which must be forbidden
2023-12-04 11:58:59,411 [INFO] Rule:228 - rule 117617 - U5Cobra4M][GTZC] default value MPCBB3 and MPCBB5 - Not Secured memory - MPCBB1 is applicable
2023-12-04 11:58:59,413 [INFO] Rule:228 - rule 117617 - U5Cobra4M][GTZC] default value MPCBB3 and MPCBB5 - Not Secured memory - MPCBB1 is applicable
2023-12-04 11:58:59,413 [INFO] Rule:228 - rule 117617 - U5Cobra4M][GTZC] default value MPCBB3 and MPCBB5 - Not Secured memory - MPCBB2 is applicable
2023-12-04 11:58:59,413 [INFO] Rule:228 - rule 117617 - U5Cobra4M][GTZC] default value MPCBB3 and MPCBB5 - Not Secured memory - MPCBB2 is applicable
2023-12-04 11:58:59,413 [INFO] Rule:228 - rule 117617 - U5Cobra4M][GTZC] default value MPCBB3 and MPCBB5 - Not Secured memory - MPCBB3 is applicable
2023-12-04 11:58:59,413 [INFO] Rule:228 - rule 117617 - U5Cobra4M][GTZC] default value MPCBB3 and MPCBB5 - Not Secured memory - MPCBB3 is applicable
2023-12-04 11:58:59,413 [INFO] Rule:228 - rule 117617 - U5Cobra4M][GTZC] default value MPCBB3 and MPCBB5 - Not Secured memory - MPCBB4 is applicable
2023-12-04 11:58:59,413 [INFO] Rule:228 - rule 117617 - U5Cobra4M][GTZC] default value MPCBB3 and MPCBB5 - Not Secured memory - MPCBB4 is applicable
2023-12-04 11:58:59,413 [INFO] Rule:228 - rule 117617 - U5Cobra4M][GTZC] default value MPCBB3 and MPCBB5 - Secured memory - MPCBB1 is applicable
2023-12-04 11:58:59,413 [INFO] Rule:228 - rule 117617 - U5Cobra4M][GTZC] default value MPCBB3 and MPCBB5 - Secured memory - MPCBB2 is applicable
2023-12-04 11:58:59,413 [INFO] Rule:228 - rule 117617 - U5Cobra4M][GTZC] default value MPCBB3 and MPCBB5 - Secured memory - MPCBB3 is applicable
2023-12-04 11:58:59,415 [INFO] Rule:228 - rule 117617 - U5Cobra4M][GTZC] default value MPCBB3 and MPCBB5 - Secured memory - MPCBB4 is applicable
2023-12-04 11:58:59,417 [INFO] Rule:228 - rule 117617 - U5Cobra4M][GTZC] default value MPCBB3 and MPCBB5 - Privileged memory - MPCBB1 is applicable
2023-12-04 11:58:59,418 [INFO] Rule:228 - rule 117617 - U5Cobra4M][GTZC] default value MPCBB3 and MPCBB5 - Privileged memory - MPCBB2 is applicable
2023-12-04 11:58:59,418 [INFO] Rule:228 - rule 117617 - U5Cobra4M][GTZC] default value MPCBB3 and MPCBB5 - Privileged memory - MPCBB3 is applicable
2023-12-04 11:58:59,418 [INFO] Rule:228 - rule 117617 - U5Cobra4M][GTZC] default value MPCBB3 and MPCBB5 - Privileged memory - MPCBB4 is applicable
2023-12-04 11:58:59,418 [INFO] Rule:228 - rule 117617 - U5Cobra4M][GTZC] default value MPCBB3 and MPCBB5 - Not Privileged memory - MPCBB1 is applicable
2023-12-04 11:58:59,418 [INFO] Rule:228 - rule 117617 - U5Cobra4M][GTZC] default value MPCBB3 and MPCBB5 - Not Privileged memory - MPCBB2 is applicable
2023-12-04 11:58:59,418 [INFO] Rule:228 - rule 117617 - U5Cobra4M][GTZC] default value MPCBB3 and MPCBB5 - Not Privileged memory - MPCBB3 is applicable
2023-12-04 11:58:59,418 [INFO] Rule:228 - rule 117617 - U5Cobra4M][GTZC] default value MPCBB3 and MPCBB5 - Not Privileged memory - MPCBB4 is applicable
2023-12-04 11:58:59,418 [INFO] Rule:228 - rule 117617 - U5Cobra4M][GTZC] default value MPCBB3 and MPCBB5 - Privileged memory - MPCBB1 is applicable
2023-12-04 11:58:59,418 [INFO] Rule:228 - rule 117617 - U5Cobra4M][GTZC] default value MPCBB3 and MPCBB5 - Privileged memory - MPCBB2 is applicable
2023-12-04 11:58:59,418 [INFO] Rule:228 - rule 117617 - U5Cobra4M][GTZC] default value MPCBB3 and MPCBB5 - Privileged memory - MPCBB3 is applicable
2023-12-04 11:58:59,418 [INFO] Rule:228 - rule 117617 - U5Cobra4M][GTZC] default value MPCBB3 and MPCBB5 - Privileged memory - MPCBB4 is applicable
2023-12-04 11:58:59,418 [INFO] Rule:228 - rule 117617 - U5Cobra4M][GTZC] default value MPCBB3 and MPCBB5 - Privileged memory - MPCBB1 is applicable
2023-12-04 11:58:59,418 [INFO] Rule:228 - rule 117617 - U5Cobra4M][GTZC] default value MPCBB3 and MPCBB5 - Privileged memory - MPCBB2 is applicable
2023-12-04 11:58:59,418 [INFO] Rule:228 - rule 117617 - U5Cobra4M][GTZC] default value MPCBB3 and MPCBB5 - Privileged memory - MPCBB3 is applicable
2023-12-04 11:58:59,418 [INFO] Rule:228 - rule 117617 - U5Cobra4M][GTZC] default value MPCBB3 and MPCBB5 - Privileged memory - MPCBB4 is applicable
2023-12-04 11:58:59,418 [INFO] Rule:228 - rule 117617 - U5Cobra4M][GTZC] default value MPCBB3 and MPCBB5 - Not Privileged memory - MPCBB1 is applicable
2023-12-04 11:58:59,418 [INFO] Rule:228 - rule 117617 - U5Cobra4M][GTZC] default value MPCBB3 and MPCBB5 - Not Privileged memory - MPCBB2 is applicable
2023-12-04 11:58:59,418 [INFO] Rule:228 - rule 117617 - U5Cobra4M][GTZC] default value MPCBB3 and MPCBB5 - Not Privileged memory - MPCBB3 is applicable
2023-12-04 11:58:59,418 [INFO] Rule:228 - rule 117617 - U5Cobra4M][GTZC] default value MPCBB3 and MPCBB5 - Not Privileged memory - MPCBB4 is applicable
2023-12-04 11:58:59,418 [INFO] Rule:228 - rule 117617 - U5Cobra4M][GTZC] default value MPCBB3 and MPCBB5 - Privileged memory - MPCBB1 is applicable
2023-12-04 11:58:59,418 [INFO] Rule:228 - rule 117617 - U5Cobra4M][GTZC] default value MPCBB3 and MPCBB5 - Privileged memory - MPCBB2 is applicable
2023-12-04 11:58:59,418 [INFO] Rule:228 - rule 117617 - U5Cobra4M][GTZC] default value MPCBB3 and MPCBB5 - Privileged memory - MPCBB3 is applicable
2023-12-04 11:58:59,418 [INFO] Rule:228 - rule 117617 - U5Cobra4M][GTZC] default value MPCBB3 and MPCBB5 - Privileged memory - MPCBB4 is applicable
2023-12-04 11:58:59,418 [INFO] Rule:228 - rule Rename SubGHz_Phy SUBGHZ_APPLICATION SUBGHZ_PINGPONG to SUBGHZ_ADV_APPLICATION is applicable
2023-12-04 11:58:59,418 [INFO] Rule:228 - rule Rename Enabled to IBEACON is applicable
2023-12-04 11:58:59,418 [INFO] Rule:228 - rule GTZC_S instance for project manager is applicable
2023-12-04 11:58:59,418 [INFO] Rule:228 - rule GTZC_S instance for context M33S is applicable
2023-12-04 11:58:59,418 [INFO] Rule:228 - rule GTZC_S instance value for IP GTZC is applicable
2023-12-04 11:58:59,419 [INFO] Rule:228 - rule GTZC_S instance for mcu.IP is applicable
2023-12-04 11:58:59,419 [INFO] Rule:228 - rule GTZC_S instance for VP is applicable
2023-12-04 11:58:59,419 [INFO] Rule:228 - rule GTZC_S instance for signal is applicable
2023-12-04 11:58:59,419 [INFO] Rule:228 - rule GTZC_S instance for mcu.Pin is applicable
2023-12-04 11:58:59,419 [INFO] Rule:228 - rule GTZC_S instance for VP is applicable
2023-12-04 11:58:59,419 [INFO] Rule:228 - rule GTZC_S instance for signal is applicable
2023-12-04 11:58:59,419 [INFO] Rule:228 - rule GTZC_S instance for mcu is applicable
2023-12-04 11:58:59,419 [INFO] Rule:228 - rule GTZC_S instance for mcu.Pin is applicable
2023-12-04 11:58:59,419 [INFO] Rule:228 - rule GTZC_S instance value for IP GTZC is applicable
2023-12-04 11:58:59,419 [INFO] Rule:228 - rule GTZC_S instance for project manager is applicable
2023-12-04 11:58:59,419 [INFO] Rule:228 - rule GTZC_S instance for context M33S is applicable
2023-12-04 11:58:59,419 [INFO] Rule:228 - rule GTZC_S instance for VP is applicable
2023-12-04 11:58:59,419 [INFO] Rule:228 - rule GTZC_S instance for signal is applicable
2023-12-04 11:58:59,419 [INFO] Rule:228 - rule Rename Tracer Mode is applicable
2023-12-04 11:58:59,419 [INFO] Rule:228 - rule ADC Scan  fix with FW F7 is applicable
2023-12-04 11:58:59,419 [INFO] Rule:228 - rule ADC Scan  fix with FW F7 is applicable
2023-12-04 11:58:59,419 [INFO] Rule:228 - rule WakeUp0 Mode is applicable
2023-12-04 11:58:59,419 [INFO] Rule:228 - rule WakeUp0 SIGNAL is applicable
2023-12-04 11:58:59,419 [INFO] Rule:228 - rule WakeUp1 Mode is applicable
2023-12-04 11:58:59,419 [INFO] Rule:228 - rule WakeUp1 SIGNAL is applicable
2023-12-04 11:58:59,419 [INFO] Rule:228 - rule WakeUp2 Mode is applicable
2023-12-04 11:58:59,419 [INFO] Rule:228 - rule WakeUp2 SIGNAL is applicable
2023-12-04 11:58:59,419 [INFO] Rule:228 - rule WakeUp4 Mode is applicable
2023-12-04 11:58:59,419 [INFO] Rule:228 - rule WakeUp4 SIGNAL is applicable
2023-12-04 11:58:59,419 [INFO] Rule:228 - rule WakeUp5 Mode is applicable
2023-12-04 11:58:59,419 [INFO] Rule:228 - rule WakeUp5 SIGNAL is applicable
2023-12-04 11:58:59,419 [INFO] Rule:228 - rule Change Default Value for LSE Drive Capability for WB family is applicable
2023-12-04 11:58:59,419 [INFO] Rule:228 - rule Change Default Value for ADC Clock Prescaler G0 family is applicable
2023-12-04 11:58:59,420 [INFO] Rule:228 - rule UART/USART IPParameter rename Prescaler parameter to ClockPrescaler is applicable
2023-12-04 11:58:59,420 [INFO] Rule:228 - rule UART/USART Prescaler rename Prescaler parameter to ClockPrescaler is applicable
2023-12-04 11:58:59,420 [INFO] Rule:228 - rule TIM1CLockSelection is applicable
2023-12-04 11:58:59,420 [INFO] Rule:228 - rule TIM15CLockSelection is applicable
2023-12-04 11:58:59,420 [INFO] Rule:228 - rule align RCC SDMMC3CLockSelection default value on MP1 is applicable
2023-12-04 11:58:59,420 [INFO] Rule:228 - rule align RCC SDMMC12CLockSelection default value on MP1 is applicable
2023-12-04 11:58:59,420 [INFO] Rule:228 - rule align RCC QSPICLockSelection default value on MP1 is applicable
2023-12-04 11:58:59,420 [INFO] Rule:228 - rule align RCC QSPICLockSelection default value on MP1 is applicable
2023-12-04 11:58:59,420 [INFO] Rule:228 - rule align RCC SPI6CLockSelection default value on MP1 is applicable
2023-12-04 11:58:59,420 [INFO] Rule:228 - rule align RCC LPTIM23CLockSelection default value on MP1 is applicable
2023-12-04 11:58:59,420 [INFO] Rule:228 - rule align RCC LPTIM1CLockSelection default value on MP1 is applicable
2023-12-04 11:58:59,420 [INFO] Rule:228 - rule align RCC USART1CLockSelection default value on MP1 is applicable
2023-12-04 11:58:59,420 [INFO] Rule:228 - rule align RCC USART24CLockSelection default value on MP1 is applicable
2023-12-04 11:58:59,420 [INFO] Rule:228 - rule align RCC USART6CLockSelection default value on MP1 is applicable
2023-12-04 11:58:59,420 [INFO] Rule:228 - rule align RCC UART78CLockSelection default value on MP1 is applicable
2023-12-04 11:58:59,420 [INFO] Rule:228 - rule align RCC USART35CLockSelection default value on MP1 is applicable
2023-12-04 11:58:59,420 [INFO] Rule:228 - rule align RCC SPI45CLockSelection default value on MP1 is applicable
2023-12-04 11:58:59,420 [INFO] Rule:228 - rule align RCC I2C46CLockSelection BCLK value on MP1 is applicable
2023-12-04 11:58:59,420 [INFO] Rule:228 - rule align RCC SPI45CLockSelection default value on MP1 is applicable
2023-12-04 11:58:59,420 [INFO] Rule:228 - rule align RCC I2C12CLockSelection default value on MP1 is applicable
2023-12-04 11:58:59,420 [INFO] Rule:228 - rule align RCC I2C35CLockSelection default value on MP1 is applicable
2023-12-04 11:58:59,420 [INFO] Rule:228 - rule align RCC LPTIM45CLockSelection default value on MP1 is applicable
2023-12-04 11:58:59,420 [INFO] Rule:228 - rule Rename DCMI PIXCK signal is applicable
2023-12-04 11:58:59,420 [INFO] Rule:228 - rule Change Default Value for I2C46CLockSelection MP1 family is applicable
2023-12-04 11:58:59,420 [INFO] Rule:228 - rule Change Default Value for UART for G4, G0 and WB families is applicable
2023-12-04 11:58:59,420 [INFO] Rule:228 - rule Change Default Value for USART for G4, G0 and WB families is applicable
2023-12-04 11:58:59,420 [INFO] Rule:228 - rule Change Default Value for USART for G4 family is applicable
2023-12-04 11:58:59,420 [INFO] Rule:228 - rule Change USART1CLockSelection refparam name for MP1 is applicable
2023-12-04 11:58:59,421 [INFO] Rule:228 - rule Change USART2CLockSelection refparam name for MP1 is applicable
2023-12-04 11:58:59,421 [INFO] Rule:228 - rule Change USART3CLockSelection refparam name for MP1 is applicable
2023-12-04 11:58:59,421 [INFO] Rule:228 - rule Change UART4CLockSelection refparam name for MP1 is applicable
2023-12-04 11:58:59,421 [INFO] Rule:228 - rule Change UART5CLockSelection refparam name for MP1 is applicable
2023-12-04 11:58:59,421 [INFO] Rule:228 - rule Change LPUART1CLockSelection refparam name for MP1 is applicable
2023-12-04 11:58:59,421 [INFO] Rule:228 - rule Change LPTIM1CLockSelection refparam name for MP1 is applicable
2023-12-04 11:58:59,421 [INFO] Rule:228 - rule Change LPTIM2CLockSelection refparam name for MP1 is applicable
2023-12-04 11:58:59,421 [INFO] Rule:228 - rule Change RCC_MCO1Source refparam name for MP1 is applicable
2023-12-04 11:58:59,421 [INFO] Rule:228 - rule Change LSCOSource1 refparam name for MP1 is applicable
2023-12-04 11:58:59,421 [INFO] Rule:228 - rule Change SMPSCLockSelection refparam name for MP1 is applicable
2023-12-04 11:58:59,421 [INFO] Rule:228 - rule Change LPTIM3CLockSelection refparam name for MP1 is applicable
2023-12-04 11:58:59,421 [INFO] Rule:228 - rule Change MPCBB* Default Template Mode to Parameters is applicable
2023-12-04 11:58:59,421 [INFO] Rule:228 - rule Change MPCWM* or MPCBB* Secure Mode to Parameters is applicable
2023-12-04 11:58:59,421 [INFO] Rule:228 - rule Change MPCWM* or MPCBB* No Secure Mode to Parameters is applicable
2023-12-04 11:58:59,421 [INFO] Rule:228 - rule Change TZSC IP Secure Mode to Parameters is applicable
2023-12-04 11:58:59,421 [INFO] Rule:228 - rule Change TZSC IP No Secure Mode to Parameters is applicable
2023-12-04 11:58:59,421 [INFO] Rule:228 - rule Change TZSC IP Privilege Mode to Parameters is applicable
2023-12-04 11:58:59,421 [INFO] Rule:228 - rule Change TZSC IP No Privilege Mode to Parameters is applicable
2023-12-04 11:58:59,421 [INFO] Rule:228 - rule Change TZIC IT Secure Mode to Parameters is applicable
2023-12-04 11:58:59,421 [INFO] Rule:228 - rule Change TZIC IT No Secure Mode to Parameters is applicable
2023-12-04 11:58:59,421 [INFO] Rule:228 - rule Add MPCBB1_NonSecureArea_Start_Address value with referenced to MPCBB1_NonSecureArea_Start value is applicable
2023-12-04 11:58:59,421 [INFO] Rule:228 - rule Add MPCBB2_NonSecureArea_Start_Address value with referenced to MPCBB2_NonSecureArea_Start value is applicable
2023-12-04 11:58:59,421 [INFO] Rule:228 - rule Add MPCWM1_NonSecureArea*_Start_Address value with referenced to MPCWM1_NonSecureArea*_Start value is applicable
2023-12-04 11:58:59,421 [INFO] Rule:228 - rule Add MPCWM2_NonSecureArea*_Start_Address value with referenced to MPCWM2_NonSecureArea*_Start value is applicable
2023-12-04 11:58:59,421 [INFO] Rule:228 - rule Add MPCWM3_NonSecureArea_Start_Address value with referenced to MPCWM3_NonSecureArea_Start value is applicable
2023-12-04 11:58:59,421 [INFO] Rule:228 - rule Change Default Value for PLL1UserDefinedConfig is applicable
2023-12-04 11:58:59,421 [INFO] Rule:228 - rule Change GPIO_PuPd Default Value for USART in async mode is applicable
2023-12-04 11:58:59,421 [INFO] Rule:228 - rule Change SMPSDivider Default Value is applicable
2023-12-04 11:58:59,421 [INFO] Rule:228 - rule OPAMP is applicable
2023-12-04 11:58:59,421 [INFO] Rule:228 - rule LPUART IPParameter rename Prescaler parameter to ClockPrescaler for STM32H7 is applicable
2023-12-04 11:58:59,421 [INFO] Rule:228 - rule LPUART IPParameter rename Prescaler parameter to ClockPrescaler for STM32H7 is applicable
2023-12-04 11:58:59,421 [INFO] Rule:228 - rule LPUART IPParameter rename Prescaler parameter to ClockPrescaler for STM32WB is applicable
2023-12-04 11:58:59,421 [INFO] Rule:228 - rule LPUART IPParameter rename Prescaler parameter to ClockPrescaler for STM32WB is applicable
2023-12-04 11:58:59,421 [INFO] Rule:228 - rule LPUART IPParameter rename Prescaler parameter to ClockPrescaler for STM32G4 is applicable
2023-12-04 11:58:59,422 [INFO] Rule:228 - rule LPUART IPParameter rename Prescaler parameter to ClockPrescaler for STM32G4 is applicable
2023-12-04 11:58:59,422 [INFO] Rule:228 - rule LPUART IPParameter rename Prescaler parameter to ClockPrescaler for STM32L5 is applicable
2023-12-04 11:58:59,422 [INFO] Rule:228 - rule LPUART IPParameter rename Prescaler parameter to ClockPrescaler for STM32L5 is applicable
2023-12-04 11:58:59,422 [INFO] Rule:228 - rule LPUART IPParameter rename Prescaler parameter to ClockPrescaler for STM32G4 is applicable
2023-12-04 11:58:59,422 [INFO] Rule:228 - rule LPUART IPParameter rename Prescaler parameter to ClockPrescaler for STM32G4 is applicable
2023-12-04 11:58:59,422 [INFO] Rule:228 - rule USB device lib V2.5.3 for L0 rename USBD_SUPPORT_USER_STRING parameter to USBD_SUPPORT_USER_STRING_DESC4 is applicable
2023-12-04 11:58:59,422 [INFO] Rule:228 - rule I2SCLockSelection clock entry align is applicable
2023-12-04 11:58:59,422 [INFO] Rule:228 - rule Assign TIMx context if used as SYS timebase is applicable
2023-12-04 11:58:59,422 [INFO] Rule:228 - rule Change GPIO_Pu Default Value for I2C is applicable
2023-12-04 11:58:59,422 [INFO] Rule:228 - rule Change GPIO_Pu Default Value for SMBus is applicable
2023-12-04 11:58:59,422 [INFO] Rule:228 - rule change FDCAN default value is applicable
2023-12-04 11:58:59,422 [INFO] Rule:228 - rule Change mode sai is applicable
2023-12-04 11:58:59,422 [INFO] Rule:228 - rule **Change sai mode is applicable
2023-12-04 11:58:59,442 [INFO] DbConfProperties:307 - Apply Compatibility (4/144 Rules)
2023-12-04 11:58:59,935 [INFO] RtosManager:555 - Registered RTOS mode: class=CMSIS, group=RTOS, mode=CMSIS_V1, owner=FREERTOS
2023-12-04 11:58:59,938 [INFO] RtosManager:555 - Registered RTOS mode: class=CMSIS, group=RTOS2, mode=CMSIS_V2, owner=FREERTOS
2023-12-04 11:58:59,938 [INFO] RtosManager:555 - Registered RTOS mode: class=RTOS, group=Core, mode=CMSIS_V1, owner=FREERTOS
2023-12-04 11:58:59,938 [INFO] RtosManager:555 - Registered RTOS mode: class=RTOS, group=Core, mode=CMSIS_V2, owner=FREERTOS
2023-12-04 11:58:59,939 [WARN] ModelIntegratedComponent:184 - Missing modes for component STMicroelectronics:FreeRTOS:0.0.1:STMicroelectronics:RTOS:FreeRTOS:Core:::10.2.0:
2023-12-04 11:58:59,966 [WARN] ModelIntegratedComponent:63 - No mode defined for component null
2023-12-04 11:58:59,967 [WARN] ModelIntegratedComponent:63 - No mode defined for component null
2023-12-04 11:58:59,967 [WARN] ModelIntegratedComponent:63 - No mode defined for component null
2023-12-04 11:58:59,967 [WARN] ModelIntegratedComponent:63 - No mode defined for component null
2023-12-04 11:58:59,968 [WARN] ModelIntegratedComponent:63 - No mode defined for component null
2023-12-04 11:58:59,968 [WARN] ModelIntegratedComponent:63 - No mode defined for component null
2023-12-04 11:58:59,969 [WARN] ModelIntegratedComponent:63 - No mode defined for component null
2023-12-04 11:58:59,970 [WARN] ModelIntegratedComponent:63 - No mode defined for component null
2023-12-04 11:58:59,970 [WARN] ModelIntegratedComponent:63 - No mode defined for component null
2023-12-04 11:58:59,970 [WARN] ModelIntegratedComponent:63 - No mode defined for component null
2023-12-04 11:58:59,970 [WARN] ModelIntegratedComponent:63 - No mode defined for component null
2023-12-04 11:58:59,970 [WARN] ModelIntegratedComponent:63 - No mode defined for component null
2023-12-04 11:58:59,970 [WARN] ModelIntegratedComponent:63 - No mode defined for component null
2023-12-04 11:58:59,970 [WARN] ModelIntegratedComponent:63 - No mode defined for component null
2023-12-04 11:58:59,970 [WARN] ModelIntegratedComponent:63 - No mode defined for component null
2023-12-04 11:58:59,970 [WARN] ModelIntegratedComponent:63 - No mode defined for component null
2023-12-04 11:58:59,971 [WARN] ModelIntegratedComponent:63 - No mode defined for component null
2023-12-04 11:58:59,971 [WARN] ModelIntegratedComponent:63 - No mode defined for component null
2023-12-04 11:58:59,971 [WARN] ModelIntegratedComponent:63 - No mode defined for component null
2023-12-04 11:58:59,971 [WARN] ModelIntegratedComponent:63 - No mode defined for component null
2023-12-04 11:58:59,971 [WARN] ModelIntegratedComponent:63 - No mode defined for component null
2023-12-04 11:58:59,971 [WARN] ModelIntegratedComponent:63 - No mode defined for component null
2023-12-04 11:58:59,971 [WARN] ModelIntegratedComponent:63 - No mode defined for component null
2023-12-04 11:58:59,971 [WARN] ModelIntegratedComponent:63 - No mode defined for component null
2023-12-04 11:58:59,971 [WARN] ModelIntegratedComponent:63 - No mode defined for component null
2023-12-04 11:58:59,971 [WARN] ModelIntegratedComponent:63 - No mode defined for component null
2023-12-04 11:58:59,971 [WARN] ModelIntegratedComponent:63 - No mode defined for component null
2023-12-04 11:58:59,971 [WARN] ModelIntegratedComponent:63 - No mode defined for component null
2023-12-04 11:58:59,971 [WARN] ModelIntegratedComponent:63 - No mode defined for component null
2023-12-04 11:58:59,971 [WARN] ModelIntegratedComponent:63 - No mode defined for component null
2023-12-04 11:58:59,971 [WARN] ModelIntegratedComponent:63 - No mode defined for component null
2023-12-04 11:58:59,971 [WARN] ModelIntegratedComponent:63 - No mode defined for component null
2023-12-04 11:58:59,971 [WARN] ModelIntegratedComponent:63 - No mode defined for component null
2023-12-04 11:59:00,095 [INFO] ThirdPartyModel:298 - Start build external matchings
2023-12-04 11:59:00,730 [INFO] ThirdPartyModel:316 - End build external matchings
2023-12-04 11:59:00,925 [INFO] ImportTextPane:194 - (OptionalMessage_ERROR) IP (RCC) : Invalid parameter (FamilyName)
2023-12-04 11:59:01,533 [INFO] UtilMem:75 - End LoadConfig() Used Memory: 872224672 Bytes (1073741824)
2023-12-04 11:59:01,705 [WARN] ThirdParty:833 - waiting for thirdparty lock release [change project]
2023-12-04 11:59:01,709 [INFO] ThirdParty:835 - entering critical section [change project]
2023-12-04 11:59:01,710 [INFO] ThirdParty:1030 - CMSIS Pack Vendor :STMicroelectronics X-CUBE-ISPU 1.1.0
2023-12-04 11:59:01,710 [INFO] ThirdParty:1030 - CMSIS Pack Vendor :STMicroelectronics USBPD 4.1
2023-12-04 11:59:01,710 [INFO] ThirdParty:1030 - CMSIS Pack Vendor :STMicroelectronics X-CUBE-GNSS1 6.0.0
2023-12-04 11:59:01,710 [INFO] ThirdParty:1030 - CMSIS Pack Vendor :STMicroelectronics USB_HOST 2.0.0
2023-12-04 11:59:01,710 [INFO] ThirdParty:1030 - CMSIS Pack Vendor :STMicroelectronics X-CUBE-AZRTOS-F4 1.1.0
2023-12-04 11:59:01,710 [INFO] ThirdParty:1030 - CMSIS Pack Vendor :STMicroelectronics LIBJPEG 8.0.0
2023-12-04 11:59:01,710 [INFO] ThirdParty:1030 - CMSIS Pack Vendor :wolfSSL I-CUBE-wolfSSL 5.6.3
2023-12-04 11:59:01,710 [INFO] ThirdParty:1030 - CMSIS Pack Vendor :STMicroelectronics X-CUBE-SMBUS 2.1.0
2023-12-04 11:59:01,710 [INFO] ThirdParty:1030 - CMSIS Pack Vendor :STMicroelectronics USB_DEVICE 3.0.0
2023-12-04 11:59:01,710 [INFO] ThirdParty:1030 - CMSIS Pack Vendor :STMicroelectronics X-CUBE-AZRTOS-WB 2.0.0
2023-12-04 11:59:01,710 [INFO] ThirdParty:1030 - CMSIS Pack Vendor :STMicroelectronics X-CUBE-FREERTOS 1.0.1
2023-12-04 11:59:01,710 [INFO] ThirdParty:1030 - CMSIS Pack Vendor :STMicroelectronics X-CUBE-AZRTOS-F7 1.1.0
2023-12-04 11:59:01,710 [INFO] ThirdParty:1030 - CMSIS Pack Vendor :STMicroelectronics X-CUBE-AZRTOS-L5 2.0.0
2023-12-04 11:59:01,710 [INFO] ThirdParty:1030 - CMSIS Pack Vendor :STMicroelectronics USB_DEVICE 2.0.0
2023-12-04 11:59:01,710 [INFO] ThirdParty:1030 - CMSIS Pack Vendor :STMicroelectronics X-CUBE-MEMS1 9.6.0
2023-12-04 11:59:01,710 [INFO] ThirdParty:1030 - CMSIS Pack Vendor :STMicroelectronics X-CUBE-EEPRMA1 4.2.0
2023-12-04 11:59:01,710 [INFO] ThirdParty:1030 - CMSIS Pack Vendor :ITTIA_DB I-CUBE-ITTIADB 8.8.0
2023-12-04 11:59:01,710 [INFO] ThirdParty:1030 - CMSIS Pack Vendor :STMicroelectronics FP-SNS-MOTENV1 4.3.2
2023-12-04 11:59:01,710 [INFO] ThirdParty:1030 - CMSIS Pack Vendor :STMicroelectronics X-CUBE-ALGOBUILD 1.3.0
2023-12-04 11:59:01,710 [INFO] ThirdParty:1030 - CMSIS Pack Vendor :STMicroelectronics X-CUBE-BLE1 6.2.4
2023-12-04 11:59:01,710 [INFO] ThirdParty:1030 - CMSIS Pack Vendor :STMicroelectronics X-CUBE-AZRTOS-L5 1.1.0
2023-12-04 11:59:01,710 [INFO] ThirdParty:1030 - CMSIS Pack Vendor :STMicroelectronics FreeRTOS 0.0.1
2023-12-04 11:59:01,710 [INFO] ThirdParty:1030 - CMSIS Pack Vendor :STMicroelectronics X-CUBE-AZRTOS-G0 1.1.0
2023-12-04 11:59:01,710 [INFO] ThirdParty:1030 - CMSIS Pack Vendor :STMicroelectronics X-CUBE-BLEMGR 2.0.0
2023-12-04 11:59:01,710 [INFO] ThirdParty:1030 - CMSIS Pack Vendor :STMicroelectronics X-CUBE-NFC4 3.0.0
2023-12-04 11:59:01,710 [INFO] ThirdParty:1030 - CMSIS Pack Vendor :STMicroelectronics X-CUBE-SUBG2 5.0.0
2023-12-04 11:59:01,710 [INFO] ThirdParty:1030 - CMSIS Pack Vendor :STMicroelectronics STM32_WPAN 1.0.0
2023-12-04 11:59:01,710 [INFO] ThirdParty:1030 - CMSIS Pack Vendor :STMicroelectronics lwIP 2.0.3
2023-12-04 11:59:01,710 [INFO] ThirdParty:1030 - CMSIS Pack Vendor :STMicroelectronics FP-SNS-FLIGHT1 5.0.2
2023-12-04 11:59:01,710 [INFO] ThirdParty:1030 - CMSIS Pack Vendor :STMicroelectronics USB_HOST 1.0.0
2023-12-04 11:59:01,710 [INFO] ThirdParty:1030 - CMSIS Pack Vendor :STMicroelectronics X-CUBE-TOF1 3.3.1
2023-12-04 11:59:01,710 [INFO] ThirdParty:1030 - CMSIS Pack Vendor :STMicroelectronics X-CUBE-AZRTOS-G4 2.0.0
2023-12-04 11:59:01,710 [INFO] ThirdParty:1030 - CMSIS Pack Vendor :STMicroelectronics PDM2PCM 3.1.0
2023-12-04 11:59:01,710 [INFO] ThirdParty:1030 - CMSIS Pack Vendor :STMicroelectronics X-CUBE-AZRTOS-H7 3.1.0
2023-12-04 11:59:01,710 [INFO] ThirdParty:1030 - CMSIS Pack Vendor :Infineon AIROC-Wi-Fi-Bluetooth-STM32 1.5.1
2023-12-04 11:59:01,710 [INFO] ThirdParty:1030 - CMSIS Pack Vendor :STMicroelectronics X-CUBE-BLEMGR 3.0.0
2023-12-04 11:59:01,710 [INFO] ThirdParty:1030 - CMSIS Pack Vendor :STMicroelectronics PDM2PCM 3.3.0
2023-12-04 11:59:01,711 [INFO] ThirdParty:1030 - CMSIS Pack Vendor :STMicroelectronics X-CUBE-DISPLAY 3.0.0
2023-12-04 11:59:01,711 [INFO] ThirdParty:1030 - CMSIS Pack Vendor :STMicroelectronics FP-SNS-MOTENVWB1 1.3.0
2023-12-04 11:59:01,711 [INFO] ThirdParty:1030 - CMSIS Pack Vendor :STMicroelectronics X-CUBE-BLE1 7.0.0
2023-12-04 11:59:01,711 [INFO] ThirdParty:1030 - CMSIS Pack Vendor :STMicroelectronics FP-ATR-SIGFOX1 3.2.0
2023-12-04 11:59:01,711 [INFO] ThirdParty:1030 - CMSIS Pack Vendor :STMicroelectronics HAL Drivers 0.0.0
2023-12-04 11:59:01,711 [INFO] ThirdParty:1030 - CMSIS Pack Vendor :STMicroelectronics MBEDTLS 2.16.2
2023-12-04 11:59:01,711 [INFO] ThirdParty:1030 - CMSIS Pack Vendor :emotas I-CUBE-CANOPEN 1.3.0
2023-12-04 11:59:01,711 [INFO] ThirdParty:1030 - CMSIS Pack Vendor :STMicroelectronics X-CUBE-MEMS1 10.0.0
2023-12-04 11:59:01,711 [INFO] ThirdParty:1030 - CMSIS Pack Vendor :STMicroelectronics X-CUBE-FREERTOS 1.1.0
2023-12-04 11:59:01,711 [INFO] ThirdParty:1030 - CMSIS Pack Vendor :STMicroelectronics X-CUBE-TOUCHGFX 4.22.0
2023-12-04 11:59:01,711 [INFO] ThirdParty:1030 - CMSIS Pack Vendor :STMicroelectronics X-CUBE-NFC7 1.0.1
2023-12-04 11:59:01,711 [INFO] ThirdParty:1030 - CMSIS Pack Vendor :STMicroelectronics MBEDTLS 2.14.1
2023-12-04 11:59:01,711 [INFO] ThirdParty:1030 - CMSIS Pack Vendor :STMicroelectronics X-CUBE-TOUCHGFX 4.22.1
2023-12-04 11:59:01,711 [INFO] ThirdParty:1030 - CMSIS Pack Vendor :STMicroelectronics X-CUBE-NFC6 3.0.0
2023-12-04 11:59:01,711 [INFO] ThirdParty:1030 - CMSIS Pack Vendor :STMicroelectronics X-CUBE-EEPRMA1 4.1.0
2023-12-04 11:59:01,711 [INFO] ThirdParty:1030 - CMSIS Pack Vendor :portGmbH I-Cube-SoM-uGOAL 1.1.0
2023-12-04 11:59:01,711 [INFO] ThirdParty:1030 - CMSIS Pack Vendor :STMicroelectronics X-CUBE-ALS 1.0.1
2023-12-04 11:59:01,711 [INFO] ThirdParty:1030 - CMSIS Pack Vendor :STMicroelectronics ThreadX 1.0.0
2023-12-04 11:59:01,711 [INFO] ThirdParty:1030 - CMSIS Pack Vendor :STMicroelectronics FP-SNS-SMARTAG2 1.2.0
2023-12-04 11:59:01,711 [INFO] ThirdParty:1030 - CMSIS Pack Vendor :STMicroelectronics X-CUBE-AZRTOS-WB 1.1.0
2023-12-04 11:59:01,711 [INFO] ThirdParty:1030 - CMSIS Pack Vendor :STMicroelectronics X-CUBE-AZRTOS-WL 2.0.0
2023-12-04 11:59:01,711 [INFO] ThirdParty:1030 - CMSIS Pack Vendor :SEGGER I-CUBE-embOS 1.3.1
2023-12-04 11:59:01,711 [INFO] ThirdParty:1030 - CMSIS Pack Vendor :STMicroelectronics USB_DEVICE 1.0.0
2023-12-04 11:59:01,711 [INFO] ThirdParty:1030 - CMSIS Pack Vendor :STMicroelectronics X-CUBE-AI 8.1.0
2023-12-04 11:59:01,711 [INFO] ThirdParty:1030 - CMSIS Pack Vendor :STMicroelectronics X-CUBE-AZRTOS-L4 2.0.0
2023-12-04 11:59:01,711 [INFO] ThirdParty:1030 - CMSIS Pack Vendor :STMicroelectronics ThreadX 0.0.2
2023-12-04 11:59:01,712 [INFO] ThirdParty:1030 - CMSIS Pack Vendor :WES I-CUBE-Cesium 1.3.0
2023-12-04 11:59:01,712 [INFO] ThirdParty:1030 - CMSIS Pack Vendor :STMicroelectronics FP-ATR-ASTRA1 2.0.0
2023-12-04 11:59:01,712 [INFO] ThirdParty:1030 - CMSIS Pack Vendor :STMicroelectronics lwIP 2.1.2
2023-12-04 11:59:01,712 [INFO] ThirdParty:1030 - CMSIS Pack Vendor :STMicroelectronics X-CUBE-SFXS2LP1 4.0.0
2023-12-04 11:59:01,712 [INFO] ThirdParty:1030 - CMSIS Pack Vendor :STMicroelectronics X-CUBE-BLE2 3.3.0
2023-12-04 11:59:01,712 [INFO] ThirdParty:1030 - CMSIS Pack Vendor :STMicroelectronics X-CUBE-TOF1 3.4.0
2023-12-04 11:59:01,712 [INFO] ThirdParty:1030 - CMSIS Pack Vendor :STMicroelectronics PDM2PCM 3.2.0
2023-12-04 11:59:01,713 [INFO] ThirdParty:841 - exiting critical section [change project]
2023-12-04 11:59:02,749 [INFO] PinOutPanel:1499 - setPackage(No Configuration,No Configuration)
2023-12-04 11:59:02,758 [INFO] PinOutPanel:1499 - setPackage(STM32L475VGTx,LQFP100)
2023-12-04 11:59:04,617 [INFO] UtilMem:75 - Before build in PCC Used Memory: 933702248 Bytes (1073741824)
2023-12-04 11:59:06,474 [INFO] UtilMem:75 - After build in PCC Used Memory: 838344608 Bytes (1073741824)
2023-12-04 11:59:06,598 [INFO] IPUIPlugin:80 - create IPUIPlugin
2023-12-04 11:59:06,599 [INFO] IPUIPlugin:80 - create IPUIPlugin
2023-12-04 11:59:06,599 [INFO] IPUIPlugin:80 - create IPUIPlugin
2023-12-04 11:59:06,599 [INFO] IPUIPlugin:80 - create IPUIPlugin
2023-12-04 11:59:06,600 [INFO] IPUIPlugin:80 - create IPUIPlugin
2023-12-04 11:59:06,600 [INFO] IPUIPlugin:80 - create IPUIPlugin
2023-12-04 11:59:06,600 [INFO] IPUIPlugin:80 - create IPUIPlugin
2023-12-04 11:59:06,600 [INFO] IPUIPlugin:80 - create IPUIPlugin
2023-12-04 11:59:06,600 [INFO] IPUIPlugin:80 - create IPUIPlugin
2023-12-04 11:59:06,600 [INFO] IPUIPlugin:80 - create IPUIPlugin
2023-12-04 11:59:06,601 [INFO] IPUIPlugin:80 - create IPUIPlugin
2023-12-04 11:59:06,603 [INFO] IPUIPlugin:80 - create IPUIPlugin
2023-12-04 11:59:06,614 [INFO] IPUIPlugin:80 - create IPUIPlugin
2023-12-04 11:59:06,615 [INFO] IPUIPlugin:80 - create IPUIPlugin
2023-12-04 11:59:06,615 [INFO] IPUIPlugin:80 - create IPUIPlugin
2023-12-04 11:59:06,615 [INFO] IPUIPlugin:80 - create IPUIPlugin
2023-12-04 11:59:06,615 [INFO] IPUIPlugin:80 - create IPUIPlugin
2023-12-04 11:59:06,615 [INFO] IPUIPlugin:80 - create IPUIPlugin
2023-12-04 11:59:06,617 [INFO] IPUIPlugin:80 - create IPUIPlugin
2023-12-04 11:59:06,617 [INFO] IPUIPlugin:80 - create IPUIPlugin
2023-12-04 11:59:06,618 [INFO] IPUIPlugin:80 - create IPUIPlugin
2023-12-04 11:59:06,619 [INFO] IPUIPlugin:80 - create IPUIPlugin
2023-12-04 11:59:06,621 [INFO] IPUIPlugin:80 - create IPUIPlugin
2023-12-04 11:59:06,623 [INFO] IPUIPlugin:80 - create IPUIPlugin
2023-12-04 11:59:06,623 [INFO] IPUIPlugin:80 - create IPUIPlugin
2023-12-04 11:59:06,623 [INFO] IPUIPlugin:80 - create IPUIPlugin
2023-12-04 11:59:06,624 [INFO] IPUIPlugin:80 - create IPUIPlugin
2023-12-04 11:59:06,624 [INFO] IPUIPlugin:80 - create IPUIPlugin
2023-12-04 11:59:06,624 [INFO] IPUIPlugin:80 - create IPUIPlugin
2023-12-04 11:59:06,624 [INFO] IPUIPlugin:80 - create IPUIPlugin
2023-12-04 11:59:06,624 [INFO] IPUIPlugin:80 - create IPUIPlugin
2023-12-04 11:59:06,625 [INFO] IPUIPlugin:80 - create IPUIPlugin
2023-12-04 11:59:06,625 [INFO] IPUIPlugin:80 - create IPUIPlugin
2023-12-04 11:59:06,625 [INFO] IPUIPlugin:80 - create IPUIPlugin
2023-12-04 11:59:06,625 [INFO] IPUIPlugin:80 - create IPUIPlugin
2023-12-04 11:59:06,625 [INFO] IPUIPlugin:80 - create IPUIPlugin
2023-12-04 11:59:06,625 [INFO] IPUIPlugin:80 - create IPUIPlugin
2023-12-04 11:59:06,625 [INFO] IPUIPlugin:80 - create IPUIPlugin
2023-12-04 11:59:06,625 [INFO] IPUIPlugin:80 - create IPUIPlugin
2023-12-04 11:59:06,625 [INFO] IPUIPlugin:80 - create IPUIPlugin
2023-12-04 11:59:06,626 [INFO] IPUIPlugin:80 - create IPUIPlugin
2023-12-04 11:59:06,626 [INFO] IPUIPlugin:80 - create IPUIPlugin
2023-12-04 11:59:06,626 [INFO] IPUIPlugin:80 - create IPUIPlugin
2023-12-04 11:59:06,626 [INFO] IPUIPlugin:80 - create IPUIPlugin
2023-12-04 11:59:06,626 [INFO] IPUIPlugin:80 - create IPUIPlugin
2023-12-04 11:59:06,626 [INFO] IPUIPlugin:80 - create IPUIPlugin
2023-12-04 11:59:06,626 [INFO] IPUIPlugin:80 - create IPUIPlugin
2023-12-04 11:59:06,626 [INFO] IPUIPlugin:80 - create IPUIPlugin
2023-12-04 11:59:06,626 [INFO] IPUIPlugin:80 - create IPUIPlugin
2023-12-04 11:59:06,626 [INFO] IPUIPlugin:80 - create IPUIPlugin
2023-12-04 11:59:06,627 [INFO] IPUIPlugin:80 - create IPUIPlugin
2023-12-04 11:59:06,627 [INFO] IPUIPlugin:80 - create IPUIPlugin
2023-12-04 11:59:06,627 [INFO] IPUIPlugin:80 - create IPUIPlugin
2023-12-04 11:59:06,627 [INFO] IPUIPlugin:80 - create IPUIPlugin
2023-12-04 11:59:06,627 [INFO] IPUIPlugin:80 - create IPUIPlugin
2023-12-04 11:59:06,627 [INFO] IPUIPlugin:80 - create IPUIPlugin
2023-12-04 11:59:06,628 [INFO] IPUIPlugin:80 - create IPUIPlugin
2023-12-04 11:59:06,628 [INFO] IPUIPlugin:80 - create IPUIPlugin
2023-12-04 11:59:06,630 [INFO] IPUIPlugin:80 - create IPUIPlugin
2023-12-04 11:59:07,124 [INFO] CADModel:165 - CPN selected for project levelSTM32L475VGT6
2023-12-04 11:59:07,125 [INFO] CADModel:114 - Register for checkConnection events
2023-12-04 11:59:07,195 [INFO] OpenFileManager:328 - Restore cursor
2023-12-04 11:59:09,084 [INFO] UtilMem:75 - End SaveConfig() Used Memory: 842501168 Bytes (1073741824)
2023-12-04 11:59:09,229 [INFO] UtilMem:75 - End SaveConfig() Used Memory: 859184880 Bytes (1073741824)
2023-12-04 11:59:09,971 [INFO] BlockDiagram:2759 - set Specific Code input for plugin: SPI
2023-12-04 11:59:09,972 [INFO] BlockDiagram:2759 - set Specific Code input for plugin: DFSDM
2023-12-04 11:59:09,972 [INFO] BlockDiagram:2759 - set Specific Code input for plugin: SYS
2023-12-04 11:59:09,972 [INFO] BlockDiagram:2759 - set Specific Code input for plugin: RCC
2023-12-04 11:59:09,972 [INFO] BlockDiagram:2759 - set Specific Code input for plugin: I2C
2023-12-04 11:59:09,972 [INFO] BlockDiagram:2759 - set Specific Code input for plugin: USB_OTG_FS
2023-12-04 11:59:09,972 [INFO] BlockDiagram:2759 - set Specific Code input for plugin: NVIC
2023-12-04 11:59:09,972 [INFO] BlockDiagram:2759 - set Specific Code input for plugin: USART
2023-12-04 11:59:09,972 [INFO] BlockDiagram:2759 - set Specific Code input for plugin: USART
2023-12-04 11:59:09,974 [INFO] BlockDiagram:2759 - set Specific Code input for plugin: GPIO
2023-12-04 11:59:09,974 [INFO] BlockDiagram:2759 - set Specific Code input for plugin: QUADSPI
2023-12-04 11:59:09,976 [INFO] CodeGenerator:799 - code generatio: config db path: /Applications/STM32CubeIDE.app/Contents/Eclipse/plugins/com.st.stm32cube.common.mx_6.9.2.202309101412//db/
2023-12-04 11:59:10,584 [INFO] CodeEngine:255 - oldGeneratedFile, /Users/dilnozabobokalonova/embedded_c/STM32-L4/HelloSPI/MXTmpFiles/license.tmp_save
2023-12-04 11:59:11,499 [INFO] CodeEngine:279 - Generated code: /Users/dilnozabobokalonova/embedded_c/STM32-L4/HelloSPI/MXTmpFiles/license.tmp
2023-12-04 11:59:12,059 [INFO] CodeEngine:255 - oldGeneratedFile, /Users/dilnozabobokalonova/embedded_c/STM32-L4/HelloSPI/MXTmpFiles/gpio.tmp_save
2023-12-04 11:59:12,412 [INFO] CodeEngine:279 - Generated code: /Users/dilnozabobokalonova/embedded_c/STM32-L4/HelloSPI/MXTmpFiles/gpio.tmp
2023-12-04 11:59:14,921 [WARN] IPConfigManager:2937 - Warning: the RefConfig PWREx_EnableUSBVoltageDetector is not available in your config.xml file
2023-12-04 11:59:14,951 [INFO] CodeEngine:255 - oldGeneratedFile, /Users/dilnozabobokalonova/embedded_c/STM32-L4/HelloSPI/Core/Src/stm32l4xx_it.c_save
2023-12-04 11:59:15,373 [INFO] CodeEngine:279 - Generated code: /Users/dilnozabobokalonova/embedded_c/STM32-L4/HelloSPI/Core/Src/stm32l4xx_it.c
2023-12-04 11:59:15,399 [INFO] CodeEngine:255 - oldGeneratedFile, /Users/dilnozabobokalonova/embedded_c/STM32-L4/HelloSPI/Core/Inc/stm32l4xx_it.h_save
2023-12-04 11:59:15,508 [INFO] CodeEngine:279 - Generated code: /Users/dilnozabobokalonova/embedded_c/STM32-L4/HelloSPI/Core/Inc/stm32l4xx_it.h
2023-12-04 11:59:15,531 [INFO] CodeEngine:255 - oldGeneratedFile, /Users/dilnozabobokalonova/embedded_c/STM32-L4/HelloSPI/Core/Src/stm32l4xx_hal_msp.c_save
2023-12-04 11:59:15,761 [INFO] CodeEngine:279 - Generated code: /Users/dilnozabobokalonova/embedded_c/STM32-L4/HelloSPI/Core/Src/stm32l4xx_hal_msp.c
2023-12-04 11:59:15,765 [INFO] CodeEngine:255 - oldGeneratedFile, /Users/dilnozabobokalonova/embedded_c/STM32-L4/HelloSPI/MXTmpFiles/system.tmp_save
2023-12-04 11:59:15,834 [INFO] CodeEngine:279 - Generated code: /Users/dilnozabobokalonova/embedded_c/STM32-L4/HelloSPI/MXTmpFiles/system.tmp
2023-12-04 11:59:15,845 [INFO] CodeEngine:311 - oldGeneratedFile, /Users/dilnozabobokalonova/embedded_c/STM32-L4/HelloSPI/Core/Inc/stm32l4xx_hal_conf.h_save
2023-12-04 11:59:15,927 [INFO] CodeEngine:335 - Generated code: /Users/dilnozabobokalonova/embedded_c/STM32-L4/HelloSPI/Core/Inc/stm32l4xx_hal_conf.h
2023-12-04 11:59:16,163 [WARN] IPConfigManager:3431 - IP not found : USB_OTG
2023-12-04 11:59:16,166 [WARN] CodeGenerator:3764 - IP not found : null
2023-12-04 11:59:16,175 [INFO] CodeEngine:255 - oldGeneratedFile, /Users/dilnozabobokalonova/embedded_c/STM32-L4/HelloSPI/Core/Inc/main.h_save
2023-12-04 11:59:16,358 [INFO] CodeEngine:279 - Generated code: /Users/dilnozabobokalonova/embedded_c/STM32-L4/HelloSPI/Core/Inc/main.h
2023-12-04 11:59:16,367 [INFO] CodeEngine:255 - oldGeneratedFile, /Users/dilnozabobokalonova/embedded_c/STM32-L4/HelloSPI/Core/Src/main.c_save
2023-12-04 11:59:16,792 [INFO] CodeEngine:279 - Generated code: /Users/dilnozabobokalonova/embedded_c/STM32-L4/HelloSPI/Core/Src/main.c
2023-12-04 11:59:17,621 [INFO] ProjectBuilder:3064 - Time for Copy HAL[1] : 93mS.
2023-12-04 11:59:17,656 [INFO] ProjectBuilder:4404 - Project Generator version: 4.1.0
2023-12-04 11:59:18,039 [INFO] ConfigFileManager:1457 - The Die is : DIE415
2023-12-04 11:59:18,108 [INFO] ApiDbMcu:507 - Load IP Config File for FATFS
2023-12-04 11:59:18,134 [INFO] ApiDbMcu:507 - Load IP Config File for FREERTOS
2023-12-04 11:59:18,160 [INFO] ApiDbMcu:507 - Load IP Config File for TOUCHSENSING
2023-12-04 11:59:18,175 [INFO] ApiDbMcu:507 - Load IP Config File for USB_DEVICE
2023-12-04 11:59:18,198 [INFO] ApiDbMcu:507 - Load IP Config File for USB_HOST
2023-12-04 11:59:23,758 [INFO] ProjectBuilder:4626 - Time for Generating toolchain IDE Files: 6080mS.
2023-12-04 11:59:23,766 [INFO] ProjectBuilder:2935 - Time for Copy CMSIS : 5mS.
2023-12-04 11:59:23,774 [INFO] ProjectBuilder:2935 - Time for Copy CMSIS : 0mS.
2023-12-04 11:59:25,763 [INFO] McuFinderGlobals:76 - Set McuFinderConnectedMode to true
2023-12-04 11:59:25,804 [INFO] ApiDb:448 - Save user favorites file /Users/dilnozabobokalonova/.stm32cubeide/favorites.mcus.txt: 0 item(s)
2023-12-04 11:59:25,806 [INFO] ApiDb:452 - User favorites MCUs=[]
2023-12-04 11:59:25,816 [INFO] ApiDb:448 - Save user favorites file /Users/dilnozabobokalonova/.stm32cubeide/favorites.boards.txt: 1 item(s)
2023-12-04 11:59:25,817 [INFO] ApiDb:452 - User favorites Boards=[STM32F3DISCOVERY]
2023-12-04 14:21:20,176 [INFO] MainUpdater:2868 - connection check result : 10
2023-12-04 14:21:20,179 [INFO] MainUpdater:2868 - connection check result : 10
2023-12-04 14:21:20,935 [INFO] I2cTimingTraitement:330 - 0x10909CEC
2023-12-04 14:21:21,077 [INFO] MicroXplorer:468 - Change Database Path : 
2023-12-04 14:21:21,077 [INFO] MicroXplorer:498 - Change Database Version : DB.6.0.92
2023-12-04 14:21:21,196 [WARN] ThirdParty:871 - waiting for thirdparty lock release [close project]
2023-12-04 14:21:21,196 [INFO] ThirdParty:873 - entering critical section [close project]
2023-12-04 14:21:21,196 [INFO] ThirdParty:883 - exiting critical section [close project]
2023-12-04 14:21:21,200 [INFO] PinOutPanel:1499 - setPackage(No Configuration,No Configuration)
2023-12-04 14:21:21,219 [INFO] UtilMem:75 - Begin LoadConfig() Used Memory: 914479568 Bytes (1073741824)
2023-12-04 14:21:21,220 [INFO] MicroXplorer:468 - Change Database Path : 
2023-12-04 14:21:21,220 [INFO] MicroXplorer:498 - Change Database Version : DB.6.0.92
2023-12-04 14:21:21,220 [INFO] OpenFileManager:308 - Change cursor
2023-12-04 14:21:21,267 [INFO] RulesReader:64 - Compatibility file has been processed (293 Rules)
2023-12-04 14:21:21,315 [INFO] Mcu:1946 - Initializing MCU STM32L475V(C-E-G)Tx STM32L475VGTx STM32L475VGT6
2023-12-04 14:21:23,714 [INFO] Context:659 - Trying to add GPIOservice into a context  which must be forbidden
2023-12-04 14:21:24,619 [INFO] RtosManager:555 - Registered RTOS mode: class=CMSIS, group=RTOS, mode=CMSIS_V1, owner=FREERTOS
2023-12-04 14:21:24,623 [INFO] RtosManager:555 - Registered RTOS mode: class=CMSIS, group=RTOS2, mode=CMSIS_V2, owner=FREERTOS
2023-12-04 14:21:24,623 [INFO] RtosManager:555 - Registered RTOS mode: class=RTOS, group=Core, mode=CMSIS_V1, owner=FREERTOS
2023-12-04 14:21:24,623 [INFO] RtosManager:555 - Registered RTOS mode: class=RTOS, group=Core, mode=CMSIS_V2, owner=FREERTOS
2023-12-04 14:21:24,623 [WARN] ModelIntegratedComponent:184 - Missing modes for component STMicroelectronics:FreeRTOS:0.0.1:STMicroelectronics:RTOS:FreeRTOS:Core:::10.2.0:
2023-12-04 14:21:24,634 [WARN] ModelIntegratedComponent:63 - No mode defined for component null
2023-12-04 14:21:24,634 [WARN] ModelIntegratedComponent:63 - No mode defined for component null
2023-12-04 14:21:24,634 [WARN] ModelIntegratedComponent:63 - No mode defined for component null
2023-12-04 14:21:24,634 [WARN] ModelIntegratedComponent:63 - No mode defined for component null
2023-12-04 14:21:24,634 [WARN] ModelIntegratedComponent:63 - No mode defined for component null
2023-12-04 14:21:24,634 [WARN] ModelIntegratedComponent:63 - No mode defined for component null
2023-12-04 14:21:24,634 [WARN] ModelIntegratedComponent:63 - No mode defined for component null
2023-12-04 14:21:24,634 [WARN] ModelIntegratedComponent:63 - No mode defined for component null
2023-12-04 14:21:24,634 [WARN] ModelIntegratedComponent:63 - No mode defined for component null
2023-12-04 14:21:24,634 [WARN] ModelIntegratedComponent:63 - No mode defined for component null
2023-12-04 14:21:24,635 [WARN] ModelIntegratedComponent:63 - No mode defined for component null
2023-12-04 14:21:24,635 [WARN] ModelIntegratedComponent:63 - No mode defined for component null
2023-12-04 14:21:24,635 [WARN] ModelIntegratedComponent:63 - No mode defined for component null
2023-12-04 14:21:24,635 [WARN] ModelIntegratedComponent:63 - No mode defined for component null
2023-12-04 14:21:24,635 [WARN] ModelIntegratedComponent:63 - No mode defined for component null
2023-12-04 14:21:24,635 [WARN] ModelIntegratedComponent:63 - No mode defined for component null
2023-12-04 14:21:24,635 [WARN] ModelIntegratedComponent:63 - No mode defined for component null
2023-12-04 14:21:24,635 [WARN] ModelIntegratedComponent:63 - No mode defined for component null
2023-12-04 14:21:24,635 [WARN] ModelIntegratedComponent:63 - No mode defined for component null
2023-12-04 14:21:24,635 [WARN] ModelIntegratedComponent:63 - No mode defined for component null
2023-12-04 14:21:24,635 [WARN] ModelIntegratedComponent:63 - No mode defined for component null
2023-12-04 14:21:24,635 [WARN] ModelIntegratedComponent:63 - No mode defined for component null
2023-12-04 14:21:24,635 [WARN] ModelIntegratedComponent:63 - No mode defined for component null
2023-12-04 14:21:24,635 [WARN] ModelIntegratedComponent:63 - No mode defined for component null
2023-12-04 14:21:24,636 [WARN] ModelIntegratedComponent:63 - No mode defined for component null
2023-12-04 14:21:24,636 [WARN] ModelIntegratedComponent:63 - No mode defined for component null
2023-12-04 14:21:24,638 [WARN] ModelIntegratedComponent:63 - No mode defined for component null
2023-12-04 14:21:24,639 [WARN] ModelIntegratedComponent:63 - No mode defined for component null
2023-12-04 14:21:24,640 [WARN] ModelIntegratedComponent:63 - No mode defined for component null
2023-12-04 14:21:24,640 [WARN] ModelIntegratedComponent:63 - No mode defined for component null
2023-12-04 14:21:24,640 [WARN] ModelIntegratedComponent:63 - No mode defined for component null
2023-12-04 14:21:24,640 [WARN] ModelIntegratedComponent:63 - No mode defined for component null
2023-12-04 14:21:24,640 [WARN] ModelIntegratedComponent:63 - No mode defined for component null
2023-12-04 14:21:24,732 [INFO] ThirdPartyModel:298 - Start build external matchings
2023-12-04 14:21:25,269 [INFO] ThirdPartyModel:316 - End build external matchings
2023-12-04 14:21:25,357 [INFO] ImportTextPane:194 - (OptionalMessage_ERROR) IP (RCC) : Invalid parameter (FamilyName)
2023-12-04 14:21:25,635 [INFO] UtilMem:75 - End LoadConfig() Used Memory: 720716768 Bytes (1073741824)
2023-12-04 14:21:25,763 [WARN] ThirdParty:833 - waiting for thirdparty lock release [change project]
2023-12-04 14:21:25,766 [INFO] ThirdParty:835 - entering critical section [change project]
2023-12-04 14:21:25,767 [INFO] ThirdParty:1030 - CMSIS Pack Vendor :STMicroelectronics X-CUBE-ISPU 1.1.0
2023-12-04 14:21:25,777 [INFO] ThirdParty:1030 - CMSIS Pack Vendor :STMicroelectronics USBPD 4.1
2023-12-04 14:21:25,777 [INFO] ThirdParty:1030 - CMSIS Pack Vendor :STMicroelectronics X-CUBE-GNSS1 6.0.0
2023-12-04 14:21:25,777 [INFO] ThirdParty:1030 - CMSIS Pack Vendor :STMicroelectronics USB_HOST 2.0.0
2023-12-04 14:21:25,777 [INFO] ThirdParty:1030 - CMSIS Pack Vendor :STMicroelectronics X-CUBE-AZRTOS-F4 1.1.0
2023-12-04 14:21:25,777 [INFO] ThirdParty:1030 - CMSIS Pack Vendor :STMicroelectronics LIBJPEG 8.0.0
2023-12-04 14:21:25,777 [INFO] ThirdParty:1030 - CMSIS Pack Vendor :wolfSSL I-CUBE-wolfSSL 5.6.3
2023-12-04 14:21:25,777 [INFO] ThirdParty:1030 - CMSIS Pack Vendor :STMicroelectronics X-CUBE-SMBUS 2.1.0
2023-12-04 14:21:25,777 [INFO] ThirdParty:1030 - CMSIS Pack Vendor :STMicroelectronics USB_DEVICE 3.0.0
2023-12-04 14:21:25,777 [INFO] ThirdParty:1030 - CMSIS Pack Vendor :STMicroelectronics X-CUBE-AZRTOS-WB 2.0.0
2023-12-04 14:21:25,777 [INFO] ThirdParty:1030 - CMSIS Pack Vendor :STMicroelectronics X-CUBE-FREERTOS 1.0.1
2023-12-04 14:21:25,777 [INFO] ThirdParty:1030 - CMSIS Pack Vendor :STMicroelectronics X-CUBE-AZRTOS-F7 1.1.0
2023-12-04 14:21:25,777 [INFO] ThirdParty:1030 - CMSIS Pack Vendor :STMicroelectronics X-CUBE-AZRTOS-L5 2.0.0
2023-12-04 14:21:25,777 [INFO] ThirdParty:1030 - CMSIS Pack Vendor :STMicroelectronics USB_DEVICE 2.0.0
2023-12-04 14:21:25,777 [INFO] ThirdParty:1030 - CMSIS Pack Vendor :STMicroelectronics X-CUBE-MEMS1 9.6.0
2023-12-04 14:21:25,777 [INFO] ThirdParty:1030 - CMSIS Pack Vendor :STMicroelectronics X-CUBE-EEPRMA1 4.2.0
2023-12-04 14:21:25,777 [INFO] ThirdParty:1030 - CMSIS Pack Vendor :ITTIA_DB I-CUBE-ITTIADB 8.8.0
2023-12-04 14:21:25,777 [INFO] ThirdParty:1030 - CMSIS Pack Vendor :STMicroelectronics FP-SNS-MOTENV1 4.3.2
2023-12-04 14:21:25,777 [INFO] ThirdParty:1030 - CMSIS Pack Vendor :STMicroelectronics X-CUBE-ALGOBUILD 1.3.0
2023-12-04 14:21:25,777 [INFO] ThirdParty:1030 - CMSIS Pack Vendor :STMicroelectronics X-CUBE-BLE1 6.2.4
2023-12-04 14:21:25,777 [INFO] ThirdParty:1030 - CMSIS Pack Vendor :STMicroelectronics X-CUBE-AZRTOS-L5 1.1.0
2023-12-04 14:21:25,777 [INFO] ThirdParty:1030 - CMSIS Pack Vendor :STMicroelectronics FreeRTOS 0.0.1
2023-12-04 14:21:25,777 [INFO] ThirdParty:1030 - CMSIS Pack Vendor :STMicroelectronics X-CUBE-AZRTOS-G0 1.1.0
2023-12-04 14:21:25,777 [INFO] ThirdParty:1030 - CMSIS Pack Vendor :STMicroelectronics X-CUBE-BLEMGR 2.0.0
2023-12-04 14:21:25,777 [INFO] ThirdParty:1030 - CMSIS Pack Vendor :STMicroelectronics X-CUBE-NFC4 3.0.0
2023-12-04 14:21:25,777 [INFO] ThirdParty:1030 - CMSIS Pack Vendor :STMicroelectronics X-CUBE-SUBG2 5.0.0
2023-12-04 14:21:25,777 [INFO] ThirdParty:1030 - CMSIS Pack Vendor :STMicroelectronics STM32_WPAN 1.0.0
2023-12-04 14:21:25,777 [INFO] ThirdParty:1030 - CMSIS Pack Vendor :STMicroelectronics lwIP 2.0.3
2023-12-04 14:21:25,777 [INFO] ThirdParty:1030 - CMSIS Pack Vendor :STMicroelectronics FP-SNS-FLIGHT1 5.0.2
2023-12-04 14:21:25,777 [INFO] ThirdParty:1030 - CMSIS Pack Vendor :STMicroelectronics USB_HOST 1.0.0
2023-12-04 14:21:25,777 [INFO] ThirdParty:1030 - CMSIS Pack Vendor :STMicroelectronics X-CUBE-TOF1 3.3.1
2023-12-04 14:21:25,777 [INFO] ThirdParty:1030 - CMSIS Pack Vendor :STMicroelectronics X-CUBE-AZRTOS-G4 2.0.0
2023-12-04 14:21:25,777 [INFO] ThirdParty:1030 - CMSIS Pack Vendor :STMicroelectronics PDM2PCM 3.1.0
2023-12-04 14:21:25,777 [INFO] ThirdParty:1030 - CMSIS Pack Vendor :STMicroelectronics X-CUBE-AZRTOS-H7 3.1.0
2023-12-04 14:21:25,777 [INFO] ThirdParty:1030 - CMSIS Pack Vendor :Infineon AIROC-Wi-Fi-Bluetooth-STM32 1.5.1
2023-12-04 14:21:25,777 [INFO] ThirdParty:1030 - CMSIS Pack Vendor :STMicroelectronics X-CUBE-BLEMGR 3.0.0
2023-12-04 14:21:25,777 [INFO] ThirdParty:1030 - CMSIS Pack Vendor :STMicroelectronics PDM2PCM 3.3.0
2023-12-04 14:21:25,777 [INFO] ThirdParty:1030 - CMSIS Pack Vendor :STMicroelectronics X-CUBE-DISPLAY 3.0.0
2023-12-04 14:21:25,777 [INFO] ThirdParty:1030 - CMSIS Pack Vendor :STMicroelectronics FP-SNS-MOTENVWB1 1.3.0
2023-12-04 14:21:25,778 [INFO] ThirdParty:1030 - CMSIS Pack Vendor :STMicroelectronics X-CUBE-BLE1 7.0.0
2023-12-04 14:21:25,778 [INFO] ThirdParty:1030 - CMSIS Pack Vendor :STMicroelectronics FP-ATR-SIGFOX1 3.2.0
2023-12-04 14:21:25,778 [INFO] ThirdParty:1030 - CMSIS Pack Vendor :STMicroelectronics HAL Drivers 0.0.0
2023-12-04 14:21:25,778 [INFO] ThirdParty:1030 - CMSIS Pack Vendor :STMicroelectronics MBEDTLS 2.16.2
2023-12-04 14:21:25,778 [INFO] ThirdParty:1030 - CMSIS Pack Vendor :emotas I-CUBE-CANOPEN 1.3.0
2023-12-04 14:21:25,778 [INFO] ThirdParty:1030 - CMSIS Pack Vendor :STMicroelectronics X-CUBE-MEMS1 10.0.0
2023-12-04 14:21:25,778 [INFO] ThirdParty:1030 - CMSIS Pack Vendor :STMicroelectronics X-CUBE-FREERTOS 1.1.0
2023-12-04 14:21:25,778 [INFO] ThirdParty:1030 - CMSIS Pack Vendor :STMicroelectronics X-CUBE-TOUCHGFX 4.22.0
2023-12-04 14:21:25,778 [INFO] ThirdParty:1030 - CMSIS Pack Vendor :STMicroelectronics X-CUBE-NFC7 1.0.1
2023-12-04 14:21:25,778 [INFO] ThirdParty:1030 - CMSIS Pack Vendor :STMicroelectronics MBEDTLS 2.14.1
2023-12-04 14:21:25,778 [INFO] ThirdParty:1030 - CMSIS Pack Vendor :STMicroelectronics X-CUBE-TOUCHGFX 4.22.1
2023-12-04 14:21:25,778 [INFO] ThirdParty:1030 - CMSIS Pack Vendor :STMicroelectronics X-CUBE-NFC6 3.0.0
2023-12-04 14:21:25,778 [INFO] ThirdParty:1030 - CMSIS Pack Vendor :STMicroelectronics X-CUBE-EEPRMA1 4.1.0
2023-12-04 14:21:25,778 [INFO] ThirdParty:1030 - CMSIS Pack Vendor :portGmbH I-Cube-SoM-uGOAL 1.1.0
2023-12-04 14:21:25,778 [INFO] ThirdParty:1030 - CMSIS Pack Vendor :STMicroelectronics X-CUBE-ALS 1.0.1
2023-12-04 14:21:25,778 [INFO] ThirdParty:1030 - CMSIS Pack Vendor :STMicroelectronics ThreadX 1.0.0
2023-12-04 14:21:25,778 [INFO] ThirdParty:1030 - CMSIS Pack Vendor :STMicroelectronics FP-SNS-SMARTAG2 1.2.0
2023-12-04 14:21:25,778 [INFO] ThirdParty:1030 - CMSIS Pack Vendor :STMicroelectronics X-CUBE-AZRTOS-WB 1.1.0
2023-12-04 14:21:25,778 [INFO] ThirdParty:1030 - CMSIS Pack Vendor :STMicroelectronics X-CUBE-AZRTOS-WL 2.0.0
2023-12-04 14:21:25,778 [INFO] ThirdParty:1030 - CMSIS Pack Vendor :SEGGER I-CUBE-embOS 1.3.1
2023-12-04 14:21:25,778 [INFO] ThirdParty:1030 - CMSIS Pack Vendor :STMicroelectronics USB_DEVICE 1.0.0
2023-12-04 14:21:25,778 [INFO] ThirdParty:1030 - CMSIS Pack Vendor :STMicroelectronics X-CUBE-AI 8.1.0
2023-12-04 14:21:25,778 [INFO] ThirdParty:1030 - CMSIS Pack Vendor :STMicroelectronics X-CUBE-AZRTOS-L4 2.0.0
2023-12-04 14:21:25,778 [INFO] ThirdParty:1030 - CMSIS Pack Vendor :STMicroelectronics ThreadX 0.0.2
2023-12-04 14:21:25,778 [INFO] ThirdParty:1030 - CMSIS Pack Vendor :WES I-CUBE-Cesium 1.3.0
2023-12-04 14:21:25,778 [INFO] ThirdParty:1030 - CMSIS Pack Vendor :STMicroelectronics FP-ATR-ASTRA1 2.0.0
2023-12-04 14:21:25,778 [INFO] ThirdParty:1030 - CMSIS Pack Vendor :STMicroelectronics lwIP 2.1.2
2023-12-04 14:21:25,778 [INFO] ThirdParty:1030 - CMSIS Pack Vendor :STMicroelectronics X-CUBE-SFXS2LP1 4.0.0
2023-12-04 14:21:25,778 [INFO] ThirdParty:1030 - CMSIS Pack Vendor :STMicroelectronics X-CUBE-BLE2 3.3.0
2023-12-04 14:21:25,778 [INFO] ThirdParty:1030 - CMSIS Pack Vendor :STMicroelectronics X-CUBE-TOF1 3.4.0
2023-12-04 14:21:25,778 [INFO] ThirdParty:1030 - CMSIS Pack Vendor :STMicroelectronics PDM2PCM 3.2.0
2023-12-04 14:21:25,778 [INFO] ThirdParty:841 - exiting critical section [change project]
2023-12-04 14:21:26,319 [INFO] PinOutPanel:1499 - setPackage(No Configuration,No Configuration)
2023-12-04 14:21:26,322 [INFO] PinOutPanel:1499 - setPackage(STM32L475VGTx,LQFP100)
2023-12-04 14:21:26,833 [INFO] UtilMem:75 - Before build in PCC Used Memory: 724583944 Bytes (1073741824)
2023-12-04 14:21:27,490 [INFO] UtilMem:75 - After build in PCC Used Memory: 802700808 Bytes (1073741824)
2023-12-04 14:21:27,551 [INFO] IPUIPlugin:80 - create IPUIPlugin
2023-12-04 14:21:27,551 [INFO] IPUIPlugin:80 - create IPUIPlugin
2023-12-04 14:21:27,551 [INFO] IPUIPlugin:80 - create IPUIPlugin
2023-12-04 14:21:27,552 [INFO] IPUIPlugin:80 - create IPUIPlugin
2023-12-04 14:21:27,553 [INFO] IPUIPlugin:80 - create IPUIPlugin
2023-12-04 14:21:27,553 [INFO] IPUIPlugin:80 - create IPUIPlugin
2023-12-04 14:21:27,553 [INFO] IPUIPlugin:80 - create IPUIPlugin
2023-12-04 14:21:27,553 [INFO] IPUIPlugin:80 - create IPUIPlugin
2023-12-04 14:21:27,553 [INFO] IPUIPlugin:80 - create IPUIPlugin
2023-12-04 14:21:27,553 [INFO] IPUIPlugin:80 - create IPUIPlugin
2023-12-04 14:21:27,553 [INFO] IPUIPlugin:80 - create IPUIPlugin
2023-12-04 14:21:27,553 [INFO] IPUIPlugin:80 - create IPUIPlugin
2023-12-04 14:21:27,554 [INFO] IPUIPlugin:80 - create IPUIPlugin
2023-12-04 14:21:27,554 [INFO] IPUIPlugin:80 - create IPUIPlugin
2023-12-04 14:21:27,554 [INFO] IPUIPlugin:80 - create IPUIPlugin
2023-12-04 14:21:27,554 [INFO] IPUIPlugin:80 - create IPUIPlugin
2023-12-04 14:21:27,554 [INFO] IPUIPlugin:80 - create IPUIPlugin
2023-12-04 14:21:27,554 [INFO] IPUIPlugin:80 - create IPUIPlugin
2023-12-04 14:21:27,554 [INFO] IPUIPlugin:80 - create IPUIPlugin
2023-12-04 14:21:27,554 [INFO] IPUIPlugin:80 - create IPUIPlugin
2023-12-04 14:21:27,555 [INFO] IPUIPlugin:80 - create IPUIPlugin
2023-12-04 14:21:27,555 [INFO] IPUIPlugin:80 - create IPUIPlugin
2023-12-04 14:21:27,555 [INFO] IPUIPlugin:80 - create IPUIPlugin
2023-12-04 14:21:27,555 [INFO] IPUIPlugin:80 - create IPUIPlugin
2023-12-04 14:21:27,555 [INFO] IPUIPlugin:80 - create IPUIPlugin
2023-12-04 14:21:27,555 [INFO] IPUIPlugin:80 - create IPUIPlugin
2023-12-04 14:21:27,556 [INFO] IPUIPlugin:80 - create IPUIPlugin
2023-12-04 14:21:27,556 [INFO] IPUIPlugin:80 - create IPUIPlugin
2023-12-04 14:21:27,563 [INFO] IPUIPlugin:80 - create IPUIPlugin
2023-12-04 14:21:27,565 [INFO] IPUIPlugin:80 - create IPUIPlugin
2023-12-04 14:21:27,565 [INFO] IPUIPlugin:80 - create IPUIPlugin
2023-12-04 14:21:27,565 [INFO] IPUIPlugin:80 - create IPUIPlugin
2023-12-04 14:21:27,565 [INFO] IPUIPlugin:80 - create IPUIPlugin
2023-12-04 14:21:27,565 [INFO] IPUIPlugin:80 - create IPUIPlugin
2023-12-04 14:21:27,565 [INFO] IPUIPlugin:80 - create IPUIPlugin
2023-12-04 14:21:27,566 [INFO] IPUIPlugin:80 - create IPUIPlugin
2023-12-04 14:21:27,566 [INFO] IPUIPlugin:80 - create IPUIPlugin
2023-12-04 14:21:27,566 [INFO] IPUIPlugin:80 - create IPUIPlugin
2023-12-04 14:21:27,566 [INFO] IPUIPlugin:80 - create IPUIPlugin
2023-12-04 14:21:27,566 [INFO] IPUIPlugin:80 - create IPUIPlugin
2023-12-04 14:21:27,566 [INFO] IPUIPlugin:80 - create IPUIPlugin
2023-12-04 14:21:27,566 [INFO] IPUIPlugin:80 - create IPUIPlugin
2023-12-04 14:21:27,566 [INFO] IPUIPlugin:80 - create IPUIPlugin
2023-12-04 14:21:27,566 [INFO] IPUIPlugin:80 - create IPUIPlugin
2023-12-04 14:21:27,567 [INFO] IPUIPlugin:80 - create IPUIPlugin
2023-12-04 14:21:27,567 [INFO] IPUIPlugin:80 - create IPUIPlugin
2023-12-04 14:21:27,567 [INFO] IPUIPlugin:80 - create IPUIPlugin
2023-12-04 14:21:27,567 [INFO] IPUIPlugin:80 - create IPUIPlugin
2023-12-04 14:21:27,567 [INFO] IPUIPlugin:80 - create IPUIPlugin
2023-12-04 14:21:27,567 [INFO] IPUIPlugin:80 - create IPUIPlugin
2023-12-04 14:21:27,567 [INFO] IPUIPlugin:80 - create IPUIPlugin
2023-12-04 14:21:27,568 [INFO] IPUIPlugin:80 - create IPUIPlugin
2023-12-04 14:21:27,568 [INFO] IPUIPlugin:80 - create IPUIPlugin
2023-12-04 14:21:27,568 [INFO] IPUIPlugin:80 - create IPUIPlugin
2023-12-04 14:21:27,568 [INFO] IPUIPlugin:80 - create IPUIPlugin
2023-12-04 14:21:27,568 [INFO] IPUIPlugin:80 - create IPUIPlugin
2023-12-04 14:21:27,568 [INFO] IPUIPlugin:80 - create IPUIPlugin
2023-12-04 14:21:27,569 [INFO] IPUIPlugin:80 - create IPUIPlugin
2023-12-04 14:21:27,570 [INFO] IPUIPlugin:80 - create IPUIPlugin
2023-12-04 14:21:27,702 [INFO] CADModel:165 - CPN selected for project levelSTM32L475VGT6
2023-12-04 14:21:27,702 [INFO] CADModel:114 - Register for checkConnection events
2023-12-04 14:21:27,746 [INFO] OpenFileManager:328 - Restore cursor
2023-12-04 14:21:27,765 [INFO] ApiDb:581 - Connected to CubeFinder SQLite database (/Users/dilnozabobokalonova/.stmcufinder/plugins/mcufinder/mcu/cube-finder-db.db)
2023-12-04 14:23:49,694 [INFO] NvicIntPanel:101 - NVIC parent = com.st.microxplorer.plugins.ip.nvic.MultiNvicIntPanel[,0,0,795x284,layout=javax.swing.BoxLayout,alignmentX=0.0,alignmentY=0.0,border=,flags=9,maximumSize=,minimumSize=,preferredSize=]
2023-12-04 15:49:11,332 [INFO] MainUpdater:2868 - connection check result : 10
2023-12-04 15:49:11,335 [INFO] MainUpdater:2868 - connection check result : 10
2023-12-04 15:49:12,045 [INFO] I2cTimingTraitement:330 - 0x10909CEC
2023-12-04 15:49:12,197 [INFO] MicroXplorer:468 - Change Database Path : 
2023-12-04 15:49:12,197 [INFO] MicroXplorer:498 - Change Database Version : DB.6.0.92
2023-12-04 15:49:12,303 [WARN] ThirdParty:871 - waiting for thirdparty lock release [close project]
2023-12-04 15:49:12,304 [INFO] ThirdParty:873 - entering critical section [close project]
2023-12-04 15:49:12,304 [INFO] ThirdParty:883 - exiting critical section [close project]
2023-12-04 15:49:12,307 [INFO] PinOutPanel:1499 - setPackage(No Configuration,No Configuration)
2023-12-04 15:49:12,324 [INFO] UtilMem:75 - Begin LoadConfig() Used Memory: 884666608 Bytes (1073741824)
2023-12-04 15:49:12,331 [INFO] MicroXplorer:468 - Change Database Path : 
2023-12-04 15:49:12,334 [INFO] MicroXplorer:498 - Change Database Version : DB.6.0.92
2023-12-04 15:49:12,335 [INFO] OpenFileManager:308 - Change cursor
2023-12-04 15:49:12,368 [INFO] Mcu:1946 - Initializing MCU STM32L475V(C-E-G)Tx STM32L475VGTx STM32L475VGT6
2023-12-04 15:49:14,464 [INFO] Context:659 - Trying to add GPIOservice into a context  which must be forbidden
2023-12-04 15:49:15,152 [INFO] RtosManager:555 - Registered RTOS mode: class=CMSIS, group=RTOS, mode=CMSIS_V1, owner=FREERTOS
2023-12-04 15:49:15,154 [INFO] RtosManager:555 - Registered RTOS mode: class=CMSIS, group=RTOS2, mode=CMSIS_V2, owner=FREERTOS
2023-12-04 15:49:15,154 [INFO] RtosManager:555 - Registered RTOS mode: class=RTOS, group=Core, mode=CMSIS_V1, owner=FREERTOS
2023-12-04 15:49:15,154 [INFO] RtosManager:555 - Registered RTOS mode: class=RTOS, group=Core, mode=CMSIS_V2, owner=FREERTOS
2023-12-04 15:49:15,154 [WARN] ModelIntegratedComponent:184 - Missing modes for component STMicroelectronics:FreeRTOS:0.0.1:STMicroelectronics:RTOS:FreeRTOS:Core:::10.2.0:
2023-12-04 15:49:15,159 [WARN] ModelIntegratedComponent:63 - No mode defined for component null
2023-12-04 15:49:15,159 [WARN] ModelIntegratedComponent:63 - No mode defined for component null
2023-12-04 15:49:15,159 [WARN] ModelIntegratedComponent:63 - No mode defined for component null
2023-12-04 15:49:15,159 [WARN] ModelIntegratedComponent:63 - No mode defined for component null
2023-12-04 15:49:15,159 [WARN] ModelIntegratedComponent:63 - No mode defined for component null
2023-12-04 15:49:15,159 [WARN] ModelIntegratedComponent:63 - No mode defined for component null
2023-12-04 15:49:15,159 [WARN] ModelIntegratedComponent:63 - No mode defined for component null
2023-12-04 15:49:15,159 [WARN] ModelIntegratedComponent:63 - No mode defined for component null
2023-12-04 15:49:15,159 [WARN] ModelIntegratedComponent:63 - No mode defined for component null
2023-12-04 15:49:15,160 [WARN] ModelIntegratedComponent:63 - No mode defined for component null
2023-12-04 15:49:15,160 [WARN] ModelIntegratedComponent:63 - No mode defined for component null
2023-12-04 15:49:15,160 [WARN] ModelIntegratedComponent:63 - No mode defined for component null
2023-12-04 15:49:15,160 [WARN] ModelIntegratedComponent:63 - No mode defined for component null
2023-12-04 15:49:15,160 [WARN] ModelIntegratedComponent:63 - No mode defined for component null
2023-12-04 15:49:15,160 [WARN] ModelIntegratedComponent:63 - No mode defined for component null
2023-12-04 15:49:15,160 [WARN] ModelIntegratedComponent:63 - No mode defined for component null
2023-12-04 15:49:15,160 [WARN] ModelIntegratedComponent:63 - No mode defined for component null
2023-12-04 15:49:15,160 [WARN] ModelIntegratedComponent:63 - No mode defined for component null
2023-12-04 15:49:15,160 [WARN] ModelIntegratedComponent:63 - No mode defined for component null
2023-12-04 15:49:15,160 [WARN] ModelIntegratedComponent:63 - No mode defined for component null
2023-12-04 15:49:15,160 [WARN] ModelIntegratedComponent:63 - No mode defined for component null
2023-12-04 15:49:15,160 [WARN] ModelIntegratedComponent:63 - No mode defined for component null
2023-12-04 15:49:15,160 [WARN] ModelIntegratedComponent:63 - No mode defined for component null
2023-12-04 15:49:15,160 [WARN] ModelIntegratedComponent:63 - No mode defined for component null
2023-12-04 15:49:15,160 [WARN] ModelIntegratedComponent:63 - No mode defined for component null
2023-12-04 15:49:15,160 [WARN] ModelIntegratedComponent:63 - No mode defined for component null
2023-12-04 15:49:15,160 [WARN] ModelIntegratedComponent:63 - No mode defined for component null
2023-12-04 15:49:15,160 [WARN] ModelIntegratedComponent:63 - No mode defined for component null
2023-12-04 15:49:15,160 [WARN] ModelIntegratedComponent:63 - No mode defined for component null
2023-12-04 15:49:15,160 [WARN] ModelIntegratedComponent:63 - No mode defined for component null
2023-12-04 15:49:15,160 [WARN] ModelIntegratedComponent:63 - No mode defined for component null
2023-12-04 15:49:15,160 [WARN] ModelIntegratedComponent:63 - No mode defined for component null
2023-12-04 15:49:15,160 [WARN] ModelIntegratedComponent:63 - No mode defined for component null
2023-12-04 15:49:15,224 [INFO] ThirdPartyModel:298 - Start build external matchings
2023-12-04 15:49:15,690 [INFO] ThirdPartyModel:316 - End build external matchings
2023-12-04 15:49:15,711 [INFO] ImportTextPane:194 - (OptionalMessage_ERROR) IP (RCC) : Invalid parameter (FamilyName)
2023-12-04 15:49:16,063 [INFO] UtilMem:75 - End LoadConfig() Used Memory: 795524160 Bytes (1073741824)
2023-12-04 15:49:16,206 [WARN] ThirdParty:833 - waiting for thirdparty lock release [change project]
2023-12-04 15:49:16,209 [INFO] ThirdParty:835 - entering critical section [change project]
2023-12-04 15:49:16,210 [INFO] ThirdParty:1030 - CMSIS Pack Vendor :STMicroelectronics X-CUBE-ISPU 1.1.0
2023-12-04 15:49:16,210 [INFO] ThirdParty:1030 - CMSIS Pack Vendor :STMicroelectronics USBPD 4.1
2023-12-04 15:49:16,210 [INFO] ThirdParty:1030 - CMSIS Pack Vendor :STMicroelectronics X-CUBE-GNSS1 6.0.0
2023-12-04 15:49:16,210 [INFO] ThirdParty:1030 - CMSIS Pack Vendor :STMicroelectronics USB_HOST 2.0.0
2023-12-04 15:49:16,210 [INFO] ThirdParty:1030 - CMSIS Pack Vendor :STMicroelectronics X-CUBE-AZRTOS-F4 1.1.0
2023-12-04 15:49:16,210 [INFO] ThirdParty:1030 - CMSIS Pack Vendor :STMicroelectronics LIBJPEG 8.0.0
2023-12-04 15:49:16,210 [INFO] ThirdParty:1030 - CMSIS Pack Vendor :wolfSSL I-CUBE-wolfSSL 5.6.3
2023-12-04 15:49:16,210 [INFO] ThirdParty:1030 - CMSIS Pack Vendor :STMicroelectronics X-CUBE-SMBUS 2.1.0
2023-12-04 15:49:16,210 [INFO] ThirdParty:1030 - CMSIS Pack Vendor :STMicroelectronics USB_DEVICE 3.0.0
2023-12-04 15:49:16,210 [INFO] ThirdParty:1030 - CMSIS Pack Vendor :STMicroelectronics X-CUBE-AZRTOS-WB 2.0.0
2023-12-04 15:49:16,210 [INFO] ThirdParty:1030 - CMSIS Pack Vendor :STMicroelectronics X-CUBE-FREERTOS 1.0.1
2023-12-04 15:49:16,210 [INFO] ThirdParty:1030 - CMSIS Pack Vendor :STMicroelectronics X-CUBE-AZRTOS-F7 1.1.0
2023-12-04 15:49:16,210 [INFO] ThirdParty:1030 - CMSIS Pack Vendor :STMicroelectronics X-CUBE-AZRTOS-L5 2.0.0
2023-12-04 15:49:16,210 [INFO] ThirdParty:1030 - CMSIS Pack Vendor :STMicroelectronics USB_DEVICE 2.0.0
2023-12-04 15:49:16,210 [INFO] ThirdParty:1030 - CMSIS Pack Vendor :STMicroelectronics X-CUBE-MEMS1 9.6.0
2023-12-04 15:49:16,210 [INFO] ThirdParty:1030 - CMSIS Pack Vendor :STMicroelectronics X-CUBE-EEPRMA1 4.2.0
2023-12-04 15:49:16,210 [INFO] ThirdParty:1030 - CMSIS Pack Vendor :ITTIA_DB I-CUBE-ITTIADB 8.8.0
2023-12-04 15:49:16,210 [INFO] ThirdParty:1030 - CMSIS Pack Vendor :STMicroelectronics FP-SNS-MOTENV1 4.3.2
2023-12-04 15:49:16,210 [INFO] ThirdParty:1030 - CMSIS Pack Vendor :STMicroelectronics X-CUBE-ALGOBUILD 1.3.0
2023-12-04 15:49:16,210 [INFO] ThirdParty:1030 - CMSIS Pack Vendor :STMicroelectronics X-CUBE-BLE1 6.2.4
2023-12-04 15:49:16,210 [INFO] ThirdParty:1030 - CMSIS Pack Vendor :STMicroelectronics X-CUBE-AZRTOS-L5 1.1.0
2023-12-04 15:49:16,210 [INFO] ThirdParty:1030 - CMSIS Pack Vendor :STMicroelectronics FreeRTOS 0.0.1
2023-12-04 15:49:16,210 [INFO] ThirdParty:1030 - CMSIS Pack Vendor :STMicroelectronics X-CUBE-AZRTOS-G0 1.1.0
2023-12-04 15:49:16,210 [INFO] ThirdParty:1030 - CMSIS Pack Vendor :STMicroelectronics X-CUBE-BLEMGR 2.0.0
2023-12-04 15:49:16,210 [INFO] ThirdParty:1030 - CMSIS Pack Vendor :STMicroelectronics X-CUBE-NFC4 3.0.0
2023-12-04 15:49:16,210 [INFO] ThirdParty:1030 - CMSIS Pack Vendor :STMicroelectronics X-CUBE-SUBG2 5.0.0
2023-12-04 15:49:16,210 [INFO] ThirdParty:1030 - CMSIS Pack Vendor :STMicroelectronics STM32_WPAN 1.0.0
2023-12-04 15:49:16,210 [INFO] ThirdParty:1030 - CMSIS Pack Vendor :STMicroelectronics lwIP 2.0.3
2023-12-04 15:49:16,210 [INFO] ThirdParty:1030 - CMSIS Pack Vendor :STMicroelectronics FP-SNS-FLIGHT1 5.0.2
2023-12-04 15:49:16,210 [INFO] ThirdParty:1030 - CMSIS Pack Vendor :STMicroelectronics USB_HOST 1.0.0
2023-12-04 15:49:16,213 [INFO] ThirdParty:1030 - CMSIS Pack Vendor :STMicroelectronics X-CUBE-TOF1 3.3.1
2023-12-04 15:49:16,213 [INFO] ThirdParty:1030 - CMSIS Pack Vendor :STMicroelectronics X-CUBE-AZRTOS-G4 2.0.0
2023-12-04 15:49:16,213 [INFO] ThirdParty:1030 - CMSIS Pack Vendor :STMicroelectronics PDM2PCM 3.1.0
2023-12-04 15:49:16,213 [INFO] ThirdParty:1030 - CMSIS Pack Vendor :STMicroelectronics X-CUBE-AZRTOS-H7 3.1.0
2023-12-04 15:49:16,213 [INFO] ThirdParty:1030 - CMSIS Pack Vendor :Infineon AIROC-Wi-Fi-Bluetooth-STM32 1.5.1
2023-12-04 15:49:16,213 [INFO] ThirdParty:1030 - CMSIS Pack Vendor :STMicroelectronics X-CUBE-BLEMGR 3.0.0
2023-12-04 15:49:16,213 [INFO] ThirdParty:1030 - CMSIS Pack Vendor :STMicroelectronics PDM2PCM 3.3.0
2023-12-04 15:49:16,213 [INFO] ThirdParty:1030 - CMSIS Pack Vendor :STMicroelectronics X-CUBE-DISPLAY 3.0.0
2023-12-04 15:49:16,213 [INFO] ThirdParty:1030 - CMSIS Pack Vendor :STMicroelectronics FP-SNS-MOTENVWB1 1.3.0
2023-12-04 15:49:16,213 [INFO] ThirdParty:1030 - CMSIS Pack Vendor :STMicroelectronics X-CUBE-BLE1 7.0.0
2023-12-04 15:49:16,213 [INFO] ThirdParty:1030 - CMSIS Pack Vendor :STMicroelectronics FP-ATR-SIGFOX1 3.2.0
2023-12-04 15:49:16,213 [INFO] ThirdParty:1030 - CMSIS Pack Vendor :STMicroelectronics HAL Drivers 0.0.0
2023-12-04 15:49:16,213 [INFO] ThirdParty:1030 - CMSIS Pack Vendor :STMicroelectronics MBEDTLS 2.16.2
2023-12-04 15:49:16,213 [INFO] ThirdParty:1030 - CMSIS Pack Vendor :emotas I-CUBE-CANOPEN 1.3.0
2023-12-04 15:49:16,213 [INFO] ThirdParty:1030 - CMSIS Pack Vendor :STMicroelectronics X-CUBE-MEMS1 10.0.0
2023-12-04 15:49:16,213 [INFO] ThirdParty:1030 - CMSIS Pack Vendor :STMicroelectronics X-CUBE-FREERTOS 1.1.0
2023-12-04 15:49:16,213 [INFO] ThirdParty:1030 - CMSIS Pack Vendor :STMicroelectronics X-CUBE-TOUCHGFX 4.22.0
2023-12-04 15:49:16,213 [INFO] ThirdParty:1030 - CMSIS Pack Vendor :STMicroelectronics X-CUBE-NFC7 1.0.1
2023-12-04 15:49:16,213 [INFO] ThirdParty:1030 - CMSIS Pack Vendor :STMicroelectronics MBEDTLS 2.14.1
2023-12-04 15:49:16,213 [INFO] ThirdParty:1030 - CMSIS Pack Vendor :STMicroelectronics X-CUBE-TOUCHGFX 4.22.1
2023-12-04 15:49:16,213 [INFO] ThirdParty:1030 - CMSIS Pack Vendor :STMicroelectronics X-CUBE-NFC6 3.0.0
2023-12-04 15:49:16,213 [INFO] ThirdParty:1030 - CMSIS Pack Vendor :STMicroelectronics X-CUBE-EEPRMA1 4.1.0
2023-12-04 15:49:16,213 [INFO] ThirdParty:1030 - CMSIS Pack Vendor :portGmbH I-Cube-SoM-uGOAL 1.1.0
2023-12-04 15:49:16,213 [INFO] ThirdParty:1030 - CMSIS Pack Vendor :STMicroelectronics X-CUBE-ALS 1.0.1
2023-12-04 15:49:16,213 [INFO] ThirdParty:1030 - CMSIS Pack Vendor :STMicroelectronics ThreadX 1.0.0
2023-12-04 15:49:16,213 [INFO] ThirdParty:1030 - CMSIS Pack Vendor :STMicroelectronics FP-SNS-SMARTAG2 1.2.0
2023-12-04 15:49:16,213 [INFO] ThirdParty:1030 - CMSIS Pack Vendor :STMicroelectronics X-CUBE-AZRTOS-WB 1.1.0
2023-12-04 15:49:16,213 [INFO] ThirdParty:1030 - CMSIS Pack Vendor :STMicroelectronics X-CUBE-AZRTOS-WL 2.0.0
2023-12-04 15:49:16,213 [INFO] ThirdParty:1030 - CMSIS Pack Vendor :SEGGER I-CUBE-embOS 1.3.1
2023-12-04 15:49:16,214 [INFO] ThirdParty:1030 - CMSIS Pack Vendor :STMicroelectronics USB_DEVICE 1.0.0
2023-12-04 15:49:16,214 [INFO] ThirdParty:1030 - CMSIS Pack Vendor :STMicroelectronics X-CUBE-AI 8.1.0
2023-12-04 15:49:16,214 [INFO] ThirdParty:1030 - CMSIS Pack Vendor :STMicroelectronics X-CUBE-AZRTOS-L4 2.0.0
2023-12-04 15:49:16,214 [INFO] ThirdParty:1030 - CMSIS Pack Vendor :STMicroelectronics ThreadX 0.0.2
2023-12-04 15:49:16,214 [INFO] ThirdParty:1030 - CMSIS Pack Vendor :WES I-CUBE-Cesium 1.3.0
2023-12-04 15:49:16,214 [INFO] ThirdParty:1030 - CMSIS Pack Vendor :STMicroelectronics FP-ATR-ASTRA1 2.0.0
2023-12-04 15:49:16,214 [INFO] ThirdParty:1030 - CMSIS Pack Vendor :STMicroelectronics lwIP 2.1.2
2023-12-04 15:49:16,214 [INFO] ThirdParty:1030 - CMSIS Pack Vendor :STMicroelectronics X-CUBE-SFXS2LP1 4.0.0
2023-12-04 15:49:16,214 [INFO] ThirdParty:1030 - CMSIS Pack Vendor :STMicroelectronics X-CUBE-BLE2 3.3.0
2023-12-04 15:49:16,214 [INFO] ThirdParty:1030 - CMSIS Pack Vendor :STMicroelectronics X-CUBE-TOF1 3.4.0
2023-12-04 15:49:16,214 [INFO] ThirdParty:1030 - CMSIS Pack Vendor :STMicroelectronics PDM2PCM 3.2.0
2023-12-04 15:49:16,215 [INFO] ThirdParty:841 - exiting critical section [change project]
2023-12-04 15:49:16,679 [INFO] PinOutPanel:1499 - setPackage(No Configuration,No Configuration)
2023-12-04 15:49:16,690 [INFO] PinOutPanel:1499 - setPackage(STM32L475VGTx,LQFP100)
2023-12-04 15:49:17,172 [INFO] UtilMem:75 - Before build in PCC Used Memory: 685268064 Bytes (1073741824)
2023-12-04 15:49:17,557 [INFO] UtilMem:75 - After build in PCC Used Memory: 763911280 Bytes (1073741824)
2023-12-04 15:49:17,630 [INFO] IPUIPlugin:80 - create IPUIPlugin
2023-12-04 15:49:17,632 [INFO] IPUIPlugin:80 - create IPUIPlugin
2023-12-04 15:49:17,632 [INFO] IPUIPlugin:80 - create IPUIPlugin
2023-12-04 15:49:17,632 [INFO] IPUIPlugin:80 - create IPUIPlugin
2023-12-04 15:49:17,632 [INFO] IPUIPlugin:80 - create IPUIPlugin
2023-12-04 15:49:17,632 [INFO] IPUIPlugin:80 - create IPUIPlugin
2023-12-04 15:49:17,632 [INFO] IPUIPlugin:80 - create IPUIPlugin
2023-12-04 15:49:17,632 [INFO] IPUIPlugin:80 - create IPUIPlugin
2023-12-04 15:49:17,632 [INFO] IPUIPlugin:80 - create IPUIPlugin
2023-12-04 15:49:17,632 [INFO] IPUIPlugin:80 - create IPUIPlugin
2023-12-04 15:49:17,633 [INFO] IPUIPlugin:80 - create IPUIPlugin
2023-12-04 15:49:17,633 [INFO] IPUIPlugin:80 - create IPUIPlugin
2023-12-04 15:49:17,633 [INFO] IPUIPlugin:80 - create IPUIPlugin
2023-12-04 15:49:17,633 [INFO] IPUIPlugin:80 - create IPUIPlugin
2023-12-04 15:49:17,633 [INFO] IPUIPlugin:80 - create IPUIPlugin
2023-12-04 15:49:17,634 [INFO] IPUIPlugin:80 - create IPUIPlugin
2023-12-04 15:49:17,636 [INFO] IPUIPlugin:80 - create IPUIPlugin
2023-12-04 15:49:17,637 [INFO] IPUIPlugin:80 - create IPUIPlugin
2023-12-04 15:49:17,637 [INFO] IPUIPlugin:80 - create IPUIPlugin
2023-12-04 15:49:17,637 [INFO] IPUIPlugin:80 - create IPUIPlugin
2023-12-04 15:49:17,637 [INFO] IPUIPlugin:80 - create IPUIPlugin
2023-12-04 15:49:17,638 [INFO] IPUIPlugin:80 - create IPUIPlugin
2023-12-04 15:49:17,638 [INFO] IPUIPlugin:80 - create IPUIPlugin
2023-12-04 15:49:17,638 [INFO] IPUIPlugin:80 - create IPUIPlugin
2023-12-04 15:49:17,638 [INFO] IPUIPlugin:80 - create IPUIPlugin
2023-12-04 15:49:17,638 [INFO] IPUIPlugin:80 - create IPUIPlugin
2023-12-04 15:49:17,638 [INFO] IPUIPlugin:80 - create IPUIPlugin
2023-12-04 15:49:17,638 [INFO] IPUIPlugin:80 - create IPUIPlugin
2023-12-04 15:49:17,639 [INFO] IPUIPlugin:80 - create IPUIPlugin
2023-12-04 15:49:17,639 [INFO] IPUIPlugin:80 - create IPUIPlugin
2023-12-04 15:49:17,639 [INFO] IPUIPlugin:80 - create IPUIPlugin
2023-12-04 15:49:17,639 [INFO] IPUIPlugin:80 - create IPUIPlugin
2023-12-04 15:49:17,639 [INFO] IPUIPlugin:80 - create IPUIPlugin
2023-12-04 15:49:17,639 [INFO] IPUIPlugin:80 - create IPUIPlugin
2023-12-04 15:49:17,639 [INFO] IPUIPlugin:80 - create IPUIPlugin
2023-12-04 15:49:17,639 [INFO] IPUIPlugin:80 - create IPUIPlugin
2023-12-04 15:49:17,640 [INFO] IPUIPlugin:80 - create IPUIPlugin
2023-12-04 15:49:17,640 [INFO] IPUIPlugin:80 - create IPUIPlugin
2023-12-04 15:49:17,640 [INFO] IPUIPlugin:80 - create IPUIPlugin
2023-12-04 15:49:17,640 [INFO] IPUIPlugin:80 - create IPUIPlugin
2023-12-04 15:49:17,640 [INFO] IPUIPlugin:80 - create IPUIPlugin
2023-12-04 15:49:17,640 [INFO] IPUIPlugin:80 - create IPUIPlugin
2023-12-04 15:49:17,640 [INFO] IPUIPlugin:80 - create IPUIPlugin
2023-12-04 15:49:17,640 [INFO] IPUIPlugin:80 - create IPUIPlugin
2023-12-04 15:49:17,640 [INFO] IPUIPlugin:80 - create IPUIPlugin
2023-12-04 15:49:17,640 [INFO] IPUIPlugin:80 - create IPUIPlugin
2023-12-04 15:49:17,640 [INFO] IPUIPlugin:80 - create IPUIPlugin
2023-12-04 15:49:17,640 [INFO] IPUIPlugin:80 - create IPUIPlugin
2023-12-04 15:49:17,641 [INFO] IPUIPlugin:80 - create IPUIPlugin
2023-12-04 15:49:17,641 [INFO] IPUIPlugin:80 - create IPUIPlugin
2023-12-04 15:49:17,641 [INFO] IPUIPlugin:80 - create IPUIPlugin
2023-12-04 15:49:17,641 [INFO] IPUIPlugin:80 - create IPUIPlugin
2023-12-04 15:49:17,641 [INFO] IPUIPlugin:80 - create IPUIPlugin
2023-12-04 15:49:17,641 [INFO] IPUIPlugin:80 - create IPUIPlugin
2023-12-04 15:49:17,642 [INFO] IPUIPlugin:80 - create IPUIPlugin
2023-12-04 15:49:17,642 [INFO] IPUIPlugin:80 - create IPUIPlugin
2023-12-04 15:49:17,642 [INFO] IPUIPlugin:80 - create IPUIPlugin
2023-12-04 15:49:17,642 [INFO] IPUIPlugin:80 - create IPUIPlugin
2023-12-04 15:49:17,645 [INFO] IPUIPlugin:80 - create IPUIPlugin
2023-12-04 15:49:17,793 [INFO] CADModel:165 - CPN selected for project levelSTM32L475VGT6
2023-12-04 15:49:17,796 [INFO] CADModel:114 - Register for checkConnection events
2023-12-04 15:49:17,847 [INFO] OpenFileManager:328 - Restore cursor
