2023-11-26 06:31:25,427 [INFO] MainUpdater:2868 - connection check result : 10
2023-11-26 06:31:25,437 [INFO] MainUpdater:2868 - connection check result : 10
2023-11-26 06:31:26,344 [INFO] I2cTimingTraitement:330 - 0x10909CEC
2023-11-26 06:31:26,456 [INFO] MicroXplorer:468 - Change Database Path : 
2023-11-26 06:31:26,456 [INFO] MicroXplorer:498 - Change Database Version : DB.6.0.92
2023-11-26 06:31:26,553 [WARN] ThirdParty:871 - waiting for thirdparty lock release [close project]
2023-11-26 06:31:26,553 [INFO] ThirdParty:873 - entering critical section [close project]
2023-11-26 06:31:26,554 [INFO] ThirdParty:883 - exiting critical section [close project]
2023-11-26 06:31:26,558 [INFO] PinOutPanel:1499 - setPackage(No Configuration,No Configuration)
2023-11-26 06:31:26,565 [INFO] UtilMem:75 - Begin LoadConfig() Used Memory: 506003648 Bytes (1073741824)
2023-11-26 06:31:26,567 [INFO] MicroXplorer:468 - Change Database Path : 
2023-11-26 06:31:26,567 [INFO] MicroXplorer:498 - Change Database Version : DB.6.0.92
2023-11-26 06:31:26,567 [INFO] OpenFileManager:308 - Change cursor
2023-11-26 06:31:26,603 [INFO] RulesReader:64 - Compatibility file has been processed (293 Rules)
2023-11-26 06:31:26,608 [INFO] Mcu:1946 - Initializing MCU STM32L475V(C-E-G)Tx STM32L475VGTx STM32L475VGT6
2023-11-26 06:31:27,992 [INFO] Context:659 - Trying to add GPIOservice into a context  which must be forbidden
2023-11-26 06:31:28,516 [INFO] RtosManager:555 - Registered RTOS mode: class=CMSIS, group=RTOS, mode=CMSIS_V1, owner=FREERTOS
2023-11-26 06:31:28,517 [INFO] RtosManager:555 - Registered RTOS mode: class=CMSIS, group=RTOS2, mode=CMSIS_V2, owner=FREERTOS
2023-11-26 06:31:28,517 [INFO] RtosManager:555 - Registered RTOS mode: class=RTOS, group=Core, mode=CMSIS_V1, owner=FREERTOS
2023-11-26 06:31:28,517 [INFO] RtosManager:555 - Registered RTOS mode: class=RTOS, group=Core, mode=CMSIS_V2, owner=FREERTOS
2023-11-26 06:31:28,517 [WARN] ModelIntegratedComponent:184 - Missing modes for component STMicroelectronics:FreeRTOS:0.0.1:STMicroelectronics:RTOS:FreeRTOS:Core:::10.2.0:
2023-11-26 06:31:28,521 [WARN] ModelIntegratedComponent:63 - No mode defined for component null
2023-11-26 06:31:28,521 [WARN] ModelIntegratedComponent:63 - No mode defined for component null
2023-11-26 06:31:28,521 [WARN] ModelIntegratedComponent:63 - No mode defined for component null
2023-11-26 06:31:28,521 [WARN] ModelIntegratedComponent:63 - No mode defined for component null
2023-11-26 06:31:28,521 [WARN] ModelIntegratedComponent:63 - No mode defined for component null
2023-11-26 06:31:28,521 [WARN] ModelIntegratedComponent:63 - No mode defined for component null
2023-11-26 06:31:28,521 [WARN] ModelIntegratedComponent:63 - No mode defined for component null
2023-11-26 06:31:28,521 [WARN] ModelIntegratedComponent:63 - No mode defined for component null
2023-11-26 06:31:28,522 [WARN] ModelIntegratedComponent:63 - No mode defined for component null
2023-11-26 06:31:28,522 [WARN] ModelIntegratedComponent:63 - No mode defined for component null
2023-11-26 06:31:28,522 [WARN] ModelIntegratedComponent:63 - No mode defined for component null
2023-11-26 06:31:28,522 [WARN] ModelIntegratedComponent:63 - No mode defined for component null
2023-11-26 06:31:28,522 [WARN] ModelIntegratedComponent:63 - No mode defined for component null
2023-11-26 06:31:28,522 [WARN] ModelIntegratedComponent:63 - No mode defined for component null
2023-11-26 06:31:28,522 [WARN] ModelIntegratedComponent:63 - No mode defined for component null
2023-11-26 06:31:28,522 [WARN] ModelIntegratedComponent:63 - No mode defined for component null
2023-11-26 06:31:28,522 [WARN] ModelIntegratedComponent:63 - No mode defined for component null
2023-11-26 06:31:28,522 [WARN] ModelIntegratedComponent:63 - No mode defined for component null
2023-11-26 06:31:28,522 [WARN] ModelIntegratedComponent:63 - No mode defined for component null
2023-11-26 06:31:28,522 [WARN] ModelIntegratedComponent:63 - No mode defined for component null
2023-11-26 06:31:28,522 [WARN] ModelIntegratedComponent:63 - No mode defined for component null
2023-11-26 06:31:28,522 [WARN] ModelIntegratedComponent:63 - No mode defined for component null
2023-11-26 06:31:28,522 [WARN] ModelIntegratedComponent:63 - No mode defined for component null
2023-11-26 06:31:28,522 [WARN] ModelIntegratedComponent:63 - No mode defined for component null
2023-11-26 06:31:28,522 [WARN] ModelIntegratedComponent:63 - No mode defined for component null
2023-11-26 06:31:28,522 [WARN] ModelIntegratedComponent:63 - No mode defined for component null
2023-11-26 06:31:28,522 [WARN] ModelIntegratedComponent:63 - No mode defined for component null
2023-11-26 06:31:28,522 [WARN] ModelIntegratedComponent:63 - No mode defined for component null
2023-11-26 06:31:28,522 [WARN] ModelIntegratedComponent:63 - No mode defined for component null
2023-11-26 06:31:28,522 [WARN] ModelIntegratedComponent:63 - No mode defined for component null
2023-11-26 06:31:28,522 [WARN] ModelIntegratedComponent:63 - No mode defined for component null
2023-11-26 06:31:28,522 [WARN] ModelIntegratedComponent:63 - No mode defined for component null
2023-11-26 06:31:28,522 [WARN] ModelIntegratedComponent:63 - No mode defined for component null
2023-11-26 06:31:28,580 [INFO] ThirdPartyModel:298 - Start build external matchings
2023-11-26 06:31:29,097 [INFO] ThirdPartyModel:316 - End build external matchings
2023-11-26 06:31:29,145 [INFO] ImportTextPane:194 - (OptionalMessage_ERROR) IP (RCC) : Invalid parameter (FamilyName)
2023-11-26 06:31:29,329 [INFO] UtilMem:75 - End LoadConfig() Used Memory: 754536376 Bytes (1073741824)
2023-11-26 06:31:29,461 [WARN] ThirdParty:833 - waiting for thirdparty lock release [change project]
2023-11-26 06:31:29,464 [INFO] ThirdParty:835 - entering critical section [change project]
2023-11-26 06:31:29,464 [INFO] ThirdParty:1030 - CMSIS Pack Vendor :STMicroelectronics X-CUBE-ISPU 1.1.0
2023-11-26 06:31:29,464 [INFO] ThirdParty:1030 - CMSIS Pack Vendor :STMicroelectronics USBPD 4.1
2023-11-26 06:31:29,464 [INFO] ThirdParty:1030 - CMSIS Pack Vendor :STMicroelectronics X-CUBE-GNSS1 6.0.0
2023-11-26 06:31:29,464 [INFO] ThirdParty:1030 - CMSIS Pack Vendor :STMicroelectronics USB_HOST 2.0.0
2023-11-26 06:31:29,464 [INFO] ThirdParty:1030 - CMSIS Pack Vendor :STMicroelectronics X-CUBE-AZRTOS-F4 1.1.0
2023-11-26 06:31:29,464 [INFO] ThirdParty:1030 - CMSIS Pack Vendor :STMicroelectronics LIBJPEG 8.0.0
2023-11-26 06:31:29,464 [INFO] ThirdParty:1030 - CMSIS Pack Vendor :wolfSSL I-CUBE-wolfSSL 5.6.3
2023-11-26 06:31:29,464 [INFO] ThirdParty:1030 - CMSIS Pack Vendor :STMicroelectronics X-CUBE-SMBUS 2.1.0
2023-11-26 06:31:29,464 [INFO] ThirdParty:1030 - CMSIS Pack Vendor :STMicroelectronics USB_DEVICE 3.0.0
2023-11-26 06:31:29,464 [INFO] ThirdParty:1030 - CMSIS Pack Vendor :STMicroelectronics X-CUBE-AZRTOS-WB 2.0.0
2023-11-26 06:31:29,464 [INFO] ThirdParty:1030 - CMSIS Pack Vendor :STMicroelectronics X-CUBE-FREERTOS 1.0.1
2023-11-26 06:31:29,464 [INFO] ThirdParty:1030 - CMSIS Pack Vendor :STMicroelectronics X-CUBE-AZRTOS-F7 1.1.0
2023-11-26 06:31:29,464 [INFO] ThirdParty:1030 - CMSIS Pack Vendor :STMicroelectronics X-CUBE-AZRTOS-L5 2.0.0
2023-11-26 06:31:29,464 [INFO] ThirdParty:1030 - CMSIS Pack Vendor :STMicroelectronics USB_DEVICE 2.0.0
2023-11-26 06:31:29,464 [INFO] ThirdParty:1030 - CMSIS Pack Vendor :STMicroelectronics X-CUBE-MEMS1 9.6.0
2023-11-26 06:31:29,464 [INFO] ThirdParty:1030 - CMSIS Pack Vendor :STMicroelectronics X-CUBE-EEPRMA1 4.2.0
2023-11-26 06:31:29,464 [INFO] ThirdParty:1030 - CMSIS Pack Vendor :ITTIA_DB I-CUBE-ITTIADB 8.8.0
2023-11-26 06:31:29,465 [INFO] ThirdParty:1030 - CMSIS Pack Vendor :STMicroelectronics FP-SNS-MOTENV1 4.3.2
2023-11-26 06:31:29,465 [INFO] ThirdParty:1030 - CMSIS Pack Vendor :STMicroelectronics X-CUBE-ALGOBUILD 1.3.0
2023-11-26 06:31:29,465 [INFO] ThirdParty:1030 - CMSIS Pack Vendor :STMicroelectronics X-CUBE-BLE1 6.2.4
2023-11-26 06:31:29,465 [INFO] ThirdParty:1030 - CMSIS Pack Vendor :STMicroelectronics X-CUBE-AZRTOS-L5 1.1.0
2023-11-26 06:31:29,465 [INFO] ThirdParty:1030 - CMSIS Pack Vendor :STMicroelectronics FreeRTOS 0.0.1
2023-11-26 06:31:29,465 [INFO] ThirdParty:1030 - CMSIS Pack Vendor :STMicroelectronics X-CUBE-AZRTOS-G0 1.1.0
2023-11-26 06:31:29,465 [INFO] ThirdParty:1030 - CMSIS Pack Vendor :STMicroelectronics X-CUBE-BLEMGR 2.0.0
2023-11-26 06:31:29,465 [INFO] ThirdParty:1030 - CMSIS Pack Vendor :STMicroelectronics X-CUBE-NFC4 3.0.0
2023-11-26 06:31:29,465 [INFO] ThirdParty:1030 - CMSIS Pack Vendor :STMicroelectronics X-CUBE-SUBG2 5.0.0
2023-11-26 06:31:29,465 [INFO] ThirdParty:1030 - CMSIS Pack Vendor :STMicroelectronics STM32_WPAN 1.0.0
2023-11-26 06:31:29,465 [INFO] ThirdParty:1030 - CMSIS Pack Vendor :STMicroelectronics lwIP 2.0.3
2023-11-26 06:31:29,465 [INFO] ThirdParty:1030 - CMSIS Pack Vendor :STMicroelectronics FP-SNS-FLIGHT1 5.0.2
2023-11-26 06:31:29,465 [INFO] ThirdParty:1030 - CMSIS Pack Vendor :STMicroelectronics USB_HOST 1.0.0
2023-11-26 06:31:29,465 [INFO] ThirdParty:1030 - CMSIS Pack Vendor :STMicroelectronics X-CUBE-TOF1 3.3.1
2023-11-26 06:31:29,465 [INFO] ThirdParty:1030 - CMSIS Pack Vendor :STMicroelectronics X-CUBE-AZRTOS-G4 2.0.0
2023-11-26 06:31:29,465 [INFO] ThirdParty:1030 - CMSIS Pack Vendor :STMicroelectronics PDM2PCM 3.1.0
2023-11-26 06:31:29,465 [INFO] ThirdParty:1030 - CMSIS Pack Vendor :STMicroelectronics X-CUBE-AZRTOS-H7 3.1.0
2023-11-26 06:31:29,465 [INFO] ThirdParty:1030 - CMSIS Pack Vendor :Infineon AIROC-Wi-Fi-Bluetooth-STM32 1.5.1
2023-11-26 06:31:29,465 [INFO] ThirdParty:1030 - CMSIS Pack Vendor :STMicroelectronics X-CUBE-BLEMGR 3.0.0
2023-11-26 06:31:29,465 [INFO] ThirdParty:1030 - CMSIS Pack Vendor :STMicroelectronics PDM2PCM 3.3.0
2023-11-26 06:31:29,465 [INFO] ThirdParty:1030 - CMSIS Pack Vendor :STMicroelectronics X-CUBE-DISPLAY 3.0.0
2023-11-26 06:31:29,465 [INFO] ThirdParty:1030 - CMSIS Pack Vendor :STMicroelectronics X-CUBE-BLE1 7.0.0
2023-11-26 06:31:29,465 [INFO] ThirdParty:1030 - CMSIS Pack Vendor :STMicroelectronics FP-ATR-SIGFOX1 3.2.0
2023-11-26 06:31:29,465 [INFO] ThirdParty:1030 - CMSIS Pack Vendor :STMicroelectronics HAL Drivers 0.0.0
2023-11-26 06:31:29,465 [INFO] ThirdParty:1030 - CMSIS Pack Vendor :STMicroelectronics MBEDTLS 2.16.2
2023-11-26 06:31:29,465 [INFO] ThirdParty:1030 - CMSIS Pack Vendor :emotas I-CUBE-CANOPEN 1.3.0
2023-11-26 06:31:29,465 [INFO] ThirdParty:1030 - CMSIS Pack Vendor :STMicroelectronics X-CUBE-MEMS1 10.0.0
2023-11-26 06:31:29,465 [INFO] ThirdParty:1030 - CMSIS Pack Vendor :STMicroelectronics X-CUBE-FREERTOS 1.1.0
2023-11-26 06:31:29,465 [INFO] ThirdParty:1030 - CMSIS Pack Vendor :STMicroelectronics X-CUBE-TOUCHGFX 4.22.0
2023-11-26 06:31:29,465 [INFO] ThirdParty:1030 - CMSIS Pack Vendor :STMicroelectronics X-CUBE-NFC7 1.0.1
2023-11-26 06:31:29,465 [INFO] ThirdParty:1030 - CMSIS Pack Vendor :STMicroelectronics MBEDTLS 2.14.1
2023-11-26 06:31:29,465 [INFO] ThirdParty:1030 - CMSIS Pack Vendor :STMicroelectronics X-CUBE-TOUCHGFX 4.22.1
2023-11-26 06:31:29,465 [INFO] ThirdParty:1030 - CMSIS Pack Vendor :STMicroelectronics X-CUBE-NFC6 3.0.0
2023-11-26 06:31:29,465 [INFO] ThirdParty:1030 - CMSIS Pack Vendor :STMicroelectronics X-CUBE-EEPRMA1 4.1.0
2023-11-26 06:31:29,465 [INFO] ThirdParty:1030 - CMSIS Pack Vendor :portGmbH I-Cube-SoM-uGOAL 1.1.0
2023-11-26 06:31:29,465 [INFO] ThirdParty:1030 - CMSIS Pack Vendor :STMicroelectronics X-CUBE-ALS 1.0.1
2023-11-26 06:31:29,465 [INFO] ThirdParty:1030 - CMSIS Pack Vendor :STMicroelectronics ThreadX 1.0.0
2023-11-26 06:31:29,465 [INFO] ThirdParty:1030 - CMSIS Pack Vendor :STMicroelectronics FP-SNS-SMARTAG2 1.2.0
2023-11-26 06:31:29,465 [INFO] ThirdParty:1030 - CMSIS Pack Vendor :STMicroelectronics X-CUBE-AZRTOS-WB 1.1.0
2023-11-26 06:31:29,465 [INFO] ThirdParty:1030 - CMSIS Pack Vendor :STMicroelectronics X-CUBE-AZRTOS-WL 2.0.0
2023-11-26 06:31:29,465 [INFO] ThirdParty:1030 - CMSIS Pack Vendor :SEGGER I-CUBE-embOS 1.3.1
2023-11-26 06:31:29,465 [INFO] ThirdParty:1030 - CMSIS Pack Vendor :STMicroelectronics USB_DEVICE 1.0.0
2023-11-26 06:31:29,465 [INFO] ThirdParty:1030 - CMSIS Pack Vendor :STMicroelectronics X-CUBE-AI 8.1.0
2023-11-26 06:31:29,465 [INFO] ThirdParty:1030 - CMSIS Pack Vendor :STMicroelectronics X-CUBE-AZRTOS-L4 2.0.0
2023-11-26 06:31:29,465 [INFO] ThirdParty:1030 - CMSIS Pack Vendor :STMicroelectronics ThreadX 0.0.2
2023-11-26 06:31:29,465 [INFO] ThirdParty:1030 - CMSIS Pack Vendor :WES I-CUBE-Cesium 1.3.0
2023-11-26 06:31:29,465 [INFO] ThirdParty:1030 - CMSIS Pack Vendor :STMicroelectronics FP-ATR-ASTRA1 2.0.0
2023-11-26 06:31:29,465 [INFO] ThirdParty:1030 - CMSIS Pack Vendor :STMicroelectronics lwIP 2.1.2
2023-11-26 06:31:29,465 [INFO] ThirdParty:1030 - CMSIS Pack Vendor :STMicroelectronics X-CUBE-SFXS2LP1 4.0.0
2023-11-26 06:31:29,465 [INFO] ThirdParty:1030 - CMSIS Pack Vendor :STMicroelectronics X-CUBE-BLE2 3.3.0
2023-11-26 06:31:29,465 [INFO] ThirdParty:1030 - CMSIS Pack Vendor :STMicroelectronics PDM2PCM 3.2.0
2023-11-26 06:31:29,466 [INFO] ThirdParty:841 - exiting critical section [change project]
2023-11-26 06:31:29,839 [INFO] PinOutPanel:1499 - setPackage(No Configuration,No Configuration)
2023-11-26 06:31:29,843 [INFO] PinOutPanel:1499 - setPackage(STM32L475VGTx,LQFP100)
2023-11-26 06:31:30,171 [INFO] UtilMem:75 - Before build in PCC Used Memory: 495139272 Bytes (1073741824)
2023-11-26 06:31:30,575 [INFO] UtilMem:75 - After build in PCC Used Memory: 573256136 Bytes (1073741824)
2023-11-26 06:31:30,631 [INFO] IPUIPlugin:80 - create IPUIPlugin
2023-11-26 06:31:30,631 [INFO] IPUIPlugin:80 - create IPUIPlugin
2023-11-26 06:31:30,631 [INFO] IPUIPlugin:80 - create IPUIPlugin
2023-11-26 06:31:30,632 [INFO] IPUIPlugin:80 - create IPUIPlugin
2023-11-26 06:31:30,632 [INFO] IPUIPlugin:80 - create IPUIPlugin
2023-11-26 06:31:30,632 [INFO] IPUIPlugin:80 - create IPUIPlugin
2023-11-26 06:31:30,632 [INFO] IPUIPlugin:80 - create IPUIPlugin
2023-11-26 06:31:30,632 [INFO] IPUIPlugin:80 - create IPUIPlugin
2023-11-26 06:31:30,632 [INFO] IPUIPlugin:80 - create IPUIPlugin
2023-11-26 06:31:30,633 [INFO] IPUIPlugin:80 - create IPUIPlugin
2023-11-26 06:31:30,633 [INFO] IPUIPlugin:80 - create IPUIPlugin
2023-11-26 06:31:30,633 [INFO] IPUIPlugin:80 - create IPUIPlugin
2023-11-26 06:31:30,633 [INFO] IPUIPlugin:80 - create IPUIPlugin
2023-11-26 06:31:30,633 [INFO] IPUIPlugin:80 - create IPUIPlugin
2023-11-26 06:31:30,633 [INFO] IPUIPlugin:80 - create IPUIPlugin
2023-11-26 06:31:30,633 [INFO] IPUIPlugin:80 - create IPUIPlugin
2023-11-26 06:31:30,633 [INFO] IPUIPlugin:80 - create IPUIPlugin
2023-11-26 06:31:30,634 [INFO] IPUIPlugin:80 - create IPUIPlugin
2023-11-26 06:31:30,634 [INFO] IPUIPlugin:80 - create IPUIPlugin
2023-11-26 06:31:30,634 [INFO] IPUIPlugin:80 - create IPUIPlugin
2023-11-26 06:31:30,634 [INFO] IPUIPlugin:80 - create IPUIPlugin
2023-11-26 06:31:30,635 [INFO] IPUIPlugin:80 - create IPUIPlugin
2023-11-26 06:31:30,635 [INFO] IPUIPlugin:80 - create IPUIPlugin
2023-11-26 06:31:30,635 [INFO] IPUIPlugin:80 - create IPUIPlugin
2023-11-26 06:31:30,635 [INFO] IPUIPlugin:80 - create IPUIPlugin
2023-11-26 06:31:30,635 [INFO] IPUIPlugin:80 - create IPUIPlugin
2023-11-26 06:31:30,635 [INFO] IPUIPlugin:80 - create IPUIPlugin
2023-11-26 06:31:30,636 [INFO] IPUIPlugin:80 - create IPUIPlugin
2023-11-26 06:31:30,636 [INFO] IPUIPlugin:80 - create IPUIPlugin
2023-11-26 06:31:30,637 [INFO] IPUIPlugin:80 - create IPUIPlugin
2023-11-26 06:31:30,637 [INFO] IPUIPlugin:80 - create IPUIPlugin
2023-11-26 06:31:30,637 [INFO] IPUIPlugin:80 - create IPUIPlugin
2023-11-26 06:31:30,637 [INFO] IPUIPlugin:80 - create IPUIPlugin
2023-11-26 06:31:30,637 [INFO] IPUIPlugin:80 - create IPUIPlugin
2023-11-26 06:31:30,637 [INFO] IPUIPlugin:80 - create IPUIPlugin
2023-11-26 06:31:30,637 [INFO] IPUIPlugin:80 - create IPUIPlugin
2023-11-26 06:31:30,637 [INFO] IPUIPlugin:80 - create IPUIPlugin
2023-11-26 06:31:30,638 [INFO] IPUIPlugin:80 - create IPUIPlugin
2023-11-26 06:31:30,638 [INFO] IPUIPlugin:80 - create IPUIPlugin
2023-11-26 06:31:30,638 [INFO] IPUIPlugin:80 - create IPUIPlugin
2023-11-26 06:31:30,638 [INFO] IPUIPlugin:80 - create IPUIPlugin
2023-11-26 06:31:30,638 [INFO] IPUIPlugin:80 - create IPUIPlugin
2023-11-26 06:31:30,638 [INFO] IPUIPlugin:80 - create IPUIPlugin
2023-11-26 06:31:30,638 [INFO] IPUIPlugin:80 - create IPUIPlugin
2023-11-26 06:31:30,638 [INFO] IPUIPlugin:80 - create IPUIPlugin
2023-11-26 06:31:30,638 [INFO] IPUIPlugin:80 - create IPUIPlugin
2023-11-26 06:31:30,639 [INFO] IPUIPlugin:80 - create IPUIPlugin
2023-11-26 06:31:30,639 [INFO] IPUIPlugin:80 - create IPUIPlugin
2023-11-26 06:31:30,639 [INFO] IPUIPlugin:80 - create IPUIPlugin
2023-11-26 06:31:30,639 [INFO] IPUIPlugin:80 - create IPUIPlugin
2023-11-26 06:31:30,639 [INFO] IPUIPlugin:80 - create IPUIPlugin
2023-11-26 06:31:30,640 [INFO] IPUIPlugin:80 - create IPUIPlugin
2023-11-26 06:31:30,640 [INFO] IPUIPlugin:80 - create IPUIPlugin
2023-11-26 06:31:30,640 [INFO] IPUIPlugin:80 - create IPUIPlugin
2023-11-26 06:31:30,640 [INFO] IPUIPlugin:80 - create IPUIPlugin
2023-11-26 06:31:30,640 [INFO] IPUIPlugin:80 - create IPUIPlugin
2023-11-26 06:31:30,641 [INFO] IPUIPlugin:80 - create IPUIPlugin
2023-11-26 06:31:30,641 [INFO] IPUIPlugin:80 - create IPUIPlugin
2023-11-26 06:31:30,645 [INFO] IPUIPlugin:80 - create IPUIPlugin
2023-11-26 06:31:30,814 [INFO] CADModel:165 - CPN selected for project levelSTM32L475VGT6
2023-11-26 06:31:30,815 [INFO] CADModel:114 - Register for checkConnection events
2023-11-26 06:31:30,871 [INFO] OpenFileManager:328 - Restore cursor
2023-11-26 06:33:20,077 [INFO] UtilMem:75 - End SaveConfig() Used Memory: 730229640 Bytes (1073741824)
2023-11-26 06:33:21,861 [INFO] UtilMem:75 - End SaveConfig() Used Memory: 751727496 Bytes (1073741824)
2023-11-26 06:33:43,447 [INFO] UtilMem:75 - End SaveConfig() Used Memory: 554922880 Bytes (1073741824)
2023-11-26 06:33:43,807 [INFO] BlockDiagram:2759 - set Specific Code input for plugin: SPI
2023-11-26 06:33:43,807 [INFO] BlockDiagram:2759 - set Specific Code input for plugin: DFSDM
2023-11-26 06:33:43,807 [INFO] BlockDiagram:2759 - set Specific Code input for plugin: SYS
2023-11-26 06:33:43,807 [INFO] BlockDiagram:2759 - set Specific Code input for plugin: RCC
2023-11-26 06:33:43,807 [INFO] BlockDiagram:2759 - set Specific Code input for plugin: I2C
2023-11-26 06:33:43,807 [INFO] BlockDiagram:2759 - set Specific Code input for plugin: USB_OTG_FS
2023-11-26 06:33:43,807 [INFO] BlockDiagram:2759 - set Specific Code input for plugin: NVIC
2023-11-26 06:33:43,807 [INFO] BlockDiagram:2759 - set Specific Code input for plugin: USART
2023-11-26 06:33:43,807 [INFO] BlockDiagram:2759 - set Specific Code input for plugin: USART
2023-11-26 06:33:43,807 [INFO] BlockDiagram:2759 - set Specific Code input for plugin: UART
2023-11-26 06:33:43,808 [INFO] BlockDiagram:2759 - set Specific Code input for plugin: GPIO
2023-11-26 06:33:43,808 [INFO] BlockDiagram:2759 - set Specific Code input for plugin: QUADSPI
2023-11-26 06:33:43,809 [INFO] CodeGenerator:799 - code generatio: config db path: /Applications/STM32CubeIDE.app/Contents/Eclipse/plugins/com.st.stm32cube.common.mx_6.9.2.202309101412//db/
2023-11-26 06:33:44,060 [INFO] CodeEngine:255 - oldGeneratedFile, /Users/dilnozabobokalonova/embedded_c/STM32-L4/HelloUART/MXTmpFiles/license.tmp_save
2023-11-26 06:33:44,186 [INFO] CodeEngine:279 - Generated code: /Users/dilnozabobokalonova/embedded_c/STM32-L4/HelloUART/MXTmpFiles/license.tmp
2023-11-26 06:33:44,427 [INFO] CodeEngine:255 - oldGeneratedFile, /Users/dilnozabobokalonova/embedded_c/STM32-L4/HelloUART/MXTmpFiles/gpio.tmp_save
2023-11-26 06:33:44,602 [INFO] CodeEngine:279 - Generated code: /Users/dilnozabobokalonova/embedded_c/STM32-L4/HelloUART/MXTmpFiles/gpio.tmp
2023-11-26 06:33:46,478 [WARN] IPConfigManager:2937 - Warning: the RefConfig PWREx_EnableUSBVoltageDetector is not available in your config.xml file
2023-11-26 06:33:46,505 [INFO] CodeEngine:255 - oldGeneratedFile, /Users/dilnozabobokalonova/embedded_c/STM32-L4/HelloUART/Core/Src/stm32l4xx_it.c_save
2023-11-26 06:33:46,743 [INFO] CodeEngine:279 - Generated code: /Users/dilnozabobokalonova/embedded_c/STM32-L4/HelloUART/Core/Src/stm32l4xx_it.c
2023-11-26 06:33:46,837 [INFO] CodeEngine:255 - oldGeneratedFile, /Users/dilnozabobokalonova/embedded_c/STM32-L4/HelloUART/Core/Inc/stm32l4xx_it.h_save
2023-11-26 06:33:46,911 [INFO] CodeEngine:279 - Generated code: /Users/dilnozabobokalonova/embedded_c/STM32-L4/HelloUART/Core/Inc/stm32l4xx_it.h
2023-11-26 06:33:46,922 [INFO] CodeEngine:255 - oldGeneratedFile, /Users/dilnozabobokalonova/embedded_c/STM32-L4/HelloUART/Core/Src/stm32l4xx_hal_msp.c_save
2023-11-26 06:33:47,073 [INFO] CodeEngine:279 - Generated code: /Users/dilnozabobokalonova/embedded_c/STM32-L4/HelloUART/Core/Src/stm32l4xx_hal_msp.c
2023-11-26 06:33:47,076 [INFO] CodeEngine:255 - oldGeneratedFile, /Users/dilnozabobokalonova/embedded_c/STM32-L4/HelloUART/MXTmpFiles/system.tmp_save
2023-11-26 06:33:47,126 [INFO] CodeEngine:279 - Generated code: /Users/dilnozabobokalonova/embedded_c/STM32-L4/HelloUART/MXTmpFiles/system.tmp
2023-11-26 06:33:47,130 [INFO] CodeEngine:311 - oldGeneratedFile, /Users/dilnozabobokalonova/embedded_c/STM32-L4/HelloUART/Core/Inc/stm32l4xx_hal_conf.h_save
2023-11-26 06:33:47,186 [INFO] CodeEngine:335 - Generated code: /Users/dilnozabobokalonova/embedded_c/STM32-L4/HelloUART/Core/Inc/stm32l4xx_hal_conf.h
2023-11-26 06:33:47,246 [WARN] IPConfigManager:3431 - IP not found : USB_OTG
2023-11-26 06:33:47,248 [WARN] CodeGenerator:3764 - IP not found : null
2023-11-26 06:33:47,250 [INFO] CodeEngine:255 - oldGeneratedFile, /Users/dilnozabobokalonova/embedded_c/STM32-L4/HelloUART/Core/Inc/main.h_save
2023-11-26 06:33:47,312 [INFO] CodeEngine:279 - Generated code: /Users/dilnozabobokalonova/embedded_c/STM32-L4/HelloUART/Core/Inc/main.h
2023-11-26 06:33:47,314 [INFO] CodeEngine:255 - oldGeneratedFile, /Users/dilnozabobokalonova/embedded_c/STM32-L4/HelloUART/Core/Src/main.c_save
2023-11-26 06:33:47,423 [INFO] CodeEngine:279 - Generated code: /Users/dilnozabobokalonova/embedded_c/STM32-L4/HelloUART/Core/Src/main.c
2023-11-26 06:33:47,770 [INFO] ProjectBuilder:3064 - Time for Copy HAL[1] : 74mS.
2023-11-26 06:33:47,773 [INFO] ProjectBuilder:4404 - Project Generator version: 4.1.0
2023-11-26 06:33:48,004 [INFO] ConfigFileManager:1457 - The Die is : DIE415
2023-11-26 06:33:48,010 [INFO] ApiDbMcu:507 - Load IP Config File for FATFS
2023-11-26 06:33:48,016 [INFO] ApiDbMcu:507 - Load IP Config File for FREERTOS
2023-11-26 06:33:48,029 [INFO] ApiDbMcu:507 - Load IP Config File for TOUCHSENSING
2023-11-26 06:33:48,034 [INFO] ApiDbMcu:507 - Load IP Config File for USB_DEVICE
2023-11-26 06:33:48,037 [INFO] ApiDbMcu:507 - Load IP Config File for USB_HOST
2023-11-26 06:33:49,449 [INFO] ProjectBuilder:4626 - Time for Generating toolchain IDE Files: 1673mS.
2023-11-26 06:33:49,454 [INFO] ProjectBuilder:2935 - Time for Copy CMSIS : 1mS.
2023-11-26 06:33:49,455 [INFO] ProjectBuilder:2935 - Time for Copy CMSIS : 0mS.
2023-11-26 12:25:42,675 [INFO] MainUpdater:2868 - connection check result : 10
2023-11-26 12:25:43,015 [INFO] McuFinderGlobals:76 - Set McuFinderConnectedMode to true
2023-11-26 12:25:43,021 [INFO] MultiScanPanel:200 - Auto-refresh data requested => check proxy status ongoing
2023-11-26 12:25:43,022 [INFO] FinderPluginLoader:95 - Searching for filters in installed packs
2023-11-26 12:25:43,499 [INFO] LoadUrlFilesThread:185 - End of LoadServerUrlFiles without Thread
2023-11-26 12:25:43,500 [INFO] DetailPanel:341 - Set advertising image to /Users/dilnozabobokalonova/STM32Cube/Repository//en.prom-stm32h5-mcu-finder.jpg
2023-11-26 12:25:53,003 [INFO] MultiScanPanel:200 - Auto-refresh data requested => check proxy status ongoing
2023-11-26 12:25:53,178 [INFO] LoadUrlFilesThread:185 - End of LoadServerUrlFiles without Thread
2023-11-26 12:25:53,178 [INFO] DetailPanel:341 - Set advertising image to /Users/dilnozabobokalonova/STM32Cube/Repository//en.prom-stm32h5-mcu-finder.jpg
2023-11-26 12:26:03,564 [INFO] McuFinderGlobals:76 - Set McuFinderConnectedMode to true
2023-11-26 12:26:03,580 [INFO] ApiDb:448 - Save user favorites file /Users/dilnozabobokalonova/.stm32cubeide/favorites.mcus.txt: 0 item(s)
2023-11-26 12:26:03,581 [INFO] ApiDb:452 - User favorites MCUs=[]
2023-11-26 12:26:03,584 [INFO] ApiDb:448 - Save user favorites file /Users/dilnozabobokalonova/.stm32cubeide/favorites.boards.txt: 1 item(s)
2023-11-26 12:26:03,585 [INFO] ApiDb:452 - User favorites Boards=[STM32F3DISCOVERY]
