2024-06-29 14:21:33,566 [INFO] Activator:176 - 


2024-06-29 14:21:33,571 [INFO] Activator:177 - !SESSION log4j initialized
2024-06-29 14:21:40,074 [INFO] LogOutputStream:77 - [STDOUT_REDIRECT] 
2024-06-29 14:21:43,312 [ERROR] LogOutputStream:75 - [STDERR_REDIRECT] 
2024-06-29 14:21:44,239 [INFO] LogOutputStream:77 - [STDOUT_REDIRECT] 
2024-06-29 14:21:44,409 [INFO] ApplicationProperties:184 - Using Application install path: /Applications/STM32CubeIDE.app/Contents/Eclipse/plugins/com.st.stm32cube.common.mx_6.9.2.202309101412
2024-06-29 14:21:44,426 [INFO] DbMcusXml:78 - Set database path to: /Applications/STM32CubeIDE.app/Contents/Eclipse/plugins/com.st.stm32cube.common.mx_6.9.2.202309101412//db//mcu/
2024-06-29 14:21:44,427 [INFO] ApiDb:274 - Set plugin database path to: /Applications/STM32CubeIDE.app/Contents/Eclipse/plugins/com.st.stm32cube.common.mx_6.9.2.202309101412//db//plugins/boardmanager/
2024-06-29 14:21:44,427 [WARN] ApiDb:259 - Overriding images path with different value:  => /Applications/STM32CubeIDE.app/Contents/Eclipse/plugins/com.st.stm32cube.common.mx_6.9.2.202309101412//db//plugins/mcufinder/images/
2024-06-29 14:21:44,444 [INFO] ApiDb:250 - Set database path to: /Users/dilnozabobokalonova/.stmcufinder/plugins/mcufinder//mcu/
2024-06-29 14:21:44,446 [INFO] DbMcusAds:125 - Set database path to: /Users/dilnozabobokalonova/.stmcufinder/plugins/mcufinder//mcu/
2024-06-29 14:21:44,448 [INFO] CrossReferenceDbSqlite:203 - Set database path to: /Users/dilnozabobokalonova/.stmcufinder/plugins/mcufinder//mcu/cs/
2024-06-29 14:21:44,575 [INFO] RulesReader:64 - Compatibility file has been processed (293 Rules)
2024-06-29 14:21:44,642 [INFO] DbMcusXml:78 - Set database path to: /Applications/STM32CubeIDE.app/Contents/Eclipse/plugins/com.st.stm32cube.common.mx_6.9.2.202309101412//db//mcu/
2024-06-29 14:21:44,642 [INFO] ApiDb:274 - Set plugin database path to: /Applications/STM32CubeIDE.app/Contents/Eclipse/plugins/com.st.stm32cube.common.mx_6.9.2.202309101412//db//plugins/boardmanager/
2024-06-29 14:21:44,642 [INFO] ApiDb:261 - Set plugin images path to: /Applications/STM32CubeIDE.app/Contents/Eclipse/plugins/com.st.stm32cube.common.mx_6.9.2.202309101412//db//plugins/mcufinder/images/
2024-06-29 14:21:44,643 [WARN] DbFile:41 - Overriding database path with different value: /Users/dilnozabobokalonova/.stmcufinder/plugins/mcufinder/ => /Users/dilnozabobokalonova/.stmcufinder/plugins/mcufinder
2024-06-29 14:21:44,643 [INFO] ApiDb:250 - Set database path to: /Users/dilnozabobokalonova/.stmcufinder/plugins/mcufinder//mcu/
2024-06-29 14:21:44,643 [WARN] DbFile:41 - Overriding database path with different value: /Users/dilnozabobokalonova/.stmcufinder/plugins/mcufinder/ => /Users/dilnozabobokalonova/.stmcufinder/plugins/mcufinder
2024-06-29 14:21:44,643 [INFO] DbMcusAds:125 - Set database path to: /Users/dilnozabobokalonova/.stmcufinder/plugins/mcufinder//mcu/
2024-06-29 14:21:44,643 [WARN] DbFile:41 - Overriding database path with different value: /Users/dilnozabobokalonova/.stmcufinder/plugins/mcufinder/ => /Users/dilnozabobokalonova/.stmcufinder/plugins/mcufinder
2024-06-29 14:21:44,643 [WARN] DbFile:41 - Overriding database path with different value: /Users/dilnozabobokalonova/.stmcufinder/plugins/mcufinder/ => /Users/dilnozabobokalonova/.stmcufinder/plugins/mcufinder
2024-06-29 14:21:44,643 [INFO] CrossReferenceDbSqlite:203 - Set database path to: /Users/dilnozabobokalonova/.stmcufinder/plugins/mcufinder//mcu/cs/
2024-06-29 14:21:44,716 [INFO] MainPanel:262 - HeapMemory: 268435456
2024-06-29 14:21:44,792 [INFO] DbMcusXml:78 - Set database path to: /Applications/STM32CubeIDE.app/Contents/Eclipse/plugins/com.st.stm32cube.common.mx_6.9.2.202309101412//db//mcu/
2024-06-29 14:21:44,792 [INFO] ApiDb:274 - Set plugin database path to: /Applications/STM32CubeIDE.app/Contents/Eclipse/plugins/com.st.stm32cube.common.mx_6.9.2.202309101412//db//plugins/boardmanager/
2024-06-29 14:21:44,793 [INFO] ApiDb:261 - Set plugin images path to: /Applications/STM32CubeIDE.app/Contents/Eclipse/plugins/com.st.stm32cube.common.mx_6.9.2.202309101412//db//plugins/mcufinder/images/
2024-06-29 14:21:44,794 [WARN] DbFile:41 - Overriding database path with different value: /Users/dilnozabobokalonova/.stmcufinder/plugins/mcufinder/ => /Users/dilnozabobokalonova/.stmcufinder/plugins/mcufinder
2024-06-29 14:21:44,794 [INFO] ApiDb:250 - Set database path to: /Users/dilnozabobokalonova/.stmcufinder/plugins/mcufinder//mcu/
2024-06-29 14:21:44,794 [WARN] DbFile:41 - Overriding database path with different value: /Users/dilnozabobokalonova/.stmcufinder/plugins/mcufinder/ => /Users/dilnozabobokalonova/.stmcufinder/plugins/mcufinder
2024-06-29 14:21:44,794 [INFO] DbMcusAds:125 - Set database path to: /Users/dilnozabobokalonova/.stmcufinder/plugins/mcufinder//mcu/
2024-06-29 14:21:44,794 [WARN] DbFile:41 - Overriding database path with different value: /Users/dilnozabobokalonova/.stmcufinder/plugins/mcufinder/ => /Users/dilnozabobokalonova/.stmcufinder/plugins/mcufinder
2024-06-29 14:21:44,794 [WARN] DbFile:41 - Overriding database path with different value: /Users/dilnozabobokalonova/.stmcufinder/plugins/mcufinder/ => /Users/dilnozabobokalonova/.stmcufinder/plugins/mcufinder
2024-06-29 14:21:44,794 [INFO] CrossReferenceDbSqlite:203 - Set database path to: /Users/dilnozabobokalonova/.stmcufinder/plugins/mcufinder//mcu/cs/
2024-06-29 14:21:44,813 [INFO] ApplicationProperties:184 - Using Application install path: /Applications/STM32CubeIDE.app/Contents/Eclipse/plugins/com.st.stm32cube.common.mx_6.9.2.202309101412
2024-06-29 14:21:44,814 [INFO] PluginManage:196 - Search for loadable plugins [exclusion list=, ]
2024-06-29 14:21:44,817 [INFO] PluginManage:310 - Check plugin analytics
2024-06-29 14:21:45,007 [INFO] AnalyticsPlugin:253 - Accepted Software Licenses: 
2024-06-29 14:21:45,008 [INFO] AnalyticsPlugin:255 - Accepted CMSIS Pack Licenses: 
2024-06-29 14:21:45,008 [INFO] AnalyticsPlugin:257 - Accepted Firmware Licenses: FW.L4.1.18.0
2024-06-29 14:21:45,013 [INFO] PluginManage:359 - Loaded plugin analytics (category:tool,tabindex:-1)
2024-06-29 14:21:45,014 [INFO] PluginManage:310 - Check plugin cadmodel
2024-06-29 14:21:45,364 [INFO] CADModel:105 - Init CAD model plugin
2024-06-29 14:21:45,364 [INFO] PluginManage:359 - Loaded plugin cadmodel (category:power,tabindex:5)
2024-06-29 14:21:45,365 [INFO] PluginManage:310 - Check plugin clock
2024-06-29 14:21:45,383 [INFO] PluginManage:359 - Loaded plugin clock (category:base,tabindex:2)
2024-06-29 14:21:45,383 [INFO] PluginManage:310 - Check plugin ddr
2024-06-29 14:21:45,386 [INFO] PluginManage:359 - Loaded plugin ddr (category:tool,tabindex:6)
2024-06-29 14:21:45,386 [INFO] PluginManage:310 - Check plugin filemanager
2024-06-29 14:21:45,549 [INFO] PluginManage:359 - Loaded plugin filemanager (category:base,tabindex:10)
2024-06-29 14:21:45,549 [INFO] PluginManage:310 - Check plugin ipmanager
2024-06-29 14:21:45,556 [INFO] PluginManage:359 - Loaded plugin ipmanager (category:base,tabindex:5)
2024-06-29 14:21:45,556 [INFO] PluginManage:310 - Check plugin lpbam
2024-06-29 14:21:45,566 [INFO] PluginManage:359 - Loaded plugin lpbam (category:base,tabindex:0)
2024-06-29 14:21:45,567 [INFO] PluginManage:310 - Check plugin memorymap
2024-06-29 14:21:45,581 [INFO] PluginManage:359 - Loaded plugin memorymap (category:base,tabindex:4)
2024-06-29 14:21:45,581 [INFO] PluginManage:310 - Check plugin pinoutandconfiguration
2024-06-29 14:21:45,589 [INFO] PluginManage:359 - Loaded plugin pinoutandconfiguration (category:base,tabindex:1)
2024-06-29 14:21:45,589 [INFO] PluginManage:310 - Check plugin pinoutconfig
2024-06-29 14:21:45,709 [WARN] SupportedApi:132 - Cannot load RTOS API schema: s4s-elt-must-match.1: The content of 'definitions' must match (annotation?, (simpleType | complexType)?, (unique | key | keyref)*)). A problem was found starting at: attribute.
2024-06-29 14:21:45,977 [INFO] PluginManage:359 - Loaded plugin pinoutconfig (category:base,tabindex:0)
2024-06-29 14:21:45,977 [INFO] PluginManage:310 - Check plugin power
2024-06-29 14:21:45,998 [INFO] PluginManage:359 - Loaded plugin power (category:power,tabindex:4)
2024-06-29 14:21:45,998 [INFO] PluginManage:310 - Check plugin projectmanager
2024-06-29 14:21:46,037 [INFO] PluginManage:359 - Loaded plugin projectmanager (category:projectmanager,tabindex:3)
2024-06-29 14:21:46,037 [INFO] PluginManage:310 - Check plugin thirdparty
2024-06-29 14:21:46,225 [INFO] PluginManage:359 - Loaded plugin thirdparty (category:base,tabindex:-1)
2024-06-29 14:21:46,224 [WARN] IntegrityCheckThread:84 - waiting for thirdparty lock release [integrity check]
2024-06-29 14:21:46,225 [INFO] PluginManage:310 - Check plugin tools
2024-06-29 14:21:46,225 [INFO] IntegrityCheckThread:86 - entering critical section [integrity check]
2024-06-29 14:21:46,225 [INFO] ThirdPartyUpdaterWithRetryManager:70 - Updater plugin not ready yet. [1/15]
2024-06-29 14:21:46,230 [INFO] PluginManage:359 - Loaded plugin tools (category:base,tabindex:7)
2024-06-29 14:21:46,231 [INFO] PluginManage:310 - Check plugin tutovideos
2024-06-29 14:21:46,411 [INFO] PluginManage:359 - Loaded plugin tutovideos (category:base,tabindex:-1)
2024-06-29 14:21:46,412 [INFO] PluginManage:310 - Check plugin updater
2024-06-29 14:21:46,425 [INFO] PluginManage:359 - Loaded plugin updater (category:base,tabindex:12)
2024-06-29 14:21:46,425 [INFO] PluginManage:310 - Check plugin userauth
2024-06-29 14:21:46,432 [INFO] UserAuth:113 - Init User Auth plugin
2024-06-29 14:21:46,432 [INFO] PluginManage:359 - Loaded plugin userauth (category:base,tabindex:14)
2024-06-29 14:21:46,433 [INFO] PluginManage:283 - PluginManage : Loaded plugins [17]
2024-06-29 14:21:46,679 [INFO] PinOutPanel:1499 - setPackage(No Configuration,No Configuration)
2024-06-29 14:21:46,779 [INFO] CADModel:165 - CPN selected for project level
2024-06-29 14:21:46,779 [INFO] CADModel:114 - Register for checkConnection events
2024-06-29 14:21:46,790 [INFO] IPUIPlugin:80 - create IPUIPlugin
2024-06-29 14:21:46,790 [INFO] PluginManager:220 - loadIPPluginJar : add mdma
2024-06-29 14:21:46,795 [INFO] IPUIPlugin:80 - create IPUIPlugin
2024-06-29 14:21:46,795 [INFO] PluginManager:220 - loadIPPluginJar : add freertos
2024-06-29 14:21:46,799 [INFO] IPUIPlugin:80 - create IPUIPlugin
2024-06-29 14:21:46,799 [INFO] PluginManager:220 - loadIPPluginJar : add gic
2024-06-29 14:21:46,823 [INFO] IPUIPlugin:80 - create IPUIPlugin
2024-06-29 14:21:46,823 [INFO] PluginManager:220 - loadIPPluginJar : add adc
2024-06-29 14:21:46,827 [INFO] IPUIPlugin:80 - create IPUIPlugin
2024-06-29 14:21:46,827 [INFO] PluginManager:220 - loadIPPluginJar : add gtzc
2024-06-29 14:21:46,828 [INFO] IPUIPlugin:80 - create IPUIPlugin
2024-06-29 14:21:46,828 [INFO] PluginManager:220 - loadIPPluginJar : add quadspi
2024-06-29 14:21:46,830 [INFO] IPUIPlugin:80 - create IPUIPlugin
2024-06-29 14:21:46,830 [INFO] PluginManager:220 - loadIPPluginJar : add aes
2024-06-29 14:21:46,831 [INFO] IPUIPlugin:80 - create IPUIPlugin
2024-06-29 14:21:46,831 [INFO] PluginManager:220 - loadIPPluginJar : add pdm2pcm
2024-06-29 14:21:46,838 [INFO] IPUIPlugin:80 - create IPUIPlugin
2024-06-29 14:21:46,838 [INFO] PluginManager:220 - loadIPPluginJar : add hash
2024-06-29 14:21:46,852 [INFO] IPUIPlugin:80 - create IPUIPlugin
2024-06-29 14:21:46,852 [INFO] PluginManager:220 - loadIPPluginJar : add tim
2024-06-29 14:21:46,893 [INFO] IPUIPlugin:80 - create IPUIPlugin
2024-06-29 14:21:46,894 [INFO] PluginManager:220 - loadIPPluginJar : add tsc
2024-06-29 14:21:46,896 [INFO] IPUIPlugin:80 - create IPUIPlugin
2024-06-29 14:21:46,896 [INFO] PluginManager:220 - loadIPPluginJar : add ts
2024-06-29 14:21:46,899 [INFO] IPUIPlugin:80 - create IPUIPlugin
2024-06-29 14:21:46,900 [INFO] PluginManager:220 - loadIPPluginJar : add can
2024-06-29 14:21:46,903 [INFO] IPUIPlugin:80 - create IPUIPlugin
2024-06-29 14:21:46,904 [INFO] PluginManager:220 - loadIPPluginJar : add dma3
2024-06-29 14:21:46,908 [INFO] IPUIPlugin:80 - create IPUIPlugin
2024-06-29 14:21:46,908 [INFO] PluginManager:220 - loadIPPluginJar : add dfsdm
2024-06-29 14:21:46,910 [INFO] IPUIPlugin:80 - create IPUIPlugin
2024-06-29 14:21:46,910 [INFO] PluginManager:220 - loadIPPluginJar : add spi
2024-06-29 14:21:46,912 [INFO] IPUIPlugin:80 - create IPUIPlugin
2024-06-29 14:21:46,912 [INFO] PluginManager:220 - loadIPPluginJar : add gfxmmu
2024-06-29 14:21:46,914 [INFO] IPUIPlugin:80 - create IPUIPlugin
2024-06-29 14:21:46,914 [INFO] PluginManager:220 - loadIPPluginJar : add genericplugin
2024-06-29 14:21:46,916 [INFO] IPUIPlugin:80 - create IPUIPlugin
2024-06-29 14:21:46,916 [INFO] PluginManager:220 - loadIPPluginJar : add cryp
2024-06-29 14:21:46,921 [INFO] IPUIPlugin:80 - create IPUIPlugin
2024-06-29 14:21:46,922 [INFO] PluginManager:220 - loadIPPluginJar : add gpio
2024-06-29 14:21:46,924 [INFO] IPUIPlugin:80 - create IPUIPlugin
2024-06-29 14:21:46,924 [INFO] PluginManager:220 - loadIPPluginJar : add comp
2024-06-29 14:21:46,927 [INFO] IPUIPlugin:80 - create IPUIPlugin
2024-06-29 14:21:46,927 [INFO] PluginManager:220 - loadIPPluginJar : add tracer_emb
2024-06-29 14:21:46,931 [INFO] IPUIPlugin:80 - create IPUIPlugin
2024-06-29 14:21:46,931 [INFO] PluginManager:220 - loadIPPluginJar : add openamp
2024-06-29 14:21:46,939 [INFO] IPUIPlugin:80 - create IPUIPlugin
2024-06-29 14:21:46,940 [INFO] PluginManager:220 - loadIPPluginJar : add stm32_wpan
2024-06-29 14:21:46,945 [INFO] IPUIPlugin:80 - create IPUIPlugin
2024-06-29 14:21:46,956 [INFO] PluginManager:220 - loadIPPluginJar : add plateformsettings
2024-06-29 14:21:46,960 [INFO] IPUIPlugin:80 - create IPUIPlugin
2024-06-29 14:21:46,961 [INFO] PluginManager:220 - loadIPPluginJar : add ipddr
2024-06-29 14:21:46,963 [INFO] IPUIPlugin:80 - create IPUIPlugin
2024-06-29 14:21:46,963 [INFO] PluginManager:220 - loadIPPluginJar : add usart
2024-06-29 14:21:46,964 [INFO] IPUIPlugin:80 - create IPUIPlugin
2024-06-29 14:21:46,964 [INFO] PluginManager:220 - loadIPPluginJar : add ltdc
2024-06-29 14:21:46,968 [INFO] IPUIPlugin:80 - create IPUIPlugin
2024-06-29 14:21:46,968 [INFO] PluginManager:220 - loadIPPluginJar : add nvic
2024-06-29 14:21:46,970 [INFO] IPUIPlugin:80 - create IPUIPlugin
2024-06-29 14:21:46,970 [INFO] PluginManager:220 - loadIPPluginJar : add fatfs
2024-06-29 14:21:46,977 [INFO] IPUIPlugin:80 - create IPUIPlugin
2024-06-29 14:21:46,977 [INFO] PluginManager:220 - loadIPPluginJar : add linkedlist
2024-06-29 14:21:46,982 [INFO] IPUIPlugin:80 - create IPUIPlugin
2024-06-29 14:21:46,982 [INFO] PluginManager:220 - loadIPPluginJar : add dma
2024-06-29 14:21:46,987 [INFO] IPUIPlugin:80 - create IPUIPlugin
2024-06-29 14:21:46,987 [INFO] PluginManager:220 - loadIPPluginJar : add fmc
2024-06-29 14:21:46,989 [INFO] IPUIPlugin:80 - create IPUIPlugin
2024-06-29 14:21:46,990 [INFO] PluginManager:220 - loadIPPluginJar : add i2s
2024-06-29 14:21:46,991 [INFO] IPUIPlugin:80 - create IPUIPlugin
2024-06-29 14:21:46,991 [INFO] PluginManager:220 - loadIPPluginJar : add ucpd
2024-06-29 14:21:46,993 [INFO] IPUIPlugin:80 - create IPUIPlugin
2024-06-29 14:21:46,993 [INFO] PluginManager:220 - loadIPPluginJar : add lorawan
2024-06-29 14:21:46,995 [INFO] IPUIPlugin:80 - create IPUIPlugin
2024-06-29 14:21:46,995 [INFO] PluginManager:220 - loadIPPluginJar : add opamp
2024-06-29 14:21:46,997 [INFO] IPUIPlugin:80 - create IPUIPlugin
2024-06-29 14:21:46,997 [INFO] PluginManager:220 - loadIPPluginJar : add i3c
2024-06-29 14:21:46,999 [INFO] IPUIPlugin:80 - create IPUIPlugin
2024-06-29 14:21:47,000 [INFO] PluginManager:220 - loadIPPluginJar : add touchsensing
2024-06-29 14:21:47,002 [INFO] IPUIPlugin:80 - create IPUIPlugin
2024-06-29 14:21:47,003 [INFO] PluginManager:220 - loadIPPluginJar : add i2c
2024-06-29 14:21:47,006 [INFO] IPUIPlugin:80 - create IPUIPlugin
2024-06-29 14:21:47,006 [INFO] PluginManager:220 - loadIPPluginJar : add resmgrutility
2024-06-29 14:21:47,009 [INFO] IPUIPlugin:80 - create IPUIPlugin
2024-06-29 14:21:47,009 [INFO] PluginManager:220 - loadIPPluginJar : add sai
2024-06-29 14:21:47,017 [INFO] IPUIPlugin:80 - create IPUIPlugin
2024-06-29 14:21:47,017 [INFO] PluginManager:220 - loadIPPluginJar : add usbx
2024-06-29 14:21:47,215 [INFO] CADModel:165 - CPN selected for project level
2024-06-29 14:21:47,216 [INFO] CADModel:114 - Register for checkConnection events
2024-06-29 14:21:47,216 [FATAL] Updater:308 - Updater called before beeing initialized
2024-06-29 14:21:47,216 [ERROR] CADModel:125 - Updater not yet initialized, retry later 
2024-06-29 14:21:47,753 [INFO] CADModel:165 - CPN selected for project level
2024-06-29 14:21:47,755 [INFO] CADModel:114 - Register for checkConnection events
2024-06-29 14:21:47,756 [FATAL] Updater:308 - Updater called before beeing initialized
2024-06-29 14:21:47,756 [ERROR] CADModel:125 - Updater not yet initialized, retry later 
2024-06-29 14:21:47,759 [FATAL] Updater:308 - Updater called before beeing initialized
2024-06-29 14:21:47,959 [FATAL] Updater:308 - Updater called before beeing initialized
2024-06-29 14:21:47,974 [INFO] DbMcusAds:53 - JSON generation date=Wed Nov 29 05:52:27 EST 2023 (1701255147200)
2024-06-29 14:21:47,974 [FATAL] Updater:308 - Updater called before beeing initialized
2024-06-29 14:21:48,124 [WARN] DetailPanel:346 - Failed to get advertising image, set to default
2024-06-29 14:21:48,212 [FATAL] Updater:308 - Updater called before beeing initialized
2024-06-29 14:21:48,217 [FATAL] Updater:308 - Updater called before beeing initialized
2024-06-29 14:21:48,217 [FATAL] Updater:308 - Updater called before beeing initialized
2024-06-29 14:21:48,217 [WARN] DetailPanel:346 - Failed to get advertising image, set to default
2024-06-29 14:21:48,221 [FATAL] Updater:308 - Updater called before beeing initialized
2024-06-29 14:21:48,465 [ERROR] Updater:1120 - MainUpdater not yet initialized. External WinMGr cannot be set.
2024-06-29 14:21:48,513 [INFO] Updater:1056 - Updater Version found : 6.9.2
2024-06-29 14:21:48,526 [INFO] ApplicationProperties:184 - Using Application install path: /Applications/STM32CubeIDE.app/Contents/Eclipse/plugins/com.st.stm32cube.common.mx_6.9.2.202309101412
2024-06-29 14:21:49,235 [INFO] ThirdPartyUpdaterWithRetryManager:70 - Updater plugin not ready yet. [2/15]
2024-06-29 14:21:49,490 [INFO] MainUpdater:2868 - connection check result : 10
2024-06-29 14:21:49,491 [INFO] MainUpdater:3562 - Updater definition file requires update
2024-06-29 14:21:49,493 [INFO] MainUpdater:285 - Updater Check For Update Now.
2024-06-29 14:21:49,495 [INFO] MicroXplorer:498 - Change Database Version : DB.6.0.92
2024-06-29 14:21:49,505 [INFO] McuFinderGlobals:63 - Set McuFinder mode to 2 (CubeIDE integrated)
2024-06-29 14:21:49,783 [INFO] ServerAccessManage:473 - Download File updaters.zip
2024-06-29 14:21:49,918 [INFO] FileExtend:240 - Unzip File : updaters.zip
2024-06-29 14:21:49,918 [INFO] FileExtend:255 - Standard Zip Deflate
2024-06-29 14:21:50,218 [INFO] ServerAccessManage:473 - Download File PacksControlFlags.xml
2024-06-29 14:21:50,352 [INFO] ServerAccessManage:473 - Download File cubemx.pidx
2024-06-29 14:21:51,833 [INFO] ServerAccessManage:473 - Download File STMicroelectronics.FP-SNS-MOTENV1.pdsc
2024-06-29 14:21:52,241 [WARN] MainUpdater:1189 - Updater busy. Cannot search thirdparties
2024-06-29 14:21:52,242 [INFO] ThirdPartyUpdaterWithRetryManager:96 - Updater plugin is busy. [1/15]
2024-06-29 14:21:54,795 [INFO] ServerAccessManage:473 - Download File STMicroelectronics.FP-SNS-MOTENVWB1.pdsc
2024-06-29 14:21:55,248 [WARN] MainUpdater:1189 - Updater busy. Cannot search thirdparties
2024-06-29 14:21:55,250 [INFO] ThirdPartyUpdaterWithRetryManager:96 - Updater plugin is busy. [2/15]
2024-06-29 14:21:57,149 [INFO] ServerAccessManage:473 - Download File STMicroelectronics.X-CUBE-AI.pdsc
2024-06-29 14:21:58,258 [WARN] MainUpdater:1189 - Updater busy. Cannot search thirdparties
2024-06-29 14:21:58,258 [INFO] ThirdPartyUpdaterWithRetryManager:96 - Updater plugin is busy. [3/15]
2024-06-29 14:22:01,263 [WARN] MainUpdater:1189 - Updater busy. Cannot search thirdparties
2024-06-29 14:22:01,263 [INFO] ThirdPartyUpdaterWithRetryManager:96 - Updater plugin is busy. [4/15]
2024-06-29 14:22:04,269 [WARN] MainUpdater:1189 - Updater busy. Cannot search thirdparties
2024-06-29 14:22:04,275 [INFO] ThirdPartyUpdaterWithRetryManager:96 - Updater plugin is busy. [5/15]
2024-06-29 14:22:04,433 [ERROR] LogOutputStream:75 - [STDERR_REDIRECT] SLF4J: Failed to load class "org.slf4j.impl.StaticLoggerBinder".
2024-06-29 14:22:04,435 [ERROR] LogOutputStream:75 - [STDERR_REDIRECT] SLF4J: Defaulting to no-operation (NOP) logger implementation
2024-06-29 14:22:04,436 [ERROR] LogOutputStream:75 - [STDERR_REDIRECT] SLF4J: See http://www.slf4j.org/codes.html#StaticLoggerBinder for further details.
2024-06-29 14:22:07,279 [WARN] MainUpdater:1189 - Updater busy. Cannot search thirdparties
2024-06-29 14:22:07,280 [INFO] ThirdPartyUpdaterWithRetryManager:96 - Updater plugin is busy. [6/15]
2024-06-29 14:22:08,180 [INFO] ServerAccessManage:473 - Download File STMicroelectronics.X-CUBE-ALS.pdsc
2024-06-29 14:22:10,289 [WARN] MainUpdater:1189 - Updater busy. Cannot search thirdparties
2024-06-29 14:22:10,290 [INFO] ThirdPartyUpdaterWithRetryManager:96 - Updater plugin is busy. [7/15]
2024-06-29 14:22:11,400 [INFO] ServerAccessManage:473 - Download File STMicroelectronics.X-CUBE-BLEMGR.pdsc
2024-06-29 14:22:13,297 [WARN] MainUpdater:1189 - Updater busy. Cannot search thirdparties
2024-06-29 14:22:13,298 [INFO] ThirdPartyUpdaterWithRetryManager:96 - Updater plugin is busy. [8/15]
2024-06-29 14:22:15,494 [INFO] ServerAccessManage:473 - Download File STMicroelectronics.X-CUBE-FREERTOS.pdsc
2024-06-29 14:22:16,301 [WARN] MainUpdater:1189 - Updater busy. Cannot search thirdparties
2024-06-29 14:22:16,301 [INFO] ThirdPartyUpdaterWithRetryManager:96 - Updater plugin is busy. [9/15]
2024-06-29 14:22:18,594 [INFO] ServerAccessManage:473 - Download File STMicroelectronics.X-CUBE-NFC6.pdsc
2024-06-29 14:22:19,309 [WARN] MainUpdater:1189 - Updater busy. Cannot search thirdparties
2024-06-29 14:22:19,312 [INFO] ThirdPartyUpdaterWithRetryManager:96 - Updater plugin is busy. [10/15]
2024-06-29 14:22:20,685 [INFO] ServerAccessManage:473 - Download File STMicroelectronics.X-CUBE-SAFEA1.pdsc
2024-06-29 14:22:21,208 [INFO] ServerAccessManage:473 - Download File STMicroelectronics.X-CUBE-TCPP.pdsc
2024-06-29 14:22:22,320 [WARN] MainUpdater:1189 - Updater busy. Cannot search thirdparties
2024-06-29 14:22:22,322 [INFO] ThirdPartyUpdaterWithRetryManager:96 - Updater plugin is busy. [11/15]
2024-06-29 14:22:22,506 [INFO] ServerAccessManage:473 - Download File STMicroelectronics.X-CUBE-TOF1.pdsc
2024-06-29 14:22:25,330 [WARN] MainUpdater:1189 - Updater busy. Cannot search thirdparties
2024-06-29 14:22:25,332 [INFO] ThirdPartyUpdaterWithRetryManager:96 - Updater plugin is busy. [12/15]
2024-06-29 14:22:27,412 [ERROR] ServerAccessManage:1089 - Problem, file not found on Server
2024-06-29 14:22:28,339 [WARN] MainUpdater:1189 - Updater busy. Cannot search thirdparties
2024-06-29 14:22:28,343 [INFO] ThirdPartyUpdaterWithRetryManager:96 - Updater plugin is busy. [13/15]
2024-06-29 14:22:28,373 [INFO] ServerAccessManage:473 - Download File STMicroelectronics.X-CUBE-TOUCHGFX.pdsc
2024-06-29 14:22:31,347 [WARN] MainUpdater:1189 - Updater busy. Cannot search thirdparties
2024-06-29 14:22:31,347 [INFO] ThirdPartyUpdaterWithRetryManager:96 - Updater plugin is busy. [14/15]
2024-06-29 14:22:34,356 [WARN] MainUpdater:1189 - Updater busy. Cannot search thirdparties
2024-06-29 14:22:34,358 [INFO] ThirdPartyUpdaterWithRetryManager:96 - Updater plugin is busy. [15/15]
2024-06-29 14:22:34,367 [ERROR] IntegrityCheckThread:130 - Cannot retrieve database content from updater: error -1
2024-06-29 14:22:34,371 [INFO] ThirdParty:978 - Integrity check success = false
2024-06-29 14:22:34,371 [INFO] IntegrityCheckThread:100 - exiting critical section [integrity check]
2024-06-29 14:22:34,371 [INFO] IntegrityCheckThread:103 - End integrity checks thread
2024-06-29 14:22:40,472 [INFO] ServerAccessManage:473 - Download File STMicroelectronics.X-CUBE-ALGOBUILD.pdsc
2024-06-29 14:22:44,424 [INFO] ServerAccessManage:473 - Download File STMicroelectronics.X-CUBE-AZRTOS-H7RS.pdsc
2024-06-29 14:22:45,814 [INFO] ServerAccessManage:473 - Download File wolfSSL.I-CUBE-wolfMQTT.pdsc
2024-06-29 14:22:46,533 [ERROR] ServerAccessManage:1089 - Problem, file not found on Server
2024-06-29 14:22:47,398 [INFO] ServerAccessManage:473 - Download File Cesanta.I-CUBE-Mongoose.pdsc
2024-06-29 14:22:48,859 [WARN] PackLoader:240 - Cannot read IP mode file for STMicroelectronics.FP-SNS-MOTENV1.5.0.0
2024-06-29 14:22:48,908 [WARN] PackLoader:240 - Cannot read IP mode file for STMicroelectronics.FP-SNS-MOTENVWB1.1.4.0
2024-06-29 14:22:48,927 [WARN] PackLoader:240 - Cannot read IP mode file for STMicroelectronics.X-CUBE-AI.9.0.0
2024-06-29 14:22:48,949 [WARN] PackLoader:240 - Cannot read IP mode file for STMicroelectronics.X-CUBE-ALS.1.0.2
2024-06-29 14:22:48,973 [WARN] PackLoader:240 - Cannot read IP mode file for STMicroelectronics.X-CUBE-BLEMGR.3.1.0
2024-06-29 14:22:48,999 [WARN] PackLoader:240 - Cannot read IP mode file for STMicroelectronics.X-CUBE-FREERTOS.1.2.0
2024-06-29 14:22:49,024 [WARN] PackLoader:240 - Cannot read IP mode file for STMicroelectronics.X-CUBE-NFC6.3.1.0
2024-06-29 14:22:49,050 [WARN] PackLoader:240 - Cannot read IP mode file for STMicroelectronics.X-CUBE-SAFEA1.1.2.2
2024-06-29 14:22:49,050 [INFO] CheckServerUpdateThread:120 - End of CheckServer Thread
2024-06-29 14:22:49,095 [WARN] PackLoader:240 - Cannot read IP mode file for STMicroelectronics.X-CUBE-TCPP.4.1.0
2024-06-29 14:22:49,133 [WARN] PackLoader:240 - Cannot read IP mode file for STMicroelectronics.X-CUBE-TOF1.3.4.1
2024-06-29 14:22:49,176 [WARN] PackLoader:240 - Cannot read IP mode file for STMicroelectronics.X-CUBE-TOUCHGFX.4.24.0
2024-06-29 14:22:49,205 [WARN] PackLoader:240 - Cannot read IP mode file for STMicroelectronics.X-CUBE-ALGOBUILD.1.4.0
2024-06-29 14:22:49,276 [WARN] PackLoader:240 - Cannot read IP mode file for STMicroelectronics.X-CUBE-AZRTOS-H7RS.1.0.0
2024-06-29 14:22:49,314 [WARN] PackLoader:240 - Cannot read IP mode file for wolfSSL.I-CUBE-wolfMQTT.1.19.0
2024-06-29 14:22:49,325 [WARN] PackLoader:240 - Cannot read IP mode file for Cesanta.I-CUBE-Mongoose.7.13.0
2024-06-29 14:22:49,325 [INFO] PopulateThirdPartyThread:66 - Ending populate Thread
2024-06-29 14:22:49,327 [INFO] ThirdParty:1030 - CMSIS Pack Vendor :STMicroelectronics X-CUBE-BLEMGR 3.1.0
2024-06-29 14:22:49,327 [INFO] ThirdParty:1030 - CMSIS Pack Vendor :STMicroelectronics FP-SNS-MOTENVWB1 1.4.0
2024-06-29 14:22:49,327 [INFO] ThirdParty:1030 - CMSIS Pack Vendor :STMicroelectronics X-CUBE-ALGOBUILD 1.4.0
2024-06-29 14:22:49,327 [INFO] ThirdParty:1030 - CMSIS Pack Vendor :STMicroelectronics FP-SNS-MOTENV1 5.0.0
2024-06-29 14:22:49,327 [INFO] ThirdParty:1030 - CMSIS Pack Vendor :STMicroelectronics X-CUBE-SAFEA1 1.2.2
2024-06-29 14:22:49,327 [INFO] ThirdParty:1030 - CMSIS Pack Vendor :STMicroelectronics X-CUBE-TCPP 4.1.0
2024-06-29 14:22:49,327 [INFO] ThirdParty:1030 - CMSIS Pack Vendor :STMicroelectronics X-CUBE-AZRTOS-H7RS 1.0.0
2024-06-29 14:22:49,327 [INFO] ThirdParty:1030 - CMSIS Pack Vendor :wolfSSL I-CUBE-wolfMQTT 1.19.0
2024-06-29 14:22:49,327 [INFO] ThirdParty:1030 - CMSIS Pack Vendor :STMicroelectronics X-CUBE-ALS 1.0.2
2024-06-29 14:22:49,327 [INFO] ThirdParty:1030 - CMSIS Pack Vendor :STMicroelectronics X-CUBE-FREERTOS 1.2.0
2024-06-29 14:22:49,327 [INFO] ThirdParty:1030 - CMSIS Pack Vendor :STMicroelectronics X-CUBE-TOUCHGFX 4.24.0
2024-06-29 14:22:49,328 [INFO] ThirdParty:1030 - CMSIS Pack Vendor :Cesanta I-CUBE-Mongoose 7.13.0
2024-06-29 14:22:49,328 [INFO] ThirdParty:1030 - CMSIS Pack Vendor :STMicroelectronics X-CUBE-AI 9.0.0
2024-06-29 14:22:49,328 [INFO] ThirdParty:1030 - CMSIS Pack Vendor :STMicroelectronics X-CUBE-TOF1 3.4.1
2024-06-29 14:22:49,328 [INFO] ThirdParty:1030 - CMSIS Pack Vendor :STMicroelectronics X-CUBE-NFC6 3.1.0
2024-06-29 14:22:49,328 [INFO] LoadServerUpdatesThread:373 - End of LoadServerUpdate Thread
