2024-07-11 13:58:39,678 [INFO] Activator:176 - 


2024-07-11 13:58:39,684 [INFO] Activator:177 - !SESSION log4j initialized
2024-07-11 13:58:46,566 [INFO] LogOutputStream:77 - [STDOUT_REDIRECT] 
2024-07-11 13:58:50,015 [INFO] LogOutputStream:77 - [STDOUT_REDIRECT] 
2024-07-11 13:58:50,783 [ERROR] LogOutputStream:75 - [STDERR_REDIRECT] 
2024-07-11 13:58:51,286 [INFO] ApplicationProperties:184 - Using Application install path: /Applications/STM32CubeIDE.app/Contents/Eclipse/plugins/com.st.stm32cube.common.mx_6.9.2.202309101412
2024-07-11 13:58:51,301 [INFO] DbMcusXml:78 - Set database path to: /Applications/STM32CubeIDE.app/Contents/Eclipse/plugins/com.st.stm32cube.common.mx_6.9.2.202309101412//db//mcu/
2024-07-11 13:58:51,302 [INFO] ApiDb:274 - Set plugin database path to: /Applications/STM32CubeIDE.app/Contents/Eclipse/plugins/com.st.stm32cube.common.mx_6.9.2.202309101412//db//plugins/boardmanager/
2024-07-11 13:58:51,302 [WARN] ApiDb:259 - Overriding images path with different value:  => /Applications/STM32CubeIDE.app/Contents/Eclipse/plugins/com.st.stm32cube.common.mx_6.9.2.202309101412//db//plugins/mcufinder/images/
2024-07-11 13:58:51,325 [INFO] ApiDb:250 - Set database path to: /Users/dilnozabobokalonova/.stmcufinder/plugins/mcufinder//mcu/
2024-07-11 13:58:51,326 [INFO] DbMcusAds:125 - Set database path to: /Users/dilnozabobokalonova/.stmcufinder/plugins/mcufinder//mcu/
2024-07-11 13:58:51,328 [INFO] CrossReferenceDbSqlite:203 - Set database path to: /Users/dilnozabobokalonova/.stmcufinder/plugins/mcufinder//mcu/cs/
2024-07-11 13:58:51,452 [INFO] RulesReader:64 - Compatibility file has been processed (293 Rules)
2024-07-11 13:58:51,539 [INFO] DbMcusXml:78 - Set database path to: /Applications/STM32CubeIDE.app/Contents/Eclipse/plugins/com.st.stm32cube.common.mx_6.9.2.202309101412//db//mcu/
2024-07-11 13:58:51,539 [INFO] ApiDb:274 - Set plugin database path to: /Applications/STM32CubeIDE.app/Contents/Eclipse/plugins/com.st.stm32cube.common.mx_6.9.2.202309101412//db//plugins/boardmanager/
2024-07-11 13:58:51,540 [INFO] ApiDb:261 - Set plugin images path to: /Applications/STM32CubeIDE.app/Contents/Eclipse/plugins/com.st.stm32cube.common.mx_6.9.2.202309101412//db//plugins/mcufinder/images/
2024-07-11 13:58:51,540 [WARN] DbFile:41 - Overriding database path with different value: /Users/dilnozabobokalonova/.stmcufinder/plugins/mcufinder/ => /Users/dilnozabobokalonova/.stmcufinder/plugins/mcufinder
2024-07-11 13:58:51,540 [INFO] ApiDb:250 - Set database path to: /Users/dilnozabobokalonova/.stmcufinder/plugins/mcufinder//mcu/
2024-07-11 13:58:51,540 [WARN] DbFile:41 - Overriding database path with different value: /Users/dilnozabobokalonova/.stmcufinder/plugins/mcufinder/ => /Users/dilnozabobokalonova/.stmcufinder/plugins/mcufinder
2024-07-11 13:58:51,540 [INFO] DbMcusAds:125 - Set database path to: /Users/dilnozabobokalonova/.stmcufinder/plugins/mcufinder//mcu/
2024-07-11 13:58:51,540 [WARN] DbFile:41 - Overriding database path with different value: /Users/dilnozabobokalonova/.stmcufinder/plugins/mcufinder/ => /Users/dilnozabobokalonova/.stmcufinder/plugins/mcufinder
2024-07-11 13:58:51,540 [WARN] DbFile:41 - Overriding database path with different value: /Users/dilnozabobokalonova/.stmcufinder/plugins/mcufinder/ => /Users/dilnozabobokalonova/.stmcufinder/plugins/mcufinder
2024-07-11 13:58:51,540 [INFO] CrossReferenceDbSqlite:203 - Set database path to: /Users/dilnozabobokalonova/.stmcufinder/plugins/mcufinder//mcu/cs/
2024-07-11 13:58:51,627 [INFO] MainPanel:262 - HeapMemory: 268435456
2024-07-11 13:58:51,709 [INFO] DbMcusXml:78 - Set database path to: /Applications/STM32CubeIDE.app/Contents/Eclipse/plugins/com.st.stm32cube.common.mx_6.9.2.202309101412//db//mcu/
2024-07-11 13:58:51,709 [INFO] ApiDb:274 - Set plugin database path to: /Applications/STM32CubeIDE.app/Contents/Eclipse/plugins/com.st.stm32cube.common.mx_6.9.2.202309101412//db//plugins/boardmanager/
2024-07-11 13:58:51,710 [INFO] ApiDb:261 - Set plugin images path to: /Applications/STM32CubeIDE.app/Contents/Eclipse/plugins/com.st.stm32cube.common.mx_6.9.2.202309101412//db//plugins/mcufinder/images/
2024-07-11 13:58:51,710 [WARN] DbFile:41 - Overriding database path with different value: /Users/dilnozabobokalonova/.stmcufinder/plugins/mcufinder/ => /Users/dilnozabobokalonova/.stmcufinder/plugins/mcufinder
2024-07-11 13:58:51,711 [INFO] ApiDb:250 - Set database path to: /Users/dilnozabobokalonova/.stmcufinder/plugins/mcufinder//mcu/
2024-07-11 13:58:51,711 [WARN] DbFile:41 - Overriding database path with different value: /Users/dilnozabobokalonova/.stmcufinder/plugins/mcufinder/ => /Users/dilnozabobokalonova/.stmcufinder/plugins/mcufinder
2024-07-11 13:58:51,711 [INFO] DbMcusAds:125 - Set database path to: /Users/dilnozabobokalonova/.stmcufinder/plugins/mcufinder//mcu/
2024-07-11 13:58:51,711 [WARN] DbFile:41 - Overriding database path with different value: /Users/dilnozabobokalonova/.stmcufinder/plugins/mcufinder/ => /Users/dilnozabobokalonova/.stmcufinder/plugins/mcufinder
2024-07-11 13:58:51,711 [WARN] DbFile:41 - Overriding database path with different value: /Users/dilnozabobokalonova/.stmcufinder/plugins/mcufinder/ => /Users/dilnozabobokalonova/.stmcufinder/plugins/mcufinder
2024-07-11 13:58:51,711 [INFO] CrossReferenceDbSqlite:203 - Set database path to: /Users/dilnozabobokalonova/.stmcufinder/plugins/mcufinder//mcu/cs/
2024-07-11 13:58:51,728 [INFO] ApplicationProperties:184 - Using Application install path: /Applications/STM32CubeIDE.app/Contents/Eclipse/plugins/com.st.stm32cube.common.mx_6.9.2.202309101412
2024-07-11 13:58:51,730 [INFO] PluginManage:196 - Search for loadable plugins [exclusion list=, ]
2024-07-11 13:58:51,732 [INFO] PluginManage:310 - Check plugin analytics
2024-07-11 13:58:51,926 [INFO] AnalyticsPlugin:253 - Accepted Software Licenses: 
2024-07-11 13:58:51,926 [INFO] AnalyticsPlugin:255 - Accepted CMSIS Pack Licenses: 
2024-07-11 13:58:51,930 [INFO] AnalyticsPlugin:257 - Accepted Firmware Licenses: FW.L4.1.18.0
2024-07-11 13:58:51,934 [INFO] PluginManage:359 - Loaded plugin analytics (category:tool,tabindex:-1)
2024-07-11 13:58:51,935 [INFO] PluginManage:310 - Check plugin cadmodel
2024-07-11 13:58:52,249 [INFO] CADModel:105 - Init CAD model plugin
2024-07-11 13:58:52,249 [INFO] PluginManage:359 - Loaded plugin cadmodel (category:power,tabindex:5)
2024-07-11 13:58:52,250 [INFO] PluginManage:310 - Check plugin clock
2024-07-11 13:58:52,261 [INFO] PluginManage:359 - Loaded plugin clock (category:base,tabindex:2)
2024-07-11 13:58:52,261 [INFO] PluginManage:310 - Check plugin ddr
2024-07-11 13:58:52,263 [INFO] PluginManage:359 - Loaded plugin ddr (category:tool,tabindex:6)
2024-07-11 13:58:52,263 [INFO] PluginManage:310 - Check plugin filemanager
2024-07-11 13:58:52,387 [INFO] PluginManage:359 - Loaded plugin filemanager (category:base,tabindex:10)
2024-07-11 13:58:52,387 [INFO] PluginManage:310 - Check plugin ipmanager
2024-07-11 13:58:52,393 [INFO] PluginManage:359 - Loaded plugin ipmanager (category:base,tabindex:5)
2024-07-11 13:58:52,393 [INFO] PluginManage:310 - Check plugin lpbam
2024-07-11 13:58:52,401 [INFO] PluginManage:359 - Loaded plugin lpbam (category:base,tabindex:0)
2024-07-11 13:58:52,401 [INFO] PluginManage:310 - Check plugin memorymap
2024-07-11 13:58:52,410 [INFO] PluginManage:359 - Loaded plugin memorymap (category:base,tabindex:4)
2024-07-11 13:58:52,410 [INFO] PluginManage:310 - Check plugin pinoutandconfiguration
2024-07-11 13:58:52,415 [INFO] PluginManage:359 - Loaded plugin pinoutandconfiguration (category:base,tabindex:1)
2024-07-11 13:58:52,415 [INFO] PluginManage:310 - Check plugin pinoutconfig
2024-07-11 13:58:52,493 [WARN] SupportedApi:132 - Cannot load RTOS API schema: s4s-elt-must-match.1: The content of 'definitions' must match (annotation?, (simpleType | complexType)?, (unique | key | keyref)*)). A problem was found starting at: attribute.
2024-07-11 13:58:52,642 [INFO] PluginManage:359 - Loaded plugin pinoutconfig (category:base,tabindex:0)
2024-07-11 13:58:52,642 [INFO] PluginManage:310 - Check plugin power
2024-07-11 13:58:52,655 [INFO] PluginManage:359 - Loaded plugin power (category:power,tabindex:4)
2024-07-11 13:58:52,656 [INFO] PluginManage:310 - Check plugin projectmanager
2024-07-11 13:58:52,682 [INFO] PluginManage:359 - Loaded plugin projectmanager (category:projectmanager,tabindex:3)
2024-07-11 13:58:52,682 [INFO] PluginManage:310 - Check plugin thirdparty
2024-07-11 13:58:52,825 [INFO] PluginManage:359 - Loaded plugin thirdparty (category:base,tabindex:-1)
2024-07-11 13:58:52,825 [WARN] IntegrityCheckThread:84 - waiting for thirdparty lock release [integrity check]
2024-07-11 13:58:52,826 [INFO] IntegrityCheckThread:86 - entering critical section [integrity check]
2024-07-11 13:58:52,826 [INFO] PluginManage:310 - Check plugin tools
2024-07-11 13:58:52,827 [INFO] ThirdPartyUpdaterWithRetryManager:70 - Updater plugin not ready yet. [1/15]
2024-07-11 13:58:52,831 [INFO] PluginManage:359 - Loaded plugin tools (category:base,tabindex:7)
2024-07-11 13:58:52,831 [INFO] PluginManage:310 - Check plugin tutovideos
2024-07-11 13:58:52,976 [INFO] PluginManage:359 - Loaded plugin tutovideos (category:base,tabindex:-1)
2024-07-11 13:58:52,976 [INFO] PluginManage:310 - Check plugin updater
2024-07-11 13:58:52,989 [INFO] PluginManage:359 - Loaded plugin updater (category:base,tabindex:12)
2024-07-11 13:58:52,989 [INFO] PluginManage:310 - Check plugin userauth
2024-07-11 13:58:52,994 [INFO] UserAuth:113 - Init User Auth plugin
2024-07-11 13:58:52,994 [INFO] PluginManage:359 - Loaded plugin userauth (category:base,tabindex:14)
2024-07-11 13:58:52,994 [INFO] PluginManage:283 - PluginManage : Loaded plugins [17]
2024-07-11 13:58:53,214 [INFO] PinOutPanel:1499 - setPackage(No Configuration,No Configuration)
2024-07-11 13:58:53,303 [INFO] CADModel:165 - CPN selected for project level
2024-07-11 13:58:53,303 [INFO] CADModel:114 - Register for checkConnection events
2024-07-11 13:58:53,312 [INFO] IPUIPlugin:80 - create IPUIPlugin
2024-07-11 13:58:53,312 [INFO] PluginManager:220 - loadIPPluginJar : add mdma
2024-07-11 13:58:53,317 [INFO] IPUIPlugin:80 - create IPUIPlugin
2024-07-11 13:58:53,317 [INFO] PluginManager:220 - loadIPPluginJar : add freertos
2024-07-11 13:58:53,320 [INFO] IPUIPlugin:80 - create IPUIPlugin
2024-07-11 13:58:53,321 [INFO] PluginManager:220 - loadIPPluginJar : add gic
2024-07-11 13:58:53,341 [INFO] IPUIPlugin:80 - create IPUIPlugin
2024-07-11 13:58:53,341 [INFO] PluginManager:220 - loadIPPluginJar : add adc
2024-07-11 13:58:53,345 [INFO] IPUIPlugin:80 - create IPUIPlugin
2024-07-11 13:58:53,345 [INFO] PluginManager:220 - loadIPPluginJar : add gtzc
2024-07-11 13:58:53,346 [INFO] IPUIPlugin:80 - create IPUIPlugin
2024-07-11 13:58:53,346 [INFO] PluginManager:220 - loadIPPluginJar : add quadspi
2024-07-11 13:58:53,348 [INFO] IPUIPlugin:80 - create IPUIPlugin
2024-07-11 13:58:53,348 [INFO] PluginManager:220 - loadIPPluginJar : add aes
2024-07-11 13:58:53,350 [INFO] IPUIPlugin:80 - create IPUIPlugin
2024-07-11 13:58:53,350 [INFO] PluginManager:220 - loadIPPluginJar : add pdm2pcm
2024-07-11 13:58:53,352 [INFO] IPUIPlugin:80 - create IPUIPlugin
2024-07-11 13:58:53,353 [INFO] PluginManager:220 - loadIPPluginJar : add hash
2024-07-11 13:58:53,353 [INFO] IPUIPlugin:80 - create IPUIPlugin
2024-07-11 13:58:53,354 [INFO] PluginManager:220 - loadIPPluginJar : add tim
2024-07-11 13:58:53,354 [INFO] IPUIPlugin:80 - create IPUIPlugin
2024-07-11 13:58:53,354 [INFO] PluginManager:220 - loadIPPluginJar : add tsc
2024-07-11 13:58:53,355 [INFO] IPUIPlugin:80 - create IPUIPlugin
2024-07-11 13:58:53,355 [INFO] PluginManager:220 - loadIPPluginJar : add ts
2024-07-11 13:58:53,357 [INFO] IPUIPlugin:80 - create IPUIPlugin
2024-07-11 13:58:53,357 [INFO] PluginManager:220 - loadIPPluginJar : add can
2024-07-11 13:58:53,383 [INFO] IPUIPlugin:80 - create IPUIPlugin
2024-07-11 13:58:53,383 [INFO] PluginManager:220 - loadIPPluginJar : add dma3
2024-07-11 13:58:53,386 [INFO] IPUIPlugin:80 - create IPUIPlugin
2024-07-11 13:58:53,386 [INFO] PluginManager:220 - loadIPPluginJar : add dfsdm
2024-07-11 13:58:53,388 [INFO] IPUIPlugin:80 - create IPUIPlugin
2024-07-11 13:58:53,388 [INFO] PluginManager:220 - loadIPPluginJar : add spi
2024-07-11 13:58:53,389 [INFO] IPUIPlugin:80 - create IPUIPlugin
2024-07-11 13:58:53,389 [INFO] PluginManager:220 - loadIPPluginJar : add gfxmmu
2024-07-11 13:58:53,390 [INFO] IPUIPlugin:80 - create IPUIPlugin
2024-07-11 13:58:53,390 [INFO] PluginManager:220 - loadIPPluginJar : add genericplugin
2024-07-11 13:58:53,391 [INFO] IPUIPlugin:80 - create IPUIPlugin
2024-07-11 13:58:53,391 [INFO] PluginManager:220 - loadIPPluginJar : add cryp
2024-07-11 13:58:53,394 [INFO] IPUIPlugin:80 - create IPUIPlugin
2024-07-11 13:58:53,394 [INFO] PluginManager:220 - loadIPPluginJar : add gpio
2024-07-11 13:58:53,395 [INFO] IPUIPlugin:80 - create IPUIPlugin
2024-07-11 13:58:53,395 [INFO] PluginManager:220 - loadIPPluginJar : add comp
2024-07-11 13:58:53,397 [INFO] IPUIPlugin:80 - create IPUIPlugin
2024-07-11 13:58:53,397 [INFO] PluginManager:220 - loadIPPluginJar : add tracer_emb
2024-07-11 13:58:53,399 [INFO] IPUIPlugin:80 - create IPUIPlugin
2024-07-11 13:58:53,399 [INFO] PluginManager:220 - loadIPPluginJar : add openamp
2024-07-11 13:58:53,403 [INFO] IPUIPlugin:80 - create IPUIPlugin
2024-07-11 13:58:53,403 [INFO] PluginManager:220 - loadIPPluginJar : add stm32_wpan
2024-07-11 13:58:53,407 [INFO] IPUIPlugin:80 - create IPUIPlugin
2024-07-11 13:58:53,410 [INFO] PluginManager:220 - loadIPPluginJar : add plateformsettings
2024-07-11 13:58:53,412 [INFO] IPUIPlugin:80 - create IPUIPlugin
2024-07-11 13:58:53,413 [INFO] PluginManager:220 - loadIPPluginJar : add ipddr
2024-07-11 13:58:53,415 [INFO] IPUIPlugin:80 - create IPUIPlugin
2024-07-11 13:58:53,415 [INFO] PluginManager:220 - loadIPPluginJar : add usart
2024-07-11 13:58:53,416 [INFO] IPUIPlugin:80 - create IPUIPlugin
2024-07-11 13:58:53,416 [INFO] PluginManager:220 - loadIPPluginJar : add ltdc
2024-07-11 13:58:53,418 [INFO] IPUIPlugin:80 - create IPUIPlugin
2024-07-11 13:58:53,419 [INFO] PluginManager:220 - loadIPPluginJar : add nvic
2024-07-11 13:58:53,420 [INFO] IPUIPlugin:80 - create IPUIPlugin
2024-07-11 13:58:53,420 [INFO] PluginManager:220 - loadIPPluginJar : add fatfs
2024-07-11 13:58:53,429 [INFO] IPUIPlugin:80 - create IPUIPlugin
2024-07-11 13:58:53,430 [INFO] PluginManager:220 - loadIPPluginJar : add linkedlist
2024-07-11 13:58:53,434 [INFO] IPUIPlugin:80 - create IPUIPlugin
2024-07-11 13:58:53,434 [INFO] PluginManager:220 - loadIPPluginJar : add dma
2024-07-11 13:58:53,437 [INFO] IPUIPlugin:80 - create IPUIPlugin
2024-07-11 13:58:53,437 [INFO] PluginManager:220 - loadIPPluginJar : add fmc
2024-07-11 13:58:53,438 [INFO] IPUIPlugin:80 - create IPUIPlugin
2024-07-11 13:58:53,439 [INFO] PluginManager:220 - loadIPPluginJar : add i2s
2024-07-11 13:58:53,439 [INFO] IPUIPlugin:80 - create IPUIPlugin
2024-07-11 13:58:53,439 [INFO] PluginManager:220 - loadIPPluginJar : add ucpd
2024-07-11 13:58:53,441 [INFO] IPUIPlugin:80 - create IPUIPlugin
2024-07-11 13:58:53,441 [INFO] PluginManager:220 - loadIPPluginJar : add lorawan
2024-07-11 13:58:53,443 [INFO] IPUIPlugin:80 - create IPUIPlugin
2024-07-11 13:58:53,443 [INFO] PluginManager:220 - loadIPPluginJar : add opamp
2024-07-11 13:58:53,446 [INFO] IPUIPlugin:80 - create IPUIPlugin
2024-07-11 13:58:53,446 [INFO] PluginManager:220 - loadIPPluginJar : add i3c
2024-07-11 13:58:53,448 [INFO] IPUIPlugin:80 - create IPUIPlugin
2024-07-11 13:58:53,448 [INFO] PluginManager:220 - loadIPPluginJar : add touchsensing
2024-07-11 13:58:53,449 [INFO] IPUIPlugin:80 - create IPUIPlugin
2024-07-11 13:58:53,449 [INFO] PluginManager:220 - loadIPPluginJar : add i2c
2024-07-11 13:58:53,453 [INFO] IPUIPlugin:80 - create IPUIPlugin
2024-07-11 13:58:53,453 [INFO] PluginManager:220 - loadIPPluginJar : add resmgrutility
2024-07-11 13:58:53,455 [INFO] IPUIPlugin:80 - create IPUIPlugin
2024-07-11 13:58:53,455 [INFO] PluginManager:220 - loadIPPluginJar : add sai
2024-07-11 13:58:53,457 [INFO] IPUIPlugin:80 - create IPUIPlugin
2024-07-11 13:58:53,457 [INFO] PluginManager:220 - loadIPPluginJar : add usbx
2024-07-11 13:58:53,598 [INFO] CADModel:165 - CPN selected for project level
2024-07-11 13:58:53,598 [INFO] CADModel:114 - Register for checkConnection events
2024-07-11 13:58:53,598 [FATAL] Updater:308 - Updater called before beeing initialized
2024-07-11 13:58:53,598 [ERROR] CADModel:125 - Updater not yet initialized, retry later 
2024-07-11 13:58:53,818 [INFO] CADModel:165 - CPN selected for project level
2024-07-11 13:58:53,819 [INFO] CADModel:114 - Register for checkConnection events
2024-07-11 13:58:53,819 [FATAL] Updater:308 - Updater called before beeing initialized
2024-07-11 13:58:53,819 [ERROR] CADModel:125 - Updater not yet initialized, retry later 
2024-07-11 13:58:53,825 [FATAL] Updater:308 - Updater called before beeing initialized
2024-07-11 13:58:54,054 [FATAL] Updater:308 - Updater called before beeing initialized
2024-07-11 13:58:54,069 [INFO] DbMcusAds:53 - JSON generation date=Thu May 16 05:22:01 EDT 2024 (1715851321109)
2024-07-11 13:58:54,070 [FATAL] Updater:308 - Updater called before beeing initialized
2024-07-11 13:58:54,125 [WARN] DetailPanel:346 - Failed to get advertising image, set to default
2024-07-11 13:58:54,192 [FATAL] Updater:308 - Updater called before beeing initialized
2024-07-11 13:58:54,194 [FATAL] Updater:308 - Updater called before beeing initialized
2024-07-11 13:58:54,194 [FATAL] Updater:308 - Updater called before beeing initialized
2024-07-11 13:58:54,194 [WARN] DetailPanel:346 - Failed to get advertising image, set to default
2024-07-11 13:58:54,195 [FATAL] Updater:308 - Updater called before beeing initialized
2024-07-11 13:58:54,265 [ERROR] Updater:1120 - MainUpdater not yet initialized. External WinMGr cannot be set.
2024-07-11 13:58:54,311 [INFO] Updater:1056 - Updater Version found : 6.9.2
2024-07-11 13:58:54,323 [INFO] ApplicationProperties:184 - Using Application install path: /Applications/STM32CubeIDE.app/Contents/Eclipse/plugins/com.st.stm32cube.common.mx_6.9.2.202309101412
2024-07-11 13:58:54,968 [INFO] MainUpdater:2868 - connection check result : 10
2024-07-11 13:58:54,968 [INFO] MainUpdater:3562 - Updater definition file requires update
2024-07-11 13:58:54,969 [INFO] MainUpdater:285 - Updater Check For Update Now.
2024-07-11 13:58:54,970 [INFO] MicroXplorer:498 - Change Database Version : DB.6.0.92
2024-07-11 13:58:54,978 [INFO] McuFinderGlobals:63 - Set McuFinder mode to 2 (CubeIDE integrated)
2024-07-11 13:58:55,015 [INFO] ServerAccessManage:473 - Download File updaters.zip
2024-07-11 13:58:55,219 [INFO] FileExtend:240 - Unzip File : updaters.zip
2024-07-11 13:58:55,220 [INFO] FileExtend:255 - Standard Zip Deflate
2024-07-11 13:58:55,528 [INFO] ServerAccessManage:473 - Download File PacksControlFlags.xml
2024-07-11 13:58:55,610 [INFO] ServerAccessManage:473 - Download File cubemx.pidx
2024-07-11 13:58:55,768 [INFO] LoadServerUpdatesThread:373 - End of LoadServerUpdate Thread
2024-07-11 13:58:55,834 [WARN] MainUpdater:1189 - Updater busy. Cannot search thirdparties
2024-07-11 13:58:55,834 [INFO] ThirdPartyUpdaterWithRetryManager:96 - Updater plugin is busy. [1/15]
2024-07-11 13:58:55,962 [INFO] CheckServerUpdateThread:120 - End of CheckServer Thread
2024-07-11 13:58:59,021 [WARN] PackLoader:240 - Cannot read IP mode file for STMicroelectronics.FP-SNS-MOTENVWB1.1.4.0
2024-07-11 13:58:59,049 [WARN] PackLoader:240 - Cannot read IP mode file for STMicroelectronics.X-CUBE-SMBUS.2.1.0
2024-07-11 13:58:59,059 [WARN] PackLoader:240 - Cannot read IP mode file for STMicroelectronics.X-CUBE-TOUCHGFX.4.23.0
2024-07-11 13:58:59,104 [WARN] PackLoader:240 - Cannot read IP mode file for STMicroelectronics.X-CUBE-AZRTOS-F7.1.1.0
2024-07-11 13:58:59,136 [WARN] PackLoader:240 - Cannot read IP mode file for STMicroelectronics.FP-SNS-MOTENV1.4.3.2
2024-07-11 13:58:59,173 [WARN] PackLoader:240 - Cannot read IP mode file for STMicroelectronics.X-CUBE-BLE1.6.2.4
2024-07-11 13:58:59,193 [WARN] PackLoader:240 - Cannot read IP mode file for STMicroelectronics.FP-SNS-FLIGHT1.5.0.2
2024-07-11 13:58:59,204 [WARN] PackLoader:240 - Cannot read IP mode file for STMicroelectronics.X-CUBE-DISPLAY.3.0.0
2024-07-11 13:58:59,223 [WARN] PackLoader:240 - Cannot read IP mode file for STMicroelectronics.X-CUBE-BLE1.7.0.0
2024-07-11 13:58:59,241 [WARN] PackLoader:240 - Cannot read IP mode file for emotas.I-CUBE-CANOPEN.1.3.0
2024-07-11 13:58:59,249 [WARN] PackLoader:240 - Cannot read IP mode file for STMicroelectronics.X-CUBE-TOUCHGFX.4.22.0
2024-07-11 13:58:59,254 [WARN] PackLoader:240 - Cannot read IP mode file for STMicroelectronics.X-CUBE-TOUCHGFX.4.22.1
2024-07-11 13:58:59,277 [WARN] PackLoader:240 - Cannot read IP mode file for STMicroelectronics.X-CUBE-BLEMGR.3.1.0
2024-07-11 13:58:59,310 [WARN] PackLoader:240 - Cannot read IP mode file for STMicroelectronics.FP-SNS-SMARTAG2.1.2.0
2024-07-11 13:58:59,326 [INFO] LogOutputStream:77 - [STDOUT_REDIRECT] 1 : Invalid condition id : UX_CORESTACK_Condition cause : null
2024-07-11 13:58:59,327 [INFO] LogOutputStream:77 - [STDOUT_REDIRECT] 1 : Invalid condition id : UX_CORESTACK_Condition cause : null
2024-07-11 13:58:59,327 [INFO] LogOutputStream:77 - [STDOUT_REDIRECT] 1 : Invalid condition id : UX_CORESTACK_Condition cause : null
2024-07-11 13:58:59,327 [INFO] LogOutputStream:77 - [STDOUT_REDIRECT] 1 : Invalid condition id : UX_CORESTACK_Condition cause : null
2024-07-11 13:58:59,328 [INFO] LogOutputStream:77 - [STDOUT_REDIRECT] 1 : Invalid condition id : UX_CORESTACK_Condition cause : null
2024-07-11 13:58:59,338 [WARN] PackLoader:240 - Cannot read IP mode file for STMicroelectronics.X-CUBE-AZRTOS-WL.2.0.0
2024-07-11 13:58:59,356 [WARN] PackLoader:240 - Cannot read IP mode file for STMicroelectronics.FP-SNS-MOTENV1.5.0.0
2024-07-11 13:58:59,370 [WARN] PackLoader:240 - Cannot read IP mode file for wolfSSL.I-CUBE-wolfMQTT.1.19.0
2024-07-11 13:58:59,380 [WARN] PackLoader:240 - Cannot read IP mode file for WES.I-CUBE-Cesium.1.3.0
2024-07-11 13:58:59,390 [WARN] PackLoader:240 - Cannot read IP mode file for STMicroelectronics.X-CUBE-BLE2.3.3.0
2024-07-11 13:58:59,404 [WARN] PackLoader:240 - Cannot read IP mode file for STMicroelectronics.X-CUBE-TCPP.4.1.0
2024-07-11 13:58:59,446 [WARN] PackLoader:240 - Cannot read IP mode file for STMicroelectronics.X-CUBE-ALGOBUILD.1.3.0
2024-07-11 13:58:59,484 [WARN] PackLoader:240 - Cannot read IP mode file for STMicroelectronics.X-CUBE-AZRTOS-G0.1.1.0
2024-07-11 13:58:59,524 [WARN] PackLoader:240 - Cannot read IP mode file for STMicroelectronics.X-CUBE-SAFEA1.1.2.2
2024-07-11 13:58:59,535 [WARN] PackLoader:240 - Cannot read IP mode file for STMicroelectronics.X-CUBE-NFC4.3.0.0
2024-07-11 13:58:59,539 [ERROR] Engine:466 - /Users/dilnozabobokalonova/.stm32cubemx/thirdparties/pdsc/EmbeddedOffice.I-CUBE-FS-RTOS.1.0.1.pdsc: PDSC version is not supported
2024-07-11 13:58:59,556 [WARN] PackLoader:240 - Cannot read IP mode file for STMicroelectronics.X-CUBE-BLEMGR.3.0.0
2024-07-11 13:58:59,563 [ERROR] Engine:466 - /Users/dilnozabobokalonova/.stm32cubemx/thirdparties/pdsc/RealThread.X-CUBE-RT-Thread_Nano.4.1.1.pdsc: PDSC version is not supported
2024-07-11 13:58:59,566 [WARN] PackLoader:240 - Cannot read IP mode file for STMicroelectronics.FP-ATR-SIGFOX1.3.2.0
2024-07-11 13:58:59,574 [WARN] PackLoader:240 - Cannot read IP mode file for STMicroelectronics.X-CUBE-EEPRMA1.5.1.0
2024-07-11 13:58:59,640 [WARN] PackLoader:240 - Cannot read IP mode file for SEGGER.I-CUBE-embOS.1.3.1
2024-07-11 13:58:59,694 [WARN] PackLoader:240 - Cannot read IP mode file for STMicroelectronics.X-CUBE-ALGOBUILD.1.4.0
2024-07-11 13:58:59,703 [WARN] PackLoader:240 - Cannot read IP mode file for STMicroelectronics.X-CUBE-GNSS1.6.0.0
2024-07-11 13:58:59,735 [WARN] PackLoader:240 - Cannot read IP mode file for STMicroelectronics.X-CUBE-AZRTOS-F4.1.1.0
2024-07-11 13:58:59,750 [WARN] PackLoader:240 - Cannot read IP mode file for wolfSSL.I-CUBE-wolfSSL.5.6.3
2024-07-11 13:58:59,761 [WARN] PackLoader:240 - Cannot read IP mode file for STMicroelectronics.X-CUBE-FREERTOS.1.2.0
2024-07-11 13:58:59,780 [WARN] PackLoader:240 - Cannot read IP mode file for STMicroelectronics.X-CUBE-AZRTOS-L5.2.0.0
2024-07-11 13:58:59,865 [WARN] PackLoader:240 - Cannot read IP mode file for STMicroelectronics.X-CUBE-MEMS1.9.6.0
2024-07-11 13:58:59,984 [WARN] PackLoader:240 - Cannot read IP mode file for STMicroelectronics.X-CUBE-EEPRMA1.4.2.0
2024-07-11 13:59:00,003 [WARN] PackLoader:240 - Cannot read IP mode file for STMicroelectronics.X-CUBE-NFC6.3.1.0
2024-07-11 13:59:00,014 [WARN] PackLoader:240 - Cannot read IP mode file for ITTIA_DB.I-CUBE-ITTIADB.8.8.0
2024-07-11 13:59:00,024 [WARN] PackLoader:240 - Cannot read IP mode file for STMicroelectronics.X-CUBE-BLEMGR.2.0.0
2024-07-11 13:59:00,031 [ERROR] Engine:466 - /Users/dilnozabobokalonova/.stm32cubemx/thirdparties/pdsc/STMicroelectronics.X-CUBE-DPower.1.2.0.pdsc: PDSC version is not supported
2024-07-11 13:59:00,034 [WARN] PackLoader:240 - Cannot read IP mode file for STMicroelectronics.X-CUBE-AI.9.0.0
2024-07-11 13:59:00,054 [WARN] ConditionMgr:438 - getConditionDescription Invalid condition id : UX DEVICE CLASS RTOS Condition cause : null
2024-07-11 13:59:00,055 [WARN] ConditionMgr:438 - getConditionDescription Invalid condition id : UX DEVICE CLASS RTOS Condition cause : null
2024-07-11 13:59:00,061 [WARN] PackLoader:240 - Cannot read IP mode file for STMicroelectronics.X-CUBE-AZRTOS-H7.3.1.0
2024-07-11 13:59:00,063 [WARN] ConditionMgr:1039 - genDependencies : Invalid condition id : UX DEVICE CLASS RTOS Condition cause : null
2024-07-11 13:59:00,064 [WARN] ConditionMgr:1039 - genDependencies : Invalid condition id : UX DEVICE CLASS RTOS Condition cause : null
2024-07-11 13:59:00,065 [WARN] ConditionMgr:1039 - genDependencies : Invalid condition id : UX DEVICE CLASS RTOS Condition cause : null
2024-07-11 13:59:00,066 [WARN] ConditionMgr:1039 - genDependencies : Invalid condition id : UX DEVICE CLASS RTOS Condition cause : null
2024-07-11 13:59:00,066 [WARN] ConditionMgr:1039 - genDependencies : Invalid condition id : UX DEVICE CLASS RTOS Condition cause : null
2024-07-11 13:59:00,072 [WARN] PackLoader:240 - Cannot read IP mode file for STMicroelectronics.X-CUBE-NFC7.1.0.1
2024-07-11 13:59:00,078 [WARN] PackLoader:240 - Cannot read IP mode file for wolfSSL.I-CUBE-wolfTPM.3.2.0
2024-07-11 13:59:00,087 [WARN] PackLoader:240 - Cannot read IP mode file for STMicroelectronics.X-CUBE-NFC6.3.0.0
2024-07-11 13:59:00,101 [WARN] PackLoader:240 - Cannot read IP mode file for STMicroelectronics.X-CUBE-EEPRMA1.4.1.0
2024-07-11 13:59:00,104 [WARN] PackLoader:240 - Cannot read IP mode file for STMicroelectronics.X-CUBE-AI.8.1.0
2024-07-11 13:59:00,124 [WARN] ConditionMgr:438 - getConditionDescription Invalid condition id : LAN8742 Phy interface Condition cause : null
2024-07-11 13:59:00,126 [WARN] PackLoader:240 - Cannot read IP mode file for STMicroelectronics.X-CUBE-AZRTOS-L4.2.0.0
2024-07-11 13:59:00,128 [WARN] ConditionMgr:1039 - genDependencies : Invalid condition id : LAN8742 Phy interface Condition cause : null
2024-07-11 13:59:00,129 [WARN] ConditionMgr:1039 - genDependencies : Invalid condition id : LAN8742 Phy interface Condition cause : null
2024-07-11 13:59:00,130 [WARN] ConditionMgr:1039 - genDependencies : Invalid condition id : LAN8742 Phy interface Condition cause : null
2024-07-11 13:59:00,140 [WARN] PackLoader:240 - Cannot read IP mode file for STMicroelectronics.X-CUBE-SFXS2LP1.4.0.0
2024-07-11 13:59:00,148 [WARN] PackLoader:240 - Cannot read IP mode file for STMicroelectronics.X-CUBE-ISPU.1.1.0
2024-07-11 13:59:00,160 [WARN] ConditionMgr:438 - getConditionDescription Invalid condition id : UX DEVICE CLASS RTOS Condition cause : null
2024-07-11 13:59:00,161 [WARN] ConditionMgr:438 - getConditionDescription Invalid condition id : UX DEVICE CLASS RTOS Condition cause : null
2024-07-11 13:59:00,164 [WARN] PackLoader:240 - Cannot read IP mode file for STMicroelectronics.X-CUBE-AZRTOS-WB.2.0.0
2024-07-11 13:59:00,165 [WARN] ConditionMgr:1039 - genDependencies : Invalid condition id : UX DEVICE CLASS RTOS Condition cause : null
2024-07-11 13:59:00,165 [WARN] ConditionMgr:1039 - genDependencies : Invalid condition id : UX DEVICE CLASS RTOS Condition cause : null
2024-07-11 13:59:00,166 [WARN] ConditionMgr:1039 - genDependencies : Invalid condition id : UX DEVICE CLASS RTOS Condition cause : null
2024-07-11 13:59:00,166 [WARN] ConditionMgr:1039 - genDependencies : Invalid condition id : UX DEVICE CLASS RTOS Condition cause : null
2024-07-11 13:59:00,166 [WARN] ConditionMgr:1039 - genDependencies : Invalid condition id : UX DEVICE CLASS RTOS Condition cause : null
2024-07-11 13:59:00,174 [WARN] PackLoader:240 - Cannot read IP mode file for STMicroelectronics.X-CUBE-FREERTOS.1.0.1
2024-07-11 13:59:00,189 [WARN] PackLoader:240 - Cannot read IP mode file for STMicroelectronics.X-CUBE-AZRTOS-L5.1.1.0
2024-07-11 13:59:00,212 [WARN] PackLoader:240 - Cannot read IP mode file for STMicroelectronics.X-CUBE-SUBG2.5.0.0
2024-07-11 13:59:00,221 [WARN] PackLoader:240 - Cannot read IP mode file for Cesanta.I-CUBE-Mongoose.7.13.0
2024-07-11 13:59:00,230 [WARN] PackLoader:240 - Cannot read IP mode file for STMicroelectronics.X-CUBE-TOF1.3.3.1
2024-07-11 13:59:00,251 [WARN] PackLoader:240 - Cannot read IP mode file for STMicroelectronics.X-CUBE-AZRTOS-G4.2.0.0
2024-07-11 13:59:00,289 [WARN] PackLoader:240 - Cannot read IP mode file for Infineon.AIROC-Wi-Fi-Bluetooth-STM32.1.5.1
2024-07-11 13:59:00,297 [WARN] PackLoader:240 - Cannot read IP mode file for STMicroelectronics.FP-SNS-MOTENVWB1.1.3.0
2024-07-11 13:59:00,308 [WARN] PackLoader:240 - Cannot read IP mode file for STMicroelectronics.FP-SNS-MOTENVWB1.1.3.1
2024-07-11 13:59:00,313 [WARN] PackLoader:240 - Cannot read IP mode file for STMicroelectronics.X-CUBE-ISPU.2.0.0
2024-07-11 13:59:00,317 [WARN] PackLoader:240 - Cannot read IP mode file for STMicroelectronics.X-CUBE-ALS.1.0.2
2024-07-11 13:59:00,378 [WARN] PackLoader:240 - Cannot read IP mode file for STMicroelectronics.X-CUBE-MEMS1.10.0.0
2024-07-11 13:59:00,975 [WARN] PackLoader:240 - Cannot read IP mode file for STMicroelectronics.X-CUBE-FREERTOS.1.1.0
2024-07-11 13:59:00,989 [WARN] PackLoader:240 - Cannot read IP mode file for STMicroelectronics.X-CUBE-TOUCHGFX.4.24.0
2024-07-11 13:59:00,997 [WARN] PackLoader:240 - Cannot read IP mode file for portGmbH.I-Cube-SoM-uGOAL.1.1.0
2024-07-11 13:59:01,001 [WARN] PackLoader:240 - Cannot read IP mode file for STMicroelectronics.X-CUBE-ALS.1.0.1
2024-07-11 13:59:01,020 [WARN] PackLoader:240 - Cannot read IP mode file for STMicroelectronics.X-CUBE-AZRTOS-WB.1.1.0
2024-07-11 13:59:01,046 [WARN] PackLoader:240 - Cannot read IP mode file for STMicroelectronics.X-CUBE-AZRTOS-H7RS.1.0.0
2024-07-11 13:59:01,054 [WARN] PackLoader:240 - Cannot read IP mode file for STMicroelectronics.FP-ATR-ASTRA1.2.0.0
2024-07-11 13:59:01,065 [WARN] PackLoader:240 - Cannot read IP mode file for STMicroelectronics.X-CUBE-TOF1.3.4.0
2024-07-11 13:59:01,085 [WARN] PackLoader:240 - Cannot read IP mode file for STMicroelectronics.X-CUBE-TOF1.3.4.1
2024-07-11 13:59:01,154 [WARN] PackLoader:240 - Cannot read IP mode file for STMicroelectronics.X-CUBE-AZRTOS-H7.3.2.0
2024-07-11 13:59:01,163 [INFO] ThirdParty:978 - Integrity check success = true
2024-07-11 13:59:01,163 [INFO] IntegrityCheckThread:100 - exiting critical section [integrity check]
2024-07-11 13:59:01,164 [INFO] IntegrityCheckThread:103 - End integrity checks thread
2024-07-11 13:59:11,530 [ERROR] LogOutputStream:75 - [STDERR_REDIRECT] SLF4J: Failed to load class "org.slf4j.impl.StaticLoggerBinder".
2024-07-11 13:59:11,531 [ERROR] LogOutputStream:75 - [STDERR_REDIRECT] SLF4J: Defaulting to no-operation (NOP) logger implementation
2024-07-11 13:59:11,532 [ERROR] LogOutputStream:75 - [STDERR_REDIRECT] SLF4J: See http://www.slf4j.org/codes.html#StaticLoggerBinder for further details.
