07:13:42 **** Incremental Build of configuration Debug for project HelloTimeOfFlight ****
make -j9 all 
arm-none-eabi-gcc "../Drivers/VL53L0X_1.0.4/Api/platform/src/vl53l0x_i2c_platform.c" -mcpu=cortex-m4 -std=gnu11 -g3 -DDEBUG -DUSE_HAL_DRIVER -DSTM32L475xx -c -I../Core/Inc -I/Users/dilnozabobokalonova/embedded_c/STM32-L4/HelloTimeOfFlight/Drivers/VL53L0X_1.0.4/Api/platform -I/Users/dilnozabobokalonova/embedded_c/STM32-L4/HelloTimeOfFlight/Drivers/VL53L0X_1.0.4/Api/core/inc -I/Users/dilnozabobokalonova/embedded_c/STM32-L4/HelloTimeOfFlight/Drivers/VL53L0X_1.0.4/Api/core/src -I/Users/dilnozabobokalonova/embedded_c/STM32-L4/HelloTimeOfFlight/Drivers/VL53L0X_1.0.4/Api -I../Drivers/STM32L4xx_HAL_Driver/Inc -I../Drivers/STM32L4xx_HAL_Driver/Inc/Legacy -I../Drivers/CMSIS/Device/ST/STM32L4xx/Include -I../Drivers/CMSIS/Include -O0 -ffunction-sections -fdata-sections -Wall -fstack-usage -fcyclomatic-complexity -MMD -MP -MF"Drivers/VL53L0X_1.0.4/Api/platform/src/vl53l0x_i2c_platform.d" -MT"Drivers/VL53L0X_1.0.4/Api/platform/src/vl53l0x_i2c_platform.o" --specs=nano.specs -mfpu=fpv4-sp-d16 -mfloat-abi=hard -mthumb -o "Drivers/VL53L0X_1.0.4/Api/platform/src/vl53l0x_i2c_platform.o"
arm-none-eabi-gcc "../Drivers/VL53L0X_1.0.4/Api/platform/src/vl53l0x_i2c_win_serial_comms.c" -mcpu=cortex-m4 -std=gnu11 -g3 -DDEBUG -DUSE_HAL_DRIVER -DSTM32L475xx -c -I../Core/Inc -I/Users/dilnozabobokalonova/embedded_c/STM32-L4/HelloTimeOfFlight/Drivers/VL53L0X_1.0.4/Api/platform -I/Users/dilnozabobokalonova/embedded_c/STM32-L4/HelloTimeOfFlight/Drivers/VL53L0X_1.0.4/Api/core/inc -I/Users/dilnozabobokalonova/embedded_c/STM32-L4/HelloTimeOfFlight/Drivers/VL53L0X_1.0.4/Api/core/src -I/Users/dilnozabobokalonova/embedded_c/STM32-L4/HelloTimeOfFlight/Drivers/VL53L0X_1.0.4/Api -I../Drivers/STM32L4xx_HAL_Driver/Inc -I../Drivers/STM32L4xx_HAL_Driver/Inc/Legacy -I../Drivers/CMSIS/Device/ST/STM32L4xx/Include -I../Drivers/CMSIS/Include -O0 -ffunction-sections -fdata-sections -Wall -fstack-usage -fcyclomatic-complexity -MMD -MP -MF"Drivers/VL53L0X_1.0.4/Api/platform/src/vl53l0x_i2c_win_serial_comms.d" -MT"Drivers/VL53L0X_1.0.4/Api/platform/src/vl53l0x_i2c_win_serial_comms.o" --specs=nano.specs -mfpu=fpv4-sp-d16 -mfloat-abi=hard -mthumb -o "Drivers/VL53L0X_1.0.4/Api/platform/src/vl53l0x_i2c_win_serial_comms.o"
arm-none-eabi-gcc "../Drivers/VL53L0X_1.0.4/Api/platform/src/vl53l0x_platform.c" -mcpu=cortex-m4 -std=gnu11 -g3 -DDEBUG -DUSE_HAL_DRIVER -DSTM32L475xx -c -I../Core/Inc -I/Users/dilnozabobokalonova/embedded_c/STM32-L4/HelloTimeOfFlight/Drivers/VL53L0X_1.0.4/Api/platform -I/Users/dilnozabobokalonova/embedded_c/STM32-L4/HelloTimeOfFlight/Drivers/VL53L0X_1.0.4/Api/core/inc -I/Users/dilnozabobokalonova/embedded_c/STM32-L4/HelloTimeOfFlight/Drivers/VL53L0X_1.0.4/Api/core/src -I/Users/dilnozabobokalonova/embedded_c/STM32-L4/HelloTimeOfFlight/Drivers/VL53L0X_1.0.4/Api -I../Drivers/STM32L4xx_HAL_Driver/Inc -I../Drivers/STM32L4xx_HAL_Driver/Inc/Legacy -I../Drivers/CMSIS/Device/ST/STM32L4xx/Include -I../Drivers/CMSIS/Include -O0 -ffunction-sections -fdata-sections -Wall -fstack-usage -fcyclomatic-complexity -MMD -MP -MF"Drivers/VL53L0X_1.0.4/Api/platform/src/vl53l0x_platform.d" -MT"Drivers/VL53L0X_1.0.4/Api/platform/src/vl53l0x_platform.o" --specs=nano.specs -mfpu=fpv4-sp-d16 -mfloat-abi=hard -mthumb -o "Drivers/VL53L0X_1.0.4/Api/platform/src/vl53l0x_platform.o"
arm-none-eabi-gcc "../Drivers/VL53L0X_1.0.4/Api/platform/src/vl53l0x_platform_log.c" -mcpu=cortex-m4 -std=gnu11 -g3 -DDEBUG -DUSE_HAL_DRIVER -DSTM32L475xx -c -I../Core/Inc -I/Users/dilnozabobokalonova/embedded_c/STM32-L4/HelloTimeOfFlight/Drivers/VL53L0X_1.0.4/Api/platform -I/Users/dilnozabobokalonova/embedded_c/STM32-L4/HelloTimeOfFlight/Drivers/VL53L0X_1.0.4/Api/core/inc -I/Users/dilnozabobokalonova/embedded_c/STM32-L4/HelloTimeOfFlight/Drivers/VL53L0X_1.0.4/Api/core/src -I/Users/dilnozabobokalonova/embedded_c/STM32-L4/HelloTimeOfFlight/Drivers/VL53L0X_1.0.4/Api -I../Drivers/STM32L4xx_HAL_Driver/Inc -I../Drivers/STM32L4xx_HAL_Driver/Inc/Legacy -I../Drivers/CMSIS/Device/ST/STM32L4xx/Include -I../Drivers/CMSIS/Include -O0 -ffunction-sections -fdata-sections -Wall -fstack-usage -fcyclomatic-complexity -MMD -MP -MF"Drivers/VL53L0X_1.0.4/Api/platform/src/vl53l0x_platform_log.d" -MT"Drivers/VL53L0X_1.0.4/Api/platform/src/vl53l0x_platform_log.o" --specs=nano.specs -mfpu=fpv4-sp-d16 -mfloat-abi=hard -mthumb -o "Drivers/VL53L0X_1.0.4/Api/platform/src/vl53l0x_platform_log.o"
arm-none-eabi-gcc "../Drivers/VL53L0X_1.0.4/Api/core/src/vl53l0x_api.c" -mcpu=cortex-m4 -std=gnu11 -g3 -DDEBUG -DUSE_HAL_DRIVER -DSTM32L475xx -c -I../Core/Inc -I/Users/dilnozabobokalonova/embedded_c/STM32-L4/HelloTimeOfFlight/Drivers/VL53L0X_1.0.4/Api/platform -I/Users/dilnozabobokalonova/embedded_c/STM32-L4/HelloTimeOfFlight/Drivers/VL53L0X_1.0.4/Api/core/inc -I/Users/dilnozabobokalonova/embedded_c/STM32-L4/HelloTimeOfFlight/Drivers/VL53L0X_1.0.4/Api/core/src -I/Users/dilnozabobokalonova/embedded_c/STM32-L4/HelloTimeOfFlight/Drivers/VL53L0X_1.0.4/Api -I../Drivers/STM32L4xx_HAL_Driver/Inc -I../Drivers/STM32L4xx_HAL_Driver/Inc/Legacy -I../Drivers/CMSIS/Device/ST/STM32L4xx/Include -I../Drivers/CMSIS/Include -O0 -ffunction-sections -fdata-sections -Wall -fstack-usage -fcyclomatic-complexity -MMD -MP -MF"Drivers/VL53L0X_1.0.4/Api/core/src/vl53l0x_api.d" -MT"Drivers/VL53L0X_1.0.4/Api/core/src/vl53l0x_api.o" --specs=nano.specs -mfpu=fpv4-sp-d16 -mfloat-abi=hard -mthumb -o "Drivers/VL53L0X_1.0.4/Api/core/src/vl53l0x_api.o"
arm-none-eabi-gcc "../Drivers/VL53L0X_1.0.4/Api/core/src/vl53l0x_api_calibration.c" -mcpu=cortex-m4 -std=gnu11 -g3 -DDEBUG -DUSE_HAL_DRIVER -DSTM32L475xx -c -I../Core/Inc -I/Users/dilnozabobokalonova/embedded_c/STM32-L4/HelloTimeOfFlight/Drivers/VL53L0X_1.0.4/Api/platform -I/Users/dilnozabobokalonova/embedded_c/STM32-L4/HelloTimeOfFlight/Drivers/VL53L0X_1.0.4/Api/core/inc -I/Users/dilnozabobokalonova/embedded_c/STM32-L4/HelloTimeOfFlight/Drivers/VL53L0X_1.0.4/Api/core/src -I/Users/dilnozabobokalonova/embedded_c/STM32-L4/HelloTimeOfFlight/Drivers/VL53L0X_1.0.4/Api -I../Drivers/STM32L4xx_HAL_Driver/Inc -I../Drivers/STM32L4xx_HAL_Driver/Inc/Legacy -I../Drivers/CMSIS/Device/ST/STM32L4xx/Include -I../Drivers/CMSIS/Include -O0 -ffunction-sections -fdata-sections -Wall -fstack-usage -fcyclomatic-complexity -MMD -MP -MF"Drivers/VL53L0X_1.0.4/Api/core/src/vl53l0x_api_calibration.d" -MT"Drivers/VL53L0X_1.0.4/Api/core/src/vl53l0x_api_calibration.o" --specs=nano.specs -mfpu=fpv4-sp-d16 -mfloat-abi=hard -mthumb -o "Drivers/VL53L0X_1.0.4/Api/core/src/vl53l0x_api_calibration.o"
arm-none-eabi-gcc "../Drivers/VL53L0X_1.0.4/Api/core/src/vl53l0x_api_core.c" -mcpu=cortex-m4 -std=gnu11 -g3 -DDEBUG -DUSE_HAL_DRIVER -DSTM32L475xx -c -I../Core/Inc -I/Users/dilnozabobokalonova/embedded_c/STM32-L4/HelloTimeOfFlight/Drivers/VL53L0X_1.0.4/Api/platform -I/Users/dilnozabobokalonova/embedded_c/STM32-L4/HelloTimeOfFlight/Drivers/VL53L0X_1.0.4/Api/core/inc -I/Users/dilnozabobokalonova/embedded_c/STM32-L4/HelloTimeOfFlight/Drivers/VL53L0X_1.0.4/Api/core/src -I/Users/dilnozabobokalonova/embedded_c/STM32-L4/HelloTimeOfFlight/Drivers/VL53L0X_1.0.4/Api -I../Drivers/STM32L4xx_HAL_Driver/Inc -I../Drivers/STM32L4xx_HAL_Driver/Inc/Legacy -I../Drivers/CMSIS/Device/ST/STM32L4xx/Include -I../Drivers/CMSIS/Include -O0 -ffunction-sections -fdata-sections -Wall -fstack-usage -fcyclomatic-complexity -MMD -MP -MF"Drivers/VL53L0X_1.0.4/Api/core/src/vl53l0x_api_core.d" -MT"Drivers/VL53L0X_1.0.4/Api/core/src/vl53l0x_api_core.o" --specs=nano.specs -mfpu=fpv4-sp-d16 -mfloat-abi=hard -mthumb -o "Drivers/VL53L0X_1.0.4/Api/core/src/vl53l0x_api_core.o"
arm-none-eabi-gcc "../Drivers/VL53L0X_1.0.4/Api/core/src/vl53l0x_api_ranging.c" -mcpu=cortex-m4 -std=gnu11 -g3 -DDEBUG -DUSE_HAL_DRIVER -DSTM32L475xx -c -I../Core/Inc -I/Users/dilnozabobokalonova/embedded_c/STM32-L4/HelloTimeOfFlight/Drivers/VL53L0X_1.0.4/Api/platform -I/Users/dilnozabobokalonova/embedded_c/STM32-L4/HelloTimeOfFlight/Drivers/VL53L0X_1.0.4/Api/core/inc -I/Users/dilnozabobokalonova/embedded_c/STM32-L4/HelloTimeOfFlight/Drivers/VL53L0X_1.0.4/Api/core/src -I/Users/dilnozabobokalonova/embedded_c/STM32-L4/HelloTimeOfFlight/Drivers/VL53L0X_1.0.4/Api -I../Drivers/STM32L4xx_HAL_Driver/Inc -I../Drivers/STM32L4xx_HAL_Driver/Inc/Legacy -I../Drivers/CMSIS/Device/ST/STM32L4xx/Include -I../Drivers/CMSIS/Include -O0 -ffunction-sections -fdata-sections -Wall -fstack-usage -fcyclomatic-complexity -MMD -MP -MF"Drivers/VL53L0X_1.0.4/Api/core/src/vl53l0x_api_ranging.d" -MT"Drivers/VL53L0X_1.0.4/Api/core/src/vl53l0x_api_ranging.o" --specs=nano.specs -mfpu=fpv4-sp-d16 -mfloat-abi=hard -mthumb -o "Drivers/VL53L0X_1.0.4/Api/core/src/vl53l0x_api_ranging.o"
arm-none-eabi-gcc "../Drivers/VL53L0X_1.0.4/Api/core/src/vl53l0x_api_strings.c" -mcpu=cortex-m4 -std=gnu11 -g3 -DDEBUG -DUSE_HAL_DRIVER -DSTM32L475xx -c -I../Core/Inc -I/Users/dilnozabobokalonova/embedded_c/STM32-L4/HelloTimeOfFlight/Drivers/VL53L0X_1.0.4/Api/platform -I/Users/dilnozabobokalonova/embedded_c/STM32-L4/HelloTimeOfFlight/Drivers/VL53L0X_1.0.4/Api/core/inc -I/Users/dilnozabobokalonova/embedded_c/STM32-L4/HelloTimeOfFlight/Drivers/VL53L0X_1.0.4/Api/core/src -I/Users/dilnozabobokalonova/embedded_c/STM32-L4/HelloTimeOfFlight/Drivers/VL53L0X_1.0.4/Api -I../Drivers/STM32L4xx_HAL_Driver/Inc -I../Drivers/STM32L4xx_HAL_Driver/Inc/Legacy -I../Drivers/CMSIS/Device/ST/STM32L4xx/Include -I../Drivers/CMSIS/Include -O0 -ffunction-sections -fdata-sections -Wall -fstack-usage -fcyclomatic-complexity -MMD -MP -MF"Drivers/VL53L0X_1.0.4/Api/core/src/vl53l0x_api_strings.d" -MT"Drivers/VL53L0X_1.0.4/Api/core/src/vl53l0x_api_strings.o" --specs=nano.specs -mfpu=fpv4-sp-d16 -mfloat-abi=hard -mthumb -o "Drivers/VL53L0X_1.0.4/Api/core/src/vl53l0x_api_strings.o"
../Drivers/VL53L0X_1.0.4/Api/platform/src/vl53l0x_i2c_platform.c:31:10: fatal error: ranging_sensor_comms.h: No such file or directory
   31 | #include "ranging_sensor_comms.h"
      |          ^~~~~~~~~~~~~~~~~~~~~~~~
compilation terminated.
make: *** [Drivers/VL53L0X_1.0.4/Api/platform/src/subdir.mk:28: Drivers/VL53L0X_1.0.4/Api/platform/src/vl53l0x_i2c_platform.o] Error 1
make: *** Waiting for unfinished jobs....
In file included from /Users/dilnozabobokalonova/embedded_c/STM32-L4/HelloTimeOfFlight/Drivers/VL53L0X_1.0.4/Api/core/inc/vl53l0x_api.h:32,
                 from ../Drivers/VL53L0X_1.0.4/Api/platform/src/vl53l0x_platform.c:39:
/Users/dilnozabobokalonova/embedded_c/STM32-L4/HelloTimeOfFlight/Drivers/VL53L0X_1.0.4/Api/core/inc/vl53l0x_api_strings.h:33:10: fatal error: vl53l0x_platform.h: No such file or directory
   33 | #include "vl53l0x_platform.h"
      |          ^~~~~~~~~~~~~~~~~~~~
compilation terminated.
make: *** [Drivers/VL53L0X_1.0.4/Api/platform/src/subdir.mk:28: Drivers/VL53L0X_1.0.4/Api/platform/src/vl53l0x_platform.o] Error 1
../Drivers/VL53L0X_1.0.4/Api/platform/src/vl53l0x_i2c_win_serial_comms.c:33:10: fatal error: windows.h: No such file or directory
   33 | #include <windows.h>
      |          ^~~~~~~~~~~
compilation terminated.
In file included from /Users/dilnozabobokalonova/embedded_c/STM32-L4/HelloTimeOfFlight/Drivers/VL53L0X_1.0.4/Api/core/inc/vl53l0x_api.h:32,
                 from ../Drivers/VL53L0X_1.0.4/Api/core/src/vl53l0x_api.c:29:
/Users/dilnozabobokalonova/embedded_c/STM32-L4/HelloTimeOfFlight/Drivers/VL53L0X_1.0.4/Api/core/inc/vl53l0x_api_strings.h:33:10: fatal error: vl53l0x_platform.h: No such file or directory
   33 | #include "vl53l0x_platform.h"
      |          ^~~~~~~~~~~~~~~~~~~~
compilation terminated.
make: *** [Drivers/VL53L0X_1.0.4/Api/platform/src/subdir.mk:28: Drivers/VL53L0X_1.0.4/Api/platform/src/vl53l0x_i2c_win_serial_comms.o] Error 1
In file included from /Users/dilnozabobokalonova/embedded_c/STM32-L4/HelloTimeOfFlight/Drivers/VL53L0X_1.0.4/Api/core/inc/vl53l0x_api.h:32,
                 from ../Drivers/VL53L0X_1.0.4/Api/core/src/vl53l0x_api_calibration.c:29:
/Users/dilnozabobokalonova/embedded_c/STM32-L4/HelloTimeOfFlight/Drivers/VL53L0X_1.0.4/Api/core/inc/vl53l0x_api_strings.h:33:10: fatal error: vl53l0x_platform.h: No such file or directory
   33 | #include "vl53l0x_platform.h"
      |          ^~~~~~~~~~~~~~~~~~~~
compilation terminated.
make: *** [Drivers/VL53L0X_1.0.4/Api/core/src/subdir.mk:31: Drivers/VL53L0X_1.0.4/Api/core/src/vl53l0x_api.o] Error 1
make: *** [Drivers/VL53L0X_1.0.4/Api/core/src/subdir.mk:31: Drivers/VL53L0X_1.0.4/Api/core/src/vl53l0x_api_calibration.o] Error 1
In file included from /Users/dilnozabobokalonova/embedded_c/STM32-L4/HelloTimeOfFlight/Drivers/VL53L0X_1.0.4/Api/core/inc/vl53l0x_api.h:32,
                 from ../Drivers/VL53L0X_1.0.4/Api/core/src/vl53l0x_api_core.c:29:
/Users/dilnozabobokalonova/embedded_c/STM32-L4/HelloTimeOfFlight/Drivers/VL53L0X_1.0.4/Api/core/inc/vl53l0x_api_strings.h:33:10: fatal error: vl53l0x_platform.h: No such file or directory
   33 | #include "vl53l0x_platform.h"
      |          ^~~~~~~~~~~~~~~~~~~~
compilation terminated.
../Drivers/VL53L0X_1.0.4/Api/platform/src/vl53l0x_platform_log.c:30:10: fatal error: vl53l0x_platform_log.h: No such file or directory
   30 | #include "vl53l0x_platform_log.h"
      |          ^~~~~~~~~~~~~~~~~~~~~~~~
compilation terminated.
make: *** [Drivers/VL53L0X_1.0.4/Api/core/src/subdir.mk:31: Drivers/VL53L0X_1.0.4/Api/core/src/vl53l0x_api_core.o] Error 1
make: *** [Drivers/VL53L0X_1.0.4/Api/platform/src/subdir.mk:28: Drivers/VL53L0X_1.0.4/Api/platform/src/vl53l0x_platform_log.o] Error 1
In file included from /Users/dilnozabobokalonova/embedded_c/STM32-L4/HelloTimeOfFlight/Drivers/VL53L0X_1.0.4/Api/core/inc/vl53l0x_api.h:32,
                 from ../Drivers/VL53L0X_1.0.4/Api/core/src/vl53l0x_api_ranging.c:29:
/Users/dilnozabobokalonova/embedded_c/STM32-L4/HelloTimeOfFlight/Drivers/VL53L0X_1.0.4/Api/core/inc/vl53l0x_api_strings.h:33:10: fatal error: vl53l0x_platform.h: No such file or directory
   33 | #include "vl53l0x_platform.h"
      |          ^~~~~~~~~~~~~~~~~~~~
compilation terminated.
make: *** [Drivers/VL53L0X_1.0.4/Api/core/src/subdir.mk:31: Drivers/VL53L0X_1.0.4/Api/core/src/vl53l0x_api_ranging.o] Error 1
In file included from /Users/dilnozabobokalonova/embedded_c/STM32-L4/HelloTimeOfFlight/Drivers/VL53L0X_1.0.4/Api/core/inc/vl53l0x_api.h:32,
                 from ../Drivers/VL53L0X_1.0.4/Api/core/src/vl53l0x_api_strings.c:29:
/Users/dilnozabobokalonova/embedded_c/STM32-L4/HelloTimeOfFlight/Drivers/VL53L0X_1.0.4/Api/core/inc/vl53l0x_api_strings.h:33:10: fatal error: vl53l0x_platform.h: No such file or directory
   33 | #include "vl53l0x_platform.h"
      |          ^~~~~~~~~~~~~~~~~~~~
compilation terminated.
make: *** [Drivers/VL53L0X_1.0.4/Api/core/src/subdir.mk:31: Drivers/VL53L0X_1.0.4/Api/core/src/vl53l0x_api_strings.o] Error 1
"make -j9 all" terminated with exit code 2. Build might be incomplete.

07:13:43 Build Failed. 19 errors, 0 warnings. (took 254ms)

